<?xml version="1.0" encoding="UTF-8"?>
<testsuites name="jest tests" tests="110" failures="27" errors="0" time="4.015">
  <testsuite name="Withdrawal Button State" errors="0" failures="8" skipped="0" timestamp="2025-09-02T05:03:17" time="1.462" tests="8">
    <testcase classname="Withdrawal Button State $0.04 → enabled" name="Withdrawal Button State $0.04 → enabled" time="0">
      <failure>TypeError: mockUseAccount.mockReturnValue is not a function
    at Object.mockReturnValue (/Users/henriots/Desktop/projektid/SOMM/sommelier-strangelove/src/components/_buttons/__tests__/withdrawState.spec.tsx:27:20)
    at Promise.then.completed (/Users/henriots/Desktop/projektid/SOMM/sommelier-strangelove/node_modules/.pnpm/jest-circus@29.7.0_babel-plugin-macros@3.1.0/node_modules/jest-circus/build/utils.js:298:28)
    at new Promise (&lt;anonymous&gt;)
    at callAsyncCircusFn (/Users/henriots/Desktop/projektid/SOMM/sommelier-strangelove/node_modules/.pnpm/jest-circus@29.7.0_babel-plugin-macros@3.1.0/node_modules/jest-circus/build/utils.js:231:10)
    at _callCircusHook (/Users/henriots/Desktop/projektid/SOMM/sommelier-strangelove/node_modules/.pnpm/jest-circus@29.7.0_babel-plugin-macros@3.1.0/node_modules/jest-circus/build/run.js:281:40)
    at _runTest (/Users/henriots/Desktop/projektid/SOMM/sommelier-strangelove/node_modules/.pnpm/jest-circus@29.7.0_babel-plugin-macros@3.1.0/node_modules/jest-circus/build/run.js:246:5)
    at _runTestsForDescribeBlock (/Users/henriots/Desktop/projektid/SOMM/sommelier-strangelove/node_modules/.pnpm/jest-circus@29.7.0_babel-plugin-macros@3.1.0/node_modules/jest-circus/build/run.js:126:9)
    at _runTestsForDescribeBlock (/Users/henriots/Desktop/projektid/SOMM/sommelier-strangelove/node_modules/.pnpm/jest-circus@29.7.0_babel-plugin-macros@3.1.0/node_modules/jest-circus/build/run.js:121:9)
    at run (/Users/henriots/Desktop/projektid/SOMM/sommelier-strangelove/node_modules/.pnpm/jest-circus@29.7.0_babel-plugin-macros@3.1.0/node_modules/jest-circus/build/run.js:71:3)
    at runAndTransformResultsToJestFormat (/Users/henriots/Desktop/projektid/SOMM/sommelier-strangelove/node_modules/.pnpm/jest-circus@29.7.0_babel-plugin-macros@3.1.0/node_modules/jest-circus/build/legacy-code-todo-rewrite/jestAdapterInit.js:122:21)
    at jestAdapter (/Users/henriots/Desktop/projektid/SOMM/sommelier-strangelove/node_modules/.pnpm/jest-circus@29.7.0_babel-plugin-macros@3.1.0/node_modules/jest-circus/build/legacy-code-todo-rewrite/jestAdapter.js:79:19)
    at runTestInternal (/Users/henriots/Desktop/projektid/SOMM/sommelier-strangelove/node_modules/.pnpm/jest-runner@29.7.0/node_modules/jest-runner/build/runTest.js:367:16)
    at runTest (/Users/henriots/Desktop/projektid/SOMM/sommelier-strangelove/node_modules/.pnpm/jest-runner@29.7.0/node_modules/jest-runner/build/runTest.js:444:34)</failure>
    </testcase>
    <testcase classname="Withdrawal Button State $0.79 → enabled" name="Withdrawal Button State $0.79 → enabled" time="0">
      <failure>TypeError: mockUseAccount.mockReturnValue is not a function
    at Object.mockReturnValue (/Users/henriots/Desktop/projektid/SOMM/sommelier-strangelove/src/components/_buttons/__tests__/withdrawState.spec.tsx:27:20)
    at Promise.then.completed (/Users/henriots/Desktop/projektid/SOMM/sommelier-strangelove/node_modules/.pnpm/jest-circus@29.7.0_babel-plugin-macros@3.1.0/node_modules/jest-circus/build/utils.js:298:28)
    at new Promise (&lt;anonymous&gt;)
    at callAsyncCircusFn (/Users/henriots/Desktop/projektid/SOMM/sommelier-strangelove/node_modules/.pnpm/jest-circus@29.7.0_babel-plugin-macros@3.1.0/node_modules/jest-circus/build/utils.js:231:10)
    at _callCircusHook (/Users/henriots/Desktop/projektid/SOMM/sommelier-strangelove/node_modules/.pnpm/jest-circus@29.7.0_babel-plugin-macros@3.1.0/node_modules/jest-circus/build/run.js:281:40)
    at _runTest (/Users/henriots/Desktop/projektid/SOMM/sommelier-strangelove/node_modules/.pnpm/jest-circus@29.7.0_babel-plugin-macros@3.1.0/node_modules/jest-circus/build/run.js:246:5)
    at _runTestsForDescribeBlock (/Users/henriots/Desktop/projektid/SOMM/sommelier-strangelove/node_modules/.pnpm/jest-circus@29.7.0_babel-plugin-macros@3.1.0/node_modules/jest-circus/build/run.js:126:9)
    at _runTestsForDescribeBlock (/Users/henriots/Desktop/projektid/SOMM/sommelier-strangelove/node_modules/.pnpm/jest-circus@29.7.0_babel-plugin-macros@3.1.0/node_modules/jest-circus/build/run.js:121:9)
    at run (/Users/henriots/Desktop/projektid/SOMM/sommelier-strangelove/node_modules/.pnpm/jest-circus@29.7.0_babel-plugin-macros@3.1.0/node_modules/jest-circus/build/run.js:71:3)
    at runAndTransformResultsToJestFormat (/Users/henriots/Desktop/projektid/SOMM/sommelier-strangelove/node_modules/.pnpm/jest-circus@29.7.0_babel-plugin-macros@3.1.0/node_modules/jest-circus/build/legacy-code-todo-rewrite/jestAdapterInit.js:122:21)
    at jestAdapter (/Users/henriots/Desktop/projektid/SOMM/sommelier-strangelove/node_modules/.pnpm/jest-circus@29.7.0_babel-plugin-macros@3.1.0/node_modules/jest-circus/build/legacy-code-todo-rewrite/jestAdapter.js:79:19)
    at runTestInternal (/Users/henriots/Desktop/projektid/SOMM/sommelier-strangelove/node_modules/.pnpm/jest-runner@29.7.0/node_modules/jest-runner/build/runTest.js:367:16)
    at runTest (/Users/henriots/Desktop/projektid/SOMM/sommelier-strangelove/node_modules/.pnpm/jest-runner@29.7.0/node_modules/jest-runner/build/runTest.js:444:34)</failure>
    </testcase>
    <testcase classname="Withdrawal Button State $0.00 → disabled" name="Withdrawal Button State $0.00 → disabled" time="0">
      <failure>TypeError: mockUseAccount.mockReturnValue is not a function
    at Object.mockReturnValue (/Users/henriots/Desktop/projektid/SOMM/sommelier-strangelove/src/components/_buttons/__tests__/withdrawState.spec.tsx:27:20)
    at Promise.then.completed (/Users/henriots/Desktop/projektid/SOMM/sommelier-strangelove/node_modules/.pnpm/jest-circus@29.7.0_babel-plugin-macros@3.1.0/node_modules/jest-circus/build/utils.js:298:28)
    at new Promise (&lt;anonymous&gt;)
    at callAsyncCircusFn (/Users/henriots/Desktop/projektid/SOMM/sommelier-strangelove/node_modules/.pnpm/jest-circus@29.7.0_babel-plugin-macros@3.1.0/node_modules/jest-circus/build/utils.js:231:10)
    at _callCircusHook (/Users/henriots/Desktop/projektid/SOMM/sommelier-strangelove/node_modules/.pnpm/jest-circus@29.7.0_babel-plugin-macros@3.1.0/node_modules/jest-circus/build/run.js:281:40)
    at _runTest (/Users/henriots/Desktop/projektid/SOMM/sommelier-strangelove/node_modules/.pnpm/jest-circus@29.7.0_babel-plugin-macros@3.1.0/node_modules/jest-circus/build/run.js:246:5)
    at _runTestsForDescribeBlock (/Users/henriots/Desktop/projektid/SOMM/sommelier-strangelove/node_modules/.pnpm/jest-circus@29.7.0_babel-plugin-macros@3.1.0/node_modules/jest-circus/build/run.js:126:9)
    at _runTestsForDescribeBlock (/Users/henriots/Desktop/projektid/SOMM/sommelier-strangelove/node_modules/.pnpm/jest-circus@29.7.0_babel-plugin-macros@3.1.0/node_modules/jest-circus/build/run.js:121:9)
    at run (/Users/henriots/Desktop/projektid/SOMM/sommelier-strangelove/node_modules/.pnpm/jest-circus@29.7.0_babel-plugin-macros@3.1.0/node_modules/jest-circus/build/run.js:71:3)
    at runAndTransformResultsToJestFormat (/Users/henriots/Desktop/projektid/SOMM/sommelier-strangelove/node_modules/.pnpm/jest-circus@29.7.0_babel-plugin-macros@3.1.0/node_modules/jest-circus/build/legacy-code-todo-rewrite/jestAdapterInit.js:122:21)
    at jestAdapter (/Users/henriots/Desktop/projektid/SOMM/sommelier-strangelove/node_modules/.pnpm/jest-circus@29.7.0_babel-plugin-macros@3.1.0/node_modules/jest-circus/build/legacy-code-todo-rewrite/jestAdapter.js:79:19)
    at runTestInternal (/Users/henriots/Desktop/projektid/SOMM/sommelier-strangelove/node_modules/.pnpm/jest-runner@29.7.0/node_modules/jest-runner/build/runTest.js:367:16)
    at runTest (/Users/henriots/Desktop/projektid/SOMM/sommelier-strangelove/node_modules/.pnpm/jest-runner@29.7.0/node_modules/jest-runner/build/runTest.js:444:34)</failure>
    </testcase>
    <testcase classname="Withdrawal Button State – → disabled" name="Withdrawal Button State – → disabled" time="0">
      <failure>TypeError: mockUseAccount.mockReturnValue is not a function
    at Object.mockReturnValue (/Users/henriots/Desktop/projektid/SOMM/sommelier-strangelove/src/components/_buttons/__tests__/withdrawState.spec.tsx:27:20)
    at Promise.then.completed (/Users/henriots/Desktop/projektid/SOMM/sommelier-strangelove/node_modules/.pnpm/jest-circus@29.7.0_babel-plugin-macros@3.1.0/node_modules/jest-circus/build/utils.js:298:28)
    at new Promise (&lt;anonymous&gt;)
    at callAsyncCircusFn (/Users/henriots/Desktop/projektid/SOMM/sommelier-strangelove/node_modules/.pnpm/jest-circus@29.7.0_babel-plugin-macros@3.1.0/node_modules/jest-circus/build/utils.js:231:10)
    at _callCircusHook (/Users/henriots/Desktop/projektid/SOMM/sommelier-strangelove/node_modules/.pnpm/jest-circus@29.7.0_babel-plugin-macros@3.1.0/node_modules/jest-circus/build/run.js:281:40)
    at _runTest (/Users/henriots/Desktop/projektid/SOMM/sommelier-strangelove/node_modules/.pnpm/jest-circus@29.7.0_babel-plugin-macros@3.1.0/node_modules/jest-circus/build/run.js:246:5)
    at _runTestsForDescribeBlock (/Users/henriots/Desktop/projektid/SOMM/sommelier-strangelove/node_modules/.pnpm/jest-circus@29.7.0_babel-plugin-macros@3.1.0/node_modules/jest-circus/build/run.js:126:9)
    at _runTestsForDescribeBlock (/Users/henriots/Desktop/projektid/SOMM/sommelier-strangelove/node_modules/.pnpm/jest-circus@29.7.0_babel-plugin-macros@3.1.0/node_modules/jest-circus/build/run.js:121:9)
    at run (/Users/henriots/Desktop/projektid/SOMM/sommelier-strangelove/node_modules/.pnpm/jest-circus@29.7.0_babel-plugin-macros@3.1.0/node_modules/jest-circus/build/run.js:71:3)
    at runAndTransformResultsToJestFormat (/Users/henriots/Desktop/projektid/SOMM/sommelier-strangelove/node_modules/.pnpm/jest-circus@29.7.0_babel-plugin-macros@3.1.0/node_modules/jest-circus/build/legacy-code-todo-rewrite/jestAdapterInit.js:122:21)
    at jestAdapter (/Users/henriots/Desktop/projektid/SOMM/sommelier-strangelove/node_modules/.pnpm/jest-circus@29.7.0_babel-plugin-macros@3.1.0/node_modules/jest-circus/build/legacy-code-todo-rewrite/jestAdapter.js:79:19)
    at runTestInternal (/Users/henriots/Desktop/projektid/SOMM/sommelier-strangelove/node_modules/.pnpm/jest-runner@29.7.0/node_modules/jest-runner/build/runTest.js:367:16)
    at runTest (/Users/henriots/Desktop/projektid/SOMM/sommelier-strangelove/node_modules/.pnpm/jest-runner@29.7.0/node_modules/jest-runner/build/runTest.js:444:34)</failure>
    </testcase>
    <testcase classname="Withdrawal Button State missing → disabled" name="Withdrawal Button State missing → disabled" time="0">
      <failure>TypeError: mockUseAccount.mockReturnValue is not a function
    at Object.mockReturnValue (/Users/henriots/Desktop/projektid/SOMM/sommelier-strangelove/src/components/_buttons/__tests__/withdrawState.spec.tsx:27:20)
    at Promise.then.completed (/Users/henriots/Desktop/projektid/SOMM/sommelier-strangelove/node_modules/.pnpm/jest-circus@29.7.0_babel-plugin-macros@3.1.0/node_modules/jest-circus/build/utils.js:298:28)
    at new Promise (&lt;anonymous&gt;)
    at callAsyncCircusFn (/Users/henriots/Desktop/projektid/SOMM/sommelier-strangelove/node_modules/.pnpm/jest-circus@29.7.0_babel-plugin-macros@3.1.0/node_modules/jest-circus/build/utils.js:231:10)
    at _callCircusHook (/Users/henriots/Desktop/projektid/SOMM/sommelier-strangelove/node_modules/.pnpm/jest-circus@29.7.0_babel-plugin-macros@3.1.0/node_modules/jest-circus/build/run.js:281:40)
    at _runTest (/Users/henriots/Desktop/projektid/SOMM/sommelier-strangelove/node_modules/.pnpm/jest-circus@29.7.0_babel-plugin-macros@3.1.0/node_modules/jest-circus/build/run.js:246:5)
    at _runTestsForDescribeBlock (/Users/henriots/Desktop/projektid/SOMM/sommelier-strangelove/node_modules/.pnpm/jest-circus@29.7.0_babel-plugin-macros@3.1.0/node_modules/jest-circus/build/run.js:126:9)
    at _runTestsForDescribeBlock (/Users/henriots/Desktop/projektid/SOMM/sommelier-strangelove/node_modules/.pnpm/jest-circus@29.7.0_babel-plugin-macros@3.1.0/node_modules/jest-circus/build/run.js:121:9)
    at run (/Users/henriots/Desktop/projektid/SOMM/sommelier-strangelove/node_modules/.pnpm/jest-circus@29.7.0_babel-plugin-macros@3.1.0/node_modules/jest-circus/build/run.js:71:3)
    at runAndTransformResultsToJestFormat (/Users/henriots/Desktop/projektid/SOMM/sommelier-strangelove/node_modules/.pnpm/jest-circus@29.7.0_babel-plugin-macros@3.1.0/node_modules/jest-circus/build/legacy-code-todo-rewrite/jestAdapterInit.js:122:21)
    at jestAdapter (/Users/henriots/Desktop/projektid/SOMM/sommelier-strangelove/node_modules/.pnpm/jest-circus@29.7.0_babel-plugin-macros@3.1.0/node_modules/jest-circus/build/legacy-code-todo-rewrite/jestAdapter.js:79:19)
    at runTestInternal (/Users/henriots/Desktop/projektid/SOMM/sommelier-strangelove/node_modules/.pnpm/jest-runner@29.7.0/node_modules/jest-runner/build/runTest.js:367:16)
    at runTest (/Users/henriots/Desktop/projektid/SOMM/sommelier-strangelove/node_modules/.pnpm/jest-runner@29.7.0/node_modules/jest-runner/build/runTest.js:444:34)</failure>
    </testcase>
    <testcase classname="Withdrawal Button State negative → disabled" name="Withdrawal Button State negative → disabled" time="0">
      <failure>TypeError: mockUseAccount.mockReturnValue is not a function
    at Object.mockReturnValue (/Users/henriots/Desktop/projektid/SOMM/sommelier-strangelove/src/components/_buttons/__tests__/withdrawState.spec.tsx:27:20)
    at Promise.then.completed (/Users/henriots/Desktop/projektid/SOMM/sommelier-strangelove/node_modules/.pnpm/jest-circus@29.7.0_babel-plugin-macros@3.1.0/node_modules/jest-circus/build/utils.js:298:28)
    at new Promise (&lt;anonymous&gt;)
    at callAsyncCircusFn (/Users/henriots/Desktop/projektid/SOMM/sommelier-strangelove/node_modules/.pnpm/jest-circus@29.7.0_babel-plugin-macros@3.1.0/node_modules/jest-circus/build/utils.js:231:10)
    at _callCircusHook (/Users/henriots/Desktop/projektid/SOMM/sommelier-strangelove/node_modules/.pnpm/jest-circus@29.7.0_babel-plugin-macros@3.1.0/node_modules/jest-circus/build/run.js:281:40)
    at _runTest (/Users/henriots/Desktop/projektid/SOMM/sommelier-strangelove/node_modules/.pnpm/jest-circus@29.7.0_babel-plugin-macros@3.1.0/node_modules/jest-circus/build/run.js:246:5)
    at _runTestsForDescribeBlock (/Users/henriots/Desktop/projektid/SOMM/sommelier-strangelove/node_modules/.pnpm/jest-circus@29.7.0_babel-plugin-macros@3.1.0/node_modules/jest-circus/build/run.js:126:9)
    at _runTestsForDescribeBlock (/Users/henriots/Desktop/projektid/SOMM/sommelier-strangelove/node_modules/.pnpm/jest-circus@29.7.0_babel-plugin-macros@3.1.0/node_modules/jest-circus/build/run.js:121:9)
    at run (/Users/henriots/Desktop/projektid/SOMM/sommelier-strangelove/node_modules/.pnpm/jest-circus@29.7.0_babel-plugin-macros@3.1.0/node_modules/jest-circus/build/run.js:71:3)
    at runAndTransformResultsToJestFormat (/Users/henriots/Desktop/projektid/SOMM/sommelier-strangelove/node_modules/.pnpm/jest-circus@29.7.0_babel-plugin-macros@3.1.0/node_modules/jest-circus/build/legacy-code-todo-rewrite/jestAdapterInit.js:122:21)
    at jestAdapter (/Users/henriots/Desktop/projektid/SOMM/sommelier-strangelove/node_modules/.pnpm/jest-circus@29.7.0_babel-plugin-macros@3.1.0/node_modules/jest-circus/build/legacy-code-todo-rewrite/jestAdapter.js:79:19)
    at runTestInternal (/Users/henriots/Desktop/projektid/SOMM/sommelier-strangelove/node_modules/.pnpm/jest-runner@29.7.0/node_modules/jest-runner/build/runTest.js:367:16)
    at runTest (/Users/henriots/Desktop/projektid/SOMM/sommelier-strangelove/node_modules/.pnpm/jest-runner@29.7.0/node_modules/jest-runner/build/runTest.js:444:34)</failure>
    </testcase>
    <testcase classname="Withdrawal Button State string $0.04 → enabled" name="Withdrawal Button State string $0.04 → enabled" time="0">
      <failure>TypeError: mockUseAccount.mockReturnValue is not a function
    at Object.mockReturnValue (/Users/henriots/Desktop/projektid/SOMM/sommelier-strangelove/src/components/_buttons/__tests__/withdrawState.spec.tsx:27:20)
    at Promise.then.completed (/Users/henriots/Desktop/projektid/SOMM/sommelier-strangelove/node_modules/.pnpm/jest-circus@29.7.0_babel-plugin-macros@3.1.0/node_modules/jest-circus/build/utils.js:298:28)
    at new Promise (&lt;anonymous&gt;)
    at callAsyncCircusFn (/Users/henriots/Desktop/projektid/SOMM/sommelier-strangelove/node_modules/.pnpm/jest-circus@29.7.0_babel-plugin-macros@3.1.0/node_modules/jest-circus/build/utils.js:231:10)
    at _callCircusHook (/Users/henriots/Desktop/projektid/SOMM/sommelier-strangelove/node_modules/.pnpm/jest-circus@29.7.0_babel-plugin-macros@3.1.0/node_modules/jest-circus/build/run.js:281:40)
    at _runTest (/Users/henriots/Desktop/projektid/SOMM/sommelier-strangelove/node_modules/.pnpm/jest-circus@29.7.0_babel-plugin-macros@3.1.0/node_modules/jest-circus/build/run.js:246:5)
    at _runTestsForDescribeBlock (/Users/henriots/Desktop/projektid/SOMM/sommelier-strangelove/node_modules/.pnpm/jest-circus@29.7.0_babel-plugin-macros@3.1.0/node_modules/jest-circus/build/run.js:126:9)
    at _runTestsForDescribeBlock (/Users/henriots/Desktop/projektid/SOMM/sommelier-strangelove/node_modules/.pnpm/jest-circus@29.7.0_babel-plugin-macros@3.1.0/node_modules/jest-circus/build/run.js:121:9)
    at run (/Users/henriots/Desktop/projektid/SOMM/sommelier-strangelove/node_modules/.pnpm/jest-circus@29.7.0_babel-plugin-macros@3.1.0/node_modules/jest-circus/build/run.js:71:3)
    at runAndTransformResultsToJestFormat (/Users/henriots/Desktop/projektid/SOMM/sommelier-strangelove/node_modules/.pnpm/jest-circus@29.7.0_babel-plugin-macros@3.1.0/node_modules/jest-circus/build/legacy-code-todo-rewrite/jestAdapterInit.js:122:21)
    at jestAdapter (/Users/henriots/Desktop/projektid/SOMM/sommelier-strangelove/node_modules/.pnpm/jest-circus@29.7.0_babel-plugin-macros@3.1.0/node_modules/jest-circus/build/legacy-code-todo-rewrite/jestAdapter.js:79:19)
    at runTestInternal (/Users/henriots/Desktop/projektid/SOMM/sommelier-strangelove/node_modules/.pnpm/jest-runner@29.7.0/node_modules/jest-runner/build/runTest.js:367:16)
    at runTest (/Users/henriots/Desktop/projektid/SOMM/sommelier-strangelove/node_modules/.pnpm/jest-runner@29.7.0/node_modules/jest-runner/build/runTest.js:444:34)</failure>
    </testcase>
    <testcase classname="Withdrawal Button State string $0.00 → disabled" name="Withdrawal Button State string $0.00 → disabled" time="0">
      <failure>TypeError: mockUseAccount.mockReturnValue is not a function
    at Object.mockReturnValue (/Users/henriots/Desktop/projektid/SOMM/sommelier-strangelove/src/components/_buttons/__tests__/withdrawState.spec.tsx:27:20)
    at Promise.then.completed (/Users/henriots/Desktop/projektid/SOMM/sommelier-strangelove/node_modules/.pnpm/jest-circus@29.7.0_babel-plugin-macros@3.1.0/node_modules/jest-circus/build/utils.js:298:28)
    at new Promise (&lt;anonymous&gt;)
    at callAsyncCircusFn (/Users/henriots/Desktop/projektid/SOMM/sommelier-strangelove/node_modules/.pnpm/jest-circus@29.7.0_babel-plugin-macros@3.1.0/node_modules/jest-circus/build/utils.js:231:10)
    at _callCircusHook (/Users/henriots/Desktop/projektid/SOMM/sommelier-strangelove/node_modules/.pnpm/jest-circus@29.7.0_babel-plugin-macros@3.1.0/node_modules/jest-circus/build/run.js:281:40)
    at _runTest (/Users/henriots/Desktop/projektid/SOMM/sommelier-strangelove/node_modules/.pnpm/jest-circus@29.7.0_babel-plugin-macros@3.1.0/node_modules/jest-circus/build/run.js:246:5)
    at _runTestsForDescribeBlock (/Users/henriots/Desktop/projektid/SOMM/sommelier-strangelove/node_modules/.pnpm/jest-circus@29.7.0_babel-plugin-macros@3.1.0/node_modules/jest-circus/build/run.js:126:9)
    at _runTestsForDescribeBlock (/Users/henriots/Desktop/projektid/SOMM/sommelier-strangelove/node_modules/.pnpm/jest-circus@29.7.0_babel-plugin-macros@3.1.0/node_modules/jest-circus/build/run.js:121:9)
    at run (/Users/henriots/Desktop/projektid/SOMM/sommelier-strangelove/node_modules/.pnpm/jest-circus@29.7.0_babel-plugin-macros@3.1.0/node_modules/jest-circus/build/run.js:71:3)
    at runAndTransformResultsToJestFormat (/Users/henriots/Desktop/projektid/SOMM/sommelier-strangelove/node_modules/.pnpm/jest-circus@29.7.0_babel-plugin-macros@3.1.0/node_modules/jest-circus/build/legacy-code-todo-rewrite/jestAdapterInit.js:122:21)
    at jestAdapter (/Users/henriots/Desktop/projektid/SOMM/sommelier-strangelove/node_modules/.pnpm/jest-circus@29.7.0_babel-plugin-macros@3.1.0/node_modules/jest-circus/build/legacy-code-todo-rewrite/jestAdapter.js:79:19)
    at runTestInternal (/Users/henriots/Desktop/projektid/SOMM/sommelier-strangelove/node_modules/.pnpm/jest-runner@29.7.0/node_modules/jest-runner/build/runTest.js:367:16)
    at runTest (/Users/henriots/Desktop/projektid/SOMM/sommelier-strangelove/node_modules/.pnpm/jest-runner@29.7.0/node_modules/jest-runner/build/runTest.js:444:34)</failure>
    </testcase>
  </testsuite>
  <testsuite name="useUserStrategyData" errors="0" failures="18" skipped="0" timestamp="2025-09-02T05:03:18" time="0.236" tests="18">
    <testcase classname="useUserStrategyData Net Value Calculation should calculate net value correctly with valid data" name="useUserStrategyData Net Value Calculation should calculate net value correctly with valid data" time="0.008">
      <failure>TypeError: (0 , _wagmi.usePublicClient) is not a function
    at useAllContracts (/Users/henriots/Desktop/projektid/SOMM/sommelier-strangelove/src/data/hooks/useAllContracts.ts:14:39)
    at useUserStrategyData (/Users/henriots/Desktop/projektid/SOMM/sommelier-strangelove/src/data/hooks/useUserStrategyData.ts:19:49)
    at /Users/henriots/Desktop/projektid/SOMM/sommelier-strangelove/src/__tests__/hooks/useUserStrategyData.spec.ts:74:34
    at TestComponent (/Users/henriots/Desktop/projektid/SOMM/sommelier-strangelove/node_modules/.pnpm/@testing-library+react@14.3.1_@types+react@19.1.3_react-dom@19.1.0_react@19.1.0__react@19.1.0/node_modules/@testing-library/react/dist/pure.js:309:27)
    at Object.react-stack-bottom-frame (/Users/henriots/Desktop/projektid/SOMM/sommelier-strangelove/node_modules/.pnpm/react-dom@19.1.0_react@19.1.0/node_modules/react-dom/cjs/react-dom-client.development.js:23863:20)
    at renderWithHooks (/Users/henriots/Desktop/projektid/SOMM/sommelier-strangelove/node_modules/.pnpm/react-dom@19.1.0_react@19.1.0/node_modules/react-dom/cjs/react-dom-client.development.js:5529:22)
    at updateFunctionComponent (/Users/henriots/Desktop/projektid/SOMM/sommelier-strangelove/node_modules/.pnpm/react-dom@19.1.0_react@19.1.0/node_modules/react-dom/cjs/react-dom-client.development.js:8897:19)
    at beginWork (/Users/henriots/Desktop/projektid/SOMM/sommelier-strangelove/node_modules/.pnpm/react-dom@19.1.0_react@19.1.0/node_modules/react-dom/cjs/react-dom-client.development.js:10522:18)
    at runWithFiberInDEV (/Users/henriots/Desktop/projektid/SOMM/sommelier-strangelove/node_modules/.pnpm/react-dom@19.1.0_react@19.1.0/node_modules/react-dom/cjs/react-dom-client.development.js:1522:13)
    at performUnitOfWork (/Users/henriots/Desktop/projektid/SOMM/sommelier-strangelove/node_modules/.pnpm/react-dom@19.1.0_react@19.1.0/node_modules/react-dom/cjs/react-dom-client.development.js:15140:22)
    at workLoopSync (/Users/henriots/Desktop/projektid/SOMM/sommelier-strangelove/node_modules/.pnpm/react-dom@19.1.0_react@19.1.0/node_modules/react-dom/cjs/react-dom-client.development.js:14956:41)
    at renderRootSync (/Users/henriots/Desktop/projektid/SOMM/sommelier-strangelove/node_modules/.pnpm/react-dom@19.1.0_react@19.1.0/node_modules/react-dom/cjs/react-dom-client.development.js:14936:11)
    at performWorkOnRoot (/Users/henriots/Desktop/projektid/SOMM/sommelier-strangelove/node_modules/.pnpm/react-dom@19.1.0_react@19.1.0/node_modules/react-dom/cjs/react-dom-client.development.js:14462:44)
    at performWorkOnRootViaSchedulerTask (/Users/henriots/Desktop/projektid/SOMM/sommelier-strangelove/node_modules/.pnpm/react-dom@19.1.0_react@19.1.0/node_modules/react-dom/cjs/react-dom-client.development.js:16216:7)
    at flushActQueue (/Users/henriots/Desktop/projektid/SOMM/sommelier-strangelove/node_modules/.pnpm/react@19.1.0/node_modules/react/cjs/react.development.js:566:34)
    at Object.&lt;anonymous&gt;.process.env.NODE_ENV.exports.act (/Users/henriots/Desktop/projektid/SOMM/sommelier-strangelove/node_modules/.pnpm/react@19.1.0/node_modules/react/cjs/react.development.js:859:10)
    at /Users/henriots/Desktop/projektid/SOMM/sommelier-strangelove/node_modules/.pnpm/@testing-library+react@14.3.1_@types+react@19.1.3_react-dom@19.1.0_react@19.1.0__react@19.1.0/node_modules/@testing-library/react/dist/act-compat.js:47:25
    at renderRoot (/Users/henriots/Desktop/projektid/SOMM/sommelier-strangelove/node_modules/.pnpm/@testing-library+react@14.3.1_@types+react@19.1.3_react-dom@19.1.0_react@19.1.0__react@19.1.0/node_modules/@testing-library/react/dist/pure.js:180:26)
    at render (/Users/henriots/Desktop/projektid/SOMM/sommelier-strangelove/node_modules/.pnpm/@testing-library+react@14.3.1_@types+react@19.1.3_react-dom@19.1.0_react@19.1.0__react@19.1.0/node_modules/@testing-library/react/dist/pure.js:271:10)
    at renderHook (/Users/henriots/Desktop/projektid/SOMM/sommelier-strangelove/node_modules/.pnpm/@testing-library+react@14.3.1_@types+react@19.1.3_react-dom@19.1.0_react@19.1.0__react@19.1.0/node_modules/@testing-library/react/dist/pure.js:318:7)
    at Object.&lt;anonymous&gt; (/Users/henriots/Desktop/projektid/SOMM/sommelier-strangelove/src/__tests__/hooks/useUserStrategyData.spec.ts:73:36)
    at Promise.then.completed (/Users/henriots/Desktop/projektid/SOMM/sommelier-strangelove/node_modules/.pnpm/jest-circus@29.7.0_babel-plugin-macros@3.1.0/node_modules/jest-circus/build/utils.js:298:28)
    at new Promise (&lt;anonymous&gt;)
    at callAsyncCircusFn (/Users/henriots/Desktop/projektid/SOMM/sommelier-strangelove/node_modules/.pnpm/jest-circus@29.7.0_babel-plugin-macros@3.1.0/node_modules/jest-circus/build/utils.js:231:10)
    at _callCircusTest (/Users/henriots/Desktop/projektid/SOMM/sommelier-strangelove/node_modules/.pnpm/jest-circus@29.7.0_babel-plugin-macros@3.1.0/node_modules/jest-circus/build/run.js:316:40)
    at _runTest (/Users/henriots/Desktop/projektid/SOMM/sommelier-strangelove/node_modules/.pnpm/jest-circus@29.7.0_babel-plugin-macros@3.1.0/node_modules/jest-circus/build/run.js:252:3)
    at _runTestsForDescribeBlock (/Users/henriots/Desktop/projektid/SOMM/sommelier-strangelove/node_modules/.pnpm/jest-circus@29.7.0_babel-plugin-macros@3.1.0/node_modules/jest-circus/build/run.js:126:9)
    at _runTestsForDescribeBlock (/Users/henriots/Desktop/projektid/SOMM/sommelier-strangelove/node_modules/.pnpm/jest-circus@29.7.0_babel-plugin-macros@3.1.0/node_modules/jest-circus/build/run.js:121:9)
    at _runTestsForDescribeBlock (/Users/henriots/Desktop/projektid/SOMM/sommelier-strangelove/node_modules/.pnpm/jest-circus@29.7.0_babel-plugin-macros@3.1.0/node_modules/jest-circus/build/run.js:121:9)
    at run (/Users/henriots/Desktop/projektid/SOMM/sommelier-strangelove/node_modules/.pnpm/jest-circus@29.7.0_babel-plugin-macros@3.1.0/node_modules/jest-circus/build/run.js:71:3)
    at runAndTransformResultsToJestFormat (/Users/henriots/Desktop/projektid/SOMM/sommelier-strangelove/node_modules/.pnpm/jest-circus@29.7.0_babel-plugin-macros@3.1.0/node_modules/jest-circus/build/legacy-code-todo-rewrite/jestAdapterInit.js:122:21)
    at jestAdapter (/Users/henriots/Desktop/projektid/SOMM/sommelier-strangelove/node_modules/.pnpm/jest-circus@29.7.0_babel-plugin-macros@3.1.0/node_modules/jest-circus/build/legacy-code-todo-rewrite/jestAdapter.js:79:19)
    at runTestInternal (/Users/henriots/Desktop/projektid/SOMM/sommelier-strangelove/node_modules/.pnpm/jest-runner@29.7.0/node_modules/jest-runner/build/runTest.js:367:16)
    at runTest (/Users/henriots/Desktop/projektid/SOMM/sommelier-strangelove/node_modules/.pnpm/jest-runner@29.7.0/node_modules/jest-runner/build/runTest.js:444:34)</failure>
    </testcase>
    <testcase classname="useUserStrategyData Net Value Calculation should handle zero LP token balance" name="useUserStrategyData Net Value Calculation should handle zero LP token balance" time="0.002">
      <failure>TypeError: (0 , _wagmi.usePublicClient) is not a function
    at useAllContracts (/Users/henriots/Desktop/projektid/SOMM/sommelier-strangelove/src/data/hooks/useAllContracts.ts:14:39)
    at useUserStrategyData (/Users/henriots/Desktop/projektid/SOMM/sommelier-strangelove/src/data/hooks/useUserStrategyData.ts:19:49)
    at /Users/henriots/Desktop/projektid/SOMM/sommelier-strangelove/src/__tests__/hooks/useUserStrategyData.spec.ts:102:34
    at TestComponent (/Users/henriots/Desktop/projektid/SOMM/sommelier-strangelove/node_modules/.pnpm/@testing-library+react@14.3.1_@types+react@19.1.3_react-dom@19.1.0_react@19.1.0__react@19.1.0/node_modules/@testing-library/react/dist/pure.js:309:27)
    at Object.react-stack-bottom-frame (/Users/henriots/Desktop/projektid/SOMM/sommelier-strangelove/node_modules/.pnpm/react-dom@19.1.0_react@19.1.0/node_modules/react-dom/cjs/react-dom-client.development.js:23863:20)
    at renderWithHooks (/Users/henriots/Desktop/projektid/SOMM/sommelier-strangelove/node_modules/.pnpm/react-dom@19.1.0_react@19.1.0/node_modules/react-dom/cjs/react-dom-client.development.js:5529:22)
    at updateFunctionComponent (/Users/henriots/Desktop/projektid/SOMM/sommelier-strangelove/node_modules/.pnpm/react-dom@19.1.0_react@19.1.0/node_modules/react-dom/cjs/react-dom-client.development.js:8897:19)
    at beginWork (/Users/henriots/Desktop/projektid/SOMM/sommelier-strangelove/node_modules/.pnpm/react-dom@19.1.0_react@19.1.0/node_modules/react-dom/cjs/react-dom-client.development.js:10522:18)
    at runWithFiberInDEV (/Users/henriots/Desktop/projektid/SOMM/sommelier-strangelove/node_modules/.pnpm/react-dom@19.1.0_react@19.1.0/node_modules/react-dom/cjs/react-dom-client.development.js:1522:13)
    at performUnitOfWork (/Users/henriots/Desktop/projektid/SOMM/sommelier-strangelove/node_modules/.pnpm/react-dom@19.1.0_react@19.1.0/node_modules/react-dom/cjs/react-dom-client.development.js:15140:22)
    at workLoopSync (/Users/henriots/Desktop/projektid/SOMM/sommelier-strangelove/node_modules/.pnpm/react-dom@19.1.0_react@19.1.0/node_modules/react-dom/cjs/react-dom-client.development.js:14956:41)
    at renderRootSync (/Users/henriots/Desktop/projektid/SOMM/sommelier-strangelove/node_modules/.pnpm/react-dom@19.1.0_react@19.1.0/node_modules/react-dom/cjs/react-dom-client.development.js:14936:11)
    at performWorkOnRoot (/Users/henriots/Desktop/projektid/SOMM/sommelier-strangelove/node_modules/.pnpm/react-dom@19.1.0_react@19.1.0/node_modules/react-dom/cjs/react-dom-client.development.js:14462:44)
    at performWorkOnRootViaSchedulerTask (/Users/henriots/Desktop/projektid/SOMM/sommelier-strangelove/node_modules/.pnpm/react-dom@19.1.0_react@19.1.0/node_modules/react-dom/cjs/react-dom-client.development.js:16216:7)
    at flushActQueue (/Users/henriots/Desktop/projektid/SOMM/sommelier-strangelove/node_modules/.pnpm/react@19.1.0/node_modules/react/cjs/react.development.js:566:34)
    at Object.&lt;anonymous&gt;.process.env.NODE_ENV.exports.act (/Users/henriots/Desktop/projektid/SOMM/sommelier-strangelove/node_modules/.pnpm/react@19.1.0/node_modules/react/cjs/react.development.js:859:10)
    at /Users/henriots/Desktop/projektid/SOMM/sommelier-strangelove/node_modules/.pnpm/@testing-library+react@14.3.1_@types+react@19.1.3_react-dom@19.1.0_react@19.1.0__react@19.1.0/node_modules/@testing-library/react/dist/act-compat.js:47:25
    at renderRoot (/Users/henriots/Desktop/projektid/SOMM/sommelier-strangelove/node_modules/.pnpm/@testing-library+react@14.3.1_@types+react@19.1.3_react-dom@19.1.0_react@19.1.0__react@19.1.0/node_modules/@testing-library/react/dist/pure.js:180:26)
    at render (/Users/henriots/Desktop/projektid/SOMM/sommelier-strangelove/node_modules/.pnpm/@testing-library+react@14.3.1_@types+react@19.1.3_react-dom@19.1.0_react@19.1.0__react@19.1.0/node_modules/@testing-library/react/dist/pure.js:271:10)
    at renderHook (/Users/henriots/Desktop/projektid/SOMM/sommelier-strangelove/node_modules/.pnpm/@testing-library+react@14.3.1_@types+react@19.1.3_react-dom@19.1.0_react@19.1.0__react@19.1.0/node_modules/@testing-library/react/dist/pure.js:318:7)
    at Object.&lt;anonymous&gt; (/Users/henriots/Desktop/projektid/SOMM/sommelier-strangelove/src/__tests__/hooks/useUserStrategyData.spec.ts:101:36)
    at Promise.then.completed (/Users/henriots/Desktop/projektid/SOMM/sommelier-strangelove/node_modules/.pnpm/jest-circus@29.7.0_babel-plugin-macros@3.1.0/node_modules/jest-circus/build/utils.js:298:28)
    at new Promise (&lt;anonymous&gt;)
    at callAsyncCircusFn (/Users/henriots/Desktop/projektid/SOMM/sommelier-strangelove/node_modules/.pnpm/jest-circus@29.7.0_babel-plugin-macros@3.1.0/node_modules/jest-circus/build/utils.js:231:10)
    at _callCircusTest (/Users/henriots/Desktop/projektid/SOMM/sommelier-strangelove/node_modules/.pnpm/jest-circus@29.7.0_babel-plugin-macros@3.1.0/node_modules/jest-circus/build/run.js:316:40)
    at _runTest (/Users/henriots/Desktop/projektid/SOMM/sommelier-strangelove/node_modules/.pnpm/jest-circus@29.7.0_babel-plugin-macros@3.1.0/node_modules/jest-circus/build/run.js:252:3)
    at _runTestsForDescribeBlock (/Users/henriots/Desktop/projektid/SOMM/sommelier-strangelove/node_modules/.pnpm/jest-circus@29.7.0_babel-plugin-macros@3.1.0/node_modules/jest-circus/build/run.js:126:9)
    at _runTestsForDescribeBlock (/Users/henriots/Desktop/projektid/SOMM/sommelier-strangelove/node_modules/.pnpm/jest-circus@29.7.0_babel-plugin-macros@3.1.0/node_modules/jest-circus/build/run.js:121:9)
    at _runTestsForDescribeBlock (/Users/henriots/Desktop/projektid/SOMM/sommelier-strangelove/node_modules/.pnpm/jest-circus@29.7.0_babel-plugin-macros@3.1.0/node_modules/jest-circus/build/run.js:121:9)
    at run (/Users/henriots/Desktop/projektid/SOMM/sommelier-strangelove/node_modules/.pnpm/jest-circus@29.7.0_babel-plugin-macros@3.1.0/node_modules/jest-circus/build/run.js:71:3)
    at runAndTransformResultsToJestFormat (/Users/henriots/Desktop/projektid/SOMM/sommelier-strangelove/node_modules/.pnpm/jest-circus@29.7.0_babel-plugin-macros@3.1.0/node_modules/jest-circus/build/legacy-code-todo-rewrite/jestAdapterInit.js:122:21)
    at jestAdapter (/Users/henriots/Desktop/projektid/SOMM/sommelier-strangelove/node_modules/.pnpm/jest-circus@29.7.0_babel-plugin-macros@3.1.0/node_modules/jest-circus/build/legacy-code-todo-rewrite/jestAdapter.js:79:19)
    at runTestInternal (/Users/henriots/Desktop/projektid/SOMM/sommelier-strangelove/node_modules/.pnpm/jest-runner@29.7.0/node_modules/jest-runner/build/runTest.js:367:16)
    at runTest (/Users/henriots/Desktop/projektid/SOMM/sommelier-strangelove/node_modules/.pnpm/jest-runner@29.7.0/node_modules/jest-runner/build/runTest.js:444:34)</failure>
    </testcase>
    <testcase classname="useUserStrategyData Net Value Calculation should handle missing token price" name="useUserStrategyData Net Value Calculation should handle missing token price" time="0.001">
      <failure>TypeError: (0 , _wagmi.usePublicClient) is not a function
    at useAllContracts (/Users/henriots/Desktop/projektid/SOMM/sommelier-strangelove/src/data/hooks/useAllContracts.ts:14:39)
    at useUserStrategyData (/Users/henriots/Desktop/projektid/SOMM/sommelier-strangelove/src/data/hooks/useUserStrategyData.ts:19:49)
    at /Users/henriots/Desktop/projektid/SOMM/sommelier-strangelove/src/__tests__/hooks/useUserStrategyData.spec.ts:129:34
    at TestComponent (/Users/henriots/Desktop/projektid/SOMM/sommelier-strangelove/node_modules/.pnpm/@testing-library+react@14.3.1_@types+react@19.1.3_react-dom@19.1.0_react@19.1.0__react@19.1.0/node_modules/@testing-library/react/dist/pure.js:309:27)
    at Object.react-stack-bottom-frame (/Users/henriots/Desktop/projektid/SOMM/sommelier-strangelove/node_modules/.pnpm/react-dom@19.1.0_react@19.1.0/node_modules/react-dom/cjs/react-dom-client.development.js:23863:20)
    at renderWithHooks (/Users/henriots/Desktop/projektid/SOMM/sommelier-strangelove/node_modules/.pnpm/react-dom@19.1.0_react@19.1.0/node_modules/react-dom/cjs/react-dom-client.development.js:5529:22)
    at updateFunctionComponent (/Users/henriots/Desktop/projektid/SOMM/sommelier-strangelove/node_modules/.pnpm/react-dom@19.1.0_react@19.1.0/node_modules/react-dom/cjs/react-dom-client.development.js:8897:19)
    at beginWork (/Users/henriots/Desktop/projektid/SOMM/sommelier-strangelove/node_modules/.pnpm/react-dom@19.1.0_react@19.1.0/node_modules/react-dom/cjs/react-dom-client.development.js:10522:18)
    at runWithFiberInDEV (/Users/henriots/Desktop/projektid/SOMM/sommelier-strangelove/node_modules/.pnpm/react-dom@19.1.0_react@19.1.0/node_modules/react-dom/cjs/react-dom-client.development.js:1522:13)
    at performUnitOfWork (/Users/henriots/Desktop/projektid/SOMM/sommelier-strangelove/node_modules/.pnpm/react-dom@19.1.0_react@19.1.0/node_modules/react-dom/cjs/react-dom-client.development.js:15140:22)
    at workLoopSync (/Users/henriots/Desktop/projektid/SOMM/sommelier-strangelove/node_modules/.pnpm/react-dom@19.1.0_react@19.1.0/node_modules/react-dom/cjs/react-dom-client.development.js:14956:41)
    at renderRootSync (/Users/henriots/Desktop/projektid/SOMM/sommelier-strangelove/node_modules/.pnpm/react-dom@19.1.0_react@19.1.0/node_modules/react-dom/cjs/react-dom-client.development.js:14936:11)
    at performWorkOnRoot (/Users/henriots/Desktop/projektid/SOMM/sommelier-strangelove/node_modules/.pnpm/react-dom@19.1.0_react@19.1.0/node_modules/react-dom/cjs/react-dom-client.development.js:14462:44)
    at performWorkOnRootViaSchedulerTask (/Users/henriots/Desktop/projektid/SOMM/sommelier-strangelove/node_modules/.pnpm/react-dom@19.1.0_react@19.1.0/node_modules/react-dom/cjs/react-dom-client.development.js:16216:7)
    at flushActQueue (/Users/henriots/Desktop/projektid/SOMM/sommelier-strangelove/node_modules/.pnpm/react@19.1.0/node_modules/react/cjs/react.development.js:566:34)
    at Object.&lt;anonymous&gt;.process.env.NODE_ENV.exports.act (/Users/henriots/Desktop/projektid/SOMM/sommelier-strangelove/node_modules/.pnpm/react@19.1.0/node_modules/react/cjs/react.development.js:859:10)
    at /Users/henriots/Desktop/projektid/SOMM/sommelier-strangelove/node_modules/.pnpm/@testing-library+react@14.3.1_@types+react@19.1.3_react-dom@19.1.0_react@19.1.0__react@19.1.0/node_modules/@testing-library/react/dist/act-compat.js:47:25
    at renderRoot (/Users/henriots/Desktop/projektid/SOMM/sommelier-strangelove/node_modules/.pnpm/@testing-library+react@14.3.1_@types+react@19.1.3_react-dom@19.1.0_react@19.1.0__react@19.1.0/node_modules/@testing-library/react/dist/pure.js:180:26)
    at render (/Users/henriots/Desktop/projektid/SOMM/sommelier-strangelove/node_modules/.pnpm/@testing-library+react@14.3.1_@types+react@19.1.3_react-dom@19.1.0_react@19.1.0__react@19.1.0/node_modules/@testing-library/react/dist/pure.js:271:10)
    at renderHook (/Users/henriots/Desktop/projektid/SOMM/sommelier-strangelove/node_modules/.pnpm/@testing-library+react@14.3.1_@types+react@19.1.3_react-dom@19.1.0_react@19.1.0__react@19.1.0/node_modules/@testing-library/react/dist/pure.js:318:7)
    at Object.&lt;anonymous&gt; (/Users/henriots/Desktop/projektid/SOMM/sommelier-strangelove/src/__tests__/hooks/useUserStrategyData.spec.ts:128:36)
    at Promise.then.completed (/Users/henriots/Desktop/projektid/SOMM/sommelier-strangelove/node_modules/.pnpm/jest-circus@29.7.0_babel-plugin-macros@3.1.0/node_modules/jest-circus/build/utils.js:298:28)
    at new Promise (&lt;anonymous&gt;)
    at callAsyncCircusFn (/Users/henriots/Desktop/projektid/SOMM/sommelier-strangelove/node_modules/.pnpm/jest-circus@29.7.0_babel-plugin-macros@3.1.0/node_modules/jest-circus/build/utils.js:231:10)
    at _callCircusTest (/Users/henriots/Desktop/projektid/SOMM/sommelier-strangelove/node_modules/.pnpm/jest-circus@29.7.0_babel-plugin-macros@3.1.0/node_modules/jest-circus/build/run.js:316:40)
    at _runTest (/Users/henriots/Desktop/projektid/SOMM/sommelier-strangelove/node_modules/.pnpm/jest-circus@29.7.0_babel-plugin-macros@3.1.0/node_modules/jest-circus/build/run.js:252:3)
    at _runTestsForDescribeBlock (/Users/henriots/Desktop/projektid/SOMM/sommelier-strangelove/node_modules/.pnpm/jest-circus@29.7.0_babel-plugin-macros@3.1.0/node_modules/jest-circus/build/run.js:126:9)
    at _runTestsForDescribeBlock (/Users/henriots/Desktop/projektid/SOMM/sommelier-strangelove/node_modules/.pnpm/jest-circus@29.7.0_babel-plugin-macros@3.1.0/node_modules/jest-circus/build/run.js:121:9)
    at _runTestsForDescribeBlock (/Users/henriots/Desktop/projektid/SOMM/sommelier-strangelove/node_modules/.pnpm/jest-circus@29.7.0_babel-plugin-macros@3.1.0/node_modules/jest-circus/build/run.js:121:9)
    at run (/Users/henriots/Desktop/projektid/SOMM/sommelier-strangelove/node_modules/.pnpm/jest-circus@29.7.0_babel-plugin-macros@3.1.0/node_modules/jest-circus/build/run.js:71:3)
    at runAndTransformResultsToJestFormat (/Users/henriots/Desktop/projektid/SOMM/sommelier-strangelove/node_modules/.pnpm/jest-circus@29.7.0_babel-plugin-macros@3.1.0/node_modules/jest-circus/build/legacy-code-todo-rewrite/jestAdapterInit.js:122:21)
    at jestAdapter (/Users/henriots/Desktop/projektid/SOMM/sommelier-strangelove/node_modules/.pnpm/jest-circus@29.7.0_babel-plugin-macros@3.1.0/node_modules/jest-circus/build/legacy-code-todo-rewrite/jestAdapter.js:79:19)
    at runTestInternal (/Users/henriots/Desktop/projektid/SOMM/sommelier-strangelove/node_modules/.pnpm/jest-runner@29.7.0/node_modules/jest-runner/build/runTest.js:367:16)
    at runTest (/Users/henriots/Desktop/projektid/SOMM/sommelier-strangelove/node_modules/.pnpm/jest-runner@29.7.0/node_modules/jest-runner/build/runTest.js:444:34)</failure>
    </testcase>
    <testcase classname="useUserStrategyData Net Value Calculation should handle missing base asset price" name="useUserStrategyData Net Value Calculation should handle missing base asset price" time="0.002">
      <failure>TypeError: (0 , _wagmi.usePublicClient) is not a function
    at useAllContracts (/Users/henriots/Desktop/projektid/SOMM/sommelier-strangelove/src/data/hooks/useAllContracts.ts:14:39)
    at useUserStrategyData (/Users/henriots/Desktop/projektid/SOMM/sommelier-strangelove/src/data/hooks/useUserStrategyData.ts:19:49)
    at /Users/henriots/Desktop/projektid/SOMM/sommelier-strangelove/src/__tests__/hooks/useUserStrategyData.spec.ts:151:34
    at TestComponent (/Users/henriots/Desktop/projektid/SOMM/sommelier-strangelove/node_modules/.pnpm/@testing-library+react@14.3.1_@types+react@19.1.3_react-dom@19.1.0_react@19.1.0__react@19.1.0/node_modules/@testing-library/react/dist/pure.js:309:27)
    at Object.react-stack-bottom-frame (/Users/henriots/Desktop/projektid/SOMM/sommelier-strangelove/node_modules/.pnpm/react-dom@19.1.0_react@19.1.0/node_modules/react-dom/cjs/react-dom-client.development.js:23863:20)
    at renderWithHooks (/Users/henriots/Desktop/projektid/SOMM/sommelier-strangelove/node_modules/.pnpm/react-dom@19.1.0_react@19.1.0/node_modules/react-dom/cjs/react-dom-client.development.js:5529:22)
    at updateFunctionComponent (/Users/henriots/Desktop/projektid/SOMM/sommelier-strangelove/node_modules/.pnpm/react-dom@19.1.0_react@19.1.0/node_modules/react-dom/cjs/react-dom-client.development.js:8897:19)
    at beginWork (/Users/henriots/Desktop/projektid/SOMM/sommelier-strangelove/node_modules/.pnpm/react-dom@19.1.0_react@19.1.0/node_modules/react-dom/cjs/react-dom-client.development.js:10522:18)
    at runWithFiberInDEV (/Users/henriots/Desktop/projektid/SOMM/sommelier-strangelove/node_modules/.pnpm/react-dom@19.1.0_react@19.1.0/node_modules/react-dom/cjs/react-dom-client.development.js:1522:13)
    at performUnitOfWork (/Users/henriots/Desktop/projektid/SOMM/sommelier-strangelove/node_modules/.pnpm/react-dom@19.1.0_react@19.1.0/node_modules/react-dom/cjs/react-dom-client.development.js:15140:22)
    at workLoopSync (/Users/henriots/Desktop/projektid/SOMM/sommelier-strangelove/node_modules/.pnpm/react-dom@19.1.0_react@19.1.0/node_modules/react-dom/cjs/react-dom-client.development.js:14956:41)
    at renderRootSync (/Users/henriots/Desktop/projektid/SOMM/sommelier-strangelove/node_modules/.pnpm/react-dom@19.1.0_react@19.1.0/node_modules/react-dom/cjs/react-dom-client.development.js:14936:11)
    at performWorkOnRoot (/Users/henriots/Desktop/projektid/SOMM/sommelier-strangelove/node_modules/.pnpm/react-dom@19.1.0_react@19.1.0/node_modules/react-dom/cjs/react-dom-client.development.js:14462:44)
    at performWorkOnRootViaSchedulerTask (/Users/henriots/Desktop/projektid/SOMM/sommelier-strangelove/node_modules/.pnpm/react-dom@19.1.0_react@19.1.0/node_modules/react-dom/cjs/react-dom-client.development.js:16216:7)
    at flushActQueue (/Users/henriots/Desktop/projektid/SOMM/sommelier-strangelove/node_modules/.pnpm/react@19.1.0/node_modules/react/cjs/react.development.js:566:34)
    at Object.&lt;anonymous&gt;.process.env.NODE_ENV.exports.act (/Users/henriots/Desktop/projektid/SOMM/sommelier-strangelove/node_modules/.pnpm/react@19.1.0/node_modules/react/cjs/react.development.js:859:10)
    at /Users/henriots/Desktop/projektid/SOMM/sommelier-strangelove/node_modules/.pnpm/@testing-library+react@14.3.1_@types+react@19.1.3_react-dom@19.1.0_react@19.1.0__react@19.1.0/node_modules/@testing-library/react/dist/act-compat.js:47:25
    at renderRoot (/Users/henriots/Desktop/projektid/SOMM/sommelier-strangelove/node_modules/.pnpm/@testing-library+react@14.3.1_@types+react@19.1.3_react-dom@19.1.0_react@19.1.0__react@19.1.0/node_modules/@testing-library/react/dist/pure.js:180:26)
    at render (/Users/henriots/Desktop/projektid/SOMM/sommelier-strangelove/node_modules/.pnpm/@testing-library+react@14.3.1_@types+react@19.1.3_react-dom@19.1.0_react@19.1.0__react@19.1.0/node_modules/@testing-library/react/dist/pure.js:271:10)
    at renderHook (/Users/henriots/Desktop/projektid/SOMM/sommelier-strangelove/node_modules/.pnpm/@testing-library+react@14.3.1_@types+react@19.1.3_react-dom@19.1.0_react@19.1.0__react@19.1.0/node_modules/@testing-library/react/dist/pure.js:318:7)
    at Object.&lt;anonymous&gt; (/Users/henriots/Desktop/projektid/SOMM/sommelier-strangelove/src/__tests__/hooks/useUserStrategyData.spec.ts:150:36)
    at Promise.then.completed (/Users/henriots/Desktop/projektid/SOMM/sommelier-strangelove/node_modules/.pnpm/jest-circus@29.7.0_babel-plugin-macros@3.1.0/node_modules/jest-circus/build/utils.js:298:28)
    at new Promise (&lt;anonymous&gt;)
    at callAsyncCircusFn (/Users/henriots/Desktop/projektid/SOMM/sommelier-strangelove/node_modules/.pnpm/jest-circus@29.7.0_babel-plugin-macros@3.1.0/node_modules/jest-circus/build/utils.js:231:10)
    at _callCircusTest (/Users/henriots/Desktop/projektid/SOMM/sommelier-strangelove/node_modules/.pnpm/jest-circus@29.7.0_babel-plugin-macros@3.1.0/node_modules/jest-circus/build/run.js:316:40)
    at _runTest (/Users/henriots/Desktop/projektid/SOMM/sommelier-strangelove/node_modules/.pnpm/jest-circus@29.7.0_babel-plugin-macros@3.1.0/node_modules/jest-circus/build/run.js:252:3)
    at _runTestsForDescribeBlock (/Users/henriots/Desktop/projektid/SOMM/sommelier-strangelove/node_modules/.pnpm/jest-circus@29.7.0_babel-plugin-macros@3.1.0/node_modules/jest-circus/build/run.js:126:9)
    at _runTestsForDescribeBlock (/Users/henriots/Desktop/projektid/SOMM/sommelier-strangelove/node_modules/.pnpm/jest-circus@29.7.0_babel-plugin-macros@3.1.0/node_modules/jest-circus/build/run.js:121:9)
    at _runTestsForDescribeBlock (/Users/henriots/Desktop/projektid/SOMM/sommelier-strangelove/node_modules/.pnpm/jest-circus@29.7.0_babel-plugin-macros@3.1.0/node_modules/jest-circus/build/run.js:121:9)
    at run (/Users/henriots/Desktop/projektid/SOMM/sommelier-strangelove/node_modules/.pnpm/jest-circus@29.7.0_babel-plugin-macros@3.1.0/node_modules/jest-circus/build/run.js:71:3)
    at runAndTransformResultsToJestFormat (/Users/henriots/Desktop/projektid/SOMM/sommelier-strangelove/node_modules/.pnpm/jest-circus@29.7.0_babel-plugin-macros@3.1.0/node_modules/jest-circus/build/legacy-code-todo-rewrite/jestAdapterInit.js:122:21)
    at jestAdapter (/Users/henriots/Desktop/projektid/SOMM/sommelier-strangelove/node_modules/.pnpm/jest-circus@29.7.0_babel-plugin-macros@3.1.0/node_modules/jest-circus/build/legacy-code-todo-rewrite/jestAdapter.js:79:19)
    at runTestInternal (/Users/henriots/Desktop/projektid/SOMM/sommelier-strangelove/node_modules/.pnpm/jest-runner@29.7.0/node_modules/jest-runner/build/runTest.js:367:16)
    at runTest (/Users/henriots/Desktop/projektid/SOMM/sommelier-strangelove/node_modules/.pnpm/jest-runner@29.7.0/node_modules/jest-runner/build/runTest.js:444:34)</failure>
    </testcase>
    <testcase classname="useUserStrategyData Net Value Calculation should handle large numbers correctly" name="useUserStrategyData Net Value Calculation should handle large numbers correctly" time="0.001">
      <failure>TypeError: (0 , _wagmi.usePublicClient) is not a function
    at useAllContracts (/Users/henriots/Desktop/projektid/SOMM/sommelier-strangelove/src/data/hooks/useAllContracts.ts:14:39)
    at useUserStrategyData (/Users/henriots/Desktop/projektid/SOMM/sommelier-strangelove/src/data/hooks/useUserStrategyData.ts:19:49)
    at /Users/henriots/Desktop/projektid/SOMM/sommelier-strangelove/src/__tests__/hooks/useUserStrategyData.spec.ts:179:34
    at TestComponent (/Users/henriots/Desktop/projektid/SOMM/sommelier-strangelove/node_modules/.pnpm/@testing-library+react@14.3.1_@types+react@19.1.3_react-dom@19.1.0_react@19.1.0__react@19.1.0/node_modules/@testing-library/react/dist/pure.js:309:27)
    at Object.react-stack-bottom-frame (/Users/henriots/Desktop/projektid/SOMM/sommelier-strangelove/node_modules/.pnpm/react-dom@19.1.0_react@19.1.0/node_modules/react-dom/cjs/react-dom-client.development.js:23863:20)
    at renderWithHooks (/Users/henriots/Desktop/projektid/SOMM/sommelier-strangelove/node_modules/.pnpm/react-dom@19.1.0_react@19.1.0/node_modules/react-dom/cjs/react-dom-client.development.js:5529:22)
    at updateFunctionComponent (/Users/henriots/Desktop/projektid/SOMM/sommelier-strangelove/node_modules/.pnpm/react-dom@19.1.0_react@19.1.0/node_modules/react-dom/cjs/react-dom-client.development.js:8897:19)
    at beginWork (/Users/henriots/Desktop/projektid/SOMM/sommelier-strangelove/node_modules/.pnpm/react-dom@19.1.0_react@19.1.0/node_modules/react-dom/cjs/react-dom-client.development.js:10522:18)
    at runWithFiberInDEV (/Users/henriots/Desktop/projektid/SOMM/sommelier-strangelove/node_modules/.pnpm/react-dom@19.1.0_react@19.1.0/node_modules/react-dom/cjs/react-dom-client.development.js:1522:13)
    at performUnitOfWork (/Users/henriots/Desktop/projektid/SOMM/sommelier-strangelove/node_modules/.pnpm/react-dom@19.1.0_react@19.1.0/node_modules/react-dom/cjs/react-dom-client.development.js:15140:22)
    at workLoopSync (/Users/henriots/Desktop/projektid/SOMM/sommelier-strangelove/node_modules/.pnpm/react-dom@19.1.0_react@19.1.0/node_modules/react-dom/cjs/react-dom-client.development.js:14956:41)
    at renderRootSync (/Users/henriots/Desktop/projektid/SOMM/sommelier-strangelove/node_modules/.pnpm/react-dom@19.1.0_react@19.1.0/node_modules/react-dom/cjs/react-dom-client.development.js:14936:11)
    at performWorkOnRoot (/Users/henriots/Desktop/projektid/SOMM/sommelier-strangelove/node_modules/.pnpm/react-dom@19.1.0_react@19.1.0/node_modules/react-dom/cjs/react-dom-client.development.js:14462:44)
    at performWorkOnRootViaSchedulerTask (/Users/henriots/Desktop/projektid/SOMM/sommelier-strangelove/node_modules/.pnpm/react-dom@19.1.0_react@19.1.0/node_modules/react-dom/cjs/react-dom-client.development.js:16216:7)
    at flushActQueue (/Users/henriots/Desktop/projektid/SOMM/sommelier-strangelove/node_modules/.pnpm/react@19.1.0/node_modules/react/cjs/react.development.js:566:34)
    at Object.&lt;anonymous&gt;.process.env.NODE_ENV.exports.act (/Users/henriots/Desktop/projektid/SOMM/sommelier-strangelove/node_modules/.pnpm/react@19.1.0/node_modules/react/cjs/react.development.js:859:10)
    at /Users/henriots/Desktop/projektid/SOMM/sommelier-strangelove/node_modules/.pnpm/@testing-library+react@14.3.1_@types+react@19.1.3_react-dom@19.1.0_react@19.1.0__react@19.1.0/node_modules/@testing-library/react/dist/act-compat.js:47:25
    at renderRoot (/Users/henriots/Desktop/projektid/SOMM/sommelier-strangelove/node_modules/.pnpm/@testing-library+react@14.3.1_@types+react@19.1.3_react-dom@19.1.0_react@19.1.0__react@19.1.0/node_modules/@testing-library/react/dist/pure.js:180:26)
    at render (/Users/henriots/Desktop/projektid/SOMM/sommelier-strangelove/node_modules/.pnpm/@testing-library+react@14.3.1_@types+react@19.1.3_react-dom@19.1.0_react@19.1.0__react@19.1.0/node_modules/@testing-library/react/dist/pure.js:271:10)
    at renderHook (/Users/henriots/Desktop/projektid/SOMM/sommelier-strangelove/node_modules/.pnpm/@testing-library+react@14.3.1_@types+react@19.1.3_react-dom@19.1.0_react@19.1.0__react@19.1.0/node_modules/@testing-library/react/dist/pure.js:318:7)
    at Object.&lt;anonymous&gt; (/Users/henriots/Desktop/projektid/SOMM/sommelier-strangelove/src/__tests__/hooks/useUserStrategyData.spec.ts:178:36)
    at Promise.then.completed (/Users/henriots/Desktop/projektid/SOMM/sommelier-strangelove/node_modules/.pnpm/jest-circus@29.7.0_babel-plugin-macros@3.1.0/node_modules/jest-circus/build/utils.js:298:28)
    at new Promise (&lt;anonymous&gt;)
    at callAsyncCircusFn (/Users/henriots/Desktop/projektid/SOMM/sommelier-strangelove/node_modules/.pnpm/jest-circus@29.7.0_babel-plugin-macros@3.1.0/node_modules/jest-circus/build/utils.js:231:10)
    at _callCircusTest (/Users/henriots/Desktop/projektid/SOMM/sommelier-strangelove/node_modules/.pnpm/jest-circus@29.7.0_babel-plugin-macros@3.1.0/node_modules/jest-circus/build/run.js:316:40)
    at _runTest (/Users/henriots/Desktop/projektid/SOMM/sommelier-strangelove/node_modules/.pnpm/jest-circus@29.7.0_babel-plugin-macros@3.1.0/node_modules/jest-circus/build/run.js:252:3)
    at _runTestsForDescribeBlock (/Users/henriots/Desktop/projektid/SOMM/sommelier-strangelove/node_modules/.pnpm/jest-circus@29.7.0_babel-plugin-macros@3.1.0/node_modules/jest-circus/build/run.js:126:9)
    at _runTestsForDescribeBlock (/Users/henriots/Desktop/projektid/SOMM/sommelier-strangelove/node_modules/.pnpm/jest-circus@29.7.0_babel-plugin-macros@3.1.0/node_modules/jest-circus/build/run.js:121:9)
    at _runTestsForDescribeBlock (/Users/henriots/Desktop/projektid/SOMM/sommelier-strangelove/node_modules/.pnpm/jest-circus@29.7.0_babel-plugin-macros@3.1.0/node_modules/jest-circus/build/run.js:121:9)
    at run (/Users/henriots/Desktop/projektid/SOMM/sommelier-strangelove/node_modules/.pnpm/jest-circus@29.7.0_babel-plugin-macros@3.1.0/node_modules/jest-circus/build/run.js:71:3)
    at runAndTransformResultsToJestFormat (/Users/henriots/Desktop/projektid/SOMM/sommelier-strangelove/node_modules/.pnpm/jest-circus@29.7.0_babel-plugin-macros@3.1.0/node_modules/jest-circus/build/legacy-code-todo-rewrite/jestAdapterInit.js:122:21)
    at jestAdapter (/Users/henriots/Desktop/projektid/SOMM/sommelier-strangelove/node_modules/.pnpm/jest-circus@29.7.0_babel-plugin-macros@3.1.0/node_modules/jest-circus/build/legacy-code-todo-rewrite/jestAdapter.js:79:19)
    at runTestInternal (/Users/henriots/Desktop/projektid/SOMM/sommelier-strangelove/node_modules/.pnpm/jest-runner@29.7.0/node_modules/jest-runner/build/runTest.js:367:16)
    at runTest (/Users/henriots/Desktop/projektid/SOMM/sommelier-strangelove/node_modules/.pnpm/jest-runner@29.7.0/node_modules/jest-runner/build/runTest.js:444:34)</failure>
    </testcase>
    <testcase classname="useUserStrategyData Error Handling should handle missing LP token data gracefully" name="useUserStrategyData Error Handling should handle missing LP token data gracefully" time="0">
      <failure>TypeError: (0 , _wagmi.usePublicClient) is not a function
    at useAllContracts (/Users/henriots/Desktop/projektid/SOMM/sommelier-strangelove/src/data/hooks/useAllContracts.ts:14:39)
    at useUserStrategyData (/Users/henriots/Desktop/projektid/SOMM/sommelier-strangelove/src/data/hooks/useUserStrategyData.ts:19:49)
    at /Users/henriots/Desktop/projektid/SOMM/sommelier-strangelove/src/__tests__/hooks/useUserStrategyData.spec.ts:205:34
    at TestComponent (/Users/henriots/Desktop/projektid/SOMM/sommelier-strangelove/node_modules/.pnpm/@testing-library+react@14.3.1_@types+react@19.1.3_react-dom@19.1.0_react@19.1.0__react@19.1.0/node_modules/@testing-library/react/dist/pure.js:309:27)
    at Object.react-stack-bottom-frame (/Users/henriots/Desktop/projektid/SOMM/sommelier-strangelove/node_modules/.pnpm/react-dom@19.1.0_react@19.1.0/node_modules/react-dom/cjs/react-dom-client.development.js:23863:20)
    at renderWithHooks (/Users/henriots/Desktop/projektid/SOMM/sommelier-strangelove/node_modules/.pnpm/react-dom@19.1.0_react@19.1.0/node_modules/react-dom/cjs/react-dom-client.development.js:5529:22)
    at updateFunctionComponent (/Users/henriots/Desktop/projektid/SOMM/sommelier-strangelove/node_modules/.pnpm/react-dom@19.1.0_react@19.1.0/node_modules/react-dom/cjs/react-dom-client.development.js:8897:19)
    at beginWork (/Users/henriots/Desktop/projektid/SOMM/sommelier-strangelove/node_modules/.pnpm/react-dom@19.1.0_react@19.1.0/node_modules/react-dom/cjs/react-dom-client.development.js:10522:18)
    at runWithFiberInDEV (/Users/henriots/Desktop/projektid/SOMM/sommelier-strangelove/node_modules/.pnpm/react-dom@19.1.0_react@19.1.0/node_modules/react-dom/cjs/react-dom-client.development.js:1522:13)
    at performUnitOfWork (/Users/henriots/Desktop/projektid/SOMM/sommelier-strangelove/node_modules/.pnpm/react-dom@19.1.0_react@19.1.0/node_modules/react-dom/cjs/react-dom-client.development.js:15140:22)
    at workLoopSync (/Users/henriots/Desktop/projektid/SOMM/sommelier-strangelove/node_modules/.pnpm/react-dom@19.1.0_react@19.1.0/node_modules/react-dom/cjs/react-dom-client.development.js:14956:41)
    at renderRootSync (/Users/henriots/Desktop/projektid/SOMM/sommelier-strangelove/node_modules/.pnpm/react-dom@19.1.0_react@19.1.0/node_modules/react-dom/cjs/react-dom-client.development.js:14936:11)
    at performWorkOnRoot (/Users/henriots/Desktop/projektid/SOMM/sommelier-strangelove/node_modules/.pnpm/react-dom@19.1.0_react@19.1.0/node_modules/react-dom/cjs/react-dom-client.development.js:14462:44)
    at performWorkOnRootViaSchedulerTask (/Users/henriots/Desktop/projektid/SOMM/sommelier-strangelove/node_modules/.pnpm/react-dom@19.1.0_react@19.1.0/node_modules/react-dom/cjs/react-dom-client.development.js:16216:7)
    at flushActQueue (/Users/henriots/Desktop/projektid/SOMM/sommelier-strangelove/node_modules/.pnpm/react@19.1.0/node_modules/react/cjs/react.development.js:566:34)
    at Object.&lt;anonymous&gt;.process.env.NODE_ENV.exports.act (/Users/henriots/Desktop/projektid/SOMM/sommelier-strangelove/node_modules/.pnpm/react@19.1.0/node_modules/react/cjs/react.development.js:859:10)
    at /Users/henriots/Desktop/projektid/SOMM/sommelier-strangelove/node_modules/.pnpm/@testing-library+react@14.3.1_@types+react@19.1.3_react-dom@19.1.0_react@19.1.0__react@19.1.0/node_modules/@testing-library/react/dist/act-compat.js:47:25
    at renderRoot (/Users/henriots/Desktop/projektid/SOMM/sommelier-strangelove/node_modules/.pnpm/@testing-library+react@14.3.1_@types+react@19.1.3_react-dom@19.1.0_react@19.1.0__react@19.1.0/node_modules/@testing-library/react/dist/pure.js:180:26)
    at render (/Users/henriots/Desktop/projektid/SOMM/sommelier-strangelove/node_modules/.pnpm/@testing-library+react@14.3.1_@types+react@19.1.3_react-dom@19.1.0_react@19.1.0__react@19.1.0/node_modules/@testing-library/react/dist/pure.js:271:10)
    at renderHook (/Users/henriots/Desktop/projektid/SOMM/sommelier-strangelove/node_modules/.pnpm/@testing-library+react@14.3.1_@types+react@19.1.3_react-dom@19.1.0_react@19.1.0__react@19.1.0/node_modules/@testing-library/react/dist/pure.js:318:7)
    at Object.&lt;anonymous&gt; (/Users/henriots/Desktop/projektid/SOMM/sommelier-strangelove/src/__tests__/hooks/useUserStrategyData.spec.ts:204:36)
    at Promise.then.completed (/Users/henriots/Desktop/projektid/SOMM/sommelier-strangelove/node_modules/.pnpm/jest-circus@29.7.0_babel-plugin-macros@3.1.0/node_modules/jest-circus/build/utils.js:298:28)
    at new Promise (&lt;anonymous&gt;)
    at callAsyncCircusFn (/Users/henriots/Desktop/projektid/SOMM/sommelier-strangelove/node_modules/.pnpm/jest-circus@29.7.0_babel-plugin-macros@3.1.0/node_modules/jest-circus/build/utils.js:231:10)
    at _callCircusTest (/Users/henriots/Desktop/projektid/SOMM/sommelier-strangelove/node_modules/.pnpm/jest-circus@29.7.0_babel-plugin-macros@3.1.0/node_modules/jest-circus/build/run.js:316:40)
    at _runTest (/Users/henriots/Desktop/projektid/SOMM/sommelier-strangelove/node_modules/.pnpm/jest-circus@29.7.0_babel-plugin-macros@3.1.0/node_modules/jest-circus/build/run.js:252:3)
    at _runTestsForDescribeBlock (/Users/henriots/Desktop/projektid/SOMM/sommelier-strangelove/node_modules/.pnpm/jest-circus@29.7.0_babel-plugin-macros@3.1.0/node_modules/jest-circus/build/run.js:126:9)
    at _runTestsForDescribeBlock (/Users/henriots/Desktop/projektid/SOMM/sommelier-strangelove/node_modules/.pnpm/jest-circus@29.7.0_babel-plugin-macros@3.1.0/node_modules/jest-circus/build/run.js:121:9)
    at _runTestsForDescribeBlock (/Users/henriots/Desktop/projektid/SOMM/sommelier-strangelove/node_modules/.pnpm/jest-circus@29.7.0_babel-plugin-macros@3.1.0/node_modules/jest-circus/build/run.js:121:9)
    at run (/Users/henriots/Desktop/projektid/SOMM/sommelier-strangelove/node_modules/.pnpm/jest-circus@29.7.0_babel-plugin-macros@3.1.0/node_modules/jest-circus/build/run.js:71:3)
    at runAndTransformResultsToJestFormat (/Users/henriots/Desktop/projektid/SOMM/sommelier-strangelove/node_modules/.pnpm/jest-circus@29.7.0_babel-plugin-macros@3.1.0/node_modules/jest-circus/build/legacy-code-todo-rewrite/jestAdapterInit.js:122:21)
    at jestAdapter (/Users/henriots/Desktop/projektid/SOMM/sommelier-strangelove/node_modules/.pnpm/jest-circus@29.7.0_babel-plugin-macros@3.1.0/node_modules/jest-circus/build/legacy-code-todo-rewrite/jestAdapter.js:79:19)
    at runTestInternal (/Users/henriots/Desktop/projektid/SOMM/sommelier-strangelove/node_modules/.pnpm/jest-runner@29.7.0/node_modules/jest-runner/build/runTest.js:367:16)
    at runTest (/Users/henriots/Desktop/projektid/SOMM/sommelier-strangelove/node_modules/.pnpm/jest-runner@29.7.0/node_modules/jest-runner/build/runTest.js:444:34)</failure>
    </testcase>
    <testcase classname="useUserStrategyData Error Handling should handle missing strategy data gracefully" name="useUserStrategyData Error Handling should handle missing strategy data gracefully" time="0.001">
      <failure>TypeError: (0 , _wagmi.usePublicClient) is not a function
    at useAllContracts (/Users/henriots/Desktop/projektid/SOMM/sommelier-strangelove/src/data/hooks/useAllContracts.ts:14:39)
    at useUserStrategyData (/Users/henriots/Desktop/projektid/SOMM/sommelier-strangelove/src/data/hooks/useUserStrategyData.ts:19:49)
    at /Users/henriots/Desktop/projektid/SOMM/sommelier-strangelove/src/__tests__/hooks/useUserStrategyData.spec.ts:227:34
    at TestComponent (/Users/henriots/Desktop/projektid/SOMM/sommelier-strangelove/node_modules/.pnpm/@testing-library+react@14.3.1_@types+react@19.1.3_react-dom@19.1.0_react@19.1.0__react@19.1.0/node_modules/@testing-library/react/dist/pure.js:309:27)
    at Object.react-stack-bottom-frame (/Users/henriots/Desktop/projektid/SOMM/sommelier-strangelove/node_modules/.pnpm/react-dom@19.1.0_react@19.1.0/node_modules/react-dom/cjs/react-dom-client.development.js:23863:20)
    at renderWithHooks (/Users/henriots/Desktop/projektid/SOMM/sommelier-strangelove/node_modules/.pnpm/react-dom@19.1.0_react@19.1.0/node_modules/react-dom/cjs/react-dom-client.development.js:5529:22)
    at updateFunctionComponent (/Users/henriots/Desktop/projektid/SOMM/sommelier-strangelove/node_modules/.pnpm/react-dom@19.1.0_react@19.1.0/node_modules/react-dom/cjs/react-dom-client.development.js:8897:19)
    at beginWork (/Users/henriots/Desktop/projektid/SOMM/sommelier-strangelove/node_modules/.pnpm/react-dom@19.1.0_react@19.1.0/node_modules/react-dom/cjs/react-dom-client.development.js:10522:18)
    at runWithFiberInDEV (/Users/henriots/Desktop/projektid/SOMM/sommelier-strangelove/node_modules/.pnpm/react-dom@19.1.0_react@19.1.0/node_modules/react-dom/cjs/react-dom-client.development.js:1522:13)
    at performUnitOfWork (/Users/henriots/Desktop/projektid/SOMM/sommelier-strangelove/node_modules/.pnpm/react-dom@19.1.0_react@19.1.0/node_modules/react-dom/cjs/react-dom-client.development.js:15140:22)
    at workLoopSync (/Users/henriots/Desktop/projektid/SOMM/sommelier-strangelove/node_modules/.pnpm/react-dom@19.1.0_react@19.1.0/node_modules/react-dom/cjs/react-dom-client.development.js:14956:41)
    at renderRootSync (/Users/henriots/Desktop/projektid/SOMM/sommelier-strangelove/node_modules/.pnpm/react-dom@19.1.0_react@19.1.0/node_modules/react-dom/cjs/react-dom-client.development.js:14936:11)
    at performWorkOnRoot (/Users/henriots/Desktop/projektid/SOMM/sommelier-strangelove/node_modules/.pnpm/react-dom@19.1.0_react@19.1.0/node_modules/react-dom/cjs/react-dom-client.development.js:14462:44)
    at performWorkOnRootViaSchedulerTask (/Users/henriots/Desktop/projektid/SOMM/sommelier-strangelove/node_modules/.pnpm/react-dom@19.1.0_react@19.1.0/node_modules/react-dom/cjs/react-dom-client.development.js:16216:7)
    at flushActQueue (/Users/henriots/Desktop/projektid/SOMM/sommelier-strangelove/node_modules/.pnpm/react@19.1.0/node_modules/react/cjs/react.development.js:566:34)
    at Object.&lt;anonymous&gt;.process.env.NODE_ENV.exports.act (/Users/henriots/Desktop/projektid/SOMM/sommelier-strangelove/node_modules/.pnpm/react@19.1.0/node_modules/react/cjs/react.development.js:859:10)
    at /Users/henriots/Desktop/projektid/SOMM/sommelier-strangelove/node_modules/.pnpm/@testing-library+react@14.3.1_@types+react@19.1.3_react-dom@19.1.0_react@19.1.0__react@19.1.0/node_modules/@testing-library/react/dist/act-compat.js:47:25
    at renderRoot (/Users/henriots/Desktop/projektid/SOMM/sommelier-strangelove/node_modules/.pnpm/@testing-library+react@14.3.1_@types+react@19.1.3_react-dom@19.1.0_react@19.1.0__react@19.1.0/node_modules/@testing-library/react/dist/pure.js:180:26)
    at render (/Users/henriots/Desktop/projektid/SOMM/sommelier-strangelove/node_modules/.pnpm/@testing-library+react@14.3.1_@types+react@19.1.3_react-dom@19.1.0_react@19.1.0__react@19.1.0/node_modules/@testing-library/react/dist/pure.js:271:10)
    at renderHook (/Users/henriots/Desktop/projektid/SOMM/sommelier-strangelove/node_modules/.pnpm/@testing-library+react@14.3.1_@types+react@19.1.3_react-dom@19.1.0_react@19.1.0__react@19.1.0/node_modules/@testing-library/react/dist/pure.js:318:7)
    at Object.&lt;anonymous&gt; (/Users/henriots/Desktop/projektid/SOMM/sommelier-strangelove/src/__tests__/hooks/useUserStrategyData.spec.ts:226:36)
    at Promise.then.completed (/Users/henriots/Desktop/projektid/SOMM/sommelier-strangelove/node_modules/.pnpm/jest-circus@29.7.0_babel-plugin-macros@3.1.0/node_modules/jest-circus/build/utils.js:298:28)
    at new Promise (&lt;anonymous&gt;)
    at callAsyncCircusFn (/Users/henriots/Desktop/projektid/SOMM/sommelier-strangelove/node_modules/.pnpm/jest-circus@29.7.0_babel-plugin-macros@3.1.0/node_modules/jest-circus/build/utils.js:231:10)
    at _callCircusTest (/Users/henriots/Desktop/projektid/SOMM/sommelier-strangelove/node_modules/.pnpm/jest-circus@29.7.0_babel-plugin-macros@3.1.0/node_modules/jest-circus/build/run.js:316:40)
    at _runTest (/Users/henriots/Desktop/projektid/SOMM/sommelier-strangelove/node_modules/.pnpm/jest-circus@29.7.0_babel-plugin-macros@3.1.0/node_modules/jest-circus/build/run.js:252:3)
    at _runTestsForDescribeBlock (/Users/henriots/Desktop/projektid/SOMM/sommelier-strangelove/node_modules/.pnpm/jest-circus@29.7.0_babel-plugin-macros@3.1.0/node_modules/jest-circus/build/run.js:126:9)
    at _runTestsForDescribeBlock (/Users/henriots/Desktop/projektid/SOMM/sommelier-strangelove/node_modules/.pnpm/jest-circus@29.7.0_babel-plugin-macros@3.1.0/node_modules/jest-circus/build/run.js:121:9)
    at _runTestsForDescribeBlock (/Users/henriots/Desktop/projektid/SOMM/sommelier-strangelove/node_modules/.pnpm/jest-circus@29.7.0_babel-plugin-macros@3.1.0/node_modules/jest-circus/build/run.js:121:9)
    at run (/Users/henriots/Desktop/projektid/SOMM/sommelier-strangelove/node_modules/.pnpm/jest-circus@29.7.0_babel-plugin-macros@3.1.0/node_modules/jest-circus/build/run.js:71:3)
    at runAndTransformResultsToJestFormat (/Users/henriots/Desktop/projektid/SOMM/sommelier-strangelove/node_modules/.pnpm/jest-circus@29.7.0_babel-plugin-macros@3.1.0/node_modules/jest-circus/build/legacy-code-todo-rewrite/jestAdapterInit.js:122:21)
    at jestAdapter (/Users/henriots/Desktop/projektid/SOMM/sommelier-strangelove/node_modules/.pnpm/jest-circus@29.7.0_babel-plugin-macros@3.1.0/node_modules/jest-circus/build/legacy-code-todo-rewrite/jestAdapter.js:79:19)
    at runTestInternal (/Users/henriots/Desktop/projektid/SOMM/sommelier-strangelove/node_modules/.pnpm/jest-runner@29.7.0/node_modules/jest-runner/build/runTest.js:367:16)
    at runTest (/Users/henriots/Desktop/projektid/SOMM/sommelier-strangelove/node_modules/.pnpm/jest-runner@29.7.0/node_modules/jest-runner/build/runTest.js:444:34)</failure>
    </testcase>
    <testcase classname="useUserStrategyData Error Handling should handle missing user address gracefully" name="useUserStrategyData Error Handling should handle missing user address gracefully" time="0.001">
      <failure>TypeError: (0 , _wagmi.usePublicClient) is not a function
    at useAllContracts (/Users/henriots/Desktop/projektid/SOMM/sommelier-strangelove/src/data/hooks/useAllContracts.ts:14:39)
    at useUserStrategyData (/Users/henriots/Desktop/projektid/SOMM/sommelier-strangelove/src/data/hooks/useUserStrategyData.ts:19:49)
    at /Users/henriots/Desktop/projektid/SOMM/sommelier-strangelove/src/__tests__/hooks/useUserStrategyData.spec.ts:248:34
    at TestComponent (/Users/henriots/Desktop/projektid/SOMM/sommelier-strangelove/node_modules/.pnpm/@testing-library+react@14.3.1_@types+react@19.1.3_react-dom@19.1.0_react@19.1.0__react@19.1.0/node_modules/@testing-library/react/dist/pure.js:309:27)
    at Object.react-stack-bottom-frame (/Users/henriots/Desktop/projektid/SOMM/sommelier-strangelove/node_modules/.pnpm/react-dom@19.1.0_react@19.1.0/node_modules/react-dom/cjs/react-dom-client.development.js:23863:20)
    at renderWithHooks (/Users/henriots/Desktop/projektid/SOMM/sommelier-strangelove/node_modules/.pnpm/react-dom@19.1.0_react@19.1.0/node_modules/react-dom/cjs/react-dom-client.development.js:5529:22)
    at updateFunctionComponent (/Users/henriots/Desktop/projektid/SOMM/sommelier-strangelove/node_modules/.pnpm/react-dom@19.1.0_react@19.1.0/node_modules/react-dom/cjs/react-dom-client.development.js:8897:19)
    at beginWork (/Users/henriots/Desktop/projektid/SOMM/sommelier-strangelove/node_modules/.pnpm/react-dom@19.1.0_react@19.1.0/node_modules/react-dom/cjs/react-dom-client.development.js:10522:18)
    at runWithFiberInDEV (/Users/henriots/Desktop/projektid/SOMM/sommelier-strangelove/node_modules/.pnpm/react-dom@19.1.0_react@19.1.0/node_modules/react-dom/cjs/react-dom-client.development.js:1522:13)
    at performUnitOfWork (/Users/henriots/Desktop/projektid/SOMM/sommelier-strangelove/node_modules/.pnpm/react-dom@19.1.0_react@19.1.0/node_modules/react-dom/cjs/react-dom-client.development.js:15140:22)
    at workLoopSync (/Users/henriots/Desktop/projektid/SOMM/sommelier-strangelove/node_modules/.pnpm/react-dom@19.1.0_react@19.1.0/node_modules/react-dom/cjs/react-dom-client.development.js:14956:41)
    at renderRootSync (/Users/henriots/Desktop/projektid/SOMM/sommelier-strangelove/node_modules/.pnpm/react-dom@19.1.0_react@19.1.0/node_modules/react-dom/cjs/react-dom-client.development.js:14936:11)
    at performWorkOnRoot (/Users/henriots/Desktop/projektid/SOMM/sommelier-strangelove/node_modules/.pnpm/react-dom@19.1.0_react@19.1.0/node_modules/react-dom/cjs/react-dom-client.development.js:14462:44)
    at performWorkOnRootViaSchedulerTask (/Users/henriots/Desktop/projektid/SOMM/sommelier-strangelove/node_modules/.pnpm/react-dom@19.1.0_react@19.1.0/node_modules/react-dom/cjs/react-dom-client.development.js:16216:7)
    at flushActQueue (/Users/henriots/Desktop/projektid/SOMM/sommelier-strangelove/node_modules/.pnpm/react@19.1.0/node_modules/react/cjs/react.development.js:566:34)
    at Object.&lt;anonymous&gt;.process.env.NODE_ENV.exports.act (/Users/henriots/Desktop/projektid/SOMM/sommelier-strangelove/node_modules/.pnpm/react@19.1.0/node_modules/react/cjs/react.development.js:859:10)
    at /Users/henriots/Desktop/projektid/SOMM/sommelier-strangelove/node_modules/.pnpm/@testing-library+react@14.3.1_@types+react@19.1.3_react-dom@19.1.0_react@19.1.0__react@19.1.0/node_modules/@testing-library/react/dist/act-compat.js:47:25
    at renderRoot (/Users/henriots/Desktop/projektid/SOMM/sommelier-strangelove/node_modules/.pnpm/@testing-library+react@14.3.1_@types+react@19.1.3_react-dom@19.1.0_react@19.1.0__react@19.1.0/node_modules/@testing-library/react/dist/pure.js:180:26)
    at render (/Users/henriots/Desktop/projektid/SOMM/sommelier-strangelove/node_modules/.pnpm/@testing-library+react@14.3.1_@types+react@19.1.3_react-dom@19.1.0_react@19.1.0__react@19.1.0/node_modules/@testing-library/react/dist/pure.js:271:10)
    at renderHook (/Users/henriots/Desktop/projektid/SOMM/sommelier-strangelove/node_modules/.pnpm/@testing-library+react@14.3.1_@types+react@19.1.3_react-dom@19.1.0_react@19.1.0__react@19.1.0/node_modules/@testing-library/react/dist/pure.js:318:7)
    at Object.&lt;anonymous&gt; (/Users/henriots/Desktop/projektid/SOMM/sommelier-strangelove/src/__tests__/hooks/useUserStrategyData.spec.ts:247:36)
    at Promise.then.completed (/Users/henriots/Desktop/projektid/SOMM/sommelier-strangelove/node_modules/.pnpm/jest-circus@29.7.0_babel-plugin-macros@3.1.0/node_modules/jest-circus/build/utils.js:298:28)
    at new Promise (&lt;anonymous&gt;)
    at callAsyncCircusFn (/Users/henriots/Desktop/projektid/SOMM/sommelier-strangelove/node_modules/.pnpm/jest-circus@29.7.0_babel-plugin-macros@3.1.0/node_modules/jest-circus/build/utils.js:231:10)
    at _callCircusTest (/Users/henriots/Desktop/projektid/SOMM/sommelier-strangelove/node_modules/.pnpm/jest-circus@29.7.0_babel-plugin-macros@3.1.0/node_modules/jest-circus/build/run.js:316:40)
    at _runTest (/Users/henriots/Desktop/projektid/SOMM/sommelier-strangelove/node_modules/.pnpm/jest-circus@29.7.0_babel-plugin-macros@3.1.0/node_modules/jest-circus/build/run.js:252:3)
    at _runTestsForDescribeBlock (/Users/henriots/Desktop/projektid/SOMM/sommelier-strangelove/node_modules/.pnpm/jest-circus@29.7.0_babel-plugin-macros@3.1.0/node_modules/jest-circus/build/run.js:126:9)
    at _runTestsForDescribeBlock (/Users/henriots/Desktop/projektid/SOMM/sommelier-strangelove/node_modules/.pnpm/jest-circus@29.7.0_babel-plugin-macros@3.1.0/node_modules/jest-circus/build/run.js:121:9)
    at _runTestsForDescribeBlock (/Users/henriots/Desktop/projektid/SOMM/sommelier-strangelove/node_modules/.pnpm/jest-circus@29.7.0_babel-plugin-macros@3.1.0/node_modules/jest-circus/build/run.js:121:9)
    at run (/Users/henriots/Desktop/projektid/SOMM/sommelier-strangelove/node_modules/.pnpm/jest-circus@29.7.0_babel-plugin-macros@3.1.0/node_modules/jest-circus/build/run.js:71:3)
    at runAndTransformResultsToJestFormat (/Users/henriots/Desktop/projektid/SOMM/sommelier-strangelove/node_modules/.pnpm/jest-circus@29.7.0_babel-plugin-macros@3.1.0/node_modules/jest-circus/build/legacy-code-todo-rewrite/jestAdapterInit.js:122:21)
    at jestAdapter (/Users/henriots/Desktop/projektid/SOMM/sommelier-strangelove/node_modules/.pnpm/jest-circus@29.7.0_babel-plugin-macros@3.1.0/node_modules/jest-circus/build/legacy-code-todo-rewrite/jestAdapter.js:79:19)
    at runTestInternal (/Users/henriots/Desktop/projektid/SOMM/sommelier-strangelove/node_modules/.pnpm/jest-runner@29.7.0/node_modules/jest-runner/build/runTest.js:367:16)
    at runTest (/Users/henriots/Desktop/projektid/SOMM/sommelier-strangelove/node_modules/.pnpm/jest-runner@29.7.0/node_modules/jest-runner/build/runTest.js:444:34)</failure>
    </testcase>
    <testcase classname="useUserStrategyData Error Handling should handle invalid strategy address gracefully" name="useUserStrategyData Error Handling should handle invalid strategy address gracefully" time="0.001">
      <failure>TypeError: (0 , _wagmi.usePublicClient) is not a function
    at useAllContracts (/Users/henriots/Desktop/projektid/SOMM/sommelier-strangelove/src/data/hooks/useAllContracts.ts:14:39)
    at useUserStrategyData (/Users/henriots/Desktop/projektid/SOMM/sommelier-strangelove/src/data/hooks/useUserStrategyData.ts:19:49)
    at /Users/henriots/Desktop/projektid/SOMM/sommelier-strangelove/src/__tests__/hooks/useUserStrategyData.spec.ts:258:34
    at TestComponent (/Users/henriots/Desktop/projektid/SOMM/sommelier-strangelove/node_modules/.pnpm/@testing-library+react@14.3.1_@types+react@19.1.3_react-dom@19.1.0_react@19.1.0__react@19.1.0/node_modules/@testing-library/react/dist/pure.js:309:27)
    at Object.react-stack-bottom-frame (/Users/henriots/Desktop/projektid/SOMM/sommelier-strangelove/node_modules/.pnpm/react-dom@19.1.0_react@19.1.0/node_modules/react-dom/cjs/react-dom-client.development.js:23863:20)
    at renderWithHooks (/Users/henriots/Desktop/projektid/SOMM/sommelier-strangelove/node_modules/.pnpm/react-dom@19.1.0_react@19.1.0/node_modules/react-dom/cjs/react-dom-client.development.js:5529:22)
    at updateFunctionComponent (/Users/henriots/Desktop/projektid/SOMM/sommelier-strangelove/node_modules/.pnpm/react-dom@19.1.0_react@19.1.0/node_modules/react-dom/cjs/react-dom-client.development.js:8897:19)
    at beginWork (/Users/henriots/Desktop/projektid/SOMM/sommelier-strangelove/node_modules/.pnpm/react-dom@19.1.0_react@19.1.0/node_modules/react-dom/cjs/react-dom-client.development.js:10522:18)
    at runWithFiberInDEV (/Users/henriots/Desktop/projektid/SOMM/sommelier-strangelove/node_modules/.pnpm/react-dom@19.1.0_react@19.1.0/node_modules/react-dom/cjs/react-dom-client.development.js:1522:13)
    at performUnitOfWork (/Users/henriots/Desktop/projektid/SOMM/sommelier-strangelove/node_modules/.pnpm/react-dom@19.1.0_react@19.1.0/node_modules/react-dom/cjs/react-dom-client.development.js:15140:22)
    at workLoopSync (/Users/henriots/Desktop/projektid/SOMM/sommelier-strangelove/node_modules/.pnpm/react-dom@19.1.0_react@19.1.0/node_modules/react-dom/cjs/react-dom-client.development.js:14956:41)
    at renderRootSync (/Users/henriots/Desktop/projektid/SOMM/sommelier-strangelove/node_modules/.pnpm/react-dom@19.1.0_react@19.1.0/node_modules/react-dom/cjs/react-dom-client.development.js:14936:11)
    at performWorkOnRoot (/Users/henriots/Desktop/projektid/SOMM/sommelier-strangelove/node_modules/.pnpm/react-dom@19.1.0_react@19.1.0/node_modules/react-dom/cjs/react-dom-client.development.js:14462:44)
    at performWorkOnRootViaSchedulerTask (/Users/henriots/Desktop/projektid/SOMM/sommelier-strangelove/node_modules/.pnpm/react-dom@19.1.0_react@19.1.0/node_modules/react-dom/cjs/react-dom-client.development.js:16216:7)
[...]
    </testcase>
  </testsuite>
  <testsuite name="RPC Connection Tests" errors="0" failures="1" skipped="0" timestamp="2025-09-02T05:03:19" time="0.038" tests="17">
    <testcase classname="RPC Connection Tests RPC Endpoint Health Checks should handle Alchemy RPC connection failure gracefully" name="RPC Connection Tests RPC Endpoint Health Checks should handle Alchemy RPC connection failure gracefully" time="0">
    </testcase>
    <testcase classname="RPC Connection Tests RPC Endpoint Health Checks should handle Infura RPC connection failure gracefully" name="RPC Connection Tests RPC Endpoint Health Checks should handle Infura RPC connection failure gracefully" time="0.001">
    </testcase>
    <testcase classname="RPC Connection Tests RPC Endpoint Health Checks should handle public RPC endpoint failure gracefully" name="RPC Connection Tests RPC Endpoint Health Checks should handle public RPC endpoint failure gracefully" time="0">
    </testcase>
    <testcase classname="RPC Connection Tests RPC Endpoint Health Checks should handle timeout errors gracefully" name="RPC Connection Tests RPC Endpoint Health Checks should handle timeout errors gracefully" time="0">
    </testcase>
    <testcase classname="RPC Connection Tests RPC Configuration Tests should use Alchemy when API key is available" name="RPC Connection Tests RPC Configuration Tests should use Alchemy when API key is available" time="0">
    </testcase>
    <testcase classname="RPC Connection Tests RPC Configuration Tests should use Infura when API key is available" name="RPC Connection Tests RPC Configuration Tests should use Infura when API key is available" time="0">
    </testcase>
    <testcase classname="RPC Connection Tests RPC Configuration Tests should fallback to public endpoint when no API keys are available" name="RPC Connection Tests RPC Configuration Tests should fallback to public endpoint when no API keys are available" time="0">
    </testcase>
    <testcase classname="RPC Connection Tests Error Recovery Tests should retry failed requests with exponential backoff" name="RPC Connection Tests Error Recovery Tests should retry failed requests with exponential backoff" time="0">
    </testcase>
    <testcase classname="RPC Connection Tests Error Recovery Tests should handle rate limiting gracefully" name="RPC Connection Tests Error Recovery Tests should handle rate limiting gracefully" time="0.001">
    </testcase>
    <testcase classname="RPC Connection Tests Error Recovery Tests should handle invalid API key errors" name="RPC Connection Tests Error Recovery Tests should handle invalid API key errors" time="0">
    </testcase>
    <testcase classname="RPC Connection Tests Network-Specific Tests should handle Ethereum mainnet RPC issues" name="RPC Connection Tests Network-Specific Tests should handle Ethereum mainnet RPC issues" time="0">
    </testcase>
    <testcase classname="RPC Connection Tests Network-Specific Tests should handle Arbitrum RPC issues" name="RPC Connection Tests Network-Specific Tests should handle Arbitrum RPC issues" time="0">
    </testcase>
    <testcase classname="RPC Connection Tests Network-Specific Tests should handle Optimism RPC issues" name="RPC Connection Tests Network-Specific Tests should handle Optimism RPC issues" time="0">
    </testcase>
    <testcase classname="RPC Connection Tests Contract Interaction Tests should handle contract read failures due to RPC issues" name="RPC Connection Tests Contract Interaction Tests should handle contract read failures due to RPC issues" time="0">
    </testcase>
    <testcase classname="RPC Connection Tests Contract Interaction Tests should handle ABI function not found or transport errors" name="RPC Connection Tests Contract Interaction Tests should handle ABI function not found or transport errors" time="0.002">
      <failure>Error: expect(received).toMatch(expected)

Expected pattern: /transport|not found/i
Received string:  &quot;Contract read failed&quot;
    at Object.toMatch (/Users/henriots/Desktop/projektid/SOMM/sommelier-strangelove/src/__tests__/utils/rpcConnection.spec.ts:368:29)</failure>
    </testcase>
    <testcase classname="RPC Connection Tests Environment Variable Tests should handle missing environment variables gracefully" name="RPC Connection Tests Environment Variable Tests should handle missing environment variables gracefully" time="0">
    </testcase>
    <testcase classname="RPC Connection Tests Environment Variable Tests should use environment variables when available" name="RPC Connection Tests Environment Variable Tests should use environment variables when available" time="0">
    </testcase>
  </testsuite>
  <testsuite name="StrategyRow" errors="0" failures="0" skipped="0" timestamp="2025-09-02T05:03:19" time="1.239" tests="31">
    <testcase classname="StrategyRow Component Rendering should render vault name correctly" name="StrategyRow Component Rendering should render vault name correctly" time="0.039">
    </testcase>
    <testcase classname="StrategyRow Component Rendering should render provider name correctly" name="StrategyRow Component Rendering should render provider name correctly" time="0.02">
    </testcase>
    <testcase classname="StrategyRow Component Rendering should render Somm-native badge for Somm-native vaults" name="StrategyRow Component Rendering should render Somm-native badge for Somm-native vaults" time="0.04">
    </testcase>
    <testcase classname="StrategyRow Component Rendering should render chain badge with logo" name="StrategyRow Component Rendering should render chain badge with logo" time="0.011">
    </testcase>
    <testcase classname="StrategyRow Component Rendering should render TVL value correctly" name="StrategyRow Component Rendering should render TVL value correctly" time="0.011">
    </testcase>
    <testcase classname="StrategyRow Component Rendering should render Net Value correctly" name="StrategyRow Component Rendering should render Net Value correctly" time="0.01">
    </testcase>
    <testcase classname="StrategyRow Component Rendering should render Net Rewards correctly" name="StrategyRow Component Rendering should render Net Rewards correctly" time="0.008">
    </testcase>
    <testcase classname="StrategyRow Component Rendering should render description correctly" name="StrategyRow Component Rendering should render description correctly" time="0.009">
    </testcase>
    <testcase classname="StrategyRow Responsive Design should have responsive grid layout" name="StrategyRow Responsive Design should have responsive grid layout" time="0.009">
    </testcase>
    <testcase classname="StrategyRow Responsive Design should have responsive image sizing" name="StrategyRow Responsive Design should have responsive image sizing" time="0.008">
    </testcase>
    <testcase classname="StrategyRow Responsive Design should have responsive font sizes" name="StrategyRow Responsive Design should have responsive font sizes" time="0.008">
    </testcase>
    <testcase classname="StrategyRow Responsive Design should have responsive spacing" name="StrategyRow Responsive Design should have responsive spacing" time="0.008">
    </testcase>
    <testcase classname="StrategyRow KPI Grid Layout should render KPI grid with three columns" name="StrategyRow KPI Grid Layout should render KPI grid with three columns" time="0.008">
    </testcase>
    <testcase classname="StrategyRow KPI Grid Layout should have horizontal KPI layout on mobile" name="StrategyRow KPI Grid Layout should have horizontal KPI layout on mobile" time="0.007">
    </testcase>
    <testcase classname="StrategyRow Action Button should render deposit button when connected" name="StrategyRow Action Button should render deposit button when connected" time="0.009">
    </testcase>
    <testcase classname="StrategyRow Action Button should render &quot;Deposit&quot; button when connected" name="StrategyRow Action Button should render &quot;Deposit&quot; button when connected" time="0.007">
    </testcase>
    <testcase classname="StrategyRow Action Button should have responsive button sizing" name="StrategyRow Action Button should have responsive button sizing" time="0.009">
    </testcase>
    <testcase classname="StrategyRow Error Handling should handle missing vault name gracefully" name="StrategyRow Error Handling should handle missing vault name gracefully" time="0.007">
    </testcase>
    <testcase classname="StrategyRow Error Handling should handle missing provider gracefully" name="StrategyRow Error Handling should handle missing provider gracefully" time="0.009">
    </testcase>
    <testcase classname="StrategyRow Error Handling should handle missing TVL gracefully" name="StrategyRow Error Handling should handle missing TVL gracefully" time="0.007">
    </testcase>
    <testcase classname="StrategyRow Error Handling should handle missing rewards gracefully" name="StrategyRow Error Handling should handle missing rewards gracefully" time="0.007">
    </testcase>
    <testcase classname="StrategyRow Error Handling should handle missing chain config gracefully" name="StrategyRow Error Handling should handle missing chain config gracefully" time="0.007">
    </testcase>
    <testcase classname="StrategyRow Error Handling should handle missing description gracefully" name="StrategyRow Error Handling should handle missing description gracefully" time="0.007">
    </testcase>
    <testcase classname="StrategyRow Data Display should display fallback values when data is missing" name="StrategyRow Data Display should display fallback values when data is missing" time="0.008">
    </testcase>
    <testcase classname="StrategyRow Data Display should handle zero values correctly" name="StrategyRow Data Display should handle zero values correctly" time="0.008">
    </testcase>
    <testcase classname="StrategyRow Data Display should handle large numbers correctly" name="StrategyRow Data Display should handle large numbers correctly" time="0.007">
    </testcase>
    <testcase classname="StrategyRow Accessibility should have proper alt text for images" name="StrategyRow Accessibility should have proper alt text for images" time="0.008">
    </testcase>
    <testcase classname="StrategyRow Accessibility should have proper ARIA labels" name="StrategyRow Accessibility should have proper ARIA labels" time="0.007">
    </testcase>
    <testcase classname="StrategyRow Accessibility should be keyboard navigable" name="StrategyRow Accessibility should be keyboard navigable" time="0.007">
    </testcase>
    <testcase classname="StrategyRow Pre-launch State should show countdown for pre-launch vaults" name="StrategyRow Pre-launch State should show countdown for pre-launch vaults" time="0.011">
    </testcase>
    <testcase classname="StrategyRow Pre-launch State should disable deposit button for pre-launch vaults" name="StrategyRow Pre-launch State should disable deposit button for pre-launch vaults" time="0.012">
    </testcase>
  </testsuite>
  <testsuite name="Simple Component Test" errors="0" failures="0" skipped="0" timestamp="2025-09-02T05:03:20" time="0.091" tests="2">
    <testcase classname="Simple Component Test should render a simple component" name="Simple Component Test should render a simple component" time="0.013">
    </testcase>
    <testcase classname="Simple Component Test should handle basic user interactions" name="Simple Component Test should handle basic user interactions" time="0.005">
    </testcase>
  </testsuite>
  <testsuite name="Legacy Vaults Integration" errors="0" failures="0" skipped="0" timestamp="2025-09-02T05:03:20" time="0.03" tests="7">
    <testcase classname="Legacy Vaults Integration localStorage persistence should persist user choice to localStorage when showing" name="Legacy Vaults Integration localStorage persistence should persist user choice to localStorage when showing" time="0">
    </testcase>
    <testcase classname="Legacy Vaults Integration localStorage persistence should persist user choice to localStorage when hiding" name="Legacy Vaults Integration localStorage persistence should persist user choice to localStorage when hiding" time="0">
    </testcase>
    <testcase classname="Legacy Vaults Integration localStorage persistence should restore user choice from localStorage on page load" name="Legacy Vaults Integration localStorage persistence should restore user choice from localStorage on page load" time="0.001">
    </testcase>
    <testcase classname="Legacy Vaults Integration localStorage persistence should default to false when no preference is stored" name="Legacy Vaults Integration localStorage persistence should default to false when no preference is stored" time="0">
    </testcase>
    <testcase classname="Legacy Vaults Integration SSR compatibility should handle SSR environment gracefully" name="Legacy Vaults Integration SSR compatibility should handle SSR environment gracefully" time="0">
    </testcase>
    <testcase classname="Legacy Vaults Integration Error handling should handle localStorage errors gracefully" name="Legacy Vaults Integration Error handling should handle localStorage errors gracefully" time="0">
    </testcase>
    <testcase classname="Legacy Vaults Integration Error handling should handle localStorage getItem errors gracefully" name="Legacy Vaults Integration Error handling should handle localStorage getItem errors gracefully" time="0">
    </testcase>
  </testsuite>
  <testsuite name="CoinGecko API Tests" errors="0" failures="0" skipped="0" timestamp="2025-09-02T05:03:20" time="0.037" tests="11">
    <testcase classname="CoinGecko API Tests API Error Handling should handle unknown coin ID gracefully" name="CoinGecko API Tests API Error Handling should handle unknown coin ID gracefully" time="0">
    </testcase>
    <testcase classname="CoinGecko API Tests API Error Handling should handle network errors gracefully" name="CoinGecko API Tests API Error Handling should handle network errors gracefully" time="0">
    </testcase>
    <testcase classname="CoinGecko API Tests API Error Handling should handle malformed response gracefully" name="CoinGecko API Tests API Error Handling should handle malformed response gracefully" time="0.001">
    </testcase>
    <testcase classname="CoinGecko API Tests Input Validation should handle missing base parameter" name="CoinGecko API Tests Input Validation should handle missing base parameter" time="0">
    </testcase>
    <testcase classname="CoinGecko API Tests Input Validation should handle missing quote parameter" name="CoinGecko API Tests Input Validation should handle missing quote parameter" time="0">
    </testcase>
    <testcase classname="CoinGecko API Tests Input Validation should handle empty parameters" name="CoinGecko API Tests Input Validation should handle empty parameters" time="0">
    </testcase>
    <testcase classname="CoinGecko API Tests Successful API Calls should return price for valid coin" name="CoinGecko API Tests Successful API Calls should return price for valid coin" time="0">
    </testcase>
    <testcase classname="CoinGecko API Tests Successful API Calls should handle multiple currencies" name="CoinGecko API Tests Successful API Calls should handle multiple currencies" time="0">
    </testcase>
    <testcase classname="CoinGecko API Tests Caching Headers should set proper cache headers" name="CoinGecko API Tests Caching Headers should set proper cache headers" time="0">
    </testcase>
    <testcase classname="CoinGecko API Tests API Key Handling should use pro API when key is available" name="CoinGecko API Tests API Key Handling should use pro API when key is available" time="0.002">
    </testcase>
    <testcase classname="CoinGecko API Tests API Key Handling should use free API when no key is available" name="CoinGecko API Tests API Key Handling should use free API when no key is available" time="0">
    </testcase>
  </testsuite>
  <testsuite name="Basic Test Setup" errors="0" failures="0" skipped="0" timestamp="2025-09-02T05:03:20" time="0.023" tests="3">
    <testcase classname="Basic Test Setup should run basic tests" name="Basic Test Setup should run basic tests" time="0.001">
    </testcase>
    <testcase classname="Basic Test Setup should handle async operations" name="Basic Test Setup should handle async operations" time="0">
    </testcase>
    <testcase classname="Basic Test Setup should handle environment variables" name="Basic Test Setup should handle environment variables" time="0">
    </testcase>
  </testsuite>
  <testsuite name="validateSommelierAddress" errors="0" failures="0" skipped="0" timestamp="2025-09-02T05:03:20" time="0.027" tests="1">
    <testcase classname="validateSommelierAddress It should validate the address is sommelier correct encoded address" name="validateSommelierAddress It should validate the address is sommelier correct encoded address" time="0">
    </testcase>
  </testsuite>
  <testsuite name="sortVaults" errors="0" failures="0" skipped="0" timestamp="2025-09-02T05:03:20" time="0.035" tests="4">
    <testcase classname="sortVaults not connected → TVL desc" name="sortVaults not connected → TVL desc" time="0.001">
    </testcase>
    <testcase classname="sortVaults connected → Net Value desc, fallback TVL" name="sortVaults connected → Net Value desc, fallback TVL" time="0">
    </testcase>
    <testcase classname="sortVaults handles various net value formats" name="sortVaults handles various net value formats" time="0">
    </testcase>
    <testcase classname="sortVaults handles TVL with K/M/B suffixes" name="sortVaults handles TVL with K/M/B suffixes" time="0">
    </testcase>
  </testsuite>
  <testsuite name="legacyVisibility" errors="0" failures="0" skipped="0" timestamp="2025-09-02T05:03:20" time="0.024" tests="8">
    <testcase classname="legacyVisibility restoreLegacyVisibility should return false when localStorage is not available" name="legacyVisibility restoreLegacyVisibility should return false when localStorage is not available" time="0">
    </testcase>
    <testcase classname="legacyVisibility restoreLegacyVisibility should return false when localStorage.getItem throws" name="legacyVisibility restoreLegacyVisibility should return false when localStorage.getItem throws" time="0">
    </testcase>
    <testcase classname="legacyVisibility restoreLegacyVisibility should return false when stored value is not &quot;1&quot;" name="legacyVisibility restoreLegacyVisibility should return false when stored value is not &quot;1&quot;" time="0">
    </testcase>
    <testcase classname="legacyVisibility restoreLegacyVisibility should return true when stored value is &quot;1&quot;" name="legacyVisibility restoreLegacyVisibility should return true when stored value is &quot;1&quot;" time="0">
    </testcase>
    <testcase classname="legacyVisibility saveLegacyVisibility should not call localStorage when window is not available" name="legacyVisibility saveLegacyVisibility should not call localStorage when window is not available" time="0.001">
    </testcase>
    <testcase classname="legacyVisibility saveLegacyVisibility should not call localStorage when setItem throws" name="legacyVisibility saveLegacyVisibility should not call localStorage when setItem throws" time="0">
    </testcase>
    <testcase classname="legacyVisibility saveLegacyVisibility should store &quot;1&quot; when setting visibility to true" name="legacyVisibility saveLegacyVisibility should store &quot;1&quot; when setting visibility to true" time="0">
    </testcase>
    <testcase classname="legacyVisibility saveLegacyVisibility should store &quot;0&quot; when setting visibility to false" name="legacyVisibility saveLegacyVisibility should store &quot;0&quot; when setting visibility to false" time="0">
    </testcase>
  </testsuite>
</testsuites>