<?xml version="1.0" encoding="UTF-8"?>
<testsuites name="jest tests" tests="29" failures="5" errors="0" time="0.963">
  <testsuite name="Withdrawal Button State" errors="0" failures="5" skipped="0" timestamp="2025-08-28T14:22:32" time="0.564" tests="8">
    <testcase classname="Withdrawal Button State $0.04 → enabled" name="Withdrawal Button State $0.04 → enabled" time="0.025">
    </testcase>
    <testcase classname="Withdrawal Button State $0.79 → enabled" name="Withdrawal Button State $0.79 → enabled" time="0.004">
    </testcase>
    <testcase classname="Withdrawal Button State $0.00 → disabled" name="Withdrawal Button State $0.00 → disabled" time="0.007">
      <failure>Error: expect(element).toHaveAttribute(&quot;disabled&quot;) // element.hasAttribute(&quot;disabled&quot;)

Expected the element to have attribute:
  disabled
Received:
  null
    at Object.&lt;anonymous&gt; (/Users/henriots/Desktop/projektid/SOMM/sommelier-strangelove/src/components/_buttons/__tests__/withdrawState.spec.tsx:101:22)
    at Promise.then.completed (/Users/henriots/Desktop/projektid/SOMM/sommelier-strangelove/node_modules/.pnpm/jest-circus@29.7.0_babel-plugin-macros@3.1.0/node_modules/jest-circus/build/utils.js:298:28)
    at new Promise (&lt;anonymous&gt;)
    at callAsyncCircusFn (/Users/henriots/Desktop/projektid/SOMM/sommelier-strangelove/node_modules/.pnpm/jest-circus@29.7.0_babel-plugin-macros@3.1.0/node_modules/jest-circus/build/utils.js:231:10)
    at _callCircusTest (/Users/henriots/Desktop/projektid/SOMM/sommelier-strangelove/node_modules/.pnpm/jest-circus@29.7.0_babel-plugin-macros@3.1.0/node_modules/jest-circus/build/run.js:316:40)
    at processTicksAndRejections (node:internal/process/task_queues:95:5)
    at _runTest (/Users/henriots/Desktop/projektid/SOMM/sommelier-strangelove/node_modules/.pnpm/jest-circus@29.7.0_babel-plugin-macros@3.1.0/node_modules/jest-circus/build/run.js:252:3)
    at _runTestsForDescribeBlock (/Users/henriots/Desktop/projektid/SOMM/sommelier-strangelove/node_modules/.pnpm/jest-circus@29.7.0_babel-plugin-macros@3.1.0/node_modules/jest-circus/build/run.js:126:9)
    at _runTestsForDescribeBlock (/Users/henriots/Desktop/projektid/SOMM/sommelier-strangelove/node_modules/.pnpm/jest-circus@29.7.0_babel-plugin-macros@3.1.0/node_modules/jest-circus/build/run.js:121:9)
    at run (/Users/henriots/Desktop/projektid/SOMM/sommelier-strangelove/node_modules/.pnpm/jest-circus@29.7.0_babel-plugin-macros@3.1.0/node_modules/jest-circus/build/run.js:71:3)
    at runAndTransformResultsToJestFormat (/Users/henriots/Desktop/projektid/SOMM/sommelier-strangelove/node_modules/.pnpm/jest-circus@29.7.0_babel-plugin-macros@3.1.0/node_modules/jest-circus/build/legacy-code-todo-rewrite/jestAdapterInit.js:122:21)
    at jestAdapter (/Users/henriots/Desktop/projektid/SOMM/sommelier-strangelove/node_modules/.pnpm/jest-circus@29.7.0_babel-plugin-macros@3.1.0/node_modules/jest-circus/build/legacy-code-todo-rewrite/jestAdapter.js:79:19)
    at runTestInternal (/Users/henriots/Desktop/projektid/SOMM/sommelier-strangelove/node_modules/.pnpm/jest-runner@29.7.0/node_modules/jest-runner/build/runTest.js:367:16)
    at runTest (/Users/henriots/Desktop/projektid/SOMM/sommelier-strangelove/node_modules/.pnpm/jest-runner@29.7.0/node_modules/jest-runner/build/runTest.js:444:34)</failure>
    </testcase>
    <testcase classname="Withdrawal Button State – → disabled" name="Withdrawal Button State – → disabled" time="0.005">
      <failure>Error: expect(element).toHaveAttribute(&quot;disabled&quot;) // element.hasAttribute(&quot;disabled&quot;)

Expected the element to have attribute:
  disabled
Received:
  null
    at Object.&lt;anonymous&gt; (/Users/henriots/Desktop/projektid/SOMM/sommelier-strangelove/src/components/_buttons/__tests__/withdrawState.spec.tsx:107:22)
    at Promise.then.completed (/Users/henriots/Desktop/projektid/SOMM/sommelier-strangelove/node_modules/.pnpm/jest-circus@29.7.0_babel-plugin-macros@3.1.0/node_modules/jest-circus/build/utils.js:298:28)
    at new Promise (&lt;anonymous&gt;)
    at callAsyncCircusFn (/Users/henriots/Desktop/projektid/SOMM/sommelier-strangelove/node_modules/.pnpm/jest-circus@29.7.0_babel-plugin-macros@3.1.0/node_modules/jest-circus/build/utils.js:231:10)
    at _callCircusTest (/Users/henriots/Desktop/projektid/SOMM/sommelier-strangelove/node_modules/.pnpm/jest-circus@29.7.0_babel-plugin-macros@3.1.0/node_modules/jest-circus/build/run.js:316:40)
    at processTicksAndRejections (node:internal/process/task_queues:95:5)
    at _runTest (/Users/henriots/Desktop/projektid/SOMM/sommelier-strangelove/node_modules/.pnpm/jest-circus@29.7.0_babel-plugin-macros@3.1.0/node_modules/jest-circus/build/run.js:252:3)
    at _runTestsForDescribeBlock (/Users/henriots/Desktop/projektid/SOMM/sommelier-strangelove/node_modules/.pnpm/jest-circus@29.7.0_babel-plugin-macros@3.1.0/node_modules/jest-circus/build/run.js:126:9)
    at _runTestsForDescribeBlock (/Users/henriots/Desktop/projektid/SOMM/sommelier-strangelove/node_modules/.pnpm/jest-circus@29.7.0_babel-plugin-macros@3.1.0/node_modules/jest-circus/build/run.js:121:9)
    at run (/Users/henriots/Desktop/projektid/SOMM/sommelier-strangelove/node_modules/.pnpm/jest-circus@29.7.0_babel-plugin-macros@3.1.0/node_modules/jest-circus/build/run.js:71:3)
    at runAndTransformResultsToJestFormat (/Users/henriots/Desktop/projektid/SOMM/sommelier-strangelove/node_modules/.pnpm/jest-circus@29.7.0_babel-plugin-macros@3.1.0/node_modules/jest-circus/build/legacy-code-todo-rewrite/jestAdapterInit.js:122:21)
    at jestAdapter (/Users/henriots/Desktop/projektid/SOMM/sommelier-strangelove/node_modules/.pnpm/jest-circus@29.7.0_babel-plugin-macros@3.1.0/node_modules/jest-circus/build/legacy-code-todo-rewrite/jestAdapter.js:79:19)
    at runTestInternal (/Users/henriots/Desktop/projektid/SOMM/sommelier-strangelove/node_modules/.pnpm/jest-runner@29.7.0/node_modules/jest-runner/build/runTest.js:367:16)
    at runTest (/Users/henriots/Desktop/projektid/SOMM/sommelier-strangelove/node_modules/.pnpm/jest-runner@29.7.0/node_modules/jest-runner/build/runTest.js:444:34)</failure>
    </testcase>
    <testcase classname="Withdrawal Button State missing → disabled" name="Withdrawal Button State missing → disabled" time="0.005">
      <failure>Error: expect(element).toHaveAttribute(&quot;disabled&quot;) // element.hasAttribute(&quot;disabled&quot;)

Expected the element to have attribute:
  disabled
Received:
  null
    at Object.&lt;anonymous&gt; (/Users/henriots/Desktop/projektid/SOMM/sommelier-strangelove/src/components/_buttons/__tests__/withdrawState.spec.tsx:113:22)
    at Promise.then.completed (/Users/henriots/Desktop/projektid/SOMM/sommelier-strangelove/node_modules/.pnpm/jest-circus@29.7.0_babel-plugin-macros@3.1.0/node_modules/jest-circus/build/utils.js:298:28)
    at new Promise (&lt;anonymous&gt;)
    at callAsyncCircusFn (/Users/henriots/Desktop/projektid/SOMM/sommelier-strangelove/node_modules/.pnpm/jest-circus@29.7.0_babel-plugin-macros@3.1.0/node_modules/jest-circus/build/utils.js:231:10)
    at _callCircusTest (/Users/henriots/Desktop/projektid/SOMM/sommelier-strangelove/node_modules/.pnpm/jest-circus@29.7.0_babel-plugin-macros@3.1.0/node_modules/jest-circus/build/run.js:316:40)
    at processTicksAndRejections (node:internal/process/task_queues:95:5)
    at _runTest (/Users/henriots/Desktop/projektid/SOMM/sommelier-strangelove/node_modules/.pnpm/jest-circus@29.7.0_babel-plugin-macros@3.1.0/node_modules/jest-circus/build/run.js:252:3)
    at _runTestsForDescribeBlock (/Users/henriots/Desktop/projektid/SOMM/sommelier-strangelove/node_modules/.pnpm/jest-circus@29.7.0_babel-plugin-macros@3.1.0/node_modules/jest-circus/build/run.js:126:9)
    at _runTestsForDescribeBlock (/Users/henriots/Desktop/projektid/SOMM/sommelier-strangelove/node_modules/.pnpm/jest-circus@29.7.0_babel-plugin-macros@3.1.0/node_modules/jest-circus/build/run.js:121:9)
    at run (/Users/henriots/Desktop/projektid/SOMM/sommelier-strangelove/node_modules/.pnpm/jest-circus@29.7.0_babel-plugin-macros@3.1.0/node_modules/jest-circus/build/run.js:71:3)
    at runAndTransformResultsToJestFormat (/Users/henriots/Desktop/projektid/SOMM/sommelier-strangelove/node_modules/.pnpm/jest-circus@29.7.0_babel-plugin-macros@3.1.0/node_modules/jest-circus/build/legacy-code-todo-rewrite/jestAdapterInit.js:122:21)
    at jestAdapter (/Users/henriots/Desktop/projektid/SOMM/sommelier-strangelove/node_modules/.pnpm/jest-circus@29.7.0_babel-plugin-macros@3.1.0/node_modules/jest-circus/build/legacy-code-todo-rewrite/jestAdapter.js:79:19)
    at runTestInternal (/Users/henriots/Desktop/projektid/SOMM/sommelier-strangelove/node_modules/.pnpm/jest-runner@29.7.0/node_modules/jest-runner/build/runTest.js:367:16)
    at runTest (/Users/henriots/Desktop/projektid/SOMM/sommelier-strangelove/node_modules/.pnpm/jest-runner@29.7.0/node_modules/jest-runner/build/runTest.js:444:34)</failure>
    </testcase>
    <testcase classname="Withdrawal Button State negative → disabled" name="Withdrawal Button State negative → disabled" time="0.005">
      <failure>Error: expect(element).toHaveAttribute(&quot;disabled&quot;) // element.hasAttribute(&quot;disabled&quot;)

Expected the element to have attribute:
  disabled
Received:
  null
    at Object.&lt;anonymous&gt; (/Users/henriots/Desktop/projektid/SOMM/sommelier-strangelove/src/components/_buttons/__tests__/withdrawState.spec.tsx:122:22)
    at Promise.then.completed (/Users/henriots/Desktop/projektid/SOMM/sommelier-strangelove/node_modules/.pnpm/jest-circus@29.7.0_babel-plugin-macros@3.1.0/node_modules/jest-circus/build/utils.js:298:28)
    at new Promise (&lt;anonymous&gt;)
    at callAsyncCircusFn (/Users/henriots/Desktop/projektid/SOMM/sommelier-strangelove/node_modules/.pnpm/jest-circus@29.7.0_babel-plugin-macros@3.1.0/node_modules/jest-circus/build/utils.js:231:10)
    at _callCircusTest (/Users/henriots/Desktop/projektid/SOMM/sommelier-strangelove/node_modules/.pnpm/jest-circus@29.7.0_babel-plugin-macros@3.1.0/node_modules/jest-circus/build/run.js:316:40)
    at processTicksAndRejections (node:internal/process/task_queues:95:5)
    at _runTest (/Users/henriots/Desktop/projektid/SOMM/sommelier-strangelove/node_modules/.pnpm/jest-circus@29.7.0_babel-plugin-macros@3.1.0/node_modules/jest-circus/build/run.js:252:3)
    at _runTestsForDescribeBlock (/Users/henriots/Desktop/projektid/SOMM/sommelier-strangelove/node_modules/.pnpm/jest-circus@29.7.0_babel-plugin-macros@3.1.0/node_modules/jest-circus/build/run.js:126:9)
    at _runTestsForDescribeBlock (/Users/henriots/Desktop/projektid/SOMM/sommelier-strangelove/node_modules/.pnpm/jest-circus@29.7.0_babel-plugin-macros@3.1.0/node_modules/jest-circus/build/run.js:121:9)
    at run (/Users/henriots/Desktop/projektid/SOMM/sommelier-strangelove/node_modules/.pnpm/jest-circus@29.7.0_babel-plugin-macros@3.1.0/node_modules/jest-circus/build/run.js:71:3)
    at runAndTransformResultsToJestFormat (/Users/henriots/Desktop/projektid/SOMM/sommelier-strangelove/node_modules/.pnpm/jest-circus@29.7.0_babel-plugin-macros@3.1.0/node_modules/jest-circus/build/legacy-code-todo-rewrite/jestAdapterInit.js:122:21)
    at jestAdapter (/Users/henriots/Desktop/projektid/SOMM/sommelier-strangelove/node_modules/.pnpm/jest-circus@29.7.0_babel-plugin-macros@3.1.0/node_modules/jest-circus/build/legacy-code-todo-rewrite/jestAdapter.js:79:19)
    at runTestInternal (/Users/henriots/Desktop/projektid/SOMM/sommelier-strangelove/node_modules/.pnpm/jest-runner@29.7.0/node_modules/jest-runner/build/runTest.js:367:16)
    at runTest (/Users/henriots/Desktop/projektid/SOMM/sommelier-strangelove/node_modules/.pnpm/jest-runner@29.7.0/node_modules/jest-runner/build/runTest.js:444:34)</failure>
    </testcase>
    <testcase classname="Withdrawal Button State string $0.04 → enabled" name="Withdrawal Button State string $0.04 → enabled" time="0.002">
    </testcase>
    <testcase classname="Withdrawal Button State string $0.00 → disabled" name="Withdrawal Button State string $0.00 → disabled" time="0.004">
      <failure>Error: expect(element).toHaveAttribute(&quot;disabled&quot;) // element.hasAttribute(&quot;disabled&quot;)

Expected the element to have attribute:
  disabled
Received:
  null
    at Object.&lt;anonymous&gt; (/Users/henriots/Desktop/projektid/SOMM/sommelier-strangelove/src/components/_buttons/__tests__/withdrawState.spec.tsx:134:22)
    at Promise.then.completed (/Users/henriots/Desktop/projektid/SOMM/sommelier-strangelove/node_modules/.pnpm/jest-circus@29.7.0_babel-plugin-macros@3.1.0/node_modules/jest-circus/build/utils.js:298:28)
    at new Promise (&lt;anonymous&gt;)
    at callAsyncCircusFn (/Users/henriots/Desktop/projektid/SOMM/sommelier-strangelove/node_modules/.pnpm/jest-circus@29.7.0_babel-plugin-macros@3.1.0/node_modules/jest-circus/build/utils.js:231:10)
    at _callCircusTest (/Users/henriots/Desktop/projektid/SOMM/sommelier-strangelove/node_modules/.pnpm/jest-circus@29.7.0_babel-plugin-macros@3.1.0/node_modules/jest-circus/build/run.js:316:40)
    at processTicksAndRejections (node:internal/process/task_queues:95:5)
    at _runTest (/Users/henriots/Desktop/projektid/SOMM/sommelier-strangelove/node_modules/.pnpm/jest-circus@29.7.0_babel-plugin-macros@3.1.0/node_modules/jest-circus/build/run.js:252:3)
    at _runTestsForDescribeBlock (/Users/henriots/Desktop/projektid/SOMM/sommelier-strangelove/node_modules/.pnpm/jest-circus@29.7.0_babel-plugin-macros@3.1.0/node_modules/jest-circus/build/run.js:126:9)
    at _runTestsForDescribeBlock (/Users/henriots/Desktop/projektid/SOMM/sommelier-strangelove/node_modules/.pnpm/jest-circus@29.7.0_babel-plugin-macros@3.1.0/node_modules/jest-circus/build/run.js:121:9)
    at run (/Users/henriots/Desktop/projektid/SOMM/sommelier-strangelove/node_modules/.pnpm/jest-circus@29.7.0_babel-plugin-macros@3.1.0/node_modules/jest-circus/build/run.js:71:3)
    at runAndTransformResultsToJestFormat (/Users/henriots/Desktop/projektid/SOMM/sommelier-strangelove/node_modules/.pnpm/jest-circus@29.7.0_babel-plugin-macros@3.1.0/node_modules/jest-circus/build/legacy-code-todo-rewrite/jestAdapterInit.js:122:21)
    at jestAdapter (/Users/henriots/Desktop/projektid/SOMM/sommelier-strangelove/node_modules/.pnpm/jest-circus@29.7.0_babel-plugin-macros@3.1.0/node_modules/jest-circus/build/legacy-code-todo-rewrite/jestAdapter.js:79:19)
    at runTestInternal (/Users/henriots/Desktop/projektid/SOMM/sommelier-strangelove/node_modules/.pnpm/jest-runner@29.7.0/node_modules/jest-runner/build/runTest.js:367:16)
    at runTest (/Users/henriots/Desktop/projektid/SOMM/sommelier-strangelove/node_modules/.pnpm/jest-runner@29.7.0/node_modules/jest-runner/build/runTest.js:444:34)</failure>
    </testcase>
  </testsuite>
  <testsuite name="sortVaults" errors="0" failures="0" skipped="0" timestamp="2025-08-28T14:22:33" time="0.024" tests="4">
    <testcase classname="sortVaults not connected → TVL desc" name="sortVaults not connected → TVL desc" time="0.001">
    </testcase>
    <testcase classname="sortVaults connected → Net Value desc, fallback TVL" name="sortVaults connected → Net Value desc, fallback TVL" time="0">
    </testcase>
    <testcase classname="sortVaults handles various net value formats" name="sortVaults handles various net value formats" time="0.001">
    </testcase>
    <testcase classname="sortVaults handles TVL with K/M/B suffixes" name="sortVaults handles TVL with K/M/B suffixes" time="0">
    </testcase>
  </testsuite>
  <testsuite name="RPC Connection Tests" errors="0" failures="0" skipped="0" timestamp="2025-08-28T14:22:33" time="0.026" tests="17">
    <testcase classname="RPC Connection Tests RPC Endpoint Health Checks should handle Alchemy RPC connection failure gracefully" name="RPC Connection Tests RPC Endpoint Health Checks should handle Alchemy RPC connection failure gracefully" time="0.001">
    </testcase>
    <testcase classname="RPC Connection Tests RPC Endpoint Health Checks should handle Infura RPC connection failure gracefully" name="RPC Connection Tests RPC Endpoint Health Checks should handle Infura RPC connection failure gracefully" time="0">
    </testcase>
    <testcase classname="RPC Connection Tests RPC Endpoint Health Checks should handle public RPC endpoint failure gracefully" name="RPC Connection Tests RPC Endpoint Health Checks should handle public RPC endpoint failure gracefully" time="0.001">
    </testcase>
    <testcase classname="RPC Connection Tests RPC Endpoint Health Checks should handle timeout errors gracefully" name="RPC Connection Tests RPC Endpoint Health Checks should handle timeout errors gracefully" time="0.001">
    </testcase>
    <testcase classname="RPC Connection Tests RPC Configuration Tests should use Alchemy when API key is available" name="RPC Connection Tests RPC Configuration Tests should use Alchemy when API key is available" time="0">
    </testcase>
    <testcase classname="RPC Connection Tests RPC Configuration Tests should use Infura when API key is available" name="RPC Connection Tests RPC Configuration Tests should use Infura when API key is available" time="0">
    </testcase>
    <testcase classname="RPC Connection Tests RPC Configuration Tests should fallback to public endpoint when no API keys are available" name="RPC Connection Tests RPC Configuration Tests should fallback to public endpoint when no API keys are available" time="0">
    </testcase>
    <testcase classname="RPC Connection Tests Error Recovery Tests should retry failed requests with exponential backoff" name="RPC Connection Tests Error Recovery Tests should retry failed requests with exponential backoff" time="0">
    </testcase>
    <testcase classname="RPC Connection Tests Error Recovery Tests should handle rate limiting gracefully" name="RPC Connection Tests Error Recovery Tests should handle rate limiting gracefully" time="0">
    </testcase>
    <testcase classname="RPC Connection Tests Error Recovery Tests should handle invalid API key errors" name="RPC Connection Tests Error Recovery Tests should handle invalid API key errors" time="0">
    </testcase>
    <testcase classname="RPC Connection Tests Network-Specific Tests should handle Ethereum mainnet RPC issues" name="RPC Connection Tests Network-Specific Tests should handle Ethereum mainnet RPC issues" time="0">
    </testcase>
    <testcase classname="RPC Connection Tests Network-Specific Tests should handle Arbitrum RPC issues" name="RPC Connection Tests Network-Specific Tests should handle Arbitrum RPC issues" time="0">
    </testcase>
    <testcase classname="RPC Connection Tests Network-Specific Tests should handle Optimism RPC issues" name="RPC Connection Tests Network-Specific Tests should handle Optimism RPC issues" time="0">
    </testcase>
    <testcase classname="RPC Connection Tests Contract Interaction Tests should handle contract read failures due to RPC issues" name="RPC Connection Tests Contract Interaction Tests should handle contract read failures due to RPC issues" time="0">
    </testcase>
    <testcase classname="RPC Connection Tests Contract Interaction Tests should handle ABI function not found errors" name="RPC Connection Tests Contract Interaction Tests should handle ABI function not found errors" time="0">
    </testcase>
    <testcase classname="RPC Connection Tests Environment Variable Tests should handle missing environment variables gracefully" name="RPC Connection Tests Environment Variable Tests should handle missing environment variables gracefully" time="0">
    </testcase>
    <testcase classname="RPC Connection Tests Environment Variable Tests should use environment variables when available" name="RPC Connection Tests Environment Variable Tests should use environment variables when available" time="0">
    </testcase>
  </testsuite>
</testsuites>