<?xml version="1.0" encoding="utf-8"?>
<testsuites>
<testsuite package="org.eslint" time="0" tests="1" errors="0" name="/Users/henriots/Desktop/projektid/SOMM/sommelier-strangelove/app/_lib/getNewVaults.ts">
<testcase time="0" name="/Users/henriots/Desktop/projektid/SOMM/sommelier-strangelove/app/_lib/getNewVaults.ts" classname="/Users/henriots/Desktop/projektid/SOMM/sommelier-strangelove/app/_lib/getNewVaults" />
</testsuite>
<testsuite package="org.eslint" time="0" tests="1" errors="0" name="/Users/henriots/Desktop/projektid/SOMM/sommelier-strangelove/app/layout.tsx">
<testcase time="0" name="/Users/henriots/Desktop/projektid/SOMM/sommelier-strangelove/app/layout.tsx" classname="/Users/henriots/Desktop/projektid/SOMM/sommelier-strangelove/app/layout" />
</testsuite>
<testsuite package="org.eslint" time="0" tests="1" errors="0" name="/Users/henriots/Desktop/projektid/SOMM/sommelier-strangelove/app/vaults/NewVaultsList.tsx">
<testcase time="0" name="/Users/henriots/Desktop/projektid/SOMM/sommelier-strangelove/app/vaults/NewVaultsList.tsx" classname="/Users/henriots/Desktop/projektid/SOMM/sommelier-strangelove/app/vaults/NewVaultsList" />
</testsuite>
<testsuite package="org.eslint" time="0" tests="1" errors="0" name="/Users/henriots/Desktop/projektid/SOMM/sommelier-strangelove/app/vaults/page.tsx">
<testcase time="0" name="/Users/henriots/Desktop/projektid/SOMM/sommelier-strangelove/app/vaults/page.tsx" classname="/Users/henriots/Desktop/projektid/SOMM/sommelier-strangelove/app/vaults/page" />
</testsuite>
<testsuite package="org.eslint" time="0" tests="1" errors="1" name="/Users/henriots/Desktop/projektid/SOMM/sommelier-strangelove/e2e/smoke.spec.ts">
<testcase time="0" name="org.eslint.unknown" classname="/Users/henriots/Desktop/projektid/SOMM/sommelier-strangelove/e2e/smoke.spec"><error message="Parsing error: ESLint was configured to run on `&lt;tsconfigRootDir&gt;/e2e/smoke.spec.ts` using `parserOptions.project`: /users/henriots/desktop/projektid/somm/sommelier-strangelove/tsconfig.json&#10;However, that TSConfig does not include this file. Either:&#10;- Change ESLint&apos;s list of included files to not include this file&#10;- Change that TSConfig to include this file&#10;- Create a new TSConfig that includes this file and include it in your parserOptions.project&#10;See the typescript-eslint docs for more info: https://typescript-eslint.io/linting/troubleshooting#i-get-errors-telling-me-eslint-was-configured-to-run--however-that-tsconfig-does-not--none-of-those-tsconfigs-include-this-file"><![CDATA[line 0, col 0, Error - Parsing error: ESLint was configured to run on `&lt;tsconfigRootDir&gt;/e2e/smoke.spec.ts` using `parserOptions.project`: /users/henriots/desktop/projektid/somm/sommelier-strangelove/tsconfig.json&#10;However, that TSConfig does not include this file. Either:&#10;- Change ESLint&apos;s list of included files to not include this file&#10;- Change that TSConfig to include this file&#10;- Create a new TSConfig that includes this file and include it in your parserOptions.project&#10;See the typescript-eslint docs for more info: https://typescript-eslint.io/linting/troubleshooting#i-get-errors-telling-me-eslint-was-configured-to-run--however-that-tsconfig-does-not--none-of-those-tsconfigs-include-this-file]]></error></testcase>
</testsuite>
<testsuite package="org.eslint" time="0" tests="1" errors="1" name="/Users/henriots/Desktop/projektid/SOMM/sommelier-strangelove/env.d.ts">
<testcase time="0" name="org.eslint.@typescript-eslint/no-explicit-any" classname="/Users/henriots/Desktop/projektid/SOMM/sommelier-strangelove/env.d"><failure message="Unexpected any. Specify a different type."><![CDATA[line 11, col 14, Warning - Unexpected any. Specify a different type. (@typescript-eslint/no-explicit-any)]]></failure></testcase>
</testsuite>
<testsuite package="org.eslint" time="0" tests="1" errors="0" name="/Users/henriots/Desktop/projektid/SOMM/sommelier-strangelove/next-env.d.ts">
<testcase time="0" name="/Users/henriots/Desktop/projektid/SOMM/sommelier-strangelove/next-env.d.ts" classname="/Users/henriots/Desktop/projektid/SOMM/sommelier-strangelove/next-env.d" />
</testsuite>
<testsuite package="org.eslint" time="0" tests="1" errors="1" name="/Users/henriots/Desktop/projektid/SOMM/sommelier-strangelove/playwright.config.ts">
<testcase time="0" name="org.eslint.unknown" classname="/Users/henriots/Desktop/projektid/SOMM/sommelier-strangelove/playwright.config"><error message="Parsing error: ESLint was configured to run on `&lt;tsconfigRootDir&gt;/playwright.config.ts` using `parserOptions.project`: /users/henriots/desktop/projektid/somm/sommelier-strangelove/tsconfig.json&#10;However, that TSConfig does not include this file. Either:&#10;- Change ESLint&apos;s list of included files to not include this file&#10;- Change that TSConfig to include this file&#10;- Create a new TSConfig that includes this file and include it in your parserOptions.project&#10;See the typescript-eslint docs for more info: https://typescript-eslint.io/linting/troubleshooting#i-get-errors-telling-me-eslint-was-configured-to-run--however-that-tsconfig-does-not--none-of-those-tsconfigs-include-this-file"><![CDATA[line 0, col 0, Error - Parsing error: ESLint was configured to run on `&lt;tsconfigRootDir&gt;/playwright.config.ts` using `parserOptions.project`: /users/henriots/desktop/projektid/somm/sommelier-strangelove/tsconfig.json&#10;However, that TSConfig does not include this file. Either:&#10;- Change ESLint&apos;s list of included files to not include this file&#10;- Change that TSConfig to include this file&#10;- Create a new TSConfig that includes this file and include it in your parserOptions.project&#10;See the typescript-eslint docs for more info: https://typescript-eslint.io/linting/troubleshooting#i-get-errors-telling-me-eslint-was-configured-to-run--however-that-tsconfig-does-not--none-of-those-tsconfigs-include-this-file]]></error></testcase>
</testsuite>
<testsuite package="org.eslint" time="0" tests="1" errors="1" name="/Users/henriots/Desktop/projektid/SOMM/sommelier-strangelove/sentry.client.config.ts">
<testcase time="0" name="org.eslint.unknown" classname="/Users/henriots/Desktop/projektid/SOMM/sommelier-strangelove/sentry.client.config"><error message="Parsing error: ESLint was configured to run on `&lt;tsconfigRootDir&gt;/sentry.client.config.ts` using `parserOptions.project`: /users/henriots/desktop/projektid/somm/sommelier-strangelove/tsconfig.json&#10;However, that TSConfig does not include this file. Either:&#10;- Change ESLint&apos;s list of included files to not include this file&#10;- Change that TSConfig to include this file&#10;- Create a new TSConfig that includes this file and include it in your parserOptions.project&#10;See the typescript-eslint docs for more info: https://typescript-eslint.io/linting/troubleshooting#i-get-errors-telling-me-eslint-was-configured-to-run--however-that-tsconfig-does-not--none-of-those-tsconfigs-include-this-file"><![CDATA[line 0, col 0, Error - Parsing error: ESLint was configured to run on `&lt;tsconfigRootDir&gt;/sentry.client.config.ts` using `parserOptions.project`: /users/henriots/desktop/projektid/somm/sommelier-strangelove/tsconfig.json&#10;However, that TSConfig does not include this file. Either:&#10;- Change ESLint&apos;s list of included files to not include this file&#10;- Change that TSConfig to include this file&#10;- Create a new TSConfig that includes this file and include it in your parserOptions.project&#10;See the typescript-eslint docs for more info: https://typescript-eslint.io/linting/troubleshooting#i-get-errors-telling-me-eslint-was-configured-to-run--however-that-tsconfig-does-not--none-of-those-tsconfigs-include-this-file]]></error></testcase>
</testsuite>
<testsuite package="org.eslint" time="0" tests="1" errors="1" name="/Users/henriots/Desktop/projektid/SOMM/sommelier-strangelove/sentry.server.config.ts">
<testcase time="0" name="org.eslint.unknown" classname="/Users/henriots/Desktop/projektid/SOMM/sommelier-strangelove/sentry.server.config"><error message="Parsing error: ESLint was configured to run on `&lt;tsconfigRootDir&gt;/sentry.server.config.ts` using `parserOptions.project`: /users/henriots/desktop/projektid/somm/sommelier-strangelove/tsconfig.json&#10;However, that TSConfig does not include this file. Either:&#10;- Change ESLint&apos;s list of included files to not include this file&#10;- Change that TSConfig to include this file&#10;- Create a new TSConfig that includes this file and include it in your parserOptions.project&#10;See the typescript-eslint docs for more info: https://typescript-eslint.io/linting/troubleshooting#i-get-errors-telling-me-eslint-was-configured-to-run--however-that-tsconfig-does-not--none-of-those-tsconfigs-include-this-file"><![CDATA[line 0, col 0, Error - Parsing error: ESLint was configured to run on `&lt;tsconfigRootDir&gt;/sentry.server.config.ts` using `parserOptions.project`: /users/henriots/desktop/projektid/somm/sommelier-strangelove/tsconfig.json&#10;However, that TSConfig does not include this file. Either:&#10;- Change ESLint&apos;s list of included files to not include this file&#10;- Change that TSConfig to include this file&#10;- Create a new TSConfig that includes this file and include it in your parserOptions.project&#10;See the typescript-eslint docs for more info: https://typescript-eslint.io/linting/troubleshooting#i-get-errors-telling-me-eslint-was-configured-to-run--however-that-tsconfig-does-not--none-of-those-tsconfigs-include-this-file]]></error></testcase>
</testsuite>
<testsuite package="org.eslint" time="0" tests="1" errors="1" name="/Users/henriots/Desktop/projektid/SOMM/sommelier-strangelove/src/__tests__/api/coingecko.spec.ts">
<testcase time="0" name="org.eslint.@typescript-eslint/no-unused-vars" classname="/Users/henriots/Desktop/projektid/SOMM/sommelier-strangelove/src/__tests__/api/coingecko.spec"><failure message="&apos;mockRes&apos; is assigned a value but never used."><![CDATA[line 13, col 7, Warning - &apos;mockRes&apos; is assigned a value but never used. (@typescript-eslint/no-unused-vars)]]></failure></testcase>
</testsuite>
<testsuite package="org.eslint" time="0" tests="1" errors="0" name="/Users/henriots/Desktop/projektid/SOMM/sommelier-strangelove/src/__tests__/basic.spec.ts">
<testcase time="0" name="/Users/henriots/Desktop/projektid/SOMM/sommelier-strangelove/src/__tests__/basic.spec.ts" classname="/Users/henriots/Desktop/projektid/SOMM/sommelier-strangelove/src/__tests__/basic.spec" />
</testsuite>
<testsuite package="org.eslint" time="0" tests="1" errors="0" name="/Users/henriots/Desktop/projektid/SOMM/sommelier-strangelove/src/__tests__/components/SimpleComponent.spec.tsx">
<testcase time="0" name="/Users/henriots/Desktop/projektid/SOMM/sommelier-strangelove/src/__tests__/components/SimpleComponent.spec.tsx" classname="/Users/henriots/Desktop/projektid/SOMM/sommelier-strangelove/src/__tests__/components/SimpleComponent.spec" />
</testsuite>
<testsuite package="org.eslint" time="0" tests="1" errors="1" name="/Users/henriots/Desktop/projektid/SOMM/sommelier-strangelove/src/__tests__/components/StrategyRow.spec.tsx">
<testcase time="0" name="org.eslint.@typescript-eslint/no-unused-vars" classname="/Users/henriots/Desktop/projektid/SOMM/sommelier-strangelove/src/__tests__/components/StrategyRow.spec"><failure message="&apos;fireEvent&apos; is defined but never used."><![CDATA[line 2, col 26, Warning - &apos;fireEvent&apos; is defined but never used. (@typescript-eslint/no-unused-vars)]]></failure></testcase>
</testsuite>
<testsuite package="org.eslint" time="0" tests="1" errors="0" name="/Users/henriots/Desktop/projektid/SOMM/sommelier-strangelove/src/__tests__/components/VaultActionButton.spec.tsx">
<testcase time="0" name="/Users/henriots/Desktop/projektid/SOMM/sommelier-strangelove/src/__tests__/components/VaultActionButton.spec.tsx" classname="/Users/henriots/Desktop/projektid/SOMM/sommelier-strangelove/src/__tests__/components/VaultActionButton.spec" />
</testsuite>
<testsuite package="org.eslint" time="0" tests="1" errors="1" name="/Users/henriots/Desktop/projektid/SOMM/sommelier-strangelove/src/__tests__/hooks/useUserStrategyData.spec.ts">
<testcase time="0" name="org.eslint.unknown" classname="/Users/henriots/Desktop/projektid/SOMM/sommelier-strangelove/src/__tests__/hooks/useUserStrategyData.spec"><error message="Parsing error: &apos;&gt;&apos; expected."><![CDATA[line 57, col 25, Error - Parsing error: &apos;&gt;&apos; expected.]]></error></testcase>
</testsuite>
<testsuite package="org.eslint" time="0" tests="1" errors="1" name="/Users/henriots/Desktop/projektid/SOMM/sommelier-strangelove/src/__tests__/integration/app.spec.ts">
<testcase time="0" name="org.eslint.unknown" classname="/Users/henriots/Desktop/projektid/SOMM/sommelier-strangelove/src/__tests__/integration/app.spec"><error message="Parsing error: Unterminated regular expression literal."><![CDATA[line 33, col 20, Error - Parsing error: Unterminated regular expression literal.]]></error></testcase>
</testsuite>
<testsuite package="org.eslint" time="0" tests="1" errors="1" name="/Users/henriots/Desktop/projektid/SOMM/sommelier-strangelove/src/__tests__/integration/legacyVaults.spec.ts">
<testcase time="0" name="org.eslint.@typescript-eslint/no-explicit-any" classname="/Users/henriots/Desktop/projektid/SOMM/sommelier-strangelove/src/__tests__/integration/legacyVaults.spec"><failure message="Unexpected any. Specify a different type."><![CDATA[line 63, col 25, Warning - Unexpected any. Specify a different type. (@typescript-eslint/no-explicit-any)]]></failure></testcase>
</testsuite>
<testsuite package="org.eslint" time="0" tests="5" errors="5" name="/Users/henriots/Desktop/projektid/SOMM/sommelier-strangelove/src/__tests__/setup.ts">
<testcase time="0" name="org.eslint.@typescript-eslint/no-explicit-any" classname="/Users/henriots/Desktop/projektid/SOMM/sommelier-strangelove/src/__tests__/setup"><failure message="Unexpected any. Specify a different type."><![CDATA[line 6, col 37, Warning - Unexpected any. Specify a different type. (@typescript-eslint/no-explicit-any)]]></failure></testcase>
<testcase time="0" name="org.eslint.@typescript-eslint/no-explicit-any" classname="/Users/henriots/Desktop/projektid/SOMM/sommelier-strangelove/src/__tests__/setup"><failure message="Unexpected any. Specify a different type."><![CDATA[line 94, col 16, Warning - Unexpected any. Specify a different type. (@typescript-eslint/no-explicit-any)]]></failure></testcase>
<testcase time="0" name="org.eslint.@typescript-eslint/no-explicit-any" classname="/Users/henriots/Desktop/projektid/SOMM/sommelier-strangelove/src/__tests__/setup"><failure message="Unexpected any. Specify a different type."><![CDATA[line 103, col 16, Warning - Unexpected any. Specify a different type. (@typescript-eslint/no-explicit-any)]]></failure></testcase>
<testcase time="0" name="org.eslint.@typescript-eslint/no-explicit-any" classname="/Users/henriots/Desktop/projektid/SOMM/sommelier-strangelove/src/__tests__/setup"><failure message="Unexpected any. Specify a different type."><![CDATA[line 110, col 14, Warning - Unexpected any. Specify a different type. (@typescript-eslint/no-explicit-any)]]></failure></testcase>
<testcase time="0" name="org.eslint.@typescript-eslint/no-explicit-any" classname="/Users/henriots/Desktop/projektid/SOMM/sommelier-strangelove/src/__tests__/setup"><failure message="Unexpected any. Specify a different type."><![CDATA[line 112, col 67, Warning - Unexpected any. Specify a different type. (@typescript-eslint/no-explicit-any)]]></failure></testcase>
</testsuite>
<testsuite package="org.eslint" time="0" tests="2" errors="2" name="/Users/henriots/Desktop/projektid/SOMM/sommelier-strangelove/src/__tests__/utils/legacyVisibility.spec.ts">
<testcase time="0" name="org.eslint.@typescript-eslint/no-explicit-any" classname="/Users/henriots/Desktop/projektid/SOMM/sommelier-strangelove/src/__tests__/utils/legacyVisibility.spec"><failure message="Unexpected any. Specify a different type."><![CDATA[line 27, col 25, Warning - Unexpected any. Specify a different type. (@typescript-eslint/no-explicit-any)]]></failure></testcase>
<testcase time="0" name="org.eslint.@typescript-eslint/no-explicit-any" classname="/Users/henriots/Desktop/projektid/SOMM/sommelier-strangelove/src/__tests__/utils/legacyVisibility.spec"><failure message="Unexpected any. Specify a different type."><![CDATA[line 63, col 25, Warning - Unexpected any. Specify a different type. (@typescript-eslint/no-explicit-any)]]></failure></testcase>
</testsuite>
<testsuite package="org.eslint" time="0" tests="1" errors="0" name="/Users/henriots/Desktop/projektid/SOMM/sommelier-strangelove/src/__tests__/utils/rpcConnection.spec.ts">
<testcase time="0" name="/Users/henriots/Desktop/projektid/SOMM/sommelier-strangelove/src/__tests__/utils/rpcConnection.spec.ts" classname="/Users/henriots/Desktop/projektid/SOMM/sommelier-strangelove/src/__tests__/utils/rpcConnection.spec" />
</testsuite>
<testsuite package="org.eslint" time="0" tests="1" errors="0" name="/Users/henriots/Desktop/projektid/SOMM/sommelier-strangelove/src/abi/types/BoringVault/AccountantWithRateProviders.ts">
<testcase time="0" name="/Users/henriots/Desktop/projektid/SOMM/sommelier-strangelove/src/abi/types/BoringVault/AccountantWithRateProviders.ts" classname="/Users/henriots/Desktop/projektid/SOMM/sommelier-strangelove/src/abi/types/BoringVault/AccountantWithRateProviders" />
</testsuite>
<testsuite package="org.eslint" time="0" tests="1" errors="0" name="/Users/henriots/Desktop/projektid/SOMM/sommelier-strangelove/src/abi/types/BoringVault/ArcticArchitectureLens.ts">
<testcase time="0" name="/Users/henriots/Desktop/projektid/SOMM/sommelier-strangelove/src/abi/types/BoringVault/ArcticArchitectureLens.ts" classname="/Users/henriots/Desktop/projektid/SOMM/sommelier-strangelove/src/abi/types/BoringVault/ArcticArchitectureLens" />
</testsuite>
<testsuite package="org.eslint" time="0" tests="1" errors="0" name="/Users/henriots/Desktop/projektid/SOMM/sommelier-strangelove/src/abi/types/BoringVault/BoringOnChainQueue.ts">
<testcase time="0" name="/Users/henriots/Desktop/projektid/SOMM/sommelier-strangelove/src/abi/types/BoringVault/BoringOnChainQueue.ts" classname="/Users/henriots/Desktop/projektid/SOMM/sommelier-strangelove/src/abi/types/BoringVault/BoringOnChainQueue" />
</testsuite>
<testsuite package="org.eslint" time="0" tests="1" errors="0" name="/Users/henriots/Desktop/projektid/SOMM/sommelier-strangelove/src/abi/types/BoringVault/BoringVault.ts">
<testcase time="0" name="/Users/henriots/Desktop/projektid/SOMM/sommelier-strangelove/src/abi/types/BoringVault/BoringVault.ts" classname="/Users/henriots/Desktop/projektid/SOMM/sommelier-strangelove/src/abi/types/BoringVault/BoringVault" />
</testsuite>
<testsuite package="org.eslint" time="0" tests="1" errors="0" name="/Users/henriots/Desktop/projektid/SOMM/sommelier-strangelove/src/abi/types/BoringVault/TellerWithLayerZero.ts">
<testcase time="0" name="/Users/henriots/Desktop/projektid/SOMM/sommelier-strangelove/src/abi/types/BoringVault/TellerWithLayerZero.ts" classname="/Users/henriots/Desktop/projektid/SOMM/sommelier-strangelove/src/abi/types/BoringVault/TellerWithLayerZero" />
</testsuite>
<testsuite package="org.eslint" time="0" tests="1" errors="0" name="/Users/henriots/Desktop/projektid/SOMM/sommelier-strangelove/src/abi/types/CellarRouterV0815.ts">
<testcase time="0" name="/Users/henriots/Desktop/projektid/SOMM/sommelier-strangelove/src/abi/types/CellarRouterV0815.ts" classname="/Users/henriots/Desktop/projektid/SOMM/sommelier-strangelove/src/abi/types/CellarRouterV0815" />
</testsuite>
<testsuite package="org.eslint" time="0" tests="1" errors="0" name="/Users/henriots/Desktop/projektid/SOMM/sommelier-strangelove/src/abi/types/CellarRouterV0816.ts">
<testcase time="0" name="/Users/henriots/Desktop/projektid/SOMM/sommelier-strangelove/src/abi/types/CellarRouterV0816.ts" classname="/Users/henriots/Desktop/projektid/SOMM/sommelier-strangelove/src/abi/types/CellarRouterV0816" />
</testsuite>
<testsuite package="org.eslint" time="0" tests="1" errors="0" name="/Users/henriots/Desktop/projektid/SOMM/sommelier-strangelove/src/abi/types/CellarStakingV0815.ts">
<testcase time="0" name="/Users/henriots/Desktop/projektid/SOMM/sommelier-strangelove/src/abi/types/CellarStakingV0815.ts" classname="/Users/henriots/Desktop/projektid/SOMM/sommelier-strangelove/src/abi/types/CellarStakingV0815" />
</testsuite>
<testsuite package="org.eslint" time="0" tests="1" errors="0" name="/Users/henriots/Desktop/projektid/SOMM/sommelier-strangelove/src/abi/types/CellarStakingV0821.ts">
<testcase time="0" name="/Users/henriots/Desktop/projektid/SOMM/sommelier-strangelove/src/abi/types/CellarStakingV0821.ts" classname="/Users/henriots/Desktop/projektid/SOMM/sommelier-strangelove/src/abi/types/CellarStakingV0821" />
</testsuite>
<testsuite package="org.eslint" time="0" tests="1" errors="0" name="/Users/henriots/Desktop/projektid/SOMM/sommelier-strangelove/src/abi/types/CellarV0815.ts">
<testcase time="0" name="/Users/henriots/Desktop/projektid/SOMM/sommelier-strangelove/src/abi/types/CellarV0815.ts" classname="/Users/henriots/Desktop/projektid/SOMM/sommelier-strangelove/src/abi/types/CellarV0815" />
</testsuite>
<testsuite package="org.eslint" time="0" tests="1" errors="0" name="/Users/henriots/Desktop/projektid/SOMM/sommelier-strangelove/src/abi/types/CellarV0816.ts">
<testcase time="0" name="/Users/henriots/Desktop/projektid/SOMM/sommelier-strangelove/src/abi/types/CellarV0816.ts" classname="/Users/henriots/Desktop/projektid/SOMM/sommelier-strangelove/src/abi/types/CellarV0816" />
</testsuite>
<testsuite package="org.eslint" time="0" tests="1" errors="0" name="/Users/henriots/Desktop/projektid/SOMM/sommelier-strangelove/src/abi/types/CellarV0821.ts">
<testcase time="0" name="/Users/henriots/Desktop/projektid/SOMM/sommelier-strangelove/src/abi/types/CellarV0821.ts" classname="/Users/henriots/Desktop/projektid/SOMM/sommelier-strangelove/src/abi/types/CellarV0821" />
</testsuite>
<testsuite package="org.eslint" time="0" tests="1" errors="0" name="/Users/henriots/Desktop/projektid/SOMM/sommelier-strangelove/src/abi/types/CellarV0821MultiDeposit.ts">
<testcase time="0" name="/Users/henriots/Desktop/projektid/SOMM/sommelier-strangelove/src/abi/types/CellarV0821MultiDeposit.ts" classname="/Users/henriots/Desktop/projektid/SOMM/sommelier-strangelove/src/abi/types/CellarV0821MultiDeposit" />
</testsuite>
<testsuite package="org.eslint" time="0" tests="1" errors="0" name="/Users/henriots/Desktop/projektid/SOMM/sommelier-strangelove/src/abi/types/EnsoRouter.ts">
<testcase time="0" name="/Users/henriots/Desktop/projektid/SOMM/sommelier-strangelove/src/abi/types/EnsoRouter.ts" classname="/Users/henriots/Desktop/projektid/SOMM/sommelier-strangelove/src/abi/types/EnsoRouter" />
</testsuite>
<testsuite package="org.eslint" time="0" tests="1" errors="0" name="/Users/henriots/Desktop/projektid/SOMM/sommelier-strangelove/src/abi/types/GravityBridge.ts">
<testcase time="0" name="/Users/henriots/Desktop/projektid/SOMM/sommelier-strangelove/src/abi/types/GravityBridge.ts" classname="/Users/henriots/Desktop/projektid/SOMM/sommelier-strangelove/src/abi/types/GravityBridge" />
</testsuite>
<testsuite package="org.eslint" time="0" tests="1" errors="0" name="/Users/henriots/Desktop/projektid/SOMM/sommelier-strangelove/src/abi/types/MerkleRewards.ts">
<testcase time="0" name="/Users/henriots/Desktop/projektid/SOMM/sommelier-strangelove/src/abi/types/MerkleRewards.ts" classname="/Users/henriots/Desktop/projektid/SOMM/sommelier-strangelove/src/abi/types/MerkleRewards" />
</testsuite>
<testsuite package="org.eslint" time="0" tests="1" errors="0" name="/Users/henriots/Desktop/projektid/SOMM/sommelier-strangelove/src/abi/types/PriceRouter.ts">
<testcase time="0" name="/Users/henriots/Desktop/projektid/SOMM/sommelier-strangelove/src/abi/types/PriceRouter.ts" classname="/Users/henriots/Desktop/projektid/SOMM/sommelier-strangelove/src/abi/types/PriceRouter" />
</testsuite>
<testsuite package="org.eslint" time="0" tests="1" errors="0" name="/Users/henriots/Desktop/projektid/SOMM/sommelier-strangelove/src/abi/types/WithdrawQueue.ts">
<testcase time="0" name="/Users/henriots/Desktop/projektid/SOMM/sommelier-strangelove/src/abi/types/WithdrawQueue.ts" classname="/Users/henriots/Desktop/projektid/SOMM/sommelier-strangelove/src/abi/types/WithdrawQueue" />
</testsuite>
<testsuite package="org.eslint" time="0" tests="1" errors="0" name="/Users/henriots/Desktop/projektid/SOMM/sommelier-strangelove/src/components/AlertDialog.tsx">
<testcase time="0" name="/Users/henriots/Desktop/projektid/SOMM/sommelier-strangelove/src/components/AlertDialog.tsx" classname="/Users/henriots/Desktop/projektid/SOMM/sommelier-strangelove/src/components/AlertDialog" />
</testsuite>
<testsuite package="org.eslint" time="0" tests="1" errors="0" name="/Users/henriots/Desktop/projektid/SOMM/sommelier-strangelove/src/components/Apy.tsx">
<testcase time="0" name="/Users/henriots/Desktop/projektid/SOMM/sommelier-strangelove/src/components/Apy.tsx" classname="/Users/henriots/Desktop/projektid/SOMM/sommelier-strangelove/src/components/Apy" />
</testsuite>
<testsuite package="org.eslint" time="0" tests="1" errors="0" name="/Users/henriots/Desktop/projektid/SOMM/sommelier-strangelove/src/components/BackgroundAssets.tsx">
<testcase time="0" name="/Users/henriots/Desktop/projektid/SOMM/sommelier-strangelove/src/components/BackgroundAssets.tsx" classname="/Users/henriots/Desktop/projektid/SOMM/sommelier-strangelove/src/components/BackgroundAssets" />
</testsuite>
<testsuite package="org.eslint" time="0" tests="2" errors="2" name="/Users/henriots/Desktop/projektid/SOMM/sommelier-strangelove/src/components/BreadCrumb.tsx">
<testcase time="0" name="org.eslint.@typescript-eslint/no-unused-vars" classname="/Users/henriots/Desktop/projektid/SOMM/sommelier-strangelove/src/components/BreadCrumb"><failure message="&apos;id&apos; is defined but never used."><![CDATA[line 16, col 3, Warning - &apos;id&apos; is defined but never used. (@typescript-eslint/no-unused-vars)]]></failure></testcase>
<testcase time="0" name="org.eslint.@typescript-eslint/no-unused-vars" classname="/Users/henriots/Desktop/projektid/SOMM/sommelier-strangelove/src/components/BreadCrumb"><failure message="&apos;cellarName&apos; is defined but never used."><![CDATA[line 17, col 3, Warning - &apos;cellarName&apos; is defined but never used. (@typescript-eslint/no-unused-vars)]]></failure></testcase>
</testsuite>
<testsuite package="org.eslint" time="0" tests="2" errors="2" name="/Users/henriots/Desktop/projektid/SOMM/sommelier-strangelove/src/components/CardStat.tsx">
<testcase time="0" name="org.eslint.@typescript-eslint/no-explicit-any" classname="/Users/henriots/Desktop/projektid/SOMM/sommelier-strangelove/src/components/CardStat"><failure message="Unexpected any. Specify a different type."><![CDATA[line 17, col 14, Warning - Unexpected any. Specify a different type. (@typescript-eslint/no-explicit-any)]]></failure></testcase>
<testcase time="0" name="org.eslint.@typescript-eslint/no-unused-vars" classname="/Users/henriots/Desktop/projektid/SOMM/sommelier-strangelove/src/components/CardStat"><failure message="&apos;statIcon&apos; is defined but never used."><![CDATA[line 24, col 3, Warning - &apos;statIcon&apos; is defined but never used. (@typescript-eslint/no-unused-vars)]]></failure></testcase>
</testsuite>
<testsuite package="org.eslint" time="0" tests="1" errors="0" name="/Users/henriots/Desktop/projektid/SOMM/sommelier-strangelove/src/components/CardStatColumn.tsx">
<testcase time="0" name="/Users/henriots/Desktop/projektid/SOMM/sommelier-strangelove/src/components/CardStatColumn.tsx" classname="/Users/henriots/Desktop/projektid/SOMM/sommelier-strangelove/src/components/CardStatColumn" />
</testsuite>
<testsuite package="org.eslint" time="0" tests="1" errors="0" name="/Users/henriots/Desktop/projektid/SOMM/sommelier-strangelove/src/components/CardStatRow.tsx">
<testcase time="0" name="/Users/henriots/Desktop/projektid/SOMM/sommelier-strangelove/src/components/CardStatRow.tsx" classname="/Users/henriots/Desktop/projektid/SOMM/sommelier-strangelove/src/components/CardStatRow" />
</testsuite>
<testsuite package="org.eslint" time="0" tests="1" errors="0" name="/Users/henriots/Desktop/projektid/SOMM/sommelier-strangelove/src/components/CellarStatsAutomated.tsx">
<testcase time="0" name="/Users/henriots/Desktop/projektid/SOMM/sommelier-strangelove/src/components/CellarStatsAutomated.tsx" classname="/Users/henriots/Desktop/projektid/SOMM/sommelier-strangelove/src/components/CellarStatsAutomated" />
</testsuite>
<testsuite package="org.eslint" time="0" tests="2" errors="2" name="/Users/henriots/Desktop/projektid/SOMM/sommelier-strangelove/src/components/CellarStatsYield.tsx">
<testcase time="0" name="org.eslint.@typescript-eslint/no-unused-vars" classname="/Users/henriots/Desktop/projektid/SOMM/sommelier-strangelove/src/components/CellarStatsYield"><failure message="&apos;isStakingStillRunning&apos; is assigned a value but never used."><![CDATA[line 48, col 9, Warning - &apos;isStakingStillRunning&apos; is assigned a value but never used. (@typescript-eslint/no-unused-vars)]]></failure></testcase>
<testcase time="0" name="org.eslint.@typescript-eslint/no-unused-vars" classname="/Users/henriots/Desktop/projektid/SOMM/sommelier-strangelove/src/components/CellarStatsYield"><failure message="&apos;merkleRewardsApy&apos; is assigned a value but never used."><![CDATA[line 59, col 9, Warning - &apos;merkleRewardsApy&apos; is assigned a value but never used. (@typescript-eslint/no-unused-vars)]]></failure></testcase>
</testsuite>
<testsuite package="org.eslint" time="0" tests="1" errors="0" name="/Users/henriots/Desktop/projektid/SOMM/sommelier-strangelove/src/components/Cellars/BecomeProvider.tsx">
<testcase time="0" name="/Users/henriots/Desktop/projektid/SOMM/sommelier-strangelove/src/components/Cellars/BecomeProvider.tsx" classname="/Users/henriots/Desktop/projektid/SOMM/sommelier-strangelove/src/components/Cellars/BecomeProvider" />
</testsuite>
<testsuite package="org.eslint" time="0" tests="1" errors="0" name="/Users/henriots/Desktop/projektid/SOMM/sommelier-strangelove/src/components/Cellars/StrategyProvider.tsx">
<testcase time="0" name="/Users/henriots/Desktop/projektid/SOMM/sommelier-strangelove/src/components/Cellars/StrategyProvider.tsx" classname="/Users/henriots/Desktop/projektid/SOMM/sommelier-strangelove/src/components/Cellars/StrategyProvider" />
</testsuite>
<testsuite package="org.eslint" time="0" tests="1" errors="0" name="/Users/henriots/Desktop/projektid/SOMM/sommelier-strangelove/src/components/Cellars/index.tsx">
<testcase time="0" name="/Users/henriots/Desktop/projektid/SOMM/sommelier-strangelove/src/components/Cellars/index.tsx" classname="/Users/henriots/Desktop/projektid/SOMM/sommelier-strangelove/src/components/Cellars/index" />
</testsuite>
<testsuite package="org.eslint" time="0" tests="1" errors="1" name="/Users/henriots/Desktop/projektid/SOMM/sommelier-strangelove/src/components/ChainSelector.tsx">
<testcase time="0" name="org.eslint.@typescript-eslint/no-explicit-any" classname="/Users/henriots/Desktop/projektid/SOMM/sommelier-strangelove/src/components/ChainSelector"><failure message="Unexpected any. Specify a different type."><![CDATA[line 11, col 18, Warning - Unexpected any. Specify a different type. (@typescript-eslint/no-explicit-any)]]></failure></testcase>
</testsuite>
<testsuite package="org.eslint" time="0" tests="1" errors="0" name="/Users/henriots/Desktop/projektid/SOMM/sommelier-strangelove/src/components/ClientOnly.tsx">
<testcase time="0" name="/Users/henriots/Desktop/projektid/SOMM/sommelier-strangelove/src/components/ClientOnly.tsx" classname="/Users/henriots/Desktop/projektid/SOMM/sommelier-strangelove/src/components/ClientOnly" />
</testsuite>
<testsuite package="org.eslint" time="0" tests="2" errors="2" name="/Users/henriots/Desktop/projektid/SOMM/sommelier-strangelove/src/components/CurrentDeposits.tsx">
<testcase time="0" name="org.eslint.@typescript-eslint/no-unused-vars" classname="/Users/henriots/Desktop/projektid/SOMM/sommelier-strangelove/src/components/CurrentDeposits"><failure message="&apos;asset&apos; is defined but never used."><![CDATA[line 21, col 3, Warning - &apos;asset&apos; is defined but never used. (@typescript-eslint/no-unused-vars)]]></failure></testcase>
<testcase time="0" name="org.eslint.@typescript-eslint/ban-ts-comment" classname="/Users/henriots/Desktop/projektid/SOMM/sommelier-strangelove/src/components/CurrentDeposits"><failure message="Do not use &quot;@ts-ignore&quot; because it alters compilation errors."><![CDATA[line 53, col 10, Error - Do not use &quot;@ts-ignore&quot; because it alters compilation errors. (@typescript-eslint/ban-ts-comment)]]></failure></testcase>
</testsuite>
<testsuite package="org.eslint" time="0" tests="1" errors="0" name="/Users/henriots/Desktop/projektid/SOMM/sommelier-strangelove/src/components/Education/EducationCard.tsx">
<testcase time="0" name="/Users/henriots/Desktop/projektid/SOMM/sommelier-strangelove/src/components/Education/EducationCard.tsx" classname="/Users/henriots/Desktop/projektid/SOMM/sommelier-strangelove/src/components/Education/EducationCard" />
</testsuite>
<testsuite package="org.eslint" time="0" tests="1" errors="0" name="/Users/henriots/Desktop/projektid/SOMM/sommelier-strangelove/src/components/Education/eduItems.ts">
<testcase time="0" name="/Users/henriots/Desktop/projektid/SOMM/sommelier-strangelove/src/components/Education/eduItems.ts" classname="/Users/henriots/Desktop/projektid/SOMM/sommelier-strangelove/src/components/Education/eduItems" />
</testsuite>
<testsuite package="org.eslint" time="0" tests="1" errors="0" name="/Users/henriots/Desktop/projektid/SOMM/sommelier-strangelove/src/components/Education/imageStyles.ts">
<testcase time="0" name="/Users/henriots/Desktop/projektid/SOMM/sommelier-strangelove/src/components/Education/imageStyles.ts" classname="/Users/henriots/Desktop/projektid/SOMM/sommelier-strangelove/src/components/Education/imageStyles" />
</testsuite>
<testsuite package="org.eslint" time="0" tests="1" errors="0" name="/Users/henriots/Desktop/projektid/SOMM/sommelier-strangelove/src/components/Education/index.tsx">
<testcase time="0" name="/Users/henriots/Desktop/projektid/SOMM/sommelier-strangelove/src/components/Education/index.tsx" classname="/Users/henriots/Desktop/projektid/SOMM/sommelier-strangelove/src/components/Education/index" />
</testsuite>
<testsuite package="org.eslint" time="0" tests="1" errors="0" name="/Users/henriots/Desktop/projektid/SOMM/sommelier-strangelove/src/components/Education/types.ts">
<testcase time="0" name="/Users/henriots/Desktop/projektid/SOMM/sommelier-strangelove/src/components/Education/types.ts" classname="/Users/henriots/Desktop/projektid/SOMM/sommelier-strangelove/src/components/Education/types" />
</testsuite>
<testsuite package="org.eslint" time="0" tests="1" errors="0" name="/Users/henriots/Desktop/projektid/SOMM/sommelier-strangelove/src/components/FAQ/FAQAccordion.tsx">
<testcase time="0" name="/Users/henriots/Desktop/projektid/SOMM/sommelier-strangelove/src/components/FAQ/FAQAccordion.tsx" classname="/Users/henriots/Desktop/projektid/SOMM/sommelier-strangelove/src/components/FAQ/FAQAccordion" />
</testsuite>
<testsuite package="org.eslint" time="0" tests="1" errors="0" name="/Users/henriots/Desktop/projektid/SOMM/sommelier-strangelove/src/components/FAQ/FAQTabs.tsx">
<testcase time="0" name="/Users/henriots/Desktop/projektid/SOMM/sommelier-strangelove/src/components/FAQ/FAQTabs.tsx" classname="/Users/henriots/Desktop/projektid/SOMM/sommelier-strangelove/src/components/FAQ/FAQTabs" />
</testsuite>
<testsuite package="org.eslint" time="0" tests="1" errors="0" name="/Users/henriots/Desktop/projektid/SOMM/sommelier-strangelove/src/components/FAQ/index.tsx">
<testcase time="0" name="/Users/henriots/Desktop/projektid/SOMM/sommelier-strangelove/src/components/FAQ/index.tsx" classname="/Users/henriots/Desktop/projektid/SOMM/sommelier-strangelove/src/components/FAQ/index" />
</testsuite>
<testsuite package="org.eslint" time="0" tests="1" errors="0" name="/Users/henriots/Desktop/projektid/SOMM/sommelier-strangelove/src/components/FAQ/portableText.tsx">
<testcase time="0" name="/Users/henriots/Desktop/projektid/SOMM/sommelier-strangelove/src/components/FAQ/portableText.tsx" classname="/Users/henriots/Desktop/projektid/SOMM/sommelier-strangelove/src/components/FAQ/portableText" />
</testsuite>
<testsuite package="org.eslint" time="0" tests="1" errors="0" name="/Users/henriots/Desktop/projektid/SOMM/sommelier-strangelove/src/components/FAQStrategy/FAQAccordion.tsx">
<testcase time="0" name="/Users/henriots/Desktop/projektid/SOMM/sommelier-strangelove/src/components/FAQStrategy/FAQAccordion.tsx" classname="/Users/henriots/Desktop/projektid/SOMM/sommelier-strangelove/src/components/FAQStrategy/FAQAccordion" />
</testsuite>
<testsuite package="org.eslint" time="0" tests="1" errors="0" name="/Users/henriots/Desktop/projektid/SOMM/sommelier-strangelove/src/components/FAQStrategy/FAQTabs.tsx">
<testcase time="0" name="/Users/henriots/Desktop/projektid/SOMM/sommelier-strangelove/src/components/FAQStrategy/FAQTabs.tsx" classname="/Users/henriots/Desktop/projektid/SOMM/sommelier-strangelove/src/components/FAQStrategy/FAQTabs" />
</testsuite>
<testsuite package="org.eslint" time="0" tests="1" errors="0" name="/Users/henriots/Desktop/projektid/SOMM/sommelier-strangelove/src/components/FAQStrategy/index.tsx">
<testcase time="0" name="/Users/henriots/Desktop/projektid/SOMM/sommelier-strangelove/src/components/FAQStrategy/index.tsx" classname="/Users/henriots/Desktop/projektid/SOMM/sommelier-strangelove/src/components/FAQStrategy/index" />
</testsuite>
<testsuite package="org.eslint" time="0" tests="1" errors="0" name="/Users/henriots/Desktop/projektid/SOMM/sommelier-strangelove/src/components/FAQStrategy/portableText.tsx">
<testcase time="0" name="/Users/henriots/Desktop/projektid/SOMM/sommelier-strangelove/src/components/FAQStrategy/portableText.tsx" classname="/Users/henriots/Desktop/projektid/SOMM/sommelier-strangelove/src/components/FAQStrategy/portableText" />
</testsuite>
<testsuite package="org.eslint" time="0" tests="1" errors="0" name="/Users/henriots/Desktop/projektid/SOMM/sommelier-strangelove/src/components/Footer/About.tsx">
<testcase time="0" name="/Users/henriots/Desktop/projektid/SOMM/sommelier-strangelove/src/components/Footer/About.tsx" classname="/Users/henriots/Desktop/projektid/SOMM/sommelier-strangelove/src/components/Footer/About" />
</testsuite>
<testsuite package="org.eslint" time="0" tests="1" errors="0" name="/Users/henriots/Desktop/projektid/SOMM/sommelier-strangelove/src/components/Footer/Disclaimer.tsx">
<testcase time="0" name="/Users/henriots/Desktop/projektid/SOMM/sommelier-strangelove/src/components/Footer/Disclaimer.tsx" classname="/Users/henriots/Desktop/projektid/SOMM/sommelier-strangelove/src/components/Footer/Disclaimer" />
</testsuite>
<testsuite package="org.eslint" time="0" tests="1" errors="0" name="/Users/henriots/Desktop/projektid/SOMM/sommelier-strangelove/src/components/Footer/FooterLink.tsx">
<testcase time="0" name="/Users/henriots/Desktop/projektid/SOMM/sommelier-strangelove/src/components/Footer/FooterLink.tsx" classname="/Users/henriots/Desktop/projektid/SOMM/sommelier-strangelove/src/components/Footer/FooterLink" />
</testsuite>
<testsuite package="org.eslint" time="0" tests="1" errors="1" name="/Users/henriots/Desktop/projektid/SOMM/sommelier-strangelove/src/components/Footer/Overview.tsx">
<testcase time="0" name="org.eslint.@typescript-eslint/ban-types" classname="/Users/henriots/Desktop/projektid/SOMM/sommelier-strangelove/src/components/Footer/Overview"><failure message="Don&apos;t use `Number` as a type. Use number instead"><![CDATA[line 30, col 19, Error - Don&apos;t use `Number` as a type. Use number instead (@typescript-eslint/ban-types)]]></failure></testcase>
</testsuite>
<testsuite package="org.eslint" time="0" tests="1" errors="0" name="/Users/henriots/Desktop/projektid/SOMM/sommelier-strangelove/src/components/Footer/index.tsx">
<testcase time="0" name="/Users/henriots/Desktop/projektid/SOMM/sommelier-strangelove/src/components/Footer/index.tsx" classname="/Users/henriots/Desktop/projektid/SOMM/sommelier-strangelove/src/components/Footer/index" />
</testsuite>
<testsuite package="org.eslint" time="0" tests="1" errors="0" name="/Users/henriots/Desktop/projektid/SOMM/sommelier-strangelove/src/components/GridHome.tsx">
<testcase time="0" name="/Users/henriots/Desktop/projektid/SOMM/sommelier-strangelove/src/components/GridHome.tsx" classname="/Users/henriots/Desktop/projektid/SOMM/sommelier-strangelove/src/components/GridHome" />
</testsuite>
<testsuite package="org.eslint" time="0" tests="2" errors="2" name="/Users/henriots/Desktop/projektid/SOMM/sommelier-strangelove/src/components/HeadingHeavy.tsx">
<testcase time="0" name="org.eslint.@typescript-eslint/no-explicit-any" classname="/Users/henriots/Desktop/projektid/SOMM/sommelier-strangelove/src/components/HeadingHeavy"><failure message="Unexpected any. Specify a different type."><![CDATA[line 5, col 35, Warning - Unexpected any. Specify a different type. (@typescript-eslint/no-explicit-any)]]></failure></testcase>
<testcase time="0" name="org.eslint.@typescript-eslint/no-explicit-any" classname="/Users/henriots/Desktop/projektid/SOMM/sommelier-strangelove/src/components/HeadingHeavy"><failure message="Unexpected any. Specify a different type."><![CDATA[line 5, col 55, Warning - Unexpected any. Specify a different type. (@typescript-eslint/no-explicit-any)]]></failure></testcase>
</testsuite>
<testsuite package="org.eslint" time="0" tests="1" errors="0" name="/Users/henriots/Desktop/projektid/SOMM/sommelier-strangelove/src/components/Hero.tsx">
<testcase time="0" name="/Users/henriots/Desktop/projektid/SOMM/sommelier-strangelove/src/components/Hero.tsx" classname="/Users/henriots/Desktop/projektid/SOMM/sommelier-strangelove/src/components/Hero" />
</testsuite>
<testsuite package="org.eslint" time="0" tests="1" errors="0" name="/Users/henriots/Desktop/projektid/SOMM/sommelier-strangelove/src/components/HeroStrategy/count-down.tsx">
<testcase time="0" name="/Users/henriots/Desktop/projektid/SOMM/sommelier-strangelove/src/components/HeroStrategy/count-down.tsx" classname="/Users/henriots/Desktop/projektid/SOMM/sommelier-strangelove/src/components/HeroStrategy/count-down" />
</testsuite>
<testsuite package="org.eslint" time="0" tests="1" errors="0" name="/Users/henriots/Desktop/projektid/SOMM/sommelier-strangelove/src/components/HeroStrategy/hero-left.tsx">
<testcase time="0" name="/Users/henriots/Desktop/projektid/SOMM/sommelier-strangelove/src/components/HeroStrategy/hero-left.tsx" classname="/Users/henriots/Desktop/projektid/SOMM/sommelier-strangelove/src/components/HeroStrategy/hero-left" />
</testsuite>
<testsuite package="org.eslint" time="0" tests="11" errors="11" name="/Users/henriots/Desktop/projektid/SOMM/sommelier-strangelove/src/components/HeroStrategy/hero-right.tsx">
<testcase time="0" name="org.eslint.@typescript-eslint/no-unused-vars" classname="/Users/henriots/Desktop/projektid/SOMM/sommelier-strangelove/src/components/HeroStrategy/hero-right"><failure message="&apos;notifyModal&apos; is assigned a value but never used."><![CDATA[line 33, col 9, Warning - &apos;notifyModal&apos; is assigned a value but never used. (@typescript-eslint/no-unused-vars)]]></failure></testcase>
<testcase time="0" name="org.eslint.@typescript-eslint/no-unused-vars" classname="/Users/henriots/Desktop/projektid/SOMM/sommelier-strangelove/src/components/HeroStrategy/hero-right"><failure message="&apos;twoDaysAfterLaunch&apos; is assigned a value but never used."><![CDATA[line 36, col 9, Warning - &apos;twoDaysAfterLaunch&apos; is assigned a value but never used. (@typescript-eslint/no-unused-vars)]]></failure></testcase>
<testcase time="0" name="org.eslint.@typescript-eslint/no-unused-vars" classname="/Users/henriots/Desktop/projektid/SOMM/sommelier-strangelove/src/components/HeroStrategy/hero-right"><failure message="&apos;tokenPrice&apos; is assigned a value but never used."><![CDATA[line 46, col 5, Warning - &apos;tokenPrice&apos; is assigned a value but never used. (@typescript-eslint/no-unused-vars)]]></failure></testcase>
<testcase time="0" name="org.eslint.@typescript-eslint/no-unused-vars" classname="/Users/henriots/Desktop/projektid/SOMM/sommelier-strangelove/src/components/HeroStrategy/hero-right"><failure message="&apos;stakingEnd&apos; is assigned a value but never used."><![CDATA[line 48, col 5, Warning - &apos;stakingEnd&apos; is assigned a value but never used. (@typescript-eslint/no-unused-vars)]]></failure></testcase>
<testcase time="0" name="org.eslint.@typescript-eslint/no-unused-vars" classname="/Users/henriots/Desktop/projektid/SOMM/sommelier-strangelove/src/components/HeroStrategy/hero-right"><failure message="&apos;tvm&apos; is assigned a value but never used."><![CDATA[line 49, col 5, Warning - &apos;tvm&apos; is assigned a value but never used. (@typescript-eslint/no-unused-vars)]]></failure></testcase>
<testcase time="0" name="org.eslint.@typescript-eslint/no-unused-vars" classname="/Users/henriots/Desktop/projektid/SOMM/sommelier-strangelove/src/components/HeroStrategy/hero-right"><failure message="&apos;baseApy&apos; is assigned a value but never used."><![CDATA[line 51, col 5, Warning - &apos;baseApy&apos; is assigned a value but never used. (@typescript-eslint/no-unused-vars)]]></failure></testcase>
<testcase time="0" name="org.eslint.@typescript-eslint/no-unused-vars" classname="/Users/henriots/Desktop/projektid/SOMM/sommelier-strangelove/src/components/HeroStrategy/hero-right"><failure message="&apos;baseApySumRewards&apos; is assigned a value but never used."><![CDATA[line 52, col 5, Warning - &apos;baseApySumRewards&apos; is assigned a value but never used. (@typescript-eslint/no-unused-vars)]]></failure></testcase>
<testcase time="0" name="org.eslint.@typescript-eslint/no-unused-vars" classname="/Users/henriots/Desktop/projektid/SOMM/sommelier-strangelove/src/components/HeroStrategy/hero-right"><failure message="&apos;dailyChange&apos; is assigned a value but never used."><![CDATA[line 54, col 9, Warning - &apos;dailyChange&apos; is assigned a value but never used. (@typescript-eslint/no-unused-vars)]]></failure></testcase>
<testcase time="0" name="org.eslint.@typescript-eslint/no-unused-vars" classname="/Users/henriots/Desktop/projektid/SOMM/sommelier-strangelove/src/components/HeroStrategy/hero-right"><failure message="&apos;potentialStakingApy&apos; is assigned a value but never used."><![CDATA[line 59, col 9, Warning - &apos;potentialStakingApy&apos; is assigned a value but never used. (@typescript-eslint/no-unused-vars)]]></failure></testcase>
<testcase time="0" name="org.eslint.@typescript-eslint/no-unused-vars" classname="/Users/henriots/Desktop/projektid/SOMM/sommelier-strangelove/src/components/HeroStrategy/hero-right"><failure message="&apos;isYieldStrategies&apos; is assigned a value but never used."><![CDATA[line 81, col 9, Warning - &apos;isYieldStrategies&apos; is assigned a value but never used. (@typescript-eslint/no-unused-vars)]]></failure></testcase>
<testcase time="0" name="org.eslint.@typescript-eslint/no-unused-vars" classname="/Users/henriots/Desktop/projektid/SOMM/sommelier-strangelove/src/components/HeroStrategy/hero-right"><failure message="&apos;isAutomatedPortfolio&apos; is assigned a value but never used."><![CDATA[line 83, col 9, Warning - &apos;isAutomatedPortfolio&apos; is assigned a value but never used. (@typescript-eslint/no-unused-vars)]]></failure></testcase>
</testsuite>
<testsuite package="org.eslint" time="0" tests="1" errors="0" name="/Users/henriots/Desktop/projektid/SOMM/sommelier-strangelove/src/components/HeroStrategy/index.tsx">
<testcase time="0" name="/Users/henriots/Desktop/projektid/SOMM/sommelier-strangelove/src/components/HeroStrategy/index.tsx" classname="/Users/henriots/Desktop/projektid/SOMM/sommelier-strangelove/src/components/HeroStrategy/index" />
</testsuite>
<testsuite package="org.eslint" time="0" tests="3" errors="3" name="/Users/henriots/Desktop/projektid/SOMM/sommelier-strangelove/src/components/Highlight/index.tsx">
<testcase time="0" name="org.eslint.@typescript-eslint/no-unused-vars" classname="/Users/henriots/Desktop/projektid/SOMM/sommelier-strangelove/src/components/Highlight/index"><failure message="&apos;expandHowItWorks&apos; is assigned a value but never used."><![CDATA[line 32, col 10, Warning - &apos;expandHowItWorks&apos; is assigned a value but never used. (@typescript-eslint/no-unused-vars)]]></failure></testcase>
<testcase time="0" name="org.eslint.@typescript-eslint/no-unused-vars" classname="/Users/henriots/Desktop/projektid/SOMM/sommelier-strangelove/src/components/Highlight/index"><failure message="&apos;setExpandHowItWorks&apos; is assigned a value but never used."><![CDATA[line 32, col 28, Warning - &apos;setExpandHowItWorks&apos; is assigned a value but never used. (@typescript-eslint/no-unused-vars)]]></failure></testcase>
<testcase time="0" name="org.eslint.@typescript-eslint/no-unused-vars" classname="/Users/henriots/Desktop/projektid/SOMM/sommelier-strangelove/src/components/Highlight/index"><failure message="&apos;howItWorks&apos; is assigned a value but never used."><![CDATA[line 33, col 9, Warning - &apos;howItWorks&apos; is assigned a value but never used. (@typescript-eslint/no-unused-vars)]]></failure></testcase>
</testsuite>
<testsuite package="org.eslint" time="0" tests="1" errors="0" name="/Users/henriots/Desktop/projektid/SOMM/sommelier-strangelove/src/components/InlineImage.tsx">
<testcase time="0" name="/Users/henriots/Desktop/projektid/SOMM/sommelier-strangelove/src/components/InlineImage.tsx" classname="/Users/henriots/Desktop/projektid/SOMM/sommelier-strangelove/src/components/InlineImage" />
</testsuite>
<testsuite package="org.eslint" time="0" tests="1" errors="0" name="/Users/henriots/Desktop/projektid/SOMM/sommelier-strangelove/src/components/Link.tsx">
<testcase time="0" name="/Users/henriots/Desktop/projektid/SOMM/sommelier-strangelove/src/components/Link.tsx" classname="/Users/henriots/Desktop/projektid/SOMM/sommelier-strangelove/src/components/Link" />
</testsuite>
<testsuite package="org.eslint" time="0" tests="1" errors="1" name="/Users/henriots/Desktop/projektid/SOMM/sommelier-strangelove/src/components/MobileWarningCTA.tsx">
<testcase time="0" name="org.eslint.react/no-unescaped-entities" classname="/Users/henriots/Desktop/projektid/SOMM/sommelier-strangelove/src/components/MobileWarningCTA"><failure message="`&apos;` can be escaped with `&amp;apos;`, `&amp;lsquo;`, `&amp;#39;`, `&amp;rsquo;`."><![CDATA[line 26, col 50, Error - `&apos;` can be escaped with `&amp;apos;`, `&amp;lsquo;`, `&amp;#39;`, `&amp;rsquo;`. (react/no-unescaped-entities)]]></failure></testcase>
</testsuite>
<testsuite package="org.eslint" time="0" tests="2" errors="2" name="/Users/henriots/Desktop/projektid/SOMM/sommelier-strangelove/src/components/Nav.tsx">
<testcase time="0" name="org.eslint.react/display-name" classname="/Users/henriots/Desktop/projektid/SOMM/sommelier-strangelove/src/components/Nav"><failure message="Component definition is missing display name"><![CDATA[line 27, col 20, Error - Component definition is missing display name (react/display-name)]]></failure></testcase>
<testcase time="0" name="org.eslint.prefer-const" classname="/Users/henriots/Desktop/projektid/SOMM/sommelier-strangelove/src/components/Nav"><failure message="&apos;isActive&apos; is never reassigned. Use &apos;const&apos; instead."><![CDATA[line 179, col 23, Error - &apos;isActive&apos; is never reassigned. Use &apos;const&apos; instead. (prefer-const)]]></failure></testcase>
</testsuite>
<testsuite package="org.eslint" time="0" tests="1" errors="0" name="/Users/henriots/Desktop/projektid/SOMM/sommelier-strangelove/src/components/PercentageHeading.tsx">
<testcase time="0" name="/Users/henriots/Desktop/projektid/SOMM/sommelier-strangelove/src/components/PercentageHeading.tsx" classname="/Users/henriots/Desktop/projektid/SOMM/sommelier-strangelove/src/components/PercentageHeading" />
</testsuite>
<testsuite package="org.eslint" time="0" tests="1" errors="0" name="/Users/henriots/Desktop/projektid/SOMM/sommelier-strangelove/src/components/PercentageText.tsx">
<testcase time="0" name="/Users/henriots/Desktop/projektid/SOMM/sommelier-strangelove/src/components/PercentageText.tsx" classname="/Users/henriots/Desktop/projektid/SOMM/sommelier-strangelove/src/components/PercentageText" />
</testsuite>
<testsuite package="org.eslint" time="0" tests="1" errors="0" name="/Users/henriots/Desktop/projektid/SOMM/sommelier-strangelove/src/components/PortableText/PrivacyAndTermsText.tsx">
<testcase time="0" name="/Users/henriots/Desktop/projektid/SOMM/sommelier-strangelove/src/components/PortableText/PrivacyAndTermsText.tsx" classname="/Users/henriots/Desktop/projektid/SOMM/sommelier-strangelove/src/components/PortableText/PrivacyAndTermsText" />
</testsuite>
<testsuite package="org.eslint" time="0" tests="1" errors="0" name="/Users/henriots/Desktop/projektid/SOMM/sommelier-strangelove/src/components/Socials/index.tsx">
<testcase time="0" name="/Users/henriots/Desktop/projektid/SOMM/sommelier-strangelove/src/components/Socials/index.tsx" classname="/Users/henriots/Desktop/projektid/SOMM/sommelier-strangelove/src/components/Socials/index" />
</testsuite>
<testsuite package="org.eslint" time="0" tests="1" errors="0" name="/Users/henriots/Desktop/projektid/SOMM/sommelier-strangelove/src/components/Socials/links.tsx">
<testcase time="0" name="/Users/henriots/Desktop/projektid/SOMM/sommelier-strangelove/src/components/Socials/links.tsx" classname="/Users/henriots/Desktop/projektid/SOMM/sommelier-strangelove/src/components/Socials/links" />
</testsuite>
<testsuite package="org.eslint" time="0" tests="2" errors="2" name="/Users/henriots/Desktop/projektid/SOMM/sommelier-strangelove/src/components/SommNativeList.tsx">
<testcase time="0" name="org.eslint.@typescript-eslint/no-explicit-any" classname="/Users/henriots/Desktop/projektid/SOMM/sommelier-strangelove/src/components/SommNativeList"><failure message="Unexpected any. Specify a different type."><![CDATA[line 6, col 12, Warning - Unexpected any. Specify a different type. (@typescript-eslint/no-explicit-any)]]></failure></testcase>
<testcase time="0" name="org.eslint.@typescript-eslint/no-explicit-any" classname="/Users/henriots/Desktop/projektid/SOMM/sommelier-strangelove/src/components/SommNativeList"><failure message="Unexpected any. Specify a different type."><![CDATA[line 15, col 21, Warning - Unexpected any. Specify a different type. (@typescript-eslint/no-explicit-any)]]></failure></testcase>
</testsuite>
<testsuite package="org.eslint" time="0" tests="1" errors="0" name="/Users/henriots/Desktop/projektid/SOMM/sommelier-strangelove/src/components/Strategy/Carousel/Badge.tsx">
<testcase time="0" name="/Users/henriots/Desktop/projektid/SOMM/sommelier-strangelove/src/components/Strategy/Carousel/Badge.tsx" classname="/Users/henriots/Desktop/projektid/SOMM/sommelier-strangelove/src/components/Strategy/Carousel/Badge" />
</testsuite>
<testsuite package="org.eslint" time="0" tests="1" errors="0" name="/Users/henriots/Desktop/projektid/SOMM/sommelier-strangelove/src/components/Strategy/Carousel/NextArrow.tsx">
<testcase time="0" name="/Users/henriots/Desktop/projektid/SOMM/sommelier-strangelove/src/components/Strategy/Carousel/NextArrow.tsx" classname="/Users/henriots/Desktop/projektid/SOMM/sommelier-strangelove/src/components/Strategy/Carousel/NextArrow" />
</testsuite>
<testsuite package="org.eslint" time="0" tests="1" errors="0" name="/Users/henriots/Desktop/projektid/SOMM/sommelier-strangelove/src/components/Strategy/Carousel/PrevArrow.tsx">
<testcase time="0" name="/Users/henriots/Desktop/projektid/SOMM/sommelier-strangelove/src/components/Strategy/Carousel/PrevArrow.tsx" classname="/Users/henriots/Desktop/projektid/SOMM/sommelier-strangelove/src/components/Strategy/Carousel/PrevArrow" />
</testsuite>
<testsuite package="org.eslint" time="0" tests="1" errors="0" name="/Users/henriots/Desktop/projektid/SOMM/sommelier-strangelove/src/components/Strategy/Carousel/index.tsx">
<testcase time="0" name="/Users/henriots/Desktop/projektid/SOMM/sommelier-strangelove/src/components/Strategy/Carousel/index.tsx" classname="/Users/henriots/Desktop/projektid/SOMM/sommelier-strangelove/src/components/Strategy/Carousel/index" />
</testsuite>
<testsuite package="org.eslint" time="0" tests="1" errors="0" name="/Users/henriots/Desktop/projektid/SOMM/sommelier-strangelove/src/components/Strategy/Carousel/sliderSettings.tsx">
<testcase time="0" name="/Users/henriots/Desktop/projektid/SOMM/sommelier-strangelove/src/components/Strategy/Carousel/sliderSettings.tsx" classname="/Users/henriots/Desktop/projektid/SOMM/sommelier-strangelove/src/components/Strategy/Carousel/sliderSettings" />
</testsuite>
<testsuite package="org.eslint" time="0" tests="1" errors="0" name="/Users/henriots/Desktop/projektid/SOMM/sommelier-strangelove/src/components/Strategy/Carousel/sliderStrategy.tsx">
<testcase time="0" name="/Users/henriots/Desktop/projektid/SOMM/sommelier-strangelove/src/components/Strategy/Carousel/sliderStrategy.tsx" classname="/Users/henriots/Desktop/projektid/SOMM/sommelier-strangelove/src/components/Strategy/Carousel/sliderStrategy" />
</testsuite>
<testsuite package="org.eslint" time="0" tests="1" errors="0" name="/Users/henriots/Desktop/projektid/SOMM/sommelier-strangelove/src/components/Strategy/index.tsx">
<testcase time="0" name="/Users/henriots/Desktop/projektid/SOMM/sommelier-strangelove/src/components/Strategy/index.tsx" classname="/Users/henriots/Desktop/projektid/SOMM/sommelier-strangelove/src/components/Strategy/index" />
</testsuite>
<testsuite package="org.eslint" time="0" tests="1" errors="0" name="/Users/henriots/Desktop/projektid/SOMM/sommelier-strangelove/src/components/Strategy/portableText.tsx">
<testcase time="0" name="/Users/henriots/Desktop/projektid/SOMM/sommelier-strangelove/src/components/Strategy/portableText.tsx" classname="/Users/henriots/Desktop/projektid/SOMM/sommelier-strangelove/src/components/Strategy/portableText" />
</testsuite>
<testsuite package="org.eslint" time="0" tests="1" errors="0" name="/Users/henriots/Desktop/projektid/SOMM/sommelier-strangelove/src/components/StrategyProvider.tsx">
<testcase time="0" name="/Users/henriots/Desktop/projektid/SOMM/sommelier-strangelove/src/components/StrategyProvider.tsx" classname="/Users/henriots/Desktop/projektid/SOMM/sommelier-strangelove/src/components/StrategyProvider" />
</testsuite>
<testsuite package="org.eslint" time="0" tests="1" errors="0" name="/Users/henriots/Desktop/projektid/SOMM/sommelier-strangelove/src/components/Tag/index.tsx">
<testcase time="0" name="/Users/henriots/Desktop/projektid/SOMM/sommelier-strangelove/src/components/Tag/index.tsx" classname="/Users/henriots/Desktop/projektid/SOMM/sommelier-strangelove/src/components/Tag/index" />
</testsuite>
<testsuite package="org.eslint" time="0" tests="1" errors="0" name="/Users/henriots/Desktop/projektid/SOMM/sommelier-strangelove/src/components/TextDisclosure.tsx">
<testcase time="0" name="/Users/henriots/Desktop/projektid/SOMM/sommelier-strangelove/src/components/TextDisclosure.tsx" classname="/Users/henriots/Desktop/projektid/SOMM/sommelier-strangelove/src/components/TextDisclosure" />
</testsuite>
<testsuite package="org.eslint" time="0" tests="2" errors="2" name="/Users/henriots/Desktop/projektid/SOMM/sommelier-strangelove/src/components/TokenAssets/TokenMaps/CroppedMap.tsx">
<testcase time="0" name="org.eslint.@typescript-eslint/no-unused-vars" classname="/Users/henriots/Desktop/projektid/SOMM/sommelier-strangelove/src/components/TokenAssets/TokenMaps/CroppedMap"><failure message="&apos;chain&apos; is assigned a value but never used."><![CDATA[line 35, col 46, Warning - &apos;chain&apos; is assigned a value but never used. (@typescript-eslint/no-unused-vars)]]></failure></testcase>
<testcase time="0" name="org.eslint.@typescript-eslint/no-unused-vars" classname="/Users/henriots/Desktop/projektid/SOMM/sommelier-strangelove/src/components/TokenAssets/TokenMaps/CroppedMap"><failure message="&apos;chain&apos; is assigned a value but never used."><![CDATA[line 73, col 52, Warning - &apos;chain&apos; is assigned a value but never used. (@typescript-eslint/no-unused-vars)]]></failure></testcase>
</testsuite>
<testsuite package="org.eslint" time="0" tests="1" errors="1" name="/Users/henriots/Desktop/projektid/SOMM/sommelier-strangelove/src/components/TokenAssets/TokenMaps/UncroppedMap.tsx">
<testcase time="0" name="org.eslint.@typescript-eslint/no-unused-vars" classname="/Users/henriots/Desktop/projektid/SOMM/sommelier-strangelove/src/components/TokenAssets/TokenMaps/UncroppedMap"><failure message="&apos;chain&apos; is assigned a value but never used."><![CDATA[line 23, col 46, Warning - &apos;chain&apos; is assigned a value but never used. (@typescript-eslint/no-unused-vars)]]></failure></testcase>
</testsuite>
<testsuite package="org.eslint" time="0" tests="1" errors="1" name="/Users/henriots/Desktop/projektid/SOMM/sommelier-strangelove/src/components/TokenAssets/index.tsx">
<testcase time="0" name="org.eslint.@typescript-eslint/no-unused-vars" classname="/Users/henriots/Desktop/projektid/SOMM/sommelier-strangelove/src/components/TokenAssets/index"><failure message="&apos;activeAsset&apos; is defined but never used."><![CDATA[line 15, col 3, Warning - &apos;activeAsset&apos; is defined but never used. (@typescript-eslint/no-unused-vars)]]></failure></testcase>
</testsuite>
<testsuite package="org.eslint" time="0" tests="1" errors="0" name="/Users/henriots/Desktop/projektid/SOMM/sommelier-strangelove/src/components/_banners/GeoBanner.tsx">
<testcase time="0" name="/Users/henriots/Desktop/projektid/SOMM/sommelier-strangelove/src/components/_banners/GeoBanner.tsx" classname="/Users/henriots/Desktop/projektid/SOMM/sommelier-strangelove/src/components/_banners/GeoBanner" />
</testsuite>
<testsuite package="org.eslint" time="0" tests="1" errors="0" name="/Users/henriots/Desktop/projektid/SOMM/sommelier-strangelove/src/components/_banners/InfoBanner.tsx">
<testcase time="0" name="/Users/henriots/Desktop/projektid/SOMM/sommelier-strangelove/src/components/_banners/InfoBanner.tsx" classname="/Users/henriots/Desktop/projektid/SOMM/sommelier-strangelove/src/components/_banners/InfoBanner" />
</testsuite>
<testsuite package="org.eslint" time="0" tests="1" errors="0" name="/Users/henriots/Desktop/projektid/SOMM/sommelier-strangelove/src/components/_banners/MaintenanceBanner.tsx">
<testcase time="0" name="/Users/henriots/Desktop/projektid/SOMM/sommelier-strangelove/src/components/_banners/MaintenanceBanner.tsx" classname="/Users/henriots/Desktop/projektid/SOMM/sommelier-strangelove/src/components/_banners/MaintenanceBanner" />
</testsuite>
<testsuite package="org.eslint" time="0" tests="1" errors="0" name="/Users/henriots/Desktop/projektid/SOMM/sommelier-strangelove/src/components/_banners/WalletHealthBanner.tsx">
<testcase time="0" name="/Users/henriots/Desktop/projektid/SOMM/sommelier-strangelove/src/components/_banners/WalletHealthBanner.tsx" classname="/Users/henriots/Desktop/projektid/SOMM/sommelier-strangelove/src/components/_banners/WalletHealthBanner" />
</testsuite>
<testsuite package="org.eslint" time="0" tests="1" errors="0" name="/Users/henriots/Desktop/projektid/SOMM/sommelier-strangelove/src/components/_banners/WrongNetworkBanner.tsx">
<testcase time="0" name="/Users/henriots/Desktop/projektid/SOMM/sommelier-strangelove/src/components/_banners/WrongNetworkBanner.tsx" classname="/Users/henriots/Desktop/projektid/SOMM/sommelier-strangelove/src/components/_banners/WrongNetworkBanner" />
</testsuite>
<testsuite package="org.eslint" time="0" tests="2" errors="2" name="/Users/henriots/Desktop/projektid/SOMM/sommelier-strangelove/src/components/_buttons/BaseButton.tsx">
<testcase time="0" name="org.eslint.@typescript-eslint/no-explicit-any" classname="/Users/henriots/Desktop/projektid/SOMM/sommelier-strangelove/src/components/_buttons/BaseButton"><failure message="Unexpected any. Specify a different type."><![CDATA[line 10, col 10, Warning - Unexpected any. Specify a different type. (@typescript-eslint/no-explicit-any)]]></failure></testcase>
<testcase time="0" name="org.eslint.@typescript-eslint/no-unused-vars" classname="/Users/henriots/Desktop/projektid/SOMM/sommelier-strangelove/src/components/_buttons/BaseButton"><failure message="&apos;variant&apos; is defined but never used."><![CDATA[line 17, col 12, Warning - &apos;variant&apos; is defined but never used. (@typescript-eslint/no-unused-vars)]]></failure></testcase>
</testsuite>
<testsuite package="org.eslint" time="0" tests="1" errors="0" name="/Users/henriots/Desktop/projektid/SOMM/sommelier-strangelove/src/components/_buttons/BondButton.tsx">
<testcase time="0" name="/Users/henriots/Desktop/projektid/SOMM/sommelier-strangelove/src/components/_buttons/BondButton.tsx" classname="/Users/henriots/Desktop/projektid/SOMM/sommelier-strangelove/src/components/_buttons/BondButton" />
</testsuite>
<testsuite package="org.eslint" time="0" tests="1" errors="0" name="/Users/henriots/Desktop/projektid/SOMM/sommelier-strangelove/src/components/_buttons/ChainButton.tsx">
<testcase time="0" name="/Users/henriots/Desktop/projektid/SOMM/sommelier-strangelove/src/components/_buttons/ChainButton.tsx" classname="/Users/henriots/Desktop/projektid/SOMM/sommelier-strangelove/src/components/_buttons/ChainButton" />
</testsuite>
<testsuite package="org.eslint" time="0" tests="1" errors="0" name="/Users/henriots/Desktop/projektid/SOMM/sommelier-strangelove/src/components/_buttons/ClaimButton.tsx">
<testcase time="0" name="/Users/henriots/Desktop/projektid/SOMM/sommelier-strangelove/src/components/_buttons/ClaimButton.tsx" classname="/Users/henriots/Desktop/projektid/SOMM/sommelier-strangelove/src/components/_buttons/ClaimButton" />
</testsuite>
<testsuite package="org.eslint" time="0" tests="8" errors="8" name="/Users/henriots/Desktop/projektid/SOMM/sommelier-strangelove/src/components/_buttons/ConnectButton/ConnectWalletPopover.tsx">
<testcase time="0" name="org.eslint.react/display-name" classname="/Users/henriots/Desktop/projektid/SOMM/sommelier-strangelove/src/components/_buttons/ConnectButton/ConnectWalletPopover"><failure message="Component definition is missing display name"><![CDATA[line 11, col 37, Error - Component definition is missing display name (react/display-name)]]></failure></testcase>
<testcase time="0" name="org.eslint.@typescript-eslint/no-unused-vars" classname="/Users/henriots/Desktop/projektid/SOMM/sommelier-strangelove/src/components/_buttons/ConnectButton/ConnectWalletPopover"><failure message="&apos;unstyled&apos; is defined but never used."><![CDATA[line 13, col 5, Warning - &apos;unstyled&apos; is defined but never used. (@typescript-eslint/no-unused-vars)]]></failure></testcase>
<testcase time="0" name="org.eslint.@typescript-eslint/no-unused-vars" classname="/Users/henriots/Desktop/projektid/SOMM/sommelier-strangelove/src/components/_buttons/ConnectButton/ConnectWalletPopover"><failure message="&apos;wagmiChainId&apos; is defined but never used."><![CDATA[line 15, col 5, Warning - &apos;wagmiChainId&apos; is defined but never used. (@typescript-eslint/no-unused-vars)]]></failure></testcase>
<testcase time="0" name="org.eslint.@typescript-eslint/no-unused-vars" classname="/Users/henriots/Desktop/projektid/SOMM/sommelier-strangelove/src/components/_buttons/ConnectButton/ConnectWalletPopover"><failure message="&apos;account&apos; is defined but never used."><![CDATA[line 38, col 11, Warning - &apos;account&apos; is defined but never used. (@typescript-eslint/no-unused-vars)]]></failure></testcase>
<testcase time="0" name="org.eslint.@typescript-eslint/no-unused-vars" classname="/Users/henriots/Desktop/projektid/SOMM/sommelier-strangelove/src/components/_buttons/ConnectButton/ConnectWalletPopover"><failure message="&apos;chain&apos; is defined but never used."><![CDATA[line 39, col 11, Warning - &apos;chain&apos; is defined but never used. (@typescript-eslint/no-unused-vars)]]></failure></testcase>
<testcase time="0" name="org.eslint.@typescript-eslint/no-unused-vars" classname="/Users/henriots/Desktop/projektid/SOMM/sommelier-strangelove/src/components/_buttons/ConnectButton/ConnectWalletPopover"><failure message="&apos;openAccountModal&apos; is defined but never used."><![CDATA[line 40, col 11, Warning - &apos;openAccountModal&apos; is defined but never used. (@typescript-eslint/no-unused-vars)]]></failure></testcase>
<testcase time="0" name="org.eslint.@typescript-eslint/no-unused-vars" classname="/Users/henriots/Desktop/projektid/SOMM/sommelier-strangelove/src/components/_buttons/ConnectButton/ConnectWalletPopover"><failure message="&apos;openChainModal&apos; is defined but never used."><![CDATA[line 41, col 11, Warning - &apos;openChainModal&apos; is defined but never used. (@typescript-eslint/no-unused-vars)]]></failure></testcase>
<testcase time="0" name="org.eslint.@typescript-eslint/no-unused-vars" classname="/Users/henriots/Desktop/projektid/SOMM/sommelier-strangelove/src/components/_buttons/ConnectButton/ConnectWalletPopover"><failure message="&apos;mounted&apos; is defined but never used."><![CDATA[line 43, col 11, Warning - &apos;mounted&apos; is defined but never used. (@typescript-eslint/no-unused-vars)]]></failure></testcase>
</testsuite>
<testsuite package="org.eslint" time="0" tests="1" errors="1" name="/Users/henriots/Desktop/projektid/SOMM/sommelier-strangelove/src/components/_buttons/ConnectButton/ConnectedPopover.tsx">
<testcase time="0" name="org.eslint.@typescript-eslint/no-unused-vars" classname="/Users/henriots/Desktop/projektid/SOMM/sommelier-strangelove/src/components/_buttons/ConnectButton/ConnectedPopover"><failure message="&apos;selectedStrategy&apos; is assigned a value but never used."><![CDATA[line 53, col 9, Warning - &apos;selectedStrategy&apos; is assigned a value but never used. (@typescript-eslint/no-unused-vars)]]></failure></testcase>
</testsuite>
<testsuite package="org.eslint" time="0" tests="2" errors="2" name="/Users/henriots/Desktop/projektid/SOMM/sommelier-strangelove/src/components/_buttons/ConnectButton/MobileConnectedPopover.tsx">
<testcase time="0" name="org.eslint.@typescript-eslint/no-unused-vars" classname="/Users/henriots/Desktop/projektid/SOMM/sommelier-strangelove/src/components/_buttons/ConnectButton/MobileConnectedPopover"><failure message="&apos;close&apos; is assigned a value but never used."><![CDATA[line 34, col 21, Warning - &apos;close&apos; is assigned a value but never used. (@typescript-eslint/no-unused-vars)]]></failure></testcase>
<testcase time="0" name="org.eslint.@typescript-eslint/no-unused-vars" classname="/Users/henriots/Desktop/projektid/SOMM/sommelier-strangelove/src/components/_buttons/ConnectButton/MobileConnectedPopover"><failure message="&apos;selectedStrategy&apos; is assigned a value but never used."><![CDATA[line 46, col 9, Warning - &apos;selectedStrategy&apos; is assigned a value but never used. (@typescript-eslint/no-unused-vars)]]></failure></testcase>
</testsuite>
<testsuite package="org.eslint" time="0" tests="1" errors="1" name="/Users/henriots/Desktop/projektid/SOMM/sommelier-strangelove/src/components/_buttons/ConnectButton/WalletDebugInfo.tsx">
<testcase time="0" name="org.eslint.@typescript-eslint/no-explicit-any" classname="/Users/henriots/Desktop/projektid/SOMM/sommelier-strangelove/src/components/_buttons/ConnectButton/WalletDebugInfo"><failure message="Unexpected any. Specify a different type."><![CDATA[line 19, col 46, Warning - Unexpected any. Specify a different type. (@typescript-eslint/no-explicit-any)]]></failure></testcase>
</testsuite>
<testsuite package="org.eslint" time="0" tests="2" errors="2" name="/Users/henriots/Desktop/projektid/SOMM/sommelier-strangelove/src/components/_buttons/ConnectButton/index.tsx">
<testcase time="0" name="org.eslint.@typescript-eslint/no-unused-vars" classname="/Users/henriots/Desktop/projektid/SOMM/sommelier-strangelove/src/components/_buttons/ConnectButton/index"><failure message="&apos;chainConfig&apos; is defined but never used."><![CDATA[line 11, col 3, Warning - &apos;chainConfig&apos; is defined but never used. (@typescript-eslint/no-unused-vars)]]></failure></testcase>
<testcase time="0" name="org.eslint.@typescript-eslint/no-unused-vars" classname="/Users/henriots/Desktop/projektid/SOMM/sommelier-strangelove/src/components/_buttons/ConnectButton/index"><failure message="&apos;chainId&apos; is defined but never used."><![CDATA[line 35, col 32, Warning - &apos;chainId&apos; is defined but never used. (@typescript-eslint/no-unused-vars)]]></failure></testcase>
</testsuite>
<testsuite package="org.eslint" time="0" tests="8" errors="8" name="/Users/henriots/Desktop/projektid/SOMM/sommelier-strangelove/src/components/_buttons/DepositAndWithdrawButton.tsx">
<testcase time="0" name="org.eslint.@typescript-eslint/no-unused-vars" classname="/Users/henriots/Desktop/projektid/SOMM/sommelier-strangelove/src/components/_buttons/DepositAndWithdrawButton"><failure message="&apos;Button&apos; is defined but never used."><![CDATA[line 10, col 3, Warning - &apos;Button&apos; is defined but never used. (@typescript-eslint/no-unused-vars)]]></failure></testcase>
<testcase time="0" name="org.eslint.@typescript-eslint/no-explicit-any" classname="/Users/henriots/Desktop/projektid/SOMM/sommelier-strangelove/src/components/_buttons/DepositAndWithdrawButton"><failure message="Unexpected any. Specify a different type."><![CDATA[line 23, col 8, Warning - Unexpected any. Specify a different type. (@typescript-eslint/no-explicit-any)]]></failure></testcase>
<testcase time="0" name="org.eslint.@typescript-eslint/no-explicit-any" classname="/Users/henriots/Desktop/projektid/SOMM/sommelier-strangelove/src/components/_buttons/DepositAndWithdrawButton"><failure message="Unexpected any. Specify a different type."><![CDATA[line 43, col 13, Warning - Unexpected any. Specify a different type. (@typescript-eslint/no-explicit-any)]]></failure></testcase>
<testcase time="0" name="org.eslint.@typescript-eslint/no-unused-vars" classname="/Users/henriots/Desktop/projektid/SOMM/sommelier-strangelove/src/components/_buttons/DepositAndWithdrawButton"><failure message="&apos;hasLPTokens&apos; is assigned a value but never used."><![CDATA[line 50, col 9, Warning - &apos;hasLPTokens&apos; is assigned a value but never used. (@typescript-eslint/no-unused-vars)]]></failure></testcase>
<testcase time="0" name="org.eslint.no-var" classname="/Users/henriots/Desktop/projektid/SOMM/sommelier-strangelove/src/components/_buttons/DepositAndWithdrawButton"><failure message="Unexpected var, use let or const instead."><![CDATA[line 90, col 3, Error - Unexpected var, use let or const instead. (no-var)]]></failure></testcase>
<testcase time="0" name="org.eslint.@typescript-eslint/no-explicit-any" classname="/Users/henriots/Desktop/projektid/SOMM/sommelier-strangelove/src/components/_buttons/DepositAndWithdrawButton"><failure message="Unexpected any. Specify a different type."><![CDATA[line 104, col 17, Warning - Unexpected any. Specify a different type. (@typescript-eslint/no-explicit-any)]]></failure></testcase>
<testcase time="0" name="org.eslint.@typescript-eslint/no-explicit-any" classname="/Users/henriots/Desktop/projektid/SOMM/sommelier-strangelove/src/components/_buttons/DepositAndWithdrawButton"><failure message="Unexpected any. Specify a different type."><![CDATA[line 120, col 17, Warning - Unexpected any. Specify a different type. (@typescript-eslint/no-explicit-any)]]></failure></testcase>
<testcase time="0" name="org.eslint.@typescript-eslint/no-unused-vars" classname="/Users/henriots/Desktop/projektid/SOMM/sommelier-strangelove/src/components/_buttons/DepositAndWithdrawButton"><failure message="&apos;openOracleModal&apos; is assigned a value but never used."><![CDATA[line 182, col 9, Warning - &apos;openOracleModal&apos; is assigned a value but never used. (@typescript-eslint/no-unused-vars)]]></failure></testcase>
</testsuite>
<testsuite package="org.eslint" time="0" tests="2" errors="2" name="/Users/henriots/Desktop/projektid/SOMM/sommelier-strangelove/src/components/_buttons/DepositButton.tsx">
<testcase time="0" name="org.eslint.@typescript-eslint/no-unused-vars" classname="/Users/henriots/Desktop/projektid/SOMM/sommelier-strangelove/src/components/_buttons/DepositButton"><failure message="&apos;openOracleModal&apos; is assigned a value but never used."><![CDATA[line 26, col 9, Warning - &apos;openOracleModal&apos; is assigned a value but never used. (@typescript-eslint/no-unused-vars)]]></failure></testcase>
<testcase time="0" name="org.eslint.@typescript-eslint/no-unused-vars" classname="/Users/henriots/Desktop/projektid/SOMM/sommelier-strangelove/src/components/_buttons/DepositButton"><failure message="&apos;cellarData&apos; is assigned a value but never used."><![CDATA[line 31, col 9, Warning - &apos;cellarData&apos; is assigned a value but never used. (@typescript-eslint/no-unused-vars)]]></failure></testcase>
</testsuite>
<testsuite package="org.eslint" time="0" tests="1" errors="0" name="/Users/henriots/Desktop/projektid/SOMM/sommelier-strangelove/src/components/_buttons/SecondaryButton.tsx">
<testcase time="0" name="/Users/henriots/Desktop/projektid/SOMM/sommelier-strangelove/src/components/_buttons/SecondaryButton.tsx" classname="/Users/henriots/Desktop/projektid/SOMM/sommelier-strangelove/src/components/_buttons/SecondaryButton" />
</testsuite>
<testsuite package="org.eslint" time="0" tests="1" errors="0" name="/Users/henriots/Desktop/projektid/SOMM/sommelier-strangelove/src/components/_buttons/TertiaryButton.tsx">
<testcase time="0" name="/Users/henriots/Desktop/projektid/SOMM/sommelier-strangelove/src/components/_buttons/TertiaryButton.tsx" classname="/Users/henriots/Desktop/projektid/SOMM/sommelier-strangelove/src/components/_buttons/TertiaryButton" />
</testsuite>
<testsuite package="org.eslint" time="0" tests="1" errors="0" name="/Users/henriots/Desktop/projektid/SOMM/sommelier-strangelove/src/components/_buttons/UnbondButton.tsx">
<testcase time="0" name="/Users/henriots/Desktop/projektid/SOMM/sommelier-strangelove/src/components/_buttons/UnbondButton.tsx" classname="/Users/henriots/Desktop/projektid/SOMM/sommelier-strangelove/src/components/_buttons/UnbondButton" />
</testsuite>
<testsuite package="org.eslint" time="0" tests="1" errors="0" name="/Users/henriots/Desktop/projektid/SOMM/sommelier-strangelove/src/components/_buttons/UnstakeButton.tsx">
<testcase time="0" name="/Users/henriots/Desktop/projektid/SOMM/sommelier-strangelove/src/components/_buttons/UnstakeButton.tsx" classname="/Users/henriots/Desktop/projektid/SOMM/sommelier-strangelove/src/components/_buttons/UnstakeButton" />
</testsuite>
<testsuite package="org.eslint" time="0" tests="3" errors="3" name="/Users/henriots/Desktop/projektid/SOMM/sommelier-strangelove/src/components/_buttons/VaultActionButton.tsx">
<testcase time="0" name="org.eslint.@typescript-eslint/no-unused-vars" classname="/Users/henriots/Desktop/projektid/SOMM/sommelier-strangelove/src/components/_buttons/VaultActionButton"><failure message="&apos;Button&apos; is defined but never used."><![CDATA[line 2, col 3, Warning - &apos;Button&apos; is defined but never used. (@typescript-eslint/no-unused-vars)]]></failure></testcase>
[...]
<testcase time="0" name="org.eslint.@typescript-eslint/no-explicit-any" classname="/Users/henriots/Desktop/projektid/SOMM/sommelier-strangelove/src/vendor/ignite/gravity.v1/module"><failure message="Unexpected any. Specify a different type."><![CDATA[line 294, col 19, Warning - Unexpected any. Specify a different type. (@typescript-eslint/no-explicit-any)]]></failure></testcase>
<testcase time="0" name="org.eslint.prefer-const" classname="/Users/henriots/Desktop/projektid/SOMM/sommelier-strangelove/src/vendor/ignite/gravity.v1/module"><failure message="&apos;msg&apos; is never reassigned. Use &apos;const&apos; instead."><![CDATA[line 320, col 13, Error - &apos;msg&apos; is never reassigned. Use &apos;const&apos; instead. (prefer-const)]]></failure></testcase>
<testcase time="0" name="org.eslint.@typescript-eslint/no-explicit-any" classname="/Users/henriots/Desktop/projektid/SOMM/sommelier-strangelove/src/vendor/ignite/gravity.v1/module"><failure message="Unexpected any. Specify a different type."><![CDATA[line 329, col 19, Warning - Unexpected any. Specify a different type. (@typescript-eslint/no-explicit-any)]]></failure></testcase>
<testcase time="0" name="org.eslint.prefer-const" classname="/Users/henriots/Desktop/projektid/SOMM/sommelier-strangelove/src/vendor/ignite/gravity.v1/module"><failure message="&apos;msg&apos; is never reassigned. Use &apos;const&apos; instead."><![CDATA[line 383, col 13, Error - &apos;msg&apos; is never reassigned. Use &apos;const&apos; instead. (prefer-const)]]></failure></testcase>
<testcase time="0" name="org.eslint.@typescript-eslint/no-explicit-any" classname="/Users/henriots/Desktop/projektid/SOMM/sommelier-strangelove/src/vendor/ignite/gravity.v1/module"><failure message="Unexpected any. Specify a different type."><![CDATA[line 392, col 19, Warning - Unexpected any. Specify a different type. (@typescript-eslint/no-explicit-any)]]></failure></testcase>
<testcase time="0" name="org.eslint.prefer-const" classname="/Users/henriots/Desktop/projektid/SOMM/sommelier-strangelove/src/vendor/ignite/gravity.v1/module"><failure message="&apos;msg&apos; is never reassigned. Use &apos;const&apos; instead."><![CDATA[line 418, col 13, Error - &apos;msg&apos; is never reassigned. Use &apos;const&apos; instead. (prefer-const)]]></failure></testcase>
<testcase time="0" name="org.eslint.@typescript-eslint/no-explicit-any" classname="/Users/henriots/Desktop/projektid/SOMM/sommelier-strangelove/src/vendor/ignite/gravity.v1/module"><failure message="Unexpected any. Specify a different type."><![CDATA[line 427, col 19, Warning - Unexpected any. Specify a different type. (@typescript-eslint/no-explicit-any)]]></failure></testcase>
<testcase time="0" name="org.eslint.@typescript-eslint/no-explicit-any" classname="/Users/henriots/Desktop/projektid/SOMM/sommelier-strangelove/src/vendor/ignite/gravity.v1/module"><failure message="Unexpected any. Specify a different type."><![CDATA[line 443, col 19, Warning - Unexpected any. Specify a different type. (@typescript-eslint/no-explicit-any)]]></failure></testcase>
<testcase time="0" name="org.eslint.@typescript-eslint/no-explicit-any" classname="/Users/henriots/Desktop/projektid/SOMM/sommelier-strangelove/src/vendor/ignite/gravity.v1/module"><failure message="Unexpected any. Specify a different type."><![CDATA[line 459, col 19, Warning - Unexpected any. Specify a different type. (@typescript-eslint/no-explicit-any)]]></failure></testcase>
<testcase time="0" name="org.eslint.@typescript-eslint/no-explicit-any" classname="/Users/henriots/Desktop/projektid/SOMM/sommelier-strangelove/src/vendor/ignite/gravity.v1/module"><failure message="Unexpected any. Specify a different type."><![CDATA[line 475, col 19, Warning - Unexpected any. Specify a different type. (@typescript-eslint/no-explicit-any)]]></failure></testcase>
<testcase time="0" name="org.eslint.@typescript-eslint/no-explicit-any" classname="/Users/henriots/Desktop/projektid/SOMM/sommelier-strangelove/src/vendor/ignite/gravity.v1/module"><failure message="Unexpected any. Specify a different type."><![CDATA[line 489, col 19, Warning - Unexpected any. Specify a different type. (@typescript-eslint/no-explicit-any)]]></failure></testcase>
<testcase time="0" name="org.eslint.@typescript-eslint/no-explicit-any" classname="/Users/henriots/Desktop/projektid/SOMM/sommelier-strangelove/src/vendor/ignite/gravity.v1/module"><failure message="Unexpected any. Specify a different type."><![CDATA[line 505, col 19, Warning - Unexpected any. Specify a different type. (@typescript-eslint/no-explicit-any)]]></failure></testcase>
<testcase time="0" name="org.eslint.@typescript-eslint/no-explicit-any" classname="/Users/henriots/Desktop/projektid/SOMM/sommelier-strangelove/src/vendor/ignite/gravity.v1/module"><failure message="Unexpected any. Specify a different type."><![CDATA[line 521, col 19, Warning - Unexpected any. Specify a different type. (@typescript-eslint/no-explicit-any)]]></failure></testcase>
<testcase time="0" name="org.eslint.@typescript-eslint/no-explicit-any" classname="/Users/henriots/Desktop/projektid/SOMM/sommelier-strangelove/src/vendor/ignite/gravity.v1/module"><failure message="Unexpected any. Specify a different type."><![CDATA[line 537, col 19, Warning - Unexpected any. Specify a different type. (@typescript-eslint/no-explicit-any)]]></failure></testcase>
<testcase time="0" name="org.eslint.@typescript-eslint/no-unused-vars" classname="/Users/henriots/Desktop/projektid/SOMM/sommelier-strangelove/src/vendor/ignite/gravity.v1/module"><failure message="&apos;signer&apos; is defined but never used."><![CDATA[line 624, col 34, Warning - &apos;signer&apos; is defined but never used. (@typescript-eslint/no-unused-vars)]]></failure></testcase>
<testcase time="0" name="org.eslint.prefer-const" classname="/Users/henriots/Desktop/projektid/SOMM/sommelier-strangelove/src/vendor/ignite/gravity.v1/module"><failure message="&apos;m&apos; is never reassigned. Use &apos;const&apos; instead."><![CDATA[line 636, col 14, Error - &apos;m&apos; is never reassigned. Use &apos;const&apos; instead. (prefer-const)]]></failure></testcase>
</testsuite>
<testsuite package="org.eslint" time="0" tests="1" errors="0" name="/Users/henriots/Desktop/projektid/SOMM/sommelier-strangelove/src/vendor/ignite/gravity.v1/registry.ts">
<testcase time="0" name="/Users/henriots/Desktop/projektid/SOMM/sommelier-strangelove/src/vendor/ignite/gravity.v1/registry.ts" classname="/Users/henriots/Desktop/projektid/SOMM/sommelier-strangelove/src/vendor/ignite/gravity.v1/registry" />
</testsuite>
<testsuite package="org.eslint" time="0" tests="1" errors="1" name="/Users/henriots/Desktop/projektid/SOMM/sommelier-strangelove/src/vendor/ignite/gravity.v1/rest.ts">
<testcase time="0" name="org.eslint.@typescript-eslint/ban-ts-comment" classname="/Users/henriots/Desktop/projektid/SOMM/sommelier-strangelove/src/vendor/ignite/gravity.v1/rest"><failure message="Do not use &quot;@ts-nocheck&quot; because it alters compilation errors."><![CDATA[line 1, col 1, Error - Do not use &quot;@ts-nocheck&quot; because it alters compilation errors. (@typescript-eslint/ban-ts-comment)]]></failure></testcase>
</testsuite>
<testsuite package="org.eslint" time="0" tests="1" errors="0" name="/Users/henriots/Desktop/projektid/SOMM/sommelier-strangelove/src/vendor/ignite/gravity.v1/types.ts">
<testcase time="0" name="/Users/henriots/Desktop/projektid/SOMM/sommelier-strangelove/src/vendor/ignite/gravity.v1/types.ts" classname="/Users/henriots/Desktop/projektid/SOMM/sommelier-strangelove/src/vendor/ignite/gravity.v1/types" />
</testsuite>
<testsuite package="org.eslint" time="0" tests="1" errors="0" name="/Users/henriots/Desktop/projektid/SOMM/sommelier-strangelove/src/vendor/ignite/gravity.v1/types/cosmos/base/query/v1beta1/pagination.ts">
<testcase time="0" name="/Users/henriots/Desktop/projektid/SOMM/sommelier-strangelove/src/vendor/ignite/gravity.v1/types/cosmos/base/query/v1beta1/pagination.ts" classname="/Users/henriots/Desktop/projektid/SOMM/sommelier-strangelove/src/vendor/ignite/gravity.v1/types/cosmos/base/query/v1beta1/pagination" />
</testsuite>
<testsuite package="org.eslint" time="0" tests="1" errors="0" name="/Users/henriots/Desktop/projektid/SOMM/sommelier-strangelove/src/vendor/ignite/gravity.v1/types/cosmos/base/v1beta1/coin.ts">
<testcase time="0" name="/Users/henriots/Desktop/projektid/SOMM/sommelier-strangelove/src/vendor/ignite/gravity.v1/types/cosmos/base/v1beta1/coin.ts" classname="/Users/henriots/Desktop/projektid/SOMM/sommelier-strangelove/src/vendor/ignite/gravity.v1/types/cosmos/base/v1beta1/coin" />
</testsuite>
<testsuite package="org.eslint" time="0" tests="1" errors="0" name="/Users/henriots/Desktop/projektid/SOMM/sommelier-strangelove/src/vendor/ignite/gravity.v1/types/cosmos_proto/cosmos.ts">
<testcase time="0" name="/Users/henriots/Desktop/projektid/SOMM/sommelier-strangelove/src/vendor/ignite/gravity.v1/types/cosmos_proto/cosmos.ts" classname="/Users/henriots/Desktop/projektid/SOMM/sommelier-strangelove/src/vendor/ignite/gravity.v1/types/cosmos_proto/cosmos" />
</testsuite>
<testsuite package="org.eslint" time="0" tests="1" errors="0" name="/Users/henriots/Desktop/projektid/SOMM/sommelier-strangelove/src/vendor/ignite/gravity.v1/types/gogoproto/gogo.ts">
<testcase time="0" name="/Users/henriots/Desktop/projektid/SOMM/sommelier-strangelove/src/vendor/ignite/gravity.v1/types/gogoproto/gogo.ts" classname="/Users/henriots/Desktop/projektid/SOMM/sommelier-strangelove/src/vendor/ignite/gravity.v1/types/gogoproto/gogo" />
</testsuite>
<testsuite package="org.eslint" time="0" tests="1" errors="0" name="/Users/henriots/Desktop/projektid/SOMM/sommelier-strangelove/src/vendor/ignite/gravity.v1/types/google/api/annotations.ts">
<testcase time="0" name="/Users/henriots/Desktop/projektid/SOMM/sommelier-strangelove/src/vendor/ignite/gravity.v1/types/google/api/annotations.ts" classname="/Users/henriots/Desktop/projektid/SOMM/sommelier-strangelove/src/vendor/ignite/gravity.v1/types/google/api/annotations" />
</testsuite>
<testsuite package="org.eslint" time="0" tests="1" errors="0" name="/Users/henriots/Desktop/projektid/SOMM/sommelier-strangelove/src/vendor/ignite/gravity.v1/types/google/api/http.ts">
<testcase time="0" name="/Users/henriots/Desktop/projektid/SOMM/sommelier-strangelove/src/vendor/ignite/gravity.v1/types/google/api/http.ts" classname="/Users/henriots/Desktop/projektid/SOMM/sommelier-strangelove/src/vendor/ignite/gravity.v1/types/google/api/http" />
</testsuite>
<testsuite package="org.eslint" time="0" tests="1" errors="0" name="/Users/henriots/Desktop/projektid/SOMM/sommelier-strangelove/src/vendor/ignite/gravity.v1/types/google/protobuf/any.ts">
<testcase time="0" name="/Users/henriots/Desktop/projektid/SOMM/sommelier-strangelove/src/vendor/ignite/gravity.v1/types/google/protobuf/any.ts" classname="/Users/henriots/Desktop/projektid/SOMM/sommelier-strangelove/src/vendor/ignite/gravity.v1/types/google/protobuf/any" />
</testsuite>
<testsuite package="org.eslint" time="0" tests="1" errors="0" name="/Users/henriots/Desktop/projektid/SOMM/sommelier-strangelove/src/vendor/ignite/gravity.v1/types/google/protobuf/descriptor.ts">
<testcase time="0" name="/Users/henriots/Desktop/projektid/SOMM/sommelier-strangelove/src/vendor/ignite/gravity.v1/types/google/protobuf/descriptor.ts" classname="/Users/henriots/Desktop/projektid/SOMM/sommelier-strangelove/src/vendor/ignite/gravity.v1/types/google/protobuf/descriptor" />
</testsuite>
<testsuite package="org.eslint" time="0" tests="1" errors="0" name="/Users/henriots/Desktop/projektid/SOMM/sommelier-strangelove/src/vendor/ignite/gravity.v1/types/gravity/v1/genesis.ts">
<testcase time="0" name="/Users/henriots/Desktop/projektid/SOMM/sommelier-strangelove/src/vendor/ignite/gravity.v1/types/gravity/v1/genesis.ts" classname="/Users/henriots/Desktop/projektid/SOMM/sommelier-strangelove/src/vendor/ignite/gravity.v1/types/gravity/v1/genesis" />
</testsuite>
<testsuite package="org.eslint" time="0" tests="1" errors="0" name="/Users/henriots/Desktop/projektid/SOMM/sommelier-strangelove/src/vendor/ignite/gravity.v1/types/gravity/v1/gravity.ts">
<testcase time="0" name="/Users/henriots/Desktop/projektid/SOMM/sommelier-strangelove/src/vendor/ignite/gravity.v1/types/gravity/v1/gravity.ts" classname="/Users/henriots/Desktop/projektid/SOMM/sommelier-strangelove/src/vendor/ignite/gravity.v1/types/gravity/v1/gravity" />
</testsuite>
<testsuite package="org.eslint" time="0" tests="1" errors="0" name="/Users/henriots/Desktop/projektid/SOMM/sommelier-strangelove/src/vendor/ignite/gravity.v1/types/gravity/v1/msgs.ts">
<testcase time="0" name="/Users/henriots/Desktop/projektid/SOMM/sommelier-strangelove/src/vendor/ignite/gravity.v1/types/gravity/v1/msgs.ts" classname="/Users/henriots/Desktop/projektid/SOMM/sommelier-strangelove/src/vendor/ignite/gravity.v1/types/gravity/v1/msgs" />
</testsuite>
<testsuite package="org.eslint" time="0" tests="1" errors="0" name="/Users/henriots/Desktop/projektid/SOMM/sommelier-strangelove/src/vendor/ignite/gravity.v1/types/gravity/v1/query.ts">
<testcase time="0" name="/Users/henriots/Desktop/projektid/SOMM/sommelier-strangelove/src/vendor/ignite/gravity.v1/types/gravity/v1/query.ts" classname="/Users/henriots/Desktop/projektid/SOMM/sommelier-strangelove/src/vendor/ignite/gravity.v1/types/gravity/v1/query" />
</testsuite>
<testsuite package="org.eslint" time="0" tests="8" errors="8" name="/Users/henriots/Desktop/projektid/SOMM/sommelier-strangelove/src/vendor/ignite/helpers.ts">
<testcase time="0" name="org.eslint.@typescript-eslint/ban-ts-comment" classname="/Users/henriots/Desktop/projektid/SOMM/sommelier-strangelove/src/vendor/ignite/helpers"><failure message="Do not use &quot;@ts-nocheck&quot; because it alters compilation errors."><![CDATA[line 1, col 1, Error - Do not use &quot;@ts-nocheck&quot; because it alters compilation errors. (@typescript-eslint/ban-ts-comment)]]></failure></testcase>
<testcase time="0" name="org.eslint.@typescript-eslint/no-explicit-any" classname="/Users/henriots/Desktop/projektid/SOMM/sommelier-strangelove/src/vendor/ignite/helpers"><failure message="Unexpected any. Specify a different type."><![CDATA[line 2, col 44, Warning - Unexpected any. Specify a different type. (@typescript-eslint/no-explicit-any)]]></failure></testcase>
<testcase time="0" name="org.eslint.@typescript-eslint/no-explicit-any" classname="/Users/henriots/Desktop/projektid/SOMM/sommelier-strangelove/src/vendor/ignite/helpers"><failure message="Unexpected any. Specify a different type."><![CDATA[line 4, col 37, Warning - Unexpected any. Specify a different type. (@typescript-eslint/no-explicit-any)]]></failure></testcase>
<testcase time="0" name="org.eslint.@typescript-eslint/no-explicit-any" classname="/Users/henriots/Desktop/projektid/SOMM/sommelier-strangelove/src/vendor/ignite/helpers"><failure message="Unexpected any. Specify a different type."><![CDATA[line 4, col 45, Warning - Unexpected any. Specify a different type. (@typescript-eslint/no-explicit-any)]]></failure></testcase>
<testcase time="0" name="org.eslint.@typescript-eslint/no-explicit-any" classname="/Users/henriots/Desktop/projektid/SOMM/sommelier-strangelove/src/vendor/ignite/helpers"><failure message="Unexpected any. Specify a different type."><![CDATA[line 7, col 17, Warning - Unexpected any. Specify a different type. (@typescript-eslint/no-explicit-any)]]></failure></testcase>
<testcase time="0" name="org.eslint.prefer-const" classname="/Users/henriots/Desktop/projektid/SOMM/sommelier-strangelove/src/vendor/ignite/helpers"><failure message="&apos;structure&apos; is never reassigned. Use &apos;const&apos; instead."><![CDATA[line 21, col 7, Error - &apos;structure&apos; is never reassigned. Use &apos;const&apos; instead. (prefer-const)]]></failure></testcase>
<testcase time="0" name="org.eslint.prefer-const" classname="/Users/henriots/Desktop/projektid/SOMM/sommelier-strangelove/src/vendor/ignite/helpers"><failure message="&apos;field&apos; is never reassigned. Use &apos;const&apos; instead."><![CDATA[line 23, col 9, Error - &apos;field&apos; is never reassigned. Use &apos;const&apos; instead. (prefer-const)]]></failure></testcase>
<testcase time="0" name="org.eslint.@typescript-eslint/no-explicit-any" classname="/Users/henriots/Desktop/projektid/SOMM/sommelier-strangelove/src/vendor/ignite/helpers"><failure message="Unexpected any. Specify a different type."><![CDATA[line 23, col 16, Warning - Unexpected any. Specify a different type. (@typescript-eslint/no-explicit-any)]]></failure></testcase>
</testsuite>
<testsuite package="org.eslint" time="0" tests="1" errors="0" name="/Users/henriots/Desktop/projektid/SOMM/sommelier-strangelove/src/vendor/ignite/index.ts">
<testcase time="0" name="/Users/henriots/Desktop/projektid/SOMM/sommelier-strangelove/src/vendor/ignite/index.ts" classname="/Users/henriots/Desktop/projektid/SOMM/sommelier-strangelove/src/vendor/ignite/index" />
</testsuite>
<testsuite package="org.eslint" time="0" tests="1" errors="1" name="/Users/henriots/Desktop/projektid/SOMM/sommelier-strangelove/src/vendor/ignite/modules.ts">
<testcase time="0" name="org.eslint.@typescript-eslint/no-explicit-any" classname="/Users/henriots/Desktop/projektid/SOMM/sommelier-strangelove/src/vendor/ignite/modules"><failure message="Unexpected any. Specify a different type."><![CDATA[line 4, col 48, Warning - Unexpected any. Specify a different type. (@typescript-eslint/no-explicit-any)]]></failure></testcase>
</testsuite>
<testsuite package="org.eslint" time="0" tests="1" errors="0" name="/Users/henriots/Desktop/projektid/SOMM/sommelier-strangelove/types.d.ts">
<testcase time="0" name="/Users/henriots/Desktop/projektid/SOMM/sommelier-strangelove/types.d.ts" classname="/Users/henriots/Desktop/projektid/SOMM/sommelier-strangelove/types.d" />
</testsuite>
<testsuite package="org.eslint" time="0" tests="1" errors="1" name="/Users/henriots/Desktop/projektid/SOMM/sommelier-strangelove/vercel-kv.d..ts">
<testcase time="0" name="org.eslint.unknown" classname="/Users/henriots/Desktop/projektid/SOMM/sommelier-strangelove/vercel-kv.d."><error message="Parsing error: ESLint was configured to run on `&lt;tsconfigRootDir&gt;/vercel-kv.d..ts` using `parserOptions.project`: /users/henriots/desktop/projektid/somm/sommelier-strangelove/tsconfig.json&#10;However, that TSConfig does not include this file. Either:&#10;- Change ESLint&apos;s list of included files to not include this file&#10;- Change that TSConfig to include this file&#10;- Create a new TSConfig that includes this file and include it in your parserOptions.project&#10;See the typescript-eslint docs for more info: https://typescript-eslint.io/linting/troubleshooting#i-get-errors-telling-me-eslint-was-configured-to-run--however-that-tsconfig-does-not--none-of-those-tsconfigs-include-this-file"><![CDATA[line 0, col 0, Error - Parsing error: ESLint was configured to run on `&lt;tsconfigRootDir&gt;/vercel-kv.d..ts` using `parserOptions.project`: /users/henriots/desktop/projektid/somm/sommelier-strangelove/tsconfig.json&#10;However, that TSConfig does not include this file. Either:&#10;- Change ESLint&apos;s list of included files to not include this file&#10;- Change that TSConfig to include this file&#10;- Create a new TSConfig that includes this file and include it in your parserOptions.project&#10;See the typescript-eslint docs for more info: https://typescript-eslint.io/linting/troubleshooting#i-get-errors-telling-me-eslint-was-configured-to-run--however-that-tsconfig-does-not--none-of-those-tsconfigs-include-this-file]]></error></testcase>
</testsuite>
</testsuites>
