TN:
SF:src/abi/types/CellarRouterV0815.ts
FNF:0
FNH:0
DA:1,0
LF:1
LH:0
BRF:0
BRH:0
end_of_record
TN:
SF:src/abi/types/CellarRouterV0816.ts
FNF:0
FNH:0
DA:1,0
LF:1
LH:0
BRF:0
BRH:0
end_of_record
TN:
SF:src/abi/types/CellarStakingV0815.ts
FNF:0
FNH:0
DA:1,0
LF:1
LH:0
BRF:0
BRH:0
end_of_record
TN:
SF:src/abi/types/CellarStakingV0821.ts
FNF:0
FNH:0
DA:1,0
LF:1
LH:0
BRF:0
BRH:0
end_of_record
TN:
SF:src/abi/types/CellarV0815.ts
FNF:0
FNH:0
DA:1,0
LF:1
LH:0
BRF:0
BRH:0
end_of_record
TN:
SF:src/abi/types/CellarV0816.ts
FNF:0
FNH:0
DA:1,0
LF:1
LH:0
BRF:0
BRH:0
end_of_record
TN:
SF:src/abi/types/CellarV0821.ts
FNF:0
FNH:0
DA:1,0
LF:1
LH:0
BRF:0
BRH:0
end_of_record
TN:
SF:src/abi/types/CellarV0821MultiDeposit.ts
FNF:0
FNH:0
DA:1,0
LF:1
LH:0
BRF:0
BRH:0
end_of_record
TN:
SF:src/abi/types/EnsoRouter.ts
FNF:0
FNH:0
DA:1,0
LF:1
LH:0
BRF:0
BRH:0
end_of_record
TN:
SF:src/abi/types/GravityBridge.ts
FNF:0
FNH:0
DA:1,0
LF:1
LH:0
BRF:0
BRH:0
end_of_record
TN:
SF:src/abi/types/MerkleRewards.ts
FNF:0
FNH:0
DA:1,0
LF:1
LH:0
BRF:0
BRH:0
end_of_record
TN:
SF:src/abi/types/PriceRouter.ts
FNF:0
FNH:0
DA:1,0
LF:1
LH:0
BRF:0
BRH:0
end_of_record
TN:
SF:src/abi/types/WithdrawQueue.ts
FNF:0
FNH:0
DA:1,0
LF:1
LH:0
BRF:0
BRH:0
end_of_record
TN:
SF:src/abi/types/BoringVault/AccountantWithRateProviders.ts
FNF:0
FNH:0
DA:1,0
LF:1
LH:0
BRF:0
BRH:0
end_of_record
TN:
SF:src/abi/types/BoringVault/ArcticArchitectureLens.ts
FNF:0
FNH:0
DA:1,0
LF:1
LH:0
BRF:0
BRH:0
end_of_record
TN:
SF:src/abi/types/BoringVault/BoringOnChainQueue.ts
FNF:0
FNH:0
DA:1,0
LF:1
LH:0
BRF:0
BRH:0
end_of_record
TN:
SF:src/abi/types/BoringVault/BoringVault.ts
FNF:0
FNH:0
DA:1,0
LF:1
LH:0
BRF:0
BRH:0
end_of_record
TN:
SF:src/abi/types/BoringVault/TellerWithLayerZero.ts
FNF:0
FNH:0
DA:1,0
LF:1
LH:0
BRF:0
BRH:0
end_of_record
TN:
SF:src/components/AlertDialog.tsx
FN:13,(anonymous_0)
FNF:1
FNH:0
FNDA:0,(anonymous_0)
DA:1,0
DA:10,0
DA:11,0
DA:13,0
DA:14,0
DA:15,0
DA:17,0
DA:18,0
DA:21,0
LF:9
LH:0
BRDA:17,0,0,0
BRDA:30,1,0,0
BRDA:30,1,1,0
BRF:3
BRH:0
end_of_record
TN:
SF:src/components/Apy.tsx
FN:8,(anonymous_0)
FNF:1
FNH:0
FNDA:0,(anonymous_0)
DA:1,0
DA:8,0
DA:9,0
LF:3
LH:0
BRF:0
BRH:0
end_of_record
TN:
SF:src/components/BackgroundAssets.tsx
FN:4,(anonymous_0)
FNF:1
FNH:0
FNDA:0,(anonymous_0)
DA:1,0
DA:4,0
DA:5,0
LF:3
LH:0
BRF:0
BRH:0
end_of_record
TN:
SF:src/components/BreadCrumb.tsx
FN:15,(anonymous_0)
FNF:1
FNH:0
FNDA:0,(anonymous_0)
DA:2,0
DA:7,0
DA:8,0
DA:15,0
DA:26,0
LF:5
LH:0
BRF:0
BRH:0
end_of_record
TN:
SF:src/components/CardStat.tsx
FN:20,(anonymous_0)
FNF:1
FNH:0
FNDA:0,(anonymous_0)
DA:2,0
DA:10,0
DA:11,0
DA:20,0
DA:28,0
LF:5
LH:0
BRDA:46,0,0,0
BRDA:46,0,1,0
BRF:2
BRH:0
end_of_record
TN:
SF:src/components/CardStatColumn.tsx
FN:5,(anonymous_0)
FNF:1
FNH:0
FNDA:0,(anonymous_0)
DA:1,0
DA:3,0
DA:5,0
DA:6,0
LF:4
LH:0
BRF:0
BRH:0
end_of_record
TN:
SF:src/components/CardStatRow.tsx
FN:5,(anonymous_0)
FNF:1
FNH:0
FNDA:0,(anonymous_0)
DA:1,0
DA:3,0
DA:5,0
DA:6,0
LF:4
LH:0
BRF:0
BRH:0
end_of_record
TN:
SF:src/components/CellarStatsAutomated.tsx
FN:27,(anonymous_0)
FNF:1
FNH:0
FNDA:0,(anonymous_0)
DA:2,0
DA:12,0
DA:13,0
DA:14,0
DA:15,0
DA:20,0
DA:21,0
DA:27,0
DA:31,0
DA:36,0
DA:39,0
DA:40,0
DA:42,0
LF:13
LH:0
BRDA:60,0,0,0
BRDA:60,0,1,0
BRDA:60,1,0,0
BRDA:60,1,1,0
BRDA:75,2,0,0
BRDA:75,2,1,0
BRF:6
BRH:0
end_of_record
TN:
SF:src/components/CellarStatsYield.tsx
FN:30,(anonymous_0)
FNF:1
FNH:0
FNDA:0,(anonymous_0)
DA:2,0
DA:12,0
DA:13,0
DA:14,0
DA:15,0
DA:16,0
DA:17,0
DA:18,0
DA:19,0
DA:30,0
DA:34,0
DA:35,0
DA:41,0
DA:46,0
DA:47,0
DA:49,0
DA:50,0
DA:53,0
DA:56,0
DA:59,0
DA:64,0
DA:66,0
LF:22
LH:0
BRDA:49,0,0,0
BRDA:49,0,1,0
BRDA:50,1,0,0
BRDA:50,1,1,0
BRDA:53,2,0,0
BRDA:53,2,1,0
BRDA:56,3,0,0
BRDA:56,3,1,0
BRDA:59,4,0,0
BRDA:59,4,1,0
BRDA:83,5,0,0
BRDA:83,5,1,0
BRDA:98,6,0,0
BRDA:98,6,1,0
BRDA:102,7,0,0
BRDA:102,7,1,0
BRDA:117,8,0,0
BRDA:117,8,1,0
BRDA:119,9,0,0
BRDA:119,9,1,0
BRDA:119,10,0,0
BRDA:119,10,1,0
BRDA:127,11,0,0
BRDA:127,11,1,0
BRDA:129,12,0,0
BRDA:129,12,1,0
BRDA:134,13,0,0
BRDA:134,13,1,0
BRDA:137,14,0,0
BRDA:137,14,1,0
BRDA:141,15,0,0
BRDA:141,15,1,0
BRDA:141,15,2,0
BRDA:161,16,0,0
BRDA:161,16,1,0
BRF:35
BRH:0
end_of_record
TN:
SF:src/components/ChainSelector.tsx
FN:8,(anonymous_0)
FN:14,(anonymous_1)
FNF:2
FNH:0
FNDA:0,(anonymous_0)
FNDA:0,(anonymous_1)
DA:2,0
DA:8,0
DA:12,0
DA:15,0
LF:4
LH:0
BRF:0
BRH:0
end_of_record
TN:
SF:src/components/ClientOnly.tsx
FN:9,(anonymous_0)
FN:12,(anonymous_1)
FNF:2
FNH:0
FNDA:0,(anonymous_0)
FNDA:0,(anonymous_1)
DA:1,0
DA:9,0
DA:10,0
DA:12,0
DA:13,0
DA:16,0
DA:19,0
LF:7
LH:0
BRDA:16,0,0,0
BRDA:16,0,1,0
BRF:2
BRH:0
end_of_record
TN:
SF:src/components/CurrentDeposits.tsx
FN:6,(anonymous_10)
FN:6,(anonymous_11)
FN:18,(anonymous_12)
FN:26,(anonymous_13)
FNF:4
FNH:0
FNDA:0,(anonymous_10)
FNDA:0,(anonymous_11)
FNDA:0,(anonymous_12)
FNDA:0,(anonymous_13)
DA:2,0
DA:3,0
DA:4,0
DA:5,0
DA:6,0
DA:18,0
DA:23,0
DA:24,0
DA:26,0
DA:27,0
DA:29,0
DA:30,0
DA:33,0
DA:36,0
LF:14
LH:0
BRDA:24,0,0,0
BRDA:24,0,1,0
BRDA:27,1,0,0
BRDA:33,2,0,0
BRDA:33,2,1,0
BRDA:59,3,0,0
BRDA:59,3,1,0
BRF:7
BRH:0
end_of_record
TN:
SF:src/components/GridHome.tsx
FN:3,(anonymous_0)
FNF:1
FNH:0
FNDA:0,(anonymous_0)
DA:1,0
DA:3,0
DA:7,0
LF:3
LH:0
BRF:0
BRH:0
end_of_record
TN:
SF:src/components/HeadingHeavy.tsx
FN:8,(anonymous_0)
FNF:1
FNH:0
FNDA:0,(anonymous_0)
DA:1,0
DA:8,0
DA:12,0
LF:3
LH:0
BRF:0
BRH:0
end_of_record
TN:
SF:src/components/Hero.tsx
FN:3,(anonymous_0)
FNF:1
FNH:0
FNDA:0,(anonymous_0)
DA:1,0
DA:3,0
DA:4,0
LF:3
LH:0
BRF:0
BRH:0
end_of_record
TN:
SF:src/components/InlineImage.tsx
FN:4,(anonymous_0)
FNF:1
FNH:0
FNDA:0,(anonymous_0)
DA:1,0
DA:4,0
DA:5,0
LF:3
LH:0
BRF:0
BRH:0
end_of_record
TN:
SF:src/components/Link.tsx
FN:5,(anonymous_1)
FNF:1
FNH:0
FNDA:0,(anonymous_1)
DA:1,0
DA:2,0
DA:5,0
DA:6,0
LF:4
LH:0
BRDA:9,0,0,0
BRDA:9,0,1,0
BRF:2
BRH:0
end_of_record
TN:
SF:src/components/MobileWarningCTA.tsx
FN:6,(anonymous_1)
FNF:1
FNH:0
FNDA:0,(anonymous_1)
DA:1,0
DA:2,0
DA:3,0
DA:4,0
DA:6,0
DA:7,0
LF:6
LH:0
BRF:0
BRH:0
end_of_record
TN:
SF:src/components/Nav.tsx
FN:27,(anonymous_1)
FN:35,(anonymous_2)
FN:36,(anonymous_3)
FN:41,(anonymous_4)
FN:85,(anonymous_5)
FN:95,(anonymous_6)
FN:107,(anonymous_7)
FN:177,(anonymous_8)
FNF:8
FNH:0
FNDA:0,(anonymous_1)
FNDA:0,(anonymous_2)
FNDA:0,(anonymous_3)
FNDA:0,(anonymous_4)
FNDA:0,(anonymous_5)
FNDA:0,(anonymous_6)
FNDA:0,(anonymous_7)
FNDA:0,(anonymous_8)
DA:1,0
DA:2,0
DA:17,0
DA:18,0
DA:19,0
DA:20,0
DA:21,0
DA:22,0
DA:23,0
DA:24,0
DA:25,0
DA:27,0
DA:28,0
DA:29,0
DA:30,0
DA:31,0
DA:32,0
DA:35,0
DA:36,0
DA:37,0
DA:40,0
DA:41,0
DA:42,0
DA:43,0
DA:47,0
DA:54,0
DA:56,0
DA:86,0
DA:87,0
DA:89,0
DA:90,0
DA:95,0
DA:96,0
DA:98,0
DA:104,0
DA:107,0
DA:115,0
DA:178,0
DA:179,0
DA:184,0
LF:40
LH:0
BRDA:47,0,0,0
BRDA:47,0,1,0
BRDA:54,1,0,0
BRDA:54,1,1,0
BRDA:54,1,2,0
BRDA:54,2,0,0
BRDA:54,2,1,0
BRDA:80,3,0,0
BRDA:80,3,1,0
BRDA:89,4,0,0
BRDA:89,4,1,0
BRDA:90,5,0,0
BRDA:90,5,1,0
BRDA:107,6,0,0
BRDA:107,6,1,0
BRDA:109,7,0,0
BRDA:109,7,1,0
BRDA:120,8,0,0
BRDA:120,8,1,0
BRDA:120,9,0,0
BRDA:120,9,1,0
BRDA:128,10,0,0
BRDA:128,10,1,0
BRDA:138,11,0,0
BRDA:138,11,1,0
BRDA:170,12,0,0
BRDA:170,12,1,0
BRDA:179,13,0,0
BRDA:179,13,1,0
BRDA:180,14,0,0
BRDA:180,14,1,0
BRDA:189,15,0,0
BRDA:189,15,1,0
BRDA:189,16,0,0
BRDA:189,16,1,0
BRDA:197,17,0,0
BRDA:197,17,1,0
BRF:37
BRH:0
end_of_record
TN:
SF:src/components/PercentageHeading.tsx
FN:14,(anonymous_0)
FNF:1
FNH:0
FNDA:0,(anonymous_0)
DA:2,0
DA:3,0
DA:4,0
DA:5,0
DA:6,0
DA:14,0
DA:19,0
LF:7
LH:0
BRDA:19,0,0,0
BRDA:19,0,1,0
BRDA:20,1,0,0
BRDA:20,1,1,0
BRDA:25,2,0,0
BRDA:25,2,1,0
BRDA:26,3,0,0
BRDA:26,3,1,0
BRDA:31,4,0,0
BRDA:31,4,1,0
BRF:10
BRH:0
end_of_record
TN:
SF:src/components/PercentageText.tsx
FN:14,(anonymous_0)
FN:31,(anonymous_1)
FN:33,(anonymous_2)
FN:36,(anonymous_3)
FNF:4
FNH:0
FNDA:0,(anonymous_0)
FNDA:0,(anonymous_1)
FNDA:0,(anonymous_2)
FNDA:0,(anonymous_3)
DA:1,0
DA:2,0
DA:3,0
DA:4,0
DA:14,0
DA:22,0
DA:23,0
DA:24,0
DA:25,0
DA:27,0
DA:28,0
DA:29,0
DA:31,0
DA:32,0
DA:33,0
DA:34,0
DA:36,0
DA:39,0
DA:40,0
DA:53,0
LF:20
LH:0
BRDA:16,0,0,0
BRDA:19,1,0,0
BRDA:22,2,0,0
BRDA:22,2,1,0
BRDA:24,3,0,0
BRDA:24,3,1,0
BRDA:25,4,0,0
BRDA:25,4,1,0
BRDA:39,5,0,0
BRDA:39,6,0,0
BRDA:39,6,1,0
BRDA:56,7,0,0
BRDA:56,7,1,0
BRDA:58,8,0,0
BRDA:58,8,1,0
BRDA:67,9,0,0
BRDA:67,9,1,0
BRDA:67,9,2,0
BRDA:82,10,0,0
BRDA:82,10,1,0
BRDA:84,11,0,0
BRDA:84,11,1,0
BRDA:84,12,0,0
BRDA:84,12,1,0
BRDA:89,13,0,0
BRDA:89,13,1,0
BRDA:90,14,0,0
BRDA:90,14,1,0
BRDA:90,15,0,0
BRDA:90,15,1,0
BRF:30
BRH:0
end_of_record
TN:
SF:src/components/StrategyProvider.tsx
FN:21,(anonymous_0)
FNF:1
FNH:0
FNDA:0,(anonymous_0)
DA:1,0
DA:11,0
DA:12,0
DA:13,0
DA:14,0
DA:21,0
DA:24,0
DA:26,0
LF:8
LH:0
BRDA:24,0,0,0
BRDA:24,0,1,0
BRDA:28,1,0,0
BRDA:28,1,1,0
BRDA:49,2,0,0
BRDA:49,2,1,0
BRF:6
BRH:0
end_of_record
TN:
SF:src/components/TextDisclosure.tsx
FN:7,(anonymous_0)
FNF:1
FNH:0
FNDA:0,(anonymous_0)
DA:1,0
DA:2,0
DA:4,0
DA:5,0
DA:7,0
DA:11,0
DA:13,0
LF:7
LH:0
BRDA:16,0,0,0
BRDA:16,0,1,0
BRDA:21,1,0,0
BRDA:21,1,1,0
BRDA:32,2,0,0
BRDA:32,2,1,0
BRDA:33,3,0,0
BRDA:33,3,1,0
BRDA:35,4,0,0
BRDA:35,4,1,0
BRF:10
BRH:0
end_of_record
TN:
SF:src/components/Cellars/BecomeProvider.tsx
FN:9,(anonymous_0)
FNF:1
FNH:0
FNDA:0,(anonymous_0)
DA:1,0
DA:2,0
DA:3,0
DA:4,0
DA:6,0
DA:7,0
DA:9,0
DA:10,0
LF:8
LH:0
BRF:0
BRH:0
end_of_record
TN:
SF:src/components/Cellars/StrategyProvider.tsx
FN:7,(anonymous_1)
FNF:1
FNH:0
FNDA:0,(anonymous_1)
DA:1,0
DA:2,0
DA:3,0
DA:4,0
DA:5,0
DA:7,0
DA:8,0
LF:7
LH:0
BRF:0
BRH:0
end_of_record
TN:
SF:src/components/Cellars/index.tsx
FN:11,(anonymous_0)
FNF:1
FNH:0
FNDA:0,(anonymous_0)
DA:1,0
DA:2,0
DA:3,0
DA:6,0
DA:11,0
DA:15,0
LF:6
LH:0
BRDA:18,0,0,0
BRDA:18,0,1,0
BRF:2
BRH:0
end_of_record
TN:
SF:src/components/Education/EducationCard.tsx
FN:9,(anonymous_0)
FNF:1
FNH:0
FNDA:0,(anonymous_0)
DA:1,0
DA:2,0
DA:4,0
DA:5,0
DA:9,0
DA:15,0
LF:6
LH:0
BRF:0
BRH:0
end_of_record
TN:
SF:src/components/Education/eduItems.ts
FNF:0
FNH:0
DA:1,0
DA:3,0
LF:2
LH:0
BRF:0
BRH:0
end_of_record
TN:
SF:src/components/Education/imageStyles.ts
FNF:0
FNH:0
DA:1,0
DA:12,0
LF:2
LH:0
BRF:0
BRH:0
end_of_record
TN:
SF:src/components/Education/index.tsx
FN:7,(anonymous_0)
FN:14,(anonymous_1)
FNF:2
FNH:0
FNDA:0,(anonymous_0)
FNDA:0,(anonymous_1)
DA:1,0
DA:2,0
DA:3,0
DA:4,0
DA:7,0
DA:8,0
DA:15,0
LF:7
LH:0
BRF:0
BRH:0
end_of_record
TN:
SF:src/components/Education/types.ts
FN:1,(anonymous_0)
FNF:1
FNH:0
FNDA:0,(anonymous_0)
DA:1,0
DA:2,0
DA:3,0
DA:4,0
LF:4
LH:0
BRDA:1,0,0,0
BRDA:1,0,1,0
BRF:2
BRH:0
end_of_record
TN:
SF:src/components/FAQ/FAQAccordion.tsx
FN:20,(anonymous_0)
FN:24,(anonymous_1)
FN:31,(anonymous_2)
FNF:3
FNH:0
FNDA:0,(anonymous_0)
FNDA:0,(anonymous_1)
FNDA:0,(anonymous_2)
DA:1,0
DA:11,0
DA:13,0
DA:14,0
DA:20,0
DA:21,0
DA:22,0
DA:25,0
DA:32,0
LF:9
LH:0
BRDA:21,0,0,0
BRDA:44,1,0,0
BRDA:44,1,1,0
BRDA:48,2,0,0
BRDA:48,2,1,0
BRF:5
BRH:0
end_of_record
TN:
SF:src/components/FAQ/FAQTabs.tsx
FN:20,(anonymous_0)
FN:30,(anonymous_1)
FN:35,(anonymous_2)
FN:49,(anonymous_3)
FNF:4
FNH:0
FNDA:0,(anonymous_0)
FNDA:0,(anonymous_1)
FNDA:0,(anonymous_2)
FNDA:0,(anonymous_3)
DA:1,0
DA:8,0
DA:9,0
DA:11,0
DA:12,0
DA:18,0
DA:20,0
DA:21,0
DA:31,0
DA:36,0
DA:50,0
DA:62,0
LF:12
LH:0
BRF:0
BRH:0
end_of_record
TN:
SF:src/components/FAQ/index.tsx
FN:9,(anonymous_1)
FNF:1
FNH:0
FNDA:0,(anonymous_1)
DA:1,0
DA:3,0
DA:9,0
DA:10,0
DA:20,0
LF:5
LH:0
BRF:0
BRH:0
end_of_record
TN:
SF:src/components/FAQ/portableText.tsx
FN:9,(anonymous_0)
FN:23,(anonymous_1)
FN:34,(anonymous_2)
FN:40,(anonymous_3)
FNF:4
FNH:0
FNDA:0,(anonymous_0)
FNDA:0,(anonymous_1)
FNDA:0,(anonymous_2)
FNDA:0,(anonymous_3)
DA:7,0
DA:9,0
DA:10,0
DA:23,0
DA:24,0
DA:34,0
DA:35,0
DA:40,0
DA:41,0
DA:46,0
LF:10
LH:0
BRF:0
BRH:0
end_of_record
TN:
SF:src/components/FAQStrategy/FAQAccordion.tsx
FN:20,(anonymous_0)
FN:24,(anonymous_1)
FN:27,(anonymous_2)
FNF:3
FNH:0
FNDA:0,(anonymous_0)
FNDA:0,(anonymous_1)
FNDA:0,(anonymous_2)
DA:1,0
DA:11,0
DA:13,0
DA:14,0
DA:20,0
DA:21,0
DA:22,0
DA:25,0
DA:28,0
LF:9
LH:0
BRDA:21,0,0,0
BRDA:40,1,0,0
BRDA:40,1,1,0
BRDA:44,2,0,0
BRDA:44,2,1,0
BRF:5
BRH:0
end_of_record
TN:
SF:src/components/FAQStrategy/FAQTabs.tsx
FN:18,(anonymous_0)
FN:25,(anonymous_1)
FN:31,(anonymous_2)
FN:45,(anonymous_3)
FNF:4
FNH:0
FNDA:0,(anonymous_0)
FNDA:0,(anonymous_1)
FNDA:0,(anonymous_2)
FNDA:0,(anonymous_3)
DA:1,0
DA:9,0
DA:10,0
DA:16,0
DA:18,0
DA:22,0
DA:26,0
DA:32,0
DA:46,0
LF:9
LH:0
BRF:0
BRH:0
end_of_record
TN:
SF:src/components/FAQStrategy/index.tsx
FN:8,(anonymous_0)
FNF:1
FNH:0
FNDA:0,(anonymous_0)
DA:1,0
DA:3,0
DA:8,0
DA:9,0
LF:4
LH:0
BRF:0
BRH:0
end_of_record
TN:
SF:src/components/FAQStrategy/portableText.tsx
FN:9,(anonymous_0)
FN:23,(anonymous_1)
FN:34,(anonymous_2)
FN:44,(anonymous_3)
FN:50,(anonymous_4)
FNF:5
FNH:0
FNDA:0,(anonymous_0)
FNDA:0,(anonymous_1)
FNDA:0,(anonymous_2)
FNDA:0,(anonymous_3)
FNDA:0,(anonymous_4)
DA:7,0
DA:9,0
DA:10,0
DA:23,0
DA:24,0
DA:34,0
DA:35,0
DA:44,0
DA:45,0
DA:50,0
DA:51,0
DA:56,0
LF:12
LH:0
BRF:0
BRH:0
end_of_record
TN:
SF:src/components/Footer/About.tsx
FN:13,(anonymous_1)
FN:60,(anonymous_2)
FNF:2
FNH:0
FNDA:0,(anonymous_1)
FNDA:0,(anonymous_2)
DA:1,0
DA:9,0
DA:10,0
DA:11,0
DA:13,0
DA:14,0
DA:37,0
DA:61,0
LF:8
LH:0
BRF:0
BRH:0
end_of_record
TN:
SF:src/components/Footer/Disclaimer.tsx
FN:4,(anonymous_0)
FNF:1
FNH:0
FNDA:0,(anonymous_0)
DA:2,0
DA:4,0
DA:5,0
LF:3
LH:0
BRF:0
BRH:0
end_of_record
TN:
SF:src/components/Footer/FooterLink.tsx
FN:8,(anonymous_0)
FNF:1
FNH:0
FNDA:0,(anonymous_0)
DA:1,0
DA:8,0
DA:13,0
LF:3
LH:0
BRF:0
BRH:0
end_of_record
TN:
SF:src/components/Footer/Overview.tsx
FN:10,(anonymous_0)
FN:16,(anonymous_1)
FN:19,(anonymous_2)
FN:22,(anonymous_3)
FN:25,(anonymous_4)
FNF:5
FNH:0
FNDA:0,(anonymous_0)
FNDA:0,(anonymous_1)
FNDA:0,(anonymous_2)
FNDA:0,(anonymous_3)
FNDA:0,(anonymous_4)
DA:1,0
DA:2,0
DA:3,0
DA:4,0
DA:5,0
DA:6,0
DA:8,0
DA:10,0
DA:11,0
DA:14,0
DA:16,0
DA:17,0
DA:18,0
DA:20,0
DA:23,0
DA:26,0
DA:30,0
DA:33,0
DA:35,0
LF:19
LH:0
BRDA:30,0,0,0
BRDA:30,0,1,0
BRDA:49,1,0,0
BRDA:49,1,1,0
BRDA:50,2,0,0
BRDA:50,2,1,0
BRDA:63,3,0,0
BRDA:63,3,1,0
BRDA:64,4,0,0
BRDA:64,4,1,0
BRF:10
BRH:0
end_of_record
TN:
SF:src/components/Footer/index.tsx
FN:19,(anonymous_0)
FNF:1
FNH:0
FNDA:0,(anonymous_0)
DA:1,0
DA:9,0
DA:10,0
DA:11,0
DA:12,0
DA:13,0
DA:15,0
DA:16,0
DA:17,0
DA:19,0
DA:20,0
DA:21,0
DA:22,0
DA:125,0
LF:14
LH:0
BRDA:21,0,0,0
BRDA:21,0,1,0
BRDA:21,0,2,0
BRDA:25,1,0,0
BRDA:25,1,1,0
BRF:5
BRH:0
end_of_record
TN:
SF:src/components/HeroStrategy/count-down.tsx
FN:20,(anonymous_1)
FN:24,(anonymous_2)
FN:58,(anonymous_3)
FN:86,(anonymous_4)
FNF:4
FNH:0
FNDA:0,(anonymous_1)
FNDA:0,(anonymous_2)
FNDA:0,(anonymous_3)
FNDA:0,(anonymous_4)
DA:1,0
DA:9,0
DA:11,0
DA:12,0
DA:13,0
DA:20,0
DA:21,0
DA:24,0
DA:28,0
DA:29,0
DA:30,0
DA:32,0
DA:60,0
DA:93,0
DA:94,0
DA:97,0
LF:16
LH:0
BRDA:21,0,0,0
BRDA:21,0,1,0
BRDA:41,1,0,0
BRDA:41,1,1,0
BRDA:45,2,0,0
BRDA:45,2,1,0
BRDA:46,3,0,0
BRDA:46,3,1,0
BRDA:51,4,0,0
BRDA:51,4,1,0
BRDA:93,5,0,0
BRF:11
BRH:0
end_of_record
TN:
SF:src/components/HeroStrategy/hero-left.tsx
FN:16,(anonymous_0)
FNF:1
FNH:0
FNDA:0,(anonymous_0)
DA:1,0
DA:9,0
DA:16,0
DA:19,0
DA:20,0
LF:5
LH:0
BRF:0
BRH:0
end_of_record
TN:
SF:src/components/HeroStrategy/hero-right.tsx
FN:28,(anonymous_0)
FN:63,(anonymous_1)
FN:122,(anonymous_2)
FN:170,(anonymous_3)
FN:172,(anonymous_4)
FNF:5
FNH:0
FNDA:0,(anonymous_0)
FNDA:0,(anonymous_1)
FNDA:0,(anonymous_2)
FNDA:0,(anonymous_3)
FNDA:0,(anonymous_4)
DA:1,0
DA:10,0
DA:11,0
DA:12,0
DA:13,0
DA:14,0
DA:15,0
DA:16,0
DA:17,0
DA:18,0
DA:19,0
DA:20,0
DA:21,0
DA:22,0
DA:28,0
DA:31,0
DA:32,0
DA:33,0
DA:34,0
DA:35,0
DA:36,0
DA:40,0
DA:41,0
DA:53,0
DA:54,0
DA:55,0
DA:57,0
DA:59,0
DA:63,0
DA:64,0
DA:69,0
DA:75,0
DA:82,0
DA:84,0
DA:86,0
DA:171,0
DA:173,0
DA:176,0
LF:38
LH:0
BRDA:37,0,0,0
BRDA:37,0,1,0
BRDA:53,1,0,0
BRDA:53,1,1,0
BRDA:59,2,0,0
BRDA:59,2,1,0
BRDA:61,3,0,0
BRDA:61,3,1,0
BRDA:64,4,0,0
BRDA:64,4,1,0
BRDA:88,5,0,0
BRDA:88,5,1,0
BRDA:88,6,0,0
BRDA:88,6,1,0
BRDA:112,7,0,0
BRDA:112,7,1,0
BRDA:167,8,0,0
BRDA:167,8,1,0
BRDA:173,9,0,0
BRDA:173,9,1,0
BRF:20
BRH:0
end_of_record
TN:
SF:src/components/HeroStrategy/index.tsx
FN:10,(anonymous_0)
FNF:1
FNH:0
FNDA:0,(anonymous_0)
DA:1,0
DA:3,0
DA:4,0
DA:10,0
DA:11,0
LF:5
LH:0
BRF:0
BRH:0
end_of_record
TN:
SF:src/components/Highlight/index.tsx
FN:23,(anonymous_1)
FN:30,(anonymous_2)
FN:43,(anonymous_3)
FN:65,(anonymous_4)
FN:79,(anonymous_5)
FNF:5
FNH:0
FNDA:0,(anonymous_1)
FNDA:0,(anonymous_2)
FNDA:0,(anonymous_3)
FNDA:0,(anonymous_4)
FNDA:0,(anonymous_5)
DA:1,0
DA:10,0
DA:11,0
DA:12,0
DA:13,0
DA:14,0
DA:15,0
DA:16,0
DA:17,0
DA:23,0
DA:24,0
DA:27,0
DA:30,0
DA:31,0
DA:32,0
DA:33,0
DA:34,0
DA:35,0
DA:36,0
DA:38,0
DA:44,0
DA:70,0
DA:84,0
LF:23
LH:0
BRDA:56,0,0,0
BRDA:56,0,1,0
BRDA:60,1,0,0
BRDA:60,1,1,0
BRDA:62,2,0,0
BRDA:62,2,1,0
BRDA:95,3,0,0
BRDA:95,3,1,0
BRF:8
BRH:0
end_of_record
TN:
SF:src/components/PortableText/PrivacyAndTermsText.tsx
FN:7,(anonymous_0)
FN:13,(anonymous_1)
FNF:2
FNH:0
FNDA:0,(anonymous_0)
FNDA:0,(anonymous_1)
DA:5,0
DA:7,0
DA:8,0
DA:13,0
DA:14,0
DA:24,0
LF:6
LH:0
BRF:0
BRH:0
end_of_record
TN:
SF:src/components/Socials/index.tsx
FN:7,(anonymous_0)
FN:10,(anonymous_1)
FNF:2
FNH:0
FNDA:0,(anonymous_0)
FNDA:0,(anonymous_1)
DA:1,0
DA:2,0
DA:3,0
DA:5,0
DA:7,0
DA:8,0
DA:11,0
DA:12,0
LF:8
LH:0
BRF:0
BRH:0
end_of_record
TN:
SF:src/components/Socials/links.tsx
FNF:0
FNH:0
DA:6,0
LF:1
LH:0
BRF:0
BRH:0
end_of_record
TN:
SF:src/components/Strategy/index.tsx
FN:27,(anonymous_0)
FNF:1
FNH:0
FNDA:0,(anonymous_0)
DA:1,0
DA:2,0
DA:4,0
DA:13,0
DA:14,0
DA:15,0
DA:16,0
DA:18,0
DA:19,0
DA:20,0
DA:21,0
DA:27,0
DA:28,0
DA:29,0
LF:14
LH:0
BRDA:40,0,0,0
BRDA:40,0,1,0
BRF:2
BRH:0
end_of_record
TN:
SF:src/components/Strategy/portableText.tsx
FN:12,(anonymous_0)
FN:18,(anonymous_1)
FN:30,(anonymous_2)
FNF:3
FNH:0
FNDA:0,(anonymous_0)
FNDA:0,(anonymous_1)
FNDA:0,(anonymous_2)
DA:9,0
DA:10,0
DA:12,0
DA:15,0
DA:18,0
DA:19,0
DA:20,0
DA:21,0
DA:30,0
DA:32,0
DA:37,0
DA:40,0
LF:12
LH:0
BRDA:21,0,0,0
BRDA:21,0,1,0
BRF:2
BRH:0
end_of_record
TN:
SF:src/components/Strategy/Carousel/Badge.tsx
FN:5,(anonymous_0)
FN:27,(anonymous_1)
FNF:2
FNH:0
FNDA:0,(anonymous_0)
FNDA:0,(anonymous_1)
DA:3,0
DA:5,0
DA:6,0
DA:7,0
DA:8,0
DA:15,0
DA:21,0
DA:27,0
DA:28,0
DA:30,0
DA:31,0
LF:11
LH:0
BRDA:5,0,0,0
BRDA:5,0,1,0
BRF:2
BRH:0
end_of_record
TN:
SF:src/components/Strategy/Carousel/NextArrow.tsx
FN:6,(anonymous_0)
FNF:1
FNH:0
FNDA:0,(anonymous_0)
DA:1,0
DA:3,0
DA:6,0
DA:7,0
DA:8,0
DA:10,0
LF:6
LH:0
BRDA:8,0,0,0
BRDA:8,0,1,0
BRF:2
BRH:0
end_of_record
TN:
SF:src/components/Strategy/Carousel/PrevArrow.tsx
FN:6,(anonymous_0)
FNF:1
FNH:0
FNDA:0,(anonymous_0)
DA:1,0
DA:3,0
DA:6,0
DA:7,0
DA:8,0
DA:10,0
LF:6
LH:0
BRDA:8,0,0,0
BRDA:8,0,1,0
BRF:2
BRH:0
end_of_record
TN:
SF:src/components/Strategy/Carousel/index.tsx
FNF:0
FNH:0
DA:1,0
DA:2,0
DA:3,0
LF:3
LH:0
BRF:0
BRH:0
end_of_record
TN:
SF:src/components/Strategy/Carousel/sliderSettings.tsx
FNF:0
FNH:0
DA:2,0
DA:3,0
DA:5,0
LF:3
LH:0
BRF:0
BRH:0
end_of_record
TN:
SF:src/components/Strategy/Carousel/sliderStrategy.tsx
FN:23,(anonymous_1)
FN:31,(anonymous_2)
FN:57,(anonymous_3)
FN:68,(anonymous_4)
FNF:4
FNH:0
FNDA:0,(anonymous_1)
FNDA:0,(anonymous_2)
FNDA:0,(anonymous_3)
FNDA:0,(anonymous_4)
DA:1,0
DA:11,0
DA:12,0
DA:13,0
DA:15,0
DA:16,0
DA:23,0
DA:28,0
DA:32,0
DA:58,0
DA:69,0
LF:11
LH:0
BRDA:42,0,0,0
BRDA:42,0,1,0
BRDA:67,1,0,0
BRDA:67,1,1,0
BRF:4
BRH:0
end_of_record
TN:
SF:src/components/Tag/index.tsx
FN:3,(anonymous_0)
FNF:1
FNH:0
FNDA:0,(anonymous_0)
DA:1,0
DA:3,0
DA:4,0
LF:3
LH:0
BRF:0
BRH:0
end_of_record
TN:
SF:src/components/TokenAssets/index.tsx
FN:13,(anonymous_0)
FNF:1
FNH:0
FNDA:0,(anonymous_0)
DA:4,0
DA:5,0
DA:13,0
DA:19,0
LF:4
LH:0
BRDA:19,0,0,0
BRDA:19,0,1,0
BRF:2
BRH:0
end_of_record
TN:
SF:src/components/TokenAssets/TokenMaps/CroppedMap.tsx
FN:19,(anonymous_0)
FN:29,(anonymous_1)
FN:34,(anonymous_2)
FN:61,(anonymous_3)
FN:62,(anonymous_4)
FN:72,(anonymous_5)
FNF:6
FNH:0
FNDA:0,(anonymous_0)
FNDA:0,(anonymous_1)
FNDA:0,(anonymous_2)
FNDA:0,(anonymous_3)
FNDA:0,(anonymous_4)
FNDA:0,(anonymous_5)
DA:1,0
DA:10,0
DA:12,0
DA:19,0
DA:24,0
DA:29,0
DA:31,0
DA:35,0
DA:36,0
DA:61,0
DA:62,0
DA:73,0
DA:75,0
LF:13
LH:0
BRDA:118,0,0,0
BRDA:118,0,1,0
BRF:2
BRH:0
end_of_record
TN:
SF:src/components/TokenAssets/TokenMaps/UncroppedMap.tsx
FN:10,(anonymous_0)
FN:22,(anonymous_1)
FN:49,(anonymous_2)
FN:50,(anonymous_3)
FNF:4
FNH:0
FNDA:0,(anonymous_0)
FNDA:0,(anonymous_1)
FNDA:0,(anonymous_2)
FNDA:0,(anonymous_3)
DA:1,0
DA:3,0
DA:10,0
DA:15,0
DA:19,0
DA:23,0
DA:24,0
DA:49,0
DA:50,0
LF:9
LH:0
BRDA:55,0,0,0
BRDA:55,0,1,0
BRF:2
BRH:0
end_of_record
TN:
SF:src/components/_banners/GeoBanner.tsx
FN:5,(anonymous_1)
FNF:1
FNH:0
FNDA:0,(anonymous_1)
DA:1,0
DA:2,0
DA:3,0
DA:5,0
DA:6,0
LF:5
LH:0
BRF:0
BRH:0
end_of_record
TN:
SF:src/components/_banners/InfoBanner.tsx
FN:8,(anonymous_0)
FNF:1
FNH:0
FNDA:0,(anonymous_0)
DA:2,0
DA:8,0
DA:9,0
LF:3
LH:0
BRF:0
BRH:0
end_of_record
TN:
SF:src/components/_banners/MaintenanceBanner.tsx
FN:5,(anonymous_1)
FNF:1
FNH:0
FNDA:0,(anonymous_1)
DA:1,0
DA:2,0
DA:3,0
DA:5,0
DA:6,0
LF:5
LH:0
BRF:0
BRH:0
end_of_record
TN:
SF:src/components/_banners/WalletHealthBanner.tsx
FN:12,WalletHealthBanner
FN:33,(anonymous_2)
FNF:2
FNH:0
FNDA:0,WalletHealthBanner
FNDA:0,(anonymous_2)
DA:1,0
DA:2,0
DA:10,0
DA:12,0
DA:13,0
DA:16,0
DA:17,0
DA:20,0
DA:34,0
LF:9
LH:0
BRDA:16,0,0,0
BRDA:16,1,0,0
BRDA:16,1,1,0
BRF:3
BRH:0
end_of_record
TN:
SF:src/components/_banners/WrongNetworkBanner.tsx
FN:19,(anonymous_1)
FN:72,(anonymous_2)
FNF:2
FNH:0
FNDA:0,(anonymous_1)
FNDA:0,(anonymous_2)
DA:1,0
DA:8,0
DA:9,0
DA:10,0
DA:11,0
DA:12,0
DA:19,0
DA:22,0
DA:23,0
DA:24,0
DA:27,0
DA:28,0
DA:30,0
DA:73,0
DA:74,0
DA:76,0
DA:78,0
DA:79,0
LF:18
LH:0
BRDA:27,0,0,0
BRDA:27,1,0,0
BRDA:27,1,1,0
BRDA:27,1,2,0
BRF:4
BRH:0
end_of_record
TN:
SF:src/components/_buttons/BaseButton.tsx
FN:17,(anonymous_0)
FNF:1
FNH:1
FNDA:8,(anonymous_0)
DA:1,1
DA:14,1
DA:18,8
LF:3
LH:3
BRDA:30,0,0,8
BRDA:30,0,1,0
BRF:2
BRH:1
end_of_record
TN:
SF:src/components/_buttons/BondButton.tsx
FN:10,(anonymous_0)
FNF:1
FNH:0
FNDA:0,(anonymous_0)
DA:1,0
DA:7,0
DA:8,0
DA:10,0
DA:11,0
DA:13,0
LF:6
LH:0
BRF:0
BRH:0
end_of_record
TN:
SF:src/components/_buttons/ChainButton.tsx
FN:30,(anonymous_0)
FN:40,(anonymous_1)
FN:42,(anonymous_2)
FN:48,(anonymous_3)
FN:117,(anonymous_4)
FN:127,(anonymous_5)
FNF:6
FNH:0
FNDA:0,(anonymous_0)
FNDA:0,(anonymous_1)
FNDA:0,(anonymous_2)
FNDA:0,(anonymous_3)
FNDA:0,(anonymous_4)
FNDA:0,(anonymous_5)
DA:1,0
DA:13,0
DA:14,0
DA:15,0
DA:17,0
DA:23,0
DA:30,0
DA:34,0
DA:35,0
DA:36,0
DA:38,0
DA:40,0
DA:41,0
DA:42,0
DA:43,0
DA:45,0
DA:48,0
DA:49,0
DA:50,0
DA:51,0
DA:52,0
DA:55,0
DA:56,0
DA:57,0
DA:58,0
DA:61,0
DA:62,0
DA:63,0
DA:73,0
DA:118,0
DA:119,0
DA:128,0
DA:160,0
LF:33
LH:0
BRDA:31,0,0,0
BRDA:38,1,0,0
BRDA:38,1,1,0
BRDA:51,2,0,0
BRDA:56,3,0,0
BRDA:56,3,1,0
BRDA:57,4,0,0
BRDA:146,5,0,0
BRDA:146,5,1,0
BRF:9
BRH:0
end_of_record
TN:
SF:src/components/_buttons/ClaimButton.tsx
FN:6,(anonymous_0)
FNF:1
FNH:0
FNDA:0,(anonymous_0)
DA:1,0
DA:2,0
DA:4,0
DA:6,0
DA:7,0
DA:9,0
LF:6
LH:0
BRF:0
BRH:0
end_of_record
TN:
SF:src/components/_buttons/DepositAndWithdrawButton.tsx
FN:35,(anonymous_0)
FN:41,(anonymous_1)
FN:58,(anonymous_2)
FN:63,(anonymous_3)
FN:77,(anonymous_4)
FN:101,(anonymous_5)
FN:119,(anonymous_6)
FN:142,DepositAndWithdrawButton
FN:182,(anonymous_8)
FN:183,(anonymous_9)
FN:233,(anonymous_10)
FN:280,(anonymous_11)
FNF:12
FNH:8
FNDA:8,(anonymous_0)
FNDA:8,(anonymous_1)
FNDA:8,(anonymous_2)
FNDA:8,(anonymous_3)
FNDA:8,(anonymous_4)
FNDA:8,(anonymous_5)
FNDA:8,(anonymous_6)
FNDA:8,DepositAndWithdrawButton
FNDA:0,(anonymous_8)
FNDA:0,(anonymous_9)
FNDA:0,(anonymous_10)
FNDA:0,(anonymous_11)
DA:1,1
DA:12,1
DA:14,1
DA:15,1
DA:16,1
DA:17,1
DA:18,1
DA:19,1
DA:20,1
DA:35,1
DA:36,8
DA:39,1
DA:41,1
DA:46,8
DA:47,8
DA:51,8
DA:55,8
DA:58,1
DA:59,8
DA:60,8
DA:63,1
DA:69,8
DA:77,1
DA:86,8
DA:87,0
DA:90,8
DA:98,8
DA:101,1
DA:107,8
DA:108,0
DA:111,8
DA:112,8
DA:119,1
DA:125,8
DA:126,0
DA:129,8
DA:130,8
DA:133,8
DA:134,0
DA:136,8
DA:137,0
DA:139,8
DA:142,1
DA:146,8
DA:147,8
DA:148,8
DA:149,8
DA:154,8
DA:157,8
DA:158,8
DA:161,8
DA:165,0
DA:177,8
DA:178,8
DA:181,8
DA:182,8
DA:183,8
DA:185,8
DA:193,8
DA:195,8
DA:234,0
DA:238,0
DA:240,0
DA:241,0
DA:249,0
DA:250,0
DA:254,0
DA:256,0
DA:281,0
DA:285,0
DA:287,0
DA:288,0
DA:296,0
DA:297,0
DA:301,0
DA:303,0
LF:76
LH:54
BRDA:36,0,0,8
BRDA:36,0,1,8
BRDA:47,1,0,8
BRDA:47,1,1,2
BRDA:51,2,0,8
BRDA:51,2,1,8
BRDA:69,3,0,0
BRDA:69,3,1,8
BRDA:70,4,0,0
BRDA:70,4,1,0
BRDA:70,5,0,0
BRDA:70,5,1,0
BRDA:70,5,2,0
BRDA:73,6,0,0
BRDA:73,6,1,8
BRDA:73,7,0,8
BRDA:73,7,1,0
BRDA:73,7,2,0
BRDA:86,8,0,0
BRDA:86,9,0,8
BRDA:86,9,1,8
BRDA:90,10,0,0
BRDA:90,10,1,8
BRDA:91,11,0,0
BRDA:91,11,1,0
BRDA:94,12,0,0
BRDA:94,12,1,8
BRDA:95,13,0,0
BRDA:95,13,1,0
BRDA:95,13,2,0
BRDA:96,14,0,8
BRDA:96,14,1,8
BRDA:107,15,0,0
BRDA:108,16,0,0
BRDA:108,16,1,0
BRDA:112,17,0,0
BRDA:112,17,1,8
BRDA:114,18,0,8
BRDA:114,18,1,0
BRDA:125,19,0,0
BRDA:133,20,0,0
BRDA:136,21,0,0
BRDA:136,22,0,8
BRDA:136,22,1,8
BRDA:154,23,0,8
BRDA:154,23,1,1
BRDA:161,24,0,0
BRDA:162,25,0,8
BRDA:162,25,1,0
BRDA:173,26,0,0
BRDA:173,26,1,0
BRDA:193,27,0,8
BRDA:193,27,1,8
BRDA:198,28,0,8
BRDA:198,28,1,0
BRDA:210,29,0,0
BRDA:210,29,1,8
BRDA:222,30,0,0
BRDA:222,30,1,8
BRDA:238,31,0,0
BRDA:249,32,0,0
BRDA:285,33,0,0
BRDA:296,34,0,0
BRDA:316,35,0,8
BRDA:316,35,1,0
BRF:65
BRH:28
end_of_record
TN:
SF:src/components/_buttons/DepositButton.tsx
FN:21,(anonymous_1)
FN:26,(anonymous_2)
FN:27,(anonymous_3)
FN:37,(anonymous_4)
FNF:4
FNH:0
FNDA:0,(anonymous_1)
FNDA:0,(anonymous_2)
FNDA:0,(anonymous_3)
FNDA:0,(anonymous_4)
DA:1,0
DA:2,0
DA:3,0
DA:4,0
DA:6,0
DA:7,0
DA:16,0
DA:17,0
DA:18,0
DA:19,0
DA:21,0
DA:22,0
DA:23,0
DA:25,0
DA:26,0
DA:27,0
DA:29,0
DA:30,0
DA:31,0
DA:33,0
DA:38,0
DA:45,0
DA:47,0
LF:23
LH:0
BRDA:30,0,0,0
BRDA:30,0,1,0
BRDA:47,1,0,0
BRDA:55,2,0,0
BRDA:55,2,1,0
BRF:5
BRH:0
end_of_record
TN:
SF:src/components/_buttons/SecondaryButton.tsx
FN:6,(anonymous_0)
FNF:1
FNH:0
FNDA:0,(anonymous_0)
DA:1,1
DA:3,1
DA:7,0
LF:3
LH:2
BRF:0
BRH:0
end_of_record
TN:
SF:src/components/_buttons/TertiaryButton.tsx
FN:7,(anonymous_0)
FNF:1
FNH:0
FNDA:0,(anonymous_0)
DA:1,0
DA:4,0
DA:8,0
LF:3
LH:0
BRF:0
BRH:0
end_of_record
TN:
SF:src/components/_buttons/UnbondButton.tsx
FN:5,(anonymous_0)
FNF:1
FNH:0
FNDA:0,(anonymous_0)
DA:1,0
DA:2,0
DA:3,0
DA:5,0
DA:6,0
DA:8,0
LF:6
LH:0
BRF:0
BRH:0
end_of_record
TN:
SF:src/components/_buttons/UnstakeButton.tsx
FN:6,(anonymous_0)
FN:9,closeModal
FNF:2
FNH:0
FNDA:0,(anonymous_0)
FNDA:0,closeModal
DA:1,0
DA:3,0
DA:4,0
DA:6,0
DA:7,0
DA:11,0
DA:14,0
LF:7
LH:0
BRF:0
BRH:0
end_of_record
TN:
SF:src/components/_buttons/VaultActionButton.tsx
FN:18,VaultActionButton
FN:57,(anonymous_2)
FN:58,(anonymous_3)
FN:87,(anonymous_4)
FN:111,(anonymous_5)
FN:115,(anonymous_6)
FN:129,(anonymous_7)
FN:133,(anonymous_8)
FNF:8
FNH:0
FNDA:0,VaultActionButton
FNDA:0,(anonymous_2)
FNDA:0,(anonymous_3)
FNDA:0,(anonymous_4)
FNDA:0,(anonymous_5)
FNDA:0,(anonymous_6)
FNDA:0,(anonymous_7)
FNDA:0,(anonymous_8)
DA:1,0
DA:11,0
DA:12,0
DA:13,0
DA:14,0
DA:18,0
DA:27,0
DA:29,0
DA:35,0
DA:36,0
DA:37,0
DA:40,0
DA:42,0
DA:57,0
DA:59,0
DA:60,0
DA:88,0
DA:89,0
DA:93,0
DA:112,0
DA:113,0
DA:116,0
DA:117,0
DA:130,0
DA:131,0
DA:134,0
DA:135,0
LF:27
LH:0
BRDA:27,0,0,0
BRDA:27,0,1,0
BRDA:29,1,0,0
BRDA:29,1,1,0
BRDA:31,2,0,0
BRDA:31,2,1,0
BRDA:38,3,0,0
BRDA:38,3,1,0
BRDA:44,4,0,0
BRDA:44,4,1,0
BRDA:44,5,0,0
BRDA:44,5,1,0
BRDA:59,6,0,0
BRDA:59,7,0,0
BRDA:59,7,1,0
BRDA:105,8,0,0
BRDA:105,8,1,0
BRDA:116,9,0,0
BRDA:116,10,0,0
BRDA:116,10,1,0
BRDA:134,11,0,0
BRDA:134,12,0,0
BRDA:134,12,1,0
BRF:23
BRH:0
end_of_record
TN:
SF:src/components/_buttons/WithdrawButton.tsx
FN:18,(anonymous_0)
FN:24,closeModal
FN:29,(anonymous_2)
FN:30,(anonymous_3)
FN:51,(anonymous_4)
FNF:5
FNH:0
FNDA:0,(anonymous_0)
FNDA:0,closeModal
FNDA:0,(anonymous_2)
FNDA:0,(anonymous_3)
FNDA:0,(anonymous_4)
DA:1,0
DA:2,0
DA:3,0
DA:4,0
DA:13,0
DA:14,0
DA:15,0
DA:16,0
DA:18,0
DA:22,0
DA:26,0
DA:28,0
DA:29,0
DA:30,0
DA:32,0
DA:33,0
DA:34,0
DA:36,0
DA:58,0
LF:19
LH:0
BRDA:33,0,0,0
BRDA:33,0,1,0
BRDA:62,1,0,0
BRDA:62,1,1,0
BRDA:69,2,0,0
BRDA:69,2,1,0
BRF:6
BRH:0
end_of_record
TN:
SF:src/components/_buttons/WithdrawQueueButton.tsx
FN:6,(anonymous_0)
FN:14,closeModal
FN:33,(anonymous_2)
FNF:3
FNH:0
FNDA:0,(anonymous_0)
FNDA:0,closeModal
FNDA:0,(anonymous_2)
DA:1,0
DA:2,0
DA:3,0
DA:6,0
DA:12,0
DA:15,0
DA:18,0
DA:34,0
LF:8
LH:0
BRF:0
BRH:0
end_of_record
TN:
SF:src/components/_buttons/ConnectButton/ConnectWalletPopover.tsx
FN:12,(anonymous_9)
FN:37,(anonymous_10)
FNF:2
FNH:0
FNDA:0,(anonymous_9)
FNDA:0,(anonymous_10)
DA:1,0
DA:2,0
DA:4,0
DA:5,0
DA:11,0
DA:18,0
DA:21,0
DA:22,0
DA:35,0
DA:45,0
LF:10
LH:0
BRDA:21,0,0,0
BRDA:51,1,0,0
BRDA:51,1,1,0
BRF:3
BRH:0
end_of_record
TN:
SF:src/components/_buttons/ConnectButton/ConnectedPopover.tsx
FN:33,(anonymous_10)
FN:43,(anonymous_11)
FN:45,(anonymous_12)
FN:56,(anonymous_13)
FN:65,(anonymous_14)
FN:76,(anonymous_15)
FN:90,onDisconnect
FN:98,(anonymous_17)
FN:119,(anonymous_18)
FNF:9
FNH:0
FNDA:0,(anonymous_10)
FNDA:0,(anonymous_11)
FNDA:0,(anonymous_12)
FNDA:0,(anonymous_13)
FNDA:0,(anonymous_14)
FNDA:0,(anonymous_15)
FNDA:0,onDisconnect
FNDA:0,(anonymous_17)
FNDA:0,(anonymous_18)
DA:1,0
DA:2,0
DA:13,0
DA:14,0
DA:15,0
DA:21,0
DA:22,0
DA:23,0
DA:24,0
DA:25,0
DA:26,0
DA:27,0
DA:28,0
DA:29,0
DA:30,0
DA:31,0
DA:33,0
DA:34,0
DA:35,0
DA:36,0
DA:37,0
DA:41,0
DA:43,0
DA:44,0
DA:45,0
DA:48,0
DA:52,0
DA:53,0
DA:55,0
DA:57,0
DA:58,0
DA:66,0
DA:67,0
DA:76,0
DA:77,0
DA:78,0
DA:83,0
DA:91,0
DA:94,0
DA:95,0
DA:98,0
DA:99,0
DA:100,0
DA:101,0
DA:102,0
DA:106,0
DA:119,0
DA:120,0
DA:121,0
DA:122,0
DA:130,0
DA:132,0
LF:52
LH:0
BRDA:45,0,0,0
BRDA:45,0,1,0
BRDA:48,1,0,0
BRDA:48,1,1,0
BRDA:53,2,0,0
BRDA:53,2,1,0
BRDA:53,2,2,0
BRDA:79,3,0,0
BRDA:79,3,1,0
BRDA:81,4,0,0
BRDA:81,4,1,0
BRDA:99,5,0,0
BRDA:99,5,1,0
BRDA:101,6,0,0
BRDA:101,6,1,0
BRDA:120,7,0,0
BRDA:130,8,0,0
BRDA:130,8,1,0
BRDA:150,9,0,0
BRDA:150,9,1,0
BRDA:151,10,0,0
BRDA:151,10,1,0
BRF:22
BRH:0
end_of_record
TN:
SF:src/components/_buttons/ConnectButton/MobileConnectedPopover.tsx
FN:31,(anonymous_10)
FN:48,onDisconnect
FN:58,(anonymous_12)
FN:70,(anonymous_13)
FNF:4
FNH:0
FNDA:0,(anonymous_10)
FNDA:0,onDisconnect
FNDA:0,(anonymous_12)
FNDA:0,(anonymous_13)
DA:1,0
DA:12,0
DA:13,0
DA:16,0
DA:22,0
DA:23,0
DA:24,0
DA:25,0
DA:26,0
DA:27,0
DA:28,0
DA:29,0
DA:31,0
DA:32,0
DA:34,0
DA:35,0
DA:36,0
DA:37,0
DA:41,0
DA:45,0
DA:46,0
DA:49,0
DA:53,0
DA:55,0
DA:58,0
DA:59,0
DA:60,0
DA:62,0
DA:63,0
DA:67,0
DA:70,0
DA:71,0
DA:72,0
DA:74,0
DA:83,0
DA:84,0
DA:86,0
LF:37
LH:0
BRDA:46,0,0,0
BRDA:46,0,1,0
BRDA:46,0,2,0
BRDA:59,1,0,0
BRDA:62,2,0,0
BRDA:71,3,0,0
BRDA:83,4,0,0
BRDA:83,4,1,0
BRDA:84,5,0,0
BRDA:84,5,1,0
BRDA:104,6,0,0
BRDA:104,6,1,0
BRDA:104,6,2,0
BRDA:104,6,3,0
BRDA:107,7,0,0
BRDA:107,7,1,0
BRDA:108,8,0,0
BRDA:108,8,1,0
BRDA:111,9,0,0
BRDA:111,9,1,0
BRF:20
BRH:0
end_of_record
TN:
SF:src/components/_buttons/ConnectButton/WalletDebugInfo.tsx
FN:18,(anonymous_9)
FN:22,(anonymous_10)
FN:27,(anonymous_11)
FNF:3
FNH:0
FNDA:0,(anonymous_9)
FNDA:0,(anonymous_10)
FNDA:0,(anonymous_11)
DA:1,0
DA:2,0
DA:12,0
DA:13,0
DA:18,0
DA:19,0
DA:20,0
DA:22,0
DA:23,0
DA:24,0
DA:27,0
DA:28,0
DA:29,0
DA:30,0
DA:33,0
LF:15
LH:0
BRDA:45,0,0,0
BRDA:45,0,1,0
BRDA:64,1,0,0
BRDA:64,1,1,0
BRF:4
BRH:0
end_of_record
TN:
SF:src/components/_buttons/ConnectButton/index.tsx
FN:23,(anonymous_10)
FN:35,(anonymous_11)
FNF:2
FNH:0
FNDA:0,(anonymous_10)
FNDA:0,(anonymous_11)
DA:1,0
DA:2,0
DA:3,0
DA:4,0
DA:5,0
DA:6,0
DA:7,0
DA:8,0
DA:9,0
DA:10,0
DA:23,0
DA:24,0
DA:25,0
DA:26,0
DA:29,0
DA:33,0
DA:35,0
DA:40,0
DA:41,0
DA:42,0
DA:62,0
DA:87,0
LF:22
LH:0
BRDA:29,0,0,0
BRDA:29,0,1,0
BRDA:33,1,0,0
BRDA:33,1,1,0
BRDA:40,2,0,0
BRDA:45,3,0,0
BRDA:45,3,1,0
BRDA:46,4,0,0
BRDA:46,4,1,0
BRDA:70,5,0,0
BRDA:70,5,1,0
BRDA:71,6,0,0
BRDA:71,6,1,0
BRF:13
BRH:0
end_of_record
TN:
SF:src/components/_cards/ApyPerfomanceCard.tsx
FN:26,(anonymous_1)
FN:39,(anonymous_2)
FN:52,(anonymous_3)
FN:59,(anonymous_4)
FN:139,(anonymous_5)
FN:165,(anonymous_6)
FNF:6
FNH:0
FNDA:0,(anonymous_1)
FNDA:0,(anonymous_2)
FNDA:0,(anonymous_3)
FNDA:0,(anonymous_4)
FNDA:0,(anonymous_5)
FNDA:0,(anonymous_6)
DA:1,0
DA:11,0
DA:12,0
DA:13,0
DA:14,0
DA:15,0
DA:16,0
DA:17,0
DA:19,0
DA:20,0
DA:21,0
DA:22,0
DA:23,0
DA:24,0
DA:26,0
DA:28,0
DA:29,0
DA:30,0
DA:32,0
DA:34,0
DA:37,0
DA:39,0
DA:40,0
DA:41,0
DA:42,0
DA:43,0
DA:53,0
DA:59,0
DA:75,0
DA:78,0
DA:79,0
DA:82,0
DA:140,0
DA:141,0
DA:143,0
DA:166,0
DA:167,0
DA:168,0
DA:169,0
LF:39
LH:0
BRDA:40,0,0,0
BRDA:40,1,0,0
BRDA:40,1,1,0
BRDA:78,2,0,0
BRDA:84,3,0,0
BRDA:84,3,1,0
BRDA:149,4,0,0
BRDA:149,4,1,0
BRDA:151,5,0,0
BRDA:151,5,1,0
BRDA:158,6,0,0
BRDA:158,6,1,0
BRF:12
BRH:0
end_of_record
TN:
SF:src/components/_cards/BondingTableCard.tsx
FN:42,(anonymous_0)
FN:50,(anonymous_1)
FN:75,(anonymous_2)
FN:88,(anonymous_3)
FN:93,(anonymous_4)
FN:105,(anonymous_5)
FN:106,(anonymous_6)
FN:108,(anonymous_7)
FN:115,(anonymous_8)
FN:123,(anonymous_9)
FN:128,(anonymous_10)
FN:144,(anonymous_11)
FN:145,(anonymous_12)
FN:147,(anonymous_13)
FN:154,(anonymous_14)
FN:162,(anonymous_15)
FN:199,(anonymous_16)
FN:220,(anonymous_17)
FN:400,(anonymous_18)
FNF:19
FNH:0
FNDA:0,(anonymous_0)
FNDA:0,(anonymous_1)
FNDA:0,(anonymous_2)
FNDA:0,(anonymous_3)
FNDA:0,(anonymous_4)
FNDA:0,(anonymous_5)
FNDA:0,(anonymous_6)
FNDA:0,(anonymous_7)
FNDA:0,(anonymous_8)
FNDA:0,(anonymous_9)
FNDA:0,(anonymous_10)
FNDA:0,(anonymous_11)
FNDA:0,(anonymous_12)
FNDA:0,(anonymous_13)
FNDA:0,(anonymous_14)
FNDA:0,(anonymous_15)
FNDA:0,(anonymous_16)
FNDA:0,(anonymous_17)
FNDA:0,(anonymous_18)
DA:1,0
DA:2,0
DA:20,0
DA:21,0
DA:22,0
DA:23,0
DA:24,0
DA:25,0
DA:26,0
DA:27,0
DA:28,0
DA:29,0
DA:30,0
DA:31,0
DA:32,0
DA:33,0
DA:34,0
DA:35,0
DA:36,0
DA:37,0
DA:38,0
DA:42,0
DA:43,0
DA:44,0
DA:47,0
DA:50,0
DA:51,0
DA:52,0
DA:53,0
DA:61,0
DA:65,0
DA:66,0
DA:67,0
DA:70,0
DA:74,0
DA:76,0
DA:80,0
DA:81,0
DA:82,0
DA:84,0
DA:86,0
DA:88,0
DA:89,0
DA:90,0
DA:92,0
DA:93,0
DA:94,0
DA:95,0
DA:96,0
DA:100,0
DA:102,0
DA:105,0
DA:106,0
DA:108,0
DA:109,0
DA:110,0
DA:111,0
DA:113,0
DA:115,0
DA:116,0
DA:117,0
DA:118,0
DA:123,0
DA:124,0
DA:125,0
DA:127,0
DA:128,0
DA:129,0
DA:130,0
DA:131,0
DA:135,0
DA:141,0
DA:144,0
DA:145,0
DA:147,0
DA:148,0
DA:149,0
DA:150,0
DA:152,0
DA:154,0
DA:155,0
DA:156,0
DA:157,0
DA:162,0
DA:163,0
DA:164,0
DA:167,0
DA:168,0
DA:170,0
DA:173,0
DA:182,0
DA:185,0
DA:186,0
DA:199,0
DA:206,0
DA:207,0
DA:220,0
DA:227,0
DA:241,0
DA:402,0
DA:403,0
DA:404,0
DA:405,0
DA:552,0
LF:104
LH:0
BRDA:43,0,0,0
BRDA:76,1,0,0
BRDA:76,1,1,0
BRDA:82,2,0,0
BRDA:82,2,1,0
BRDA:89,3,0,0
BRDA:124,4,0,0
BRDA:174,5,0,0
BRDA:174,5,1,0
BRDA:176,6,0,0
BRDA:176,6,1,0
BRDA:178,7,0,0
BRDA:178,7,1,0
BRDA:182,8,0,0
BRDA:182,8,1,0
BRDA:185,9,0,0
BRDA:206,10,0,0
BRDA:206,10,1,0
BRDA:253,11,0,0
BRDA:253,11,1,0
BRDA:253,11,2,0
BRDA:255,12,0,0
BRDA:255,12,1,0
BRDA:255,13,0,0
BRDA:255,13,1,0
BRDA:257,14,0,0
BRDA:257,14,1,0
BRDA:336,15,0,0
BRDA:336,15,1,0
BRDA:342,16,0,0
BRDA:342,16,1,0
BRDA:355,17,0,0
BRDA:355,17,1,0
BRDA:367,18,0,0
BRDA:367,18,1,0
BRDA:367,19,0,0
BRDA:367,19,1,0
BRDA:399,20,0,0
BRDA:399,20,1,0
BRDA:404,21,0,0
BRDA:441,22,0,0
BRDA:441,22,1,0
BRDA:441,22,2,0
BRDA:441,22,3,0
BRDA:445,23,0,0
BRDA:445,23,1,0
BRDA:449,24,0,0
BRDA:449,24,1,0
BRDA:455,25,0,0
BRDA:455,25,1,0
BRDA:462,26,0,0
BRDA:462,26,1,0
BRDA:465,27,0,0
BRDA:465,27,1,0
BRDA:506,28,0,0
BRDA:506,28,1,0
BRDA:506,29,0,0
BRDA:506,29,1,0
BRDA:517,30,0,0
BRDA:517,30,1,0
BRDA:519,31,0,0
BRDA:519,31,1,0
BRF:62
BRH:0
end_of_record
TN:
SF:src/components/_cards/Card.tsx
FN:6,(anonymous_0)
FNF:1
FNH:0
FNDA:0,(anonymous_0)
DA:2,0
DA:6,0
DA:7,0
LF:3
LH:0
BRF:0
BRH:0
end_of_record
TN:
SF:src/components/_cards/CardBase.tsx
FN:7,(anonymous_0)
FNF:1
FNH:0
FNDA:0,(anonymous_0)
DA:1,0
DA:7,0
DA:8,0
LF:3
LH:0
BRF:0
BRH:0
end_of_record
TN:
SF:src/components/_cards/CellarDetailsCard.tsx
FN:35,(anonymous_1)
FN:54,(anonymous_2)
FN:56,(anonymous_3)
FN:61,(anonymous_4)
FN:78,(anonymous_5)
FN:79,(anonymous_6)
FN:88,(anonymous_7)
FN:92,(anonymous_8)
FN:160,(anonymous_9)
FNF:9
FNH:0
FNDA:0,(anonymous_1)
FNDA:0,(anonymous_2)
FNDA:0,(anonymous_3)
FNDA:0,(anonymous_4)
FNDA:0,(anonymous_5)
FNDA:0,(anonymous_6)
FNDA:0,(anonymous_7)
FNDA:0,(anonymous_8)
FNDA:0,(anonymous_9)
DA:1,0
DA:13,0
DA:14,0
DA:15,0
DA:16,0
DA:17,0
DA:19,0
DA:20,0
DA:21,0
DA:22,0
DA:23,0
DA:24,0
DA:35,0
DA:39,0
DA:51,0
DA:53,0
DA:55,0
DA:57,0
DA:61,0
DA:62,0
DA:64,0
DA:66,0
DA:69,0
DA:73,0
DA:75,0
DA:76,0
DA:78,0
DA:79,0
DA:80,0
DA:83,0
DA:86,0
DA:88,0
DA:91,0
DA:93,0
DA:107,0
DA:113,0
DA:161,0
DA:257,0
LF:38
LH:0
BRDA:57,0,0,0
BRDA:57,0,1,0
BRDA:66,1,0,0
BRDA:66,1,1,0
BRDA:67,2,0,0
BRDA:67,2,1,0
BRDA:91,3,0,0
BRDA:91,3,1,0
BRDA:108,4,0,0
BRDA:108,4,1,0
BRDA:149,5,0,0
BRDA:149,5,1,0
BRDA:158,6,0,0
BRDA:158,6,1,0
BRDA:196,7,0,0
BRDA:196,7,1,0
BRDA:205,8,0,0
BRDA:205,8,1,0
BRDA:207,9,0,0
BRDA:207,9,1,0
BRDA:216,10,0,0
BRDA:216,10,1,0
BRDA:223,11,0,0
BRDA:223,11,1,0
BRDA:231,12,0,0
BRDA:231,12,1,0
BRF:26
BRH:0
end_of_record
TN:
SF:src/components/_cards/ErrorCard.tsx
FN:8,(anonymous_0)
FNF:1
FNH:0
FNDA:0,(anonymous_0)
DA:1,0
DA:2,0
DA:8,0
DA:13,0
LF:4
LH:0
BRDA:22,0,0,0
BRDA:22,0,1,0
BRF:2
BRH:0
end_of_record
TN:
SF:src/components/_cards/InnerCard.tsx
FN:5,(anonymous_0)
FNF:1
FNH:0
FNDA:0,(anonymous_0)
DA:3,0
DA:5,0
DA:6,0
LF:3
LH:0
BRF:0
BRH:0
end_of_record
TN:
SF:src/components/_cards/SwapSettingsCard.tsx
FN:7,(anonymous_0)
FN:40,(anonymous_1)
FN:42,(anonymous_2)
FNF:3
FNH:0
FNDA:0,(anonymous_0)
FNDA:0,(anonymous_1)
FNDA:0,(anonymous_2)
DA:2,0
DA:3,0
DA:4,0
DA:5,0
DA:7,0
DA:8,0
DA:10,0
DA:41,0
DA:43,0
LF:9
LH:0
BRDA:41,0,0,0
BRDA:41,0,1,0
BRDA:43,1,0,0
BRDA:43,1,1,0
BRF:4
BRH:0
end_of_record
TN:
SF:src/components/_cards/TokenPricePerfomaceCard.tsx
FN:28,(anonymous_1)
FN:42,(anonymous_2)
FN:55,(anonymous_3)
FN:56,(anonymous_4)
FN:68,(anonymous_5)
FN:74,(anonymous_6)
FN:139,(anonymous_7)
FN:165,(anonymous_8)
FNF:8
FNH:0
FNDA:0,(anonymous_1)
FNDA:0,(anonymous_2)
FNDA:0,(anonymous_3)
FNDA:0,(anonymous_4)
FNDA:0,(anonymous_5)
FNDA:0,(anonymous_6)
FNDA:0,(anonymous_7)
FNDA:0,(anonymous_8)
DA:1,0
DA:11,0
DA:12,0
DA:13,0
DA:14,0
DA:15,0
DA:16,0
DA:17,0
DA:18,0
DA:20,0
DA:21,0
DA:22,0
DA:23,0
DA:24,0
DA:25,0
DA:26,0
DA:28,0
DA:30,0
DA:31,0
DA:32,0
DA:33,0
DA:37,0
DA:38,0
DA:39,0
DA:40,0
DA:42,0
DA:43,0
DA:44,0
DA:45,0
DA:46,0
DA:56,0
DA:57,0
DA:58,0
DA:59,0
DA:60,0
DA:62,0
DA:68,0
DA:74,0
DA:93,0
DA:96,0
DA:97,0
DA:99,0
DA:140,0
DA:141,0
DA:143,0
DA:166,0
DA:167,0
DA:168,0
DA:169,0
LF:49
LH:0
BRDA:43,0,0,0
BRDA:43,1,0,0
BRDA:43,1,1,0
BRDA:57,2,0,0
BRDA:59,3,0,0
BRDA:96,4,0,0
BRDA:101,5,0,0
BRDA:101,5,1,0
BRDA:126,6,0,0
BRDA:126,6,1,0
BRDA:149,7,0,0
BRDA:149,7,1,0
BRDA:151,8,0,0
BRDA:151,8,1,0
BRDA:158,9,0,0
BRDA:158,9,1,0
BRF:16
BRH:0
end_of_record
TN:
SF:src/components/_cards/TransparentCard.tsx
FN:5,(anonymous_0)
FNF:1
FNH:0
FNDA:0,(anonymous_0)
DA:3,0
DA:5,0
DA:6,0
LF:3
LH:0
BRF:0
BRH:0
end_of_record
TN:
SF:src/components/_cards/WithdrawQueueCard.tsx
FN:35,formatTimeRemaining
FN:58,(anonymous_1)
FN:73,(anonymous_2)
FN:99,(anonymous_3)
FN:143,(anonymous_4)
FN:151,(anonymous_5)
FN:209,(anonymous_6)
FN:213,(anonymous_7)
FN:417,(anonymous_8)
FNF:9
FNH:0
FNDA:0,formatTimeRemaining
FNDA:0,(anonymous_1)
FNDA:0,(anonymous_2)
FNDA:0,(anonymous_3)
FNDA:0,(anonymous_4)
FNDA:0,(anonymous_5)
FNDA:0,(anonymous_6)
FNDA:0,(anonymous_7)
FNDA:0,(anonymous_8)
DA:1,0
DA:2,0
DA:19,0
DA:20,0
DA:21,0
DA:22,0
DA:23,0
DA:24,0
DA:25,0
DA:26,0
DA:27,0
DA:28,0
DA:29,0
DA:30,0
DA:31,0
DA:32,0
DA:33,0
DA:36,0
DA:37,0
DA:38,0
DA:40,0
DA:41,0
DA:44,0
DA:45,0
DA:46,0
DA:47,0
DA:49,0
DA:50,0
DA:51,0
DA:52,0
DA:55,0
DA:58,0
DA:59,0
DA:60,0
DA:61,0
DA:62,0
DA:64,0
DA:70,0
DA:71,0
DA:73,0
DA:74,0
DA:75,0
DA:89,0
DA:92,0
DA:94,0
DA:96,0
DA:99,0
DA:100,0
DA:101,0
DA:109,0
DA:114,0
DA:115,0
DA:123,0
DA:124,0
DA:125,0
DA:127,0
DA:128,0
DA:129,0
DA:131,0
DA:132,0
DA:133,0
DA:136,0
DA:137,0
DA:138,0
DA:139,0
DA:143,0
DA:144,0
DA:147,0
DA:149,0
DA:151,0
DA:152,0
DA:153,0
DA:156,0
DA:159,0
DA:161,0
DA:163,0
DA:173,0
DA:181,0
DA:189,0
DA:191,0
DA:199,0
DA:209,0
DA:213,0
DA:217,0
DA:224,0
DA:226,0
DA:227,0
DA:250,0
DA:251,0
DA:261,0
DA:419,0
DA:422,0
DA:438,0
LF:93
LH:0
BRDA:40,0,0,0
BRDA:50,1,0,0
BRDA:51,2,0,0
BRDA:52,3,0,0
BRDA:74,4,0,0
BRDA:101,5,0,0
BRDA:101,5,1,0
BRDA:102,6,0,0
BRDA:102,6,1,0
BRDA:102,6,2,0
BRDA:102,6,3,0
BRDA:102,6,4,0
BRDA:124,7,0,0
BRDA:124,7,1,0
BRDA:152,8,0,0
BRDA:159,9,0,0
BRDA:159,9,1,0
BRDA:226,10,0,0
BRDA:226,10,1,0
BRF:19
BRH:0
end_of_record
TN:
SF:src/components/_cards/BridgeCard/EthereumAddress.tsx
FN:5,(anonymous_1)
FNF:1
FNH:0
FNDA:0,(anonymous_1)
DA:1,0
DA:2,0
DA:3,0
DA:5,0
DA:6,0
DA:7,0
LF:6
LH:0
BRDA:20,0,0,0
BRDA:20,0,1,0
BRDA:29,1,0,0
BRDA:29,1,1,0
BRF:4
BRH:0
end_of_record
TN:
SF:src/components/_cards/BridgeCard/InputAmount.tsx
FN:28,(anonymous_10)
FN:41,(anonymous_11)
FN:43,(anonymous_12)
FN:58,(anonymous_13)
FN:68,(anonymous_14)
FN:71,(anonymous_15)
FN:77,(anonymous_16)
FN:100,(anonymous_17)
FN:101,(anonymous_18)
FN:140,(anonymous_19)
FN:142,(anonymous_20)
FN:160,(anonymous_21)
FNF:12
FNH:0
FNDA:0,(anonymous_10)
FNDA:0,(anonymous_11)
FNDA:0,(anonymous_12)
FNDA:0,(anonymous_13)
FNDA:0,(anonymous_14)
FNDA:0,(anonymous_15)
FNDA:0,(anonymous_16)
FNDA:0,(anonymous_17)
FNDA:0,(anonymous_18)
FNDA:0,(anonymous_19)
FNDA:0,(anonymous_20)
FNDA:0,(anonymous_21)
DA:1,0
DA:10,0
DA:12,0
DA:13,0
DA:14,0
DA:15,0
DA:20,0
DA:21,0
DA:23,0
DA:24,0
DA:25,0
DA:26,0
DA:28,0
DA:30,0
DA:31,0
DA:32,0
DA:33,0
DA:35,0
DA:36,0
DA:37,0
DA:40,0
DA:41,0
DA:42,0
DA:43,0
DA:50,0
DA:51,0
DA:53,0
DA:58,0
DA:59,0
DA:62,0
DA:67,0
DA:68,0
DA:70,0
DA:71,0
DA:74,0
DA:77,0
DA:78,0
DA:79,0
DA:82,0
DA:83,0
DA:84,0
DA:87,0
DA:91,0
DA:100,0
DA:101,0
DA:141,0
DA:143,0
DA:161,0
LF:48
LH:0
BRDA:43,0,0,0
BRDA:43,0,1,0
BRDA:70,1,0,0
BRDA:70,1,1,0
BRDA:74,2,0,0
BRDA:74,2,1,0
BRDA:75,3,0,0
BRDA:75,3,1,0
BRDA:76,4,0,0
BRDA:76,4,1,0
BRDA:78,5,0,0
BRDA:78,5,1,0
BRDA:78,6,0,0
BRDA:78,6,1,0
BRDA:83,7,0,0
BRDA:83,8,0,0
BRDA:83,8,1,0
BRDA:103,9,0,0
BRDA:103,9,1,0
BRDA:105,10,0,0
BRDA:105,10,1,0
BRDA:141,11,0,0
BRDA:141,11,1,0
BRDA:143,12,0,0
BRDA:143,12,1,0
BRDA:144,13,0,0
BRDA:144,13,1,0
BRDA:144,13,2,0
BRDA:150,14,0,0
BRDA:150,14,1,0
BRDA:150,14,2,0
BRDA:161,15,0,0
BRDA:161,15,1,0
BRDA:162,16,0,0
BRDA:162,16,1,0
BRDA:168,17,0,0
BRDA:168,17,1,0
BRDA:174,18,0,0
BRDA:174,18,1,0
BRDA:175,19,0,0
BRDA:175,19,1,0
BRDA:175,19,2,0
BRDA:177,20,0,0
BRDA:177,20,1,0
BRDA:177,20,2,0
BRDA:198,21,0,0
BRDA:198,21,1,0
BRDA:206,22,0,0
BRDA:206,22,1,0
BRDA:206,22,2,0
BRDA:206,22,3,0
BRDA:206,22,4,0
BRDA:210,23,0,0
BRDA:210,23,1,0
BRDA:210,23,2,0
BRDA:210,23,3,0
BRF:56
BRH:0
end_of_record
TN:
SF:src/components/_cards/BridgeCard/InputEthereumAddress.tsx
FN:18,(anonymous_9)
FN:29,(anonymous_10)
FN:61,(anonymous_11)
FN:70,(anonymous_12)
FN:71,(anonymous_13)
FN:93,(anonymous_14)
FNF:6
FNH:0
FNDA:0,(anonymous_9)
FNDA:0,(anonymous_10)
FNDA:0,(anonymous_11)
FNDA:0,(anonymous_12)
FNDA:0,(anonymous_13)
FNDA:0,(anonymous_14)
DA:1,0
DA:10,0
DA:11,0
DA:12,0
DA:13,0
DA:14,0
DA:15,0
DA:18,0
DA:22,0
DA:24,0
DA:25,0
DA:26,0
DA:27,0
DA:29,0
DA:30,0
DA:31,0
DA:32,0
DA:40,0
DA:41,0
DA:50,0
DA:61,0
DA:70,0
DA:71,0
DA:94,0
LF:24
LH:0
BRDA:31,0,0,0
BRDA:34,1,0,0
BRDA:34,1,1,0
BRDA:72,2,0,0
BRDA:72,2,1,0
BRDA:94,3,0,0
BRDA:94,3,1,0
BRF:7
BRH:0
end_of_record
TN:
SF:src/components/_cards/BridgeCard/InputSommelierAddress.tsx
FN:20,(anonymous_9)
FN:31,(anonymous_10)
FN:80,(anonymous_11)
FN:93,(anonymous_12)
FN:94,(anonymous_13)
FN:116,(anonymous_14)
FNF:6
FNH:0
FNDA:0,(anonymous_9)
FNDA:0,(anonymous_10)
FNDA:0,(anonymous_11)
FNDA:0,(anonymous_12)
FNDA:0,(anonymous_13)
FNDA:0,(anonymous_14)
DA:1,0
DA:11,0
DA:12,0
DA:13,0
DA:14,0
DA:15,0
DA:16,0
DA:17,0
DA:20,0
DA:24,0
DA:26,0
DA:27,0
DA:28,0
DA:29,0
DA:31,0
DA:32,0
DA:33,0
DA:34,0
DA:35,0
DA:36,0
DA:44,0
DA:46,0
DA:70,0
DA:80,0
DA:93,0
DA:94,0
DA:117,0
LF:27
LH:0
BRDA:35,0,0,0
BRDA:38,1,0,0
BRDA:38,1,1,0
BRDA:95,2,0,0
BRDA:95,2,1,0
BRDA:117,3,0,0
BRDA:117,3,1,0
BRF:7
BRH:0
end_of_record
TN:
SF:src/components/_cards/BridgeCard/SommReceivedInEth.tsx
FN:6,(anonymous_1)
FNF:1
FNH:0
FNDA:0,(anonymous_1)
DA:1,0
DA:2,0
DA:3,0
DA:6,0
DA:7,0
DA:9,0
DA:10,0
DA:11,0
DA:12,0
LF:9
LH:0
BRDA:34,0,0,0
BRDA:34,0,1,0
BRF:2
BRH:0
end_of_record
TN:
SF:src/components/_cards/BridgeCard/SommelierAddress.tsx
FN:12,(anonymous_1)
FN:26,(anonymous_2)
FNF:2
FNH:0
FNDA:0,(anonymous_1)
FNDA:0,(anonymous_2)
DA:1,0
DA:9,0
DA:10,0
DA:12,0
DA:13,0
DA:14,0
DA:15,0
DA:26,0
LF:8
LH:0
BRDA:21,0,0,0
BRDA:21,0,1,0
BRDA:40,1,0,0
BRDA:40,1,1,0
BRDA:49,2,0,0
BRDA:49,2,1,0
BRF:6
BRH:0
end_of_record
TN:
SF:src/components/_cards/BridgeCard/index.tsx
FN:26,(anonymous_1)
FN:76,(anonymous_2)
FNF:2
FNH:0
FNDA:0,(anonymous_1)
FNDA:0,(anonymous_2)
DA:1,0
DA:7,0
DA:8,0
DA:9,0
DA:10,0
DA:11,0
DA:12,0
DA:13,0
DA:14,0
DA:15,0
DA:16,0
DA:17,0
DA:18,0
DA:26,0
DA:27,0
DA:28,0
DA:29,0
DA:30,0
DA:35,0
DA:36,0
DA:38,0
DA:41,0
DA:77,0
DA:78,0
DA:80,0
DA:82,0
DA:83,0
DA:101,0
LF:28
LH:0
BRDA:103,0,0,0
BRDA:103,0,1,0
BRDA:103,1,0,0
BRDA:103,1,1,0
BRDA:103,1,2,0
BRDA:103,1,3,0
BRDA:137,2,0,0
BRDA:137,2,1,0
BRDA:139,3,0,0
BRDA:139,3,1,0
BRF:10
BRH:0
end_of_record
TN:
SF:src/components/_cards/CellarCard/AboutCellar.tsx
FN:26,(anonymous_0)
FN:43,(anonymous_1)
FNF:2
FNH:0
FNDA:0,(anonymous_0)
FNDA:0,(anonymous_1)
DA:1,0
DA:2,0
DA:3,0
DA:12,0
DA:13,0
DA:14,0
DA:15,0
DA:16,0
DA:17,0
DA:18,0
DA:19,0
DA:20,0
DA:26,0
DA:27,0
DA:29,0
DA:33,0
DA:34,0
DA:35,0
DA:36,0
DA:37,0
DA:40,0
DA:41,0
DA:43,0
DA:44,0
DA:45,0
DA:46,0
DA:47,0
DA:53,0
DA:54,0
DA:55,0
LF:30
LH:0
BRDA:40,0,0,0
BRDA:40,0,1,0
BRDA:44,1,0,0
BRDA:57,2,0,0
BRDA:57,2,1,0
BRDA:60,3,0,0
BRDA:60,3,1,0
BRDA:61,4,0,0
BRDA:61,4,1,0
BRDA:78,5,0,0
BRDA:78,5,1,0
BRDA:82,6,0,0
BRDA:82,6,1,0
BRDA:86,7,0,0
BRDA:86,7,1,0
BRDA:89,8,0,0
BRDA:89,8,1,0
BRDA:93,9,0,0
BRDA:93,9,1,0
BRDA:93,9,2,0
BRDA:105,10,0,0
BRDA:105,10,1,0
BRDA:109,11,0,0
BRDA:109,11,1,0
BRDA:114,12,0,0
BRDA:114,12,1,0
BRDA:129,13,0,0
BRDA:129,13,1,0
BRF:28
BRH:0
end_of_record
TN:
SF:src/components/_cards/CellarCard/Burst.tsx
FN:3,(anonymous_0)
FNF:1
FNH:0
FNDA:0,(anonymous_0)
DA:1,0
DA:3,0
DA:4,0
LF:3
LH:0
BRF:0
BRH:0
end_of_record
TN:
SF:src/components/_cards/CellarCard/CellarCardDisplay.tsx
FN:38,(anonymous_0)
FN:54,(anonymous_1)
FN:153,(anonymous_2)
FNF:3
FNH:0
FNDA:0,(anonymous_0)
FNDA:0,(anonymous_1)
FNDA:0,(anonymous_2)
DA:1,0
DA:8,0
DA:9,0
DA:10,0
DA:11,0
DA:12,0
DA:13,0
DA:14,0
DA:15,0
DA:16,0
DA:17,0
DA:18,0
DA:19,0
DA:20,0
DA:22,0
DA:38,0
DA:44,0
DA:45,0
DA:47,0
DA:50,0
DA:51,0
DA:52,0
DA:53,0
DA:55,0
DA:64,0
DA:65,0
DA:67,0
DA:68,0
DA:69,0
DA:71,0
DA:154,0
LF:31
LH:0
BRDA:53,0,0,0
BRDA:53,0,1,0
BRDA:67,1,0,0
BRDA:67,1,1,0
BRDA:92,2,0,0
BRDA:92,2,1,0
BRDA:92,2,2,0
BRDA:92,2,3,0
BRDA:105,3,0,0
BRDA:105,3,1,0
BRDA:119,4,0,0
BRDA:119,4,1,0
BRDA:150,5,0,0
BRDA:150,5,1,0
BRDA:152,6,0,0
BRDA:152,6,1,0
BRDA:155,7,0,0
BRDA:155,7,1,0
BRDA:167,8,0,0
BRDA:167,8,1,0
BRDA:188,9,0,0
BRDA:188,9,1,0
BRF:22
BRH:0
end_of_record
TN:
SF:src/components/_cards/CellarCard/CellarStats.tsx
FN:21,(anonymous_0)
FN:45,(anonymous_1)
FNF:2
FNH:0
FNDA:0,(anonymous_0)
FNDA:0,(anonymous_1)
DA:1,0
DA:8,0
DA:10,0
DA:21,0
DA:29,0
DA:45,0
DA:52,0
LF:7
LH:0
BRDA:26,0,0,0
BRDA:38,1,0,0
BRDA:38,1,1,0
BRDA:64,2,0,0
BRDA:64,2,1,0
BRF:5
BRH:0
end_of_record
TN:
SF:src/components/_cards/CellarCard/CoinImage.tsx
FN:4,(anonymous_1)
FNF:1
FNH:0
FNDA:0,(anonymous_1)
DA:1,0
DA:2,0
DA:4,0
DA:5,0
LF:4
LH:0
BRF:0
BRH:0
end_of_record
TN:
SF:src/components/_cards/CellarCard/ComingSoon.tsx
FN:12,(anonymous_0)
FNF:1
FNH:0
FNDA:0,(anonymous_0)
DA:1,0
DA:3,0
DA:12,0
DA:13,0
DA:15,0
LF:5
LH:0
BRDA:12,0,0,0
BRF:1
BRH:0
end_of_record
TN:
SF:src/components/_cards/CellarCard/FillLine.tsx
FN:7,(anonymous_0)
FNF:1
FNH:0
FNDA:0,(anonymous_0)
DA:1,0
DA:7,0
DA:11,0
DA:12,0
LF:4
LH:0
BRF:0
BRH:0
end_of_record
TN:
SF:src/components/_cards/CellarCard/Label.tsx
FN:3,(anonymous_0)
FNF:1
FNH:0
FNDA:0,(anonymous_0)
DA:1,0
DA:3,0
DA:4,0
LF:3
LH:0
BRF:0
BRH:0
end_of_record
TN:
SF:src/components/_cards/CellarCard/UserStats.tsx
FN:14,(anonymous_0)
FNF:1
FNH:0
FNDA:0,(anonymous_0)
DA:1,0
DA:2,0
DA:4,0
DA:5,0
DA:6,0
DA:7,0
DA:8,0
DA:9,0
DA:14,0
DA:19,0
DA:21,0
DA:22,0
DA:25,0
DA:26,0
DA:27,0
DA:29,0
LF:16
LH:0
BRDA:41,0,0,0
BRDA:41,0,1,0
BRDA:41,1,0,0
BRDA:41,1,1,0
BRDA:42,2,0,0
BRDA:42,2,1,0
BRDA:74,3,0,0
BRDA:74,3,1,0
BRDA:88,4,0,0
BRDA:88,4,1,0
BRDA:88,5,0,0
BRDA:88,5,1,0
BRDA:89,6,0,0
BRDA:89,6,1,0
BRF:14
BRH:0
end_of_record
TN:
SF:src/components/_cards/CellarCard/index.tsx
FN:12,(anonymous_0)
FNF:1
FNH:0
FNDA:0,(anonymous_0)
DA:2,0
DA:6,0
DA:12,0
DA:22,0
DA:24,0
DA:33,0
LF:6
LH:0
BRF:0
BRH:0
end_of_record
TN:
SF:src/components/_cards/PortfolioCard/PointsDisplay.tsx
FN:9,(anonymous_9)
FN:19,(anonymous_10)
FN:20,(anonymous_11)
FNF:3
FNH:0
FNDA:0,(anonymous_9)
FNDA:0,(anonymous_10)
FNDA:0,(anonymous_11)
DA:1,0
DA:2,0
DA:3,0
DA:9,0
DA:12,0
DA:15,0
DA:19,0
DA:20,0
DA:21,0
DA:22,0
DA:23,0
DA:25,0
DA:28,0
DA:32,0
DA:33,0
DA:36,0
DA:40,0
DA:43,0
LF:18
LH:0
BRDA:23,0,0,0
BRDA:51,1,0,0
BRDA:51,1,1,0
BRDA:59,2,0,0
BRDA:59,2,1,0
BRF:5
BRH:0
end_of_record
TN:
SF:src/components/_cards/PortfolioCard/Rewards.tsx
FN:20,(anonymous_0)
FN:42,(anonymous_1)
FN:51,(anonymous_2)
FN:73,(anonymous_3)
FN:77,(anonymous_4)
FN:98,(anonymous_5)
FN:109,(anonymous_6)
FN:113,(anonymous_7)
FN:115,(anonymous_8)
FN:130,(anonymous_9)
FNF:10
FNH:0
FNDA:0,(anonymous_0)
FNDA:0,(anonymous_1)
FNDA:0,(anonymous_2)
FNDA:0,(anonymous_3)
FNDA:0,(anonymous_4)
FNDA:0,(anonymous_5)
FNDA:0,(anonymous_6)
FNDA:0,(anonymous_7)
FNDA:0,(anonymous_8)
FNDA:0,(anonymous_9)
DA:1,0
DA:2,0
DA:3,0
DA:4,0
DA:5,0
DA:6,0
DA:7,0
DA:8,0
DA:9,0
DA:10,0
DA:11,0
DA:13,0
DA:14,0
DA:15,0
DA:16,0
DA:17,0
DA:18,0
DA:20,0
DA:25,0
DA:26,0
DA:27,0
DA:31,0
DA:32,0
DA:33,0
DA:34,0
DA:36,0
DA:37,0
DA:38,0
DA:41,0
DA:43,0
DA:44,0
DA:52,0
DA:53,0
DA:63,0
DA:66,0
DA:72,0
DA:73,0
DA:76,0
DA:77,0
DA:80,0
DA:81,0
DA:82,0
DA:86,0
DA:90,0
DA:91,0
DA:92,0
DA:95,0
DA:97,0
DA:98,0
DA:99,0
DA:100,0
DA:105,0
DA:106,0
DA:110,0
DA:111,0
DA:113,0
DA:116,0
DA:117,0
DA:131,0
DA:147,0
DA:149,0
LF:61
LH:0
BRDA:31,0,0,0
BRDA:31,0,1,0
BRDA:37,1,0,0
BRDA:66,2,0,0
BRDA:66,2,1,0
BRDA:66,2,2,0
BRDA:66,2,3,0
BRDA:77,3,0,0
BRDA:77,3,1,0
BRDA:86,4,0,0
BRDA:87,5,0,0
BRDA:87,5,1,0
BRDA:99,6,0,0
BRDA:153,7,0,0
BRDA:153,7,1,0
BRDA:162,8,0,0
BRDA:162,8,1,0
BRDA:174,9,0,0
BRDA:174,9,1,0
BRDA:178,10,0,0
BRDA:178,10,1,0
BRDA:189,11,0,0
BRDA:189,11,1,0
BRDA:189,11,2,0
BRDA:191,12,0,0
BRDA:191,12,1,0
BRDA:192,13,0,0
BRDA:192,13,1,0
BRDA:201,14,0,0
BRDA:201,14,1,0
BRDA:201,15,0,0
BRDA:201,15,1,0
BRDA:215,16,0,0
BRDA:215,16,1,0
BRDA:216,17,0,0
BRDA:216,17,1,0
BRDA:217,18,0,0
BRDA:217,18,1,0
BRDA:226,19,0,0
BRDA:226,19,1,0
BRDA:231,20,0,0
BRDA:231,20,1,0
BRF:42
BRH:0
end_of_record
TN:
SF:src/components/_cards/PortfolioCard/index.tsx
FN:55,(anonymous_10)
FN:74,(anonymous_11)
FNF:2
FNH:0
FNDA:0,(anonymous_10)
FNDA:0,(anonymous_11)
DA:1,0
DA:2,0
DA:17,0
DA:18,0
DA:19,0
DA:20,0
DA:21,0
DA:22,0
DA:23,0
DA:24,0
DA:25,0
DA:26,0
DA:27,0
DA:28,0
DA:29,0
DA:30,0
DA:31,0
DA:32,0
DA:40,0
DA:41,0
DA:42,0
DA:43,0
DA:44,0
DA:45,0
DA:46,0
DA:47,0
DA:48,0
DA:49,0
DA:50,0
DA:51,0
DA:52,0
DA:53,0
DA:55,0
DA:56,0
DA:57,0
DA:62,0
DA:63,0
DA:64,0
DA:65,0
DA:67,0
DA:68,0
DA:73,0
DA:74,0
DA:75,0
DA:78,0
DA:79,0
DA:81,0
DA:86,0
DA:91,0
DA:92,0
DA:94,0
DA:99,0
DA:101,0
DA:102,0
DA:103,0
DA:106,0
DA:107,0
DA:110,0
DA:114,0
DA:118,0
DA:121,0
DA:123,0
LF:62
LH:0
BRDA:94,0,0,0
BRDA:94,0,1,0
BRDA:101,1,0,0
BRDA:110,2,0,0
BRDA:110,2,1,0
BRDA:110,3,0,0
BRDA:110,3,1,0
BRDA:114,4,0,0
BRDA:114,4,1,0
BRDA:114,4,2,0
BRDA:114,4,3,0
BRDA:114,5,0,0
BRDA:114,5,1,0
BRDA:115,6,0,0
BRDA:115,6,1,0
BRDA:149,7,0,0
BRDA:149,7,1,0
BRDA:150,8,0,0
BRDA:150,8,1,0
BRDA:150,9,0,0
BRDA:150,9,1,0
BRDA:153,10,0,0
BRDA:153,10,1,0
BRDA:172,11,0,0
BRDA:172,11,1,0
BRDA:172,12,0,0
BRDA:172,12,1,0
BRDA:184,13,0,0
BRDA:184,13,1,0
BRDA:213,14,0,0
BRDA:213,14,1,0
BRDA:214,15,0,0
BRDA:214,15,1,0
BRDA:222,16,0,0
BRDA:222,16,1,0
BRDA:225,17,0,0
BRDA:225,17,1,0
BRDA:225,17,2,0
BRDA:231,18,0,0
BRDA:231,18,1,0
BRDA:235,19,0,0
BRDA:235,19,1,0
BRDA:254,20,0,0
BRDA:254,20,1,0
BRDA:259,21,0,0
BRDA:259,21,1,0
BRDA:277,22,0,0
BRDA:277,22,1,0
BRDA:290,23,0,0
BRDA:290,23,1,0
BRDA:298,24,0,0
BRDA:298,24,1,0
BRDA:299,25,0,0
BRDA:299,25,1,0
BRDA:300,26,0,0
BRDA:300,26,1,0
BRDA:300,26,2,0
BRDA:311,27,0,0
BRDA:311,27,1,0
BRDA:318,28,0,0
BRDA:318,28,1,0
BRDA:319,29,0,0
BRDA:319,29,1,0
BRDA:320,30,0,0
BRDA:320,30,1,0
BRDA:325,31,0,0
BRDA:325,31,1,0
BRDA:325,31,2,0
BRDA:329,32,0,0
BRDA:329,32,1,0
BRDA:336,33,0,0
BRDA:336,33,1,0
BRDA:346,34,0,0
BRDA:346,34,1,0
BRDA:354,35,0,0
BRDA:354,35,1,0
BRDA:355,36,0,0
BRDA:355,36,1,0
BRDA:356,37,0,0
BRDA:356,37,1,0
BRDA:356,37,2,0
BRDA:369,38,0,0
BRDA:369,38,1,0
BRDA:369,38,2,0
BRDA:369,38,3,0
BRDA:382,39,0,0
BRDA:382,39,1,0
BRDA:399,40,0,0
BRDA:399,40,1,0
BRDA:401,41,0,0
BRDA:401,41,1,0
BRDA:401,41,2,0
BRDA:401,41,3,0
BRDA:405,42,0,0
BRDA:405,42,1,0
BRDA:441,43,0,0
BRDA:441,43,1,0
BRDA:441,44,0,0
BRDA:441,44,1,0
BRDA:444,45,0,0
BRDA:444,45,1,0
BRDA:457,46,0,0
BRDA:457,46,1,0
BRDA:457,47,0,0
BRDA:457,47,1,0
BRDA:496,48,0,0
BRDA:496,48,1,0
BRDA:496,49,0,0
BRDA:496,49,1,0
BRDA:512,50,0,0
BRDA:512,50,1,0
BRDA:514,51,0,0
BRDA:514,51,1,0
BRDA:518,52,0,0
BRDA:518,52,1,0
BRDA:518,52,2,0
BRDA:524,53,0,0
BRDA:524,53,1,0
BRDA:524,53,2,0
BRDA:526,54,0,0
BRDA:526,54,1,0
BRDA:530,55,0,0
BRDA:530,55,1,0
BRF:123
BRH:0
end_of_record
TN:
SF:src/components/_cards/PortfolioCard/MerklePoints/MerklePoints.tsx
FN:28,(anonymous_9)
FN:46,(anonymous_10)
FN:48,(anonymous_11)
FN:97,(anonymous_12)
FN:100,(anonymous_13)
FN:142,(anonymous_14)
FN:152,(anonymous_15)
FN:153,(anonymous_16)
FNF:8
FNH:0
FNDA:0,(anonymous_9)
FNDA:0,(anonymous_10)
FNDA:0,(anonymous_11)
FNDA:0,(anonymous_12)
FNDA:0,(anonymous_13)
FNDA:0,(anonymous_14)
FNDA:0,(anonymous_15)
FNDA:0,(anonymous_16)
DA:1,0
DA:2,0
DA:3,0
DA:4,0
DA:5,0
DA:6,0
DA:7,0
DA:8,0
DA:16,0
DA:18,0
DA:21,0
DA:28,0
DA:32,0
DA:35,0
DA:36,0
DA:38,0
DA:39,0
DA:40,0
DA:42,0
DA:46,0
DA:47,0
DA:48,0
DA:49,0
DA:50,0
DA:56,0
DA:57,0
DA:58,0
DA:60,0
DA:61,0
DA:62,0
DA:64,0
DA:65,0
DA:68,0
DA:69,0
DA:72,0
DA:73,0
DA:84,0
DA:85,0
DA:89,0
DA:91,0
DA:92,0
DA:97,0
DA:98,0
DA:100,0
DA:101,0
DA:102,0
DA:113,0
DA:116,0
DA:117,0
DA:118,0
DA:124,0
DA:130,0
DA:131,0
DA:138,0
DA:141,0
DA:143,0
DA:144,0
DA:145,0
DA:147,0
DA:151,0
DA:153,0
DA:154,0
DA:155,0
DA:156,0
DA:160,0
DA:164,0
DA:172,0
DA:173,0
DA:175,0
DA:176,0
DA:183,0
DA:184,0
DA:186,0
DA:195,0
DA:196,0
DA:198,0
DA:202,0
DA:216,0
DA:217,0
DA:219,0
DA:220,0
DA:222,0
DA:232,0
DA:233,0
DA:245,0
DA:246,0
DA:260,0
DA:261,0
DA:271,0
LF:89
LH:0
BRDA:47,0,0,0
BRDA:47,0,1,0
BRDA:52,1,0,0
BRDA:52,1,1,0
BRDA:56,2,0,0
BRDA:56,2,1,0
BRDA:58,3,0,0
BRDA:58,3,1,0
BRDA:58,4,0,0
BRDA:58,4,1,0
BRDA:98,5,0,0
BRDA:98,5,1,0
BRDA:101,6,0,0
BRDA:116,7,0,0
BRDA:116,7,1,0
BRDA:116,8,0,0
BRDA:116,8,1,0
BRDA:128,9,0,0
BRDA:128,9,1,0
BRDA:130,10,0,0
BRDA:144,11,0,0
BRDA:155,12,0,0
BRDA:165,13,0,0
BRDA:165,13,1,0
BRDA:175,14,0,0
BRDA:175,14,1,0
BRDA:195,15,0,0
BRDA:195,15,1,0
BRDA:196,16,0,0
BRDA:196,16,1,0
BRDA:196,17,0,0
BRDA:196,17,1,0
BRDA:217,18,0,0
BRDA:217,18,1,0
BRDA:274,19,0,0
BRDA:274,19,1,0
BRDA:280,20,0,0
BRDA:280,20,1,0
BRDA:280,21,0,0
BRDA:280,21,1,0
BRDA:289,22,0,0
BRDA:289,22,1,0
BRDA:289,22,2,0
BRDA:289,22,3,0
BRDA:289,22,4,0
BRDA:289,22,5,0
BRDA:289,22,6,0
BRF:47
BRH:0
end_of_record
TN:
SF:src/components/_cards/SnapshotCard/CampaignTable.tsx
FN:37,(anonymous_1)
FN:61,(anonymous_2)
FNF:2
FNH:0
FNDA:0,(anonymous_1)
FNDA:0,(anonymous_2)
DA:1,0
DA:2,0
DA:18,0
DA:19,0
DA:28,0
DA:37,0
DA:38,0
DA:42,0
DA:43,0
DA:45,0
DA:62,0
DA:143,0
LF:12
LH:0
BRDA:54,0,0,0
BRDA:54,0,1,0
BRDA:67,1,0,0
BRDA:67,1,1,0
BRDA:102,2,0,0
BRDA:102,2,1,0
BRF:6
BRH:0
end_of_record
TN:
SF:src/components/_cards/SnapshotCard/InputEthereumAddress.tsx
FN:20,(anonymous_9)
FN:28,(anonymous_10)
FN:64,(anonymous_11)
FN:65,(anonymous_12)
FN:84,(anonymous_13)
FNF:5
FNH:0
FNDA:0,(anonymous_9)
FNDA:0,(anonymous_10)
FNDA:0,(anonymous_11)
FNDA:0,(anonymous_12)
FNDA:0,(anonymous_13)
DA:1,0
DA:10,0
DA:11,0
DA:12,0
DA:13,0
DA:14,0
DA:15,0
DA:18,0
DA:20,0
DA:21,0
DA:23,0
DA:24,0
DA:25,0
DA:26,0
DA:28,0
DA:29,0
DA:30,0
DA:31,0
DA:35,0
DA:36,0
DA:45,0
DA:64,0
DA:65,0
DA:85,0
LF:24
LH:0
BRDA:30,0,0,0
BRDA:66,1,0,0
BRDA:66,1,1,0
BRDA:85,2,0,0
BRDA:85,2,1,0
BRDA:93,3,0,0
BRDA:93,3,1,0
BRF:7
BRH:0
end_of_record
TN:
SF:src/components/_cards/SnapshotCard/InputSommelierAddress.tsx
FN:22,(anonymous_9)
FN:29,(anonymous_10)
FN:88,(anonymous_11)
FN:89,(anonymous_12)
FNF:4
FNH:0
FNDA:0,(anonymous_9)
FNDA:0,(anonymous_10)
FNDA:0,(anonymous_11)
FNDA:0,(anonymous_12)
DA:1,0
DA:2,0
DA:12,0
DA:13,0
DA:14,0
DA:15,0
DA:16,0
DA:17,0
DA:22,0
DA:23,0
DA:24,0
DA:25,0
DA:26,0
DA:27,0
DA:29,0
DA:30,0
DA:31,0
DA:32,0
DA:33,0
DA:34,0
DA:35,0
DA:39,0
DA:40,0
DA:65,0
DA:88,0
DA:89,0
LF:26
LH:0
BRDA:32,0,0,0
BRDA:34,1,0,0
BRDA:90,2,0,0
BRDA:90,2,1,0
BRDA:114,3,0,0
BRDA:114,3,1,0
BRF:6
BRH:0
end_of_record
TN:
SF:src/components/_cards/SnapshotCard/SommelierAddress.tsx
FN:12,(anonymous_1)
FN:26,(anonymous_2)
FNF:2
FNH:0
FNDA:0,(anonymous_1)
FNDA:0,(anonymous_2)
DA:1,0
DA:9,0
DA:10,0
DA:12,0
DA:13,0
DA:14,0
DA:15,0
DA:26,0
LF:8
LH:0
BRDA:21,0,0,0
BRDA:21,0,1,0
BRDA:40,1,0,0
BRDA:40,1,1,0
BRDA:49,2,0,0
BRDA:49,2,1,0
BRF:6
BRH:0
end_of_record
TN:
SF:src/components/_cards/SnapshotCard/index.tsx
FN:26,(anonymous_1)
FN:75,(anonymous_2)
FNF:2
FNH:0
FNDA:0,(anonymous_1)
FNDA:0,(anonymous_2)
DA:1,0
DA:2,0
DA:10,0
DA:11,0
DA:12,0
DA:13,0
DA:14,0
DA:15,0
DA:16,0
DA:17,0
DA:18,0
DA:19,0
DA:26,0
DA:27,0
DA:28,0
DA:29,0
DA:30,0
DA:31,0
DA:38,0
DA:39,0
DA:41,0
DA:46,0
DA:76,0
DA:77,0
DA:78,0
DA:79,0
DA:82,0
DA:85,0
DA:86,0
DA:134,0
LF:30
LH:0
BRDA:39,0,0,0
BRDA:39,0,1,0
BRDA:48,1,0,0
BRDA:48,1,1,0
BRDA:48,1,2,0
BRDA:48,1,3,0
BRDA:78,2,0,0
BRDA:78,3,0,0
BRDA:78,3,1,0
BRF:9
BRH:0
end_of_record
TN:
SF:src/components/_cards/StrategyBreakdownCard/FAQAccordion.tsx
FN:21,(anonymous_1)
FN:25,(anonymous_2)
FN:32,(anonymous_3)
FNF:3
FNH:0
FNDA:0,(anonymous_1)
FNDA:0,(anonymous_2)
FNDA:0,(anonymous_3)
DA:1,0
DA:11,0
DA:12,0
DA:21,0
DA:22,0
DA:23,0
DA:26,0
DA:33,0
LF:8
LH:0
BRDA:22,0,0,0
BRDA:45,1,0,0
BRDA:45,1,1,0
BRDA:49,2,0,0
BRDA:49,2,1,0
BRF:5
BRH:0
end_of_record
TN:
SF:src/components/_cards/StrategyBreakdownCard/index.tsx
FN:28,(anonymous_1)
FN:51,(anonymous_2)
FN:56,(anonymous_3)
FN:71,(anonymous_4)
FN:83,(anonymous_5)
FNF:5
FNH:0
FNDA:0,(anonymous_1)
FNDA:0,(anonymous_2)
FNDA:0,(anonymous_3)
FNDA:0,(anonymous_4)
FNDA:0,(anonymous_5)
DA:1,0
DA:14,0
DA:15,0
DA:16,0
DA:18,0
DA:19,0
DA:20,0
DA:21,0
DA:28,0
DA:32,0
DA:33,0
DA:35,0
DA:52,0
DA:57,0
DA:58,0
DA:72,0
DA:73,0
DA:84,0
DA:85,0
DA:96,0
LF:20
LH:0
BRDA:46,0,0,0
BRDA:46,0,1,0
BRDA:47,1,0,0
BRDA:47,1,1,0
BRDA:49,2,0,0
BRDA:49,2,1,0
BRDA:60,3,0,0
BRDA:60,3,1,0
BRDA:61,4,0,0
BRDA:61,4,1,0
BRDA:67,5,0,0
BRDA:67,5,1,0
BRDA:75,6,0,0
BRDA:75,6,1,0
BRDA:76,7,0,0
BRDA:76,7,1,0
BRDA:84,8,0,0
BRDA:102,9,0,0
BRDA:102,9,1,0
BRF:19
BRH:0
end_of_record
TN:
SF:src/components/_cards/StrategyBreakdownCard/styles.ts
FNF:0
FNH:0
DA:3,0
DA:27,0
LF:2
LH:0
BRF:0
BRH:0
end_of_record
TN:
SF:src/components/_charts/ApyChart.tsx
FN:19,(anonymous_10)
FN:19,(anonymous_11)
FN:31,(anonymous_12)
FN:38,(anonymous_13)
FN:45,(anonymous_14)
FN:60,(anonymous_15)
FN:67,(anonymous_16)
FN:88,(anonymous_17)
FN:111,(anonymous_18)
FN:179,(anonymous_19)
FN:195,(anonymous_20)
FNF:11
FNH:0
FNDA:0,(anonymous_10)
FNDA:0,(anonymous_11)
FNDA:0,(anonymous_12)
FNDA:0,(anonymous_13)
FNDA:0,(anonymous_14)
FNDA:0,(anonymous_15)
FNDA:0,(anonymous_16)
FNDA:0,(anonymous_17)
FNDA:0,(anonymous_18)
FNDA:0,(anonymous_19)
FNDA:0,(anonymous_20)
DA:1,0
DA:2,0
DA:4,0
DA:5,0
DA:6,0
DA:12,0
DA:13,0
DA:14,0
DA:15,0
DA:16,0
DA:17,0
DA:18,0
DA:19,0
DA:31,0
DA:36,0
DA:37,0
DA:38,0
DA:41,0
DA:43,0
DA:45,0
DA:48,0
DA:49,0
DA:50,0
DA:51,0
DA:61,0
DA:67,0
DA:85,0
DA:88,0
DA:96,0
DA:105,0
DA:106,0
DA:108,0
DA:111,0
DA:112,0
DA:113,0
DA:120,0
DA:122,0
DA:129,0
DA:134,0
DA:135,0
DA:142,0
DA:143,0
DA:153,0
DA:162,0
DA:180,0
DA:196,0
LF:46
LH:0
BRDA:50,0,0,0
BRDA:96,1,0,0
BRDA:96,1,1,0
BRDA:105,2,0,0
BRDA:112,3,0,0
BRDA:116,4,0,0
BRDA:116,4,1,0
BRDA:120,5,0,0
BRDA:120,6,0,0
BRDA:120,6,1,0
BRDA:125,7,0,0
BRDA:125,7,1,0
BRDA:129,8,0,0
BRDA:130,9,0,0
BRDA:130,9,1,0
BRDA:130,9,2,0
BRDA:134,10,0,0
BRDA:134,11,0,0
BRDA:134,11,1,0
BRDA:138,12,0,0
BRDA:138,12,1,0
BRDA:142,13,0,0
BRDA:142,14,0,0
BRDA:142,14,1,0
BRDA:146,15,0,0
BRDA:146,15,1,0
BRDA:166,16,0,0
BRDA:166,16,1,0
BRF:28
BRH:0
end_of_record
TN:
SF:src/components/_charts/BarChart.tsx
FN:5,(anonymous_0)
FNF:1
FNH:0
FNDA:0,(anonymous_0)
DA:2,0
DA:3,0
DA:5,0
DA:6,0
DA:16,0
LF:5
LH:0
BRF:0
BRH:0
end_of_record
TN:
SF:src/components/_charts/BarToolTip.tsx
FN:11,(anonymous_0)
FNF:1
FNH:0
FNDA:0,(anonymous_0)
DA:1,0
DA:10,0
DA:12,0
LF:3
LH:0
BRF:0
BRH:0
end_of_record
TN:
SF:src/components/_charts/ChartPoint.tsx
FN:6,(anonymous_0)
FNF:1
FNH:0
FNDA:0,(anonymous_0)
DA:6,0
DA:7,0
LF:2
LH:0
BRF:0
BRH:0
end_of_record
TN:
SF:src/components/_charts/ChartTooltipItem.tsx
FN:10,(anonymous_0)
FNF:1
FNH:0
FNDA:0,(anonymous_0)
DA:1,0
DA:10,0
DA:11,0
LF:3
LH:0
BRDA:23,0,0,0
BRDA:23,0,1,0
BRF:2
BRH:0
end_of_record
TN:
SF:src/components/_charts/Legend.tsx
FN:10,(anonymous_0)
FNF:1
FNH:0
FNDA:0,(anonymous_0)
DA:1,0
DA:10,0
DA:16,0
LF:3
LH:0
BRDA:27,0,0,0
BRDA:27,0,1,0
BRF:2
BRH:0
end_of_record
TN:
SF:src/components/_charts/LineChart.tsx
FN:4,(anonymous_0)
FNF:1
FNH:0
FNDA:0,(anonymous_0)
DA:1,0
DA:2,0
DA:4,0
DA:5,0
DA:21,0
LF:5
LH:0
BRF:0
BRH:0
end_of_record
TN:
SF:src/components/_charts/LineChartArea.tsx
FN:5,(anonymous_1)
FNF:1
FNH:0
FNDA:0,(anonymous_1)
DA:1,0
DA:3,0
DA:5,0
DA:6,0
DA:22,0
LF:5
LH:0
BRF:0
BRH:0
end_of_record
TN:
SF:src/components/_charts/LineToolTip.tsx
FN:5,(anonymous_0)
FNF:1
FNH:0
FNDA:0,(anonymous_0)
DA:1,0
DA:4,0
DA:6,0
DA:8,0
LF:4
LH:0
BRF:0
BRH:0
end_of_record
TN:
SF:src/components/_charts/TokenPriceChart.tsx
FN:24,(anonymous_10)
FN:24,(anonymous_11)
FN:35,(anonymous_12)
FN:43,(anonymous_13)
FN:50,(anonymous_14)
FN:65,(anonymous_15)
FN:66,(anonymous_16)
FN:76,(anonymous_17)
FN:82,(anonymous_18)
FN:102,(anonymous_19)
FN:125,(anonymous_20)
FN:202,(anonymous_21)
FN:218,(anonymous_22)
FNF:13
FNH:0
FNDA:0,(anonymous_10)
FNDA:0,(anonymous_11)
FNDA:0,(anonymous_12)
FNDA:0,(anonymous_13)
FNDA:0,(anonymous_14)
FNDA:0,(anonymous_15)
FNDA:0,(anonymous_16)
FNDA:0,(anonymous_17)
FNDA:0,(anonymous_18)
FNDA:0,(anonymous_19)
FNDA:0,(anonymous_20)
FNDA:0,(anonymous_21)
FNDA:0,(anonymous_22)
DA:1,0
DA:2,0
DA:8,0
DA:9,0
DA:10,0
DA:16,0
DA:17,0
DA:18,0
DA:19,0
DA:20,0
DA:21,0
DA:22,0
DA:23,0
DA:24,0
DA:35,0
DA:41,0
DA:42,0
DA:43,0
DA:46,0
DA:48,0
DA:50,0
DA:53,0
DA:54,0
DA:55,0
DA:56,0
DA:66,0
DA:67,0
DA:68,0
DA:70,0
DA:76,0
DA:82,0
DA:99,0
DA:102,0
DA:110,0
DA:119,0
DA:120,0
DA:122,0
DA:125,0
DA:126,0
DA:127,0
DA:134,0
DA:136,0
DA:150,0
DA:155,0
DA:156,0
DA:163,0
DA:164,0
DA:174,0
DA:183,0
DA:203,0
DA:219,0
LF:51
LH:0
BRDA:55,0,0,0
BRDA:67,1,0,0
BRDA:110,2,0,0
BRDA:110,2,1,0
BRDA:119,3,0,0
BRDA:126,4,0,0
BRDA:130,5,0,0
BRDA:130,5,1,0
BRDA:134,6,0,0
BRDA:134,7,0,0
BRDA:134,7,1,0
BRDA:140,8,0,0
BRDA:140,8,1,0
BRDA:141,9,0,0
BRDA:141,9,1,0
BRDA:144,10,0,0
BRDA:144,10,1,0
BRDA:150,11,0,0
BRDA:151,12,0,0
BRDA:151,12,1,0
BRDA:151,12,2,0
BRDA:155,13,0,0
BRDA:155,14,0,0
BRDA:155,14,1,0
BRDA:159,15,0,0
BRDA:159,15,1,0
BRDA:163,16,0,0
BRDA:163,17,0,0
BRDA:163,17,1,0
BRDA:167,18,0,0
BRDA:167,18,1,0
BRDA:187,19,0,0
BRDA:187,19,1,0
BRF:33
BRH:0
end_of_record
TN:
SF:src/components/_columns/SidebarColumn.tsx
FN:10,(anonymous_0)
FN:15,(anonymous_1)
FN:43,(anonymous_2)
FNF:3
FNH:0
FNDA:0,(anonymous_0)
FNDA:0,(anonymous_1)
FNDA:0,(anonymous_2)
DA:1,0
DA:2,0
DA:10,0
DA:11,0
DA:16,0
DA:44,0
LF:6
LH:0
BRDA:28,0,0,0
BRDA:28,0,1,0
BRF:2
BRH:0
end_of_record
TN:
SF:src/components/_columns/StrategyDesktopColumn.tsx
FN:50,trackVaultInteraction
FN:56,(anonymous_2)
FN:59,(anonymous_3)
FN:70,(anonymous_4)
FN:86,(anonymous_5)
FN:91,(anonymous_6)
FN:97,(anonymous_7)
FN:125,(anonymous_8)
FN:143,(anonymous_9)
FN:172,(anonymous_10)
FN:187,(anonymous_11)
FN:204,(anonymous_12)
FN:218,(anonymous_13)
FN:236,(anonymous_14)
FN:239,(anonymous_15)
FN:242,(anonymous_16)
FN:270,(anonymous_17)
FN:282,(anonymous_18)
FN:284,(anonymous_19)
FNF:19
FNH:0
FNDA:0,trackVaultInteraction
FNDA:0,(anonymous_2)
FNDA:0,(anonymous_3)
FNDA:0,(anonymous_4)
FNDA:0,(anonymous_5)
FNDA:0,(anonymous_6)
FNDA:0,(anonymous_7)
FNDA:0,(anonymous_8)
FNDA:0,(anonymous_9)
FNDA:0,(anonymous_10)
FNDA:0,(anonymous_11)
FNDA:0,(anonymous_12)
FNDA:0,(anonymous_13)
FNDA:0,(anonymous_14)
FNDA:0,(anonymous_15)
FNDA:0,(anonymous_16)
FNDA:0,(anonymous_17)
FNDA:0,(anonymous_18)
FNDA:0,(anonymous_19)
DA:1,0
DA:12,0
DA:13,0
DA:14,0
DA:16,0
DA:20,0
DA:22,0
DA:51,0
DA:56,0
DA:57,0
DA:60,0
DA:70,0
DA:71,0
DA:86,0
DA:89,0
DA:92,0
DA:98,0
DA:99,0
DA:101,0
DA:103,0
DA:104,0
DA:128,0
DA:130,0
DA:133,0
DA:135,0
DA:137,0
DA:157,0
DA:158,0
DA:173,0
DA:188,0
DA:189,0
DA:190,0
DA:191,0
DA:192,0
DA:198,0
DA:206,0
DA:209,0
DA:214,0
DA:219,0
DA:237,0
DA:238,0
DA:239,0
DA:240,0
DA:242,0
DA:243,0
DA:245,0
DA:246,0
DA:251,0
DA:272,0
DA:274,0
DA:275,0
DA:276,0
DA:277,0
DA:282,0
DA:285,0
DA:286,0
LF:56
LH:0
BRDA:98,0,0,0
BRDA:103,1,0,0
BRDA:103,1,1,0
BRDA:110,2,0,0
BRDA:110,2,1,0
BRDA:116,3,0,0
BRDA:116,3,1,0
BRDA:128,4,0,0
BRDA:128,4,1,0
BRDA:130,5,0,0
BRDA:130,5,1,0
BRDA:133,6,0,0
BRDA:135,7,0,0
BRDA:157,8,0,0
BRDA:161,9,0,0
BRDA:161,9,1,0
BRDA:164,10,0,0
BRDA:164,10,1,0
BRDA:164,11,0,0
BRDA:164,11,1,0
BRDA:166,12,0,0
BRDA:166,12,1,0
BRDA:188,13,0,0
BRDA:191,14,0,0
BRDA:191,15,0,0
BRDA:191,15,1,0
BRDA:200,16,0,0
BRDA:200,16,1,0
BRDA:207,17,0,0
BRDA:207,17,1,0
BRDA:210,18,0,0
BRDA:210,18,1,0
BRDA:237,19,0,0
BRDA:245,20,0,0
BRDA:262,21,0,0
BRDA:262,21,1,0
BRDA:272,22,0,0
BRDA:272,22,1,0
BRDA:274,23,0,0
BRDA:274,23,1,0
BRDA:275,24,0,0
BRDA:276,25,0,0
BRDA:285,26,0,0
BRF:43
BRH:0
end_of_record
TN:
SF:src/components/_columns/StrategyMobileColumn.tsx
FN:18,(anonymous_1)
FN:21,(anonymous_2)
FN:27,(anonymous_3)
FN:46,(anonymous_4)
FN:64,(anonymous_5)
FN:84,(anonymous_6)
FN:86,(anonymous_7)
FNF:7
FNH:0
FNDA:0,(anonymous_1)
FNDA:0,(anonymous_2)
FNDA:0,(anonymous_3)
FNDA:0,(anonymous_4)
FNDA:0,(anonymous_5)
FNDA:0,(anonymous_6)
FNDA:0,(anonymous_7)
DA:1,0
DA:2,0
DA:3,0
DA:18,0
DA:19,0
DA:22,0
DA:28,0
DA:29,0
DA:31,0
DA:49,0
DA:51,0
DA:54,0
DA:56,0
DA:58,0
DA:76,0
DA:84,0
DA:87,0
DA:88,0
DA:89,0
DA:90,0
DA:96,0
LF:21
LH:0
BRDA:28,0,0,0
BRDA:49,1,0,0
BRDA:49,1,1,0
BRDA:51,2,0,0
BRDA:51,2,1,0
BRDA:54,3,0,0
BRDA:56,4,0,0
BRDA:77,5,0,0
BRDA:77,5,1,0
BRDA:77,6,0,0
BRDA:77,6,1,0
BRDA:79,7,0,0
BRDA:79,7,1,0
BRDA:89,8,0,0
BRDA:89,9,0,0
BRDA:89,9,1,0
BRDA:98,10,0,0
BRDA:98,10,1,0
BRF:18
BRH:0
end_of_record
TN:
SF:src/components/_columns/StrategyTabColumn.tsx
FN:39,(anonymous_1)
FN:44,(anonymous_2)
FN:50,(anonymous_3)
FN:71,(anonymous_4)
FN:87,(anonymous_5)
FN:103,(anonymous_6)
FN:106,(anonymous_7)
FN:109,(anonymous_8)
FN:153,(anonymous_9)
FN:171,(anonymous_10)
FN:188,(anonymous_11)
FN:203,(anonymous_12)
FN:220,(anonymous_13)
FN:231,(anonymous_14)
FN:233,(anonymous_15)
FNF:15
FNH:0
FNDA:0,(anonymous_1)
FNDA:0,(anonymous_2)
FNDA:0,(anonymous_3)
FNDA:0,(anonymous_4)
FNDA:0,(anonymous_5)
FNDA:0,(anonymous_6)
FNDA:0,(anonymous_7)
FNDA:0,(anonymous_8)
FNDA:0,(anonymous_9)
FNDA:0,(anonymous_10)
FNDA:0,(anonymous_11)
FNDA:0,(anonymous_12)
FNDA:0,(anonymous_13)
FNDA:0,(anonymous_14)
FNDA:0,(anonymous_15)
DA:1,0
DA:2,0
DA:4,0
DA:5,0
DA:7,0
DA:8,0
DA:9,0
DA:10,0
DA:39,0
DA:42,0
DA:45,0
DA:51,0
DA:52,0
DA:54,0
DA:74,0
DA:76,0
DA:79,0
DA:81,0
DA:83,0
DA:88,0
DA:104,0
DA:105,0
DA:106,0
DA:107,0
DA:109,0
DA:110,0
DA:112,0
DA:113,0
DA:118,0
DA:156,0
DA:158,0
DA:161,0
DA:163,0
DA:165,0
DA:172,0
DA:173,0
DA:189,0
DA:204,0
DA:205,0
DA:206,0
DA:207,0
DA:208,0
DA:214,0
DA:221,0
DA:224,0
DA:227,0
DA:231,0
DA:234,0
DA:235,0
LF:49
LH:0
BRDA:51,0,0,0
BRDA:74,1,0,0
BRDA:74,1,1,0
BRDA:76,2,0,0
BRDA:76,2,1,0
BRDA:79,3,0,0
BRDA:81,4,0,0
BRDA:104,5,0,0
BRDA:112,6,0,0
BRDA:133,7,0,0
BRDA:133,7,1,0
BRDA:145,8,0,0
BRDA:145,8,1,0
BRDA:156,9,0,0
BRDA:156,9,1,0
BRDA:158,10,0,0
BRDA:158,10,1,0
BRDA:161,11,0,0
BRDA:163,12,0,0
BRDA:172,13,0,0
BRDA:176,14,0,0
BRDA:176,14,1,0
BRDA:179,15,0,0
BRDA:179,15,1,0
BRDA:179,16,0,0
BRDA:179,16,1,0
BRDA:182,17,0,0
BRDA:182,17,1,0
BRDA:204,18,0,0
BRDA:207,19,0,0
BRDA:207,20,0,0
BRDA:207,20,1,0
BRDA:216,21,0,0
BRDA:216,21,1,0
BRDA:222,22,0,0
BRDA:222,22,1,0
BRDA:225,23,0,0
BRDA:225,23,1,0
BRDA:234,24,0,0
BRF:39
BRH:0
end_of_record
TN:
SF:src/components/_common/Countdown.tsx
FN:27,getRemainingParts
FN:52,Countdown
FN:64,(anonymous_2)
FN:71,(anonymous_3)
FN:74,(anonymous_4)
FN:80,(anonymous_5)
FN:86,(anonymous_6)
FN:95,(anonymous_7)
FNF:8
FNH:0
FNDA:0,getRemainingParts
FNDA:0,Countdown
FNDA:0,(anonymous_2)
FNDA:0,(anonymous_3)
FNDA:0,(anonymous_4)
FNDA:0,(anonymous_5)
FNDA:0,(anonymous_6)
FNDA:0,(anonymous_7)
DA:1,0
DA:8,0
DA:28,0
DA:29,0
DA:30,0
DA:31,0
DA:32,0
DA:33,0
DA:34,0
DA:46,0
DA:52,0
DA:59,0
DA:60,0
DA:61,0
DA:62,0
DA:64,0
DA:65,0
DA:66,0
DA:68,0
DA:71,0
DA:72,0
DA:74,0
DA:77,0
DA:78,0
DA:80,0
DA:81,0
DA:82,0
DA:86,0
DA:87,0
DA:88,0
DA:89,0
DA:93,0
DA:95,0
DA:100,0
DA:127,0
LF:35
LH:0
BRDA:55,0,0,0
BRDA:56,1,0,0
BRDA:65,2,0,0
BRDA:81,3,0,0
BRDA:87,4,0,0
BRDA:87,5,0,0
BRDA:87,5,1,0
BRDA:87,5,2,0
BRF:8
BRH:0
end_of_record
TN:
SF:src/components/_filters/ChainFilter.tsx
FN:31,(anonymous_0)
FN:32,(anonymous_1)
FN:33,(anonymous_2)
FN:39,(anonymous_3)
FN:49,(anonymous_4)
FN:52,(anonymous_5)
FN:53,(anonymous_6)
FN:65,(anonymous_7)
FN:67,(anonymous_8)
FN:75,(anonymous_9)
FN:91,(anonymous_10)
FN:98,(anonymous_11)
FN:150,(anonymous_12)
FN:159,(anonymous_13)
FN:189,(anonymous_14)
FNF:15
FNH:0
FNDA:0,(anonymous_0)
FNDA:0,(anonymous_1)
FNDA:0,(anonymous_2)
FNDA:0,(anonymous_3)
FNDA:0,(anonymous_4)
FNDA:0,(anonymous_5)
FNDA:0,(anonymous_6)
FNDA:0,(anonymous_7)
FNDA:0,(anonymous_8)
FNDA:0,(anonymous_9)
FNDA:0,(anonymous_10)
FNDA:0,(anonymous_11)
FNDA:0,(anonymous_12)
FNDA:0,(anonymous_13)
FNDA:0,(anonymous_14)
DA:1,0
DA:16,0
DA:17,0
DA:22,0
DA:31,0
DA:32,0
DA:33,0
DA:34,0
DA:36,0
DA:38,0
DA:39,0
DA:43,0
DA:48,0
DA:49,0
DA:52,0
DA:53,0
DA:54,0
DA:55,0
DA:59,0
DA:65,0
DA:66,0
DA:67,0
DA:72,0
DA:75,0
DA:76,0
DA:77,0
DA:91,0
DA:92,0
DA:99,0
DA:111,0
DA:151,0
DA:160,0
DA:161,0
DA:190,0
DA:191,0
LF:35
LH:0
BRDA:36,0,0,0
BRDA:36,0,1,0
BRDA:102,1,0,0
BRDA:102,1,1,0
BRDA:188,2,0,0
BRDA:188,2,1,0
BRF:6
BRH:0
end_of_record
TN:
SF:src/components/_filters/DepositTokenFilter.tsx
FN:39,(anonymous_0)
FN:42,(anonymous_1)
FN:43,(anonymous_2)
FN:52,(anonymous_3)
FN:61,(anonymous_4)
FN:71,(anonymous_5)
FN:78,(anonymous_6)
FN:79,(anonymous_7)
FN:89,(anonymous_8)
FN:99,(anonymous_9)
FN:102,(anonymous_10)
FN:113,(anonymous_11)
FN:121,(anonymous_12)
FN:122,(anonymous_13)
FN:128,(anonymous_14)
FN:131,(anonymous_15)
FN:135,(anonymous_16)
FN:143,(anonymous_17)
FN:148,(anonymous_18)
FN:173,(anonymous_19)
FN:239,(anonymous_20)
FN:247,(anonymous_21)
FN:278,(anonymous_22)
FNF:23
FNH:0
FNDA:0,(anonymous_0)
FNDA:0,(anonymous_1)
FNDA:0,(anonymous_2)
FNDA:0,(anonymous_3)
FNDA:0,(anonymous_4)
FNDA:0,(anonymous_5)
FNDA:0,(anonymous_6)
FNDA:0,(anonymous_7)
FNDA:0,(anonymous_8)
FNDA:0,(anonymous_9)
FNDA:0,(anonymous_10)
FNDA:0,(anonymous_11)
FNDA:0,(anonymous_12)
FNDA:0,(anonymous_13)
FNDA:0,(anonymous_14)
FNDA:0,(anonymous_15)
FNDA:0,(anonymous_16)
FNDA:0,(anonymous_17)
FNDA:0,(anonymous_18)
FNDA:0,(anonymous_19)
FNDA:0,(anonymous_20)
FNDA:0,(anonymous_21)
FNDA:0,(anonymous_22)
DA:1,0
DA:19,0
DA:20,0
DA:39,0
DA:42,0
DA:43,0
DA:45,0
DA:50,0
DA:52,0
DA:59,0
DA:61,0
DA:66,0
DA:67,0
DA:68,0
DA:70,0
DA:71,0
DA:74,0
DA:78,0
DA:79,0
DA:80,0
DA:81,0
DA:82,0
DA:87,0
DA:89,0
DA:99,0
DA:100,0
DA:102,0
DA:110,0
DA:113,0
DA:116,0
DA:120,0
DA:122,0
DA:123,0
DA:128,0
DA:129,0
DA:130,0
DA:131,0
DA:133,0
DA:135,0
DA:136,0
DA:142,0
DA:144,0
DA:149,0
DA:150,0
DA:173,0
DA:174,0
DA:177,0
DA:240,0
DA:248,0
DA:249,0
DA:279,0
DA:280,0
LF:52
LH:0
BRDA:45,0,0,0
BRDA:67,1,0,0
BRDA:67,1,1,0
BRDA:161,2,0,0
BRDA:161,2,1,0
BRDA:221,3,0,0
BRDA:221,3,1,0
BRDA:276,4,0,0
BRDA:276,4,1,0
BRF:9
BRH:0
end_of_record
TN:
SF:src/components/_filters/MiscFilter.tsx
FN:26,(anonymous_0)
FN:29,(anonymous_1)
FN:39,(anonymous_2)
FN:40,(anonymous_3)
FN:48,(anonymous_4)
FN:55,(anonymous_5)
FN:58,(anonymous_6)
FN:71,(anonymous_7)
FN:118,(anonymous_8)
FN:126,(anonymous_9)
FN:148,(anonymous_10)
FNF:11
FNH:0
FNDA:0,(anonymous_0)
FNDA:0,(anonymous_1)
FNDA:0,(anonymous_2)
FNDA:0,(anonymous_3)
FNDA:0,(anonymous_4)
FNDA:0,(anonymous_5)
FNDA:0,(anonymous_6)
FNDA:0,(anonymous_7)
FNDA:0,(anonymous_8)
FNDA:0,(anonymous_9)
FNDA:0,(anonymous_10)
DA:1,0
DA:13,0
DA:14,0
DA:26,0
DA:27,0
DA:29,0
DA:39,0
DA:40,0
DA:41,0
DA:42,0
DA:48,0
DA:50,0
DA:55,0
DA:56,0
DA:59,0
DA:71,0
DA:72,0
DA:79,0
DA:119,0
DA:127,0
DA:149,0
LF:21
LH:0
BRDA:48,0,0,0
BRDA:48,0,1,0
BRF:2
BRH:0
end_of_record
TN:
SF:src/components/_forms/BridgeForm.tsx
FN:38,(anonymous_1)
FN:54,(anonymous_2)
FN:84,(anonymous_3)
FN:101,(anonymous_4)
FN:158,(anonymous_5)
FN:238,(anonymous_6)
FNF:6
FNH:0
FNDA:0,(anonymous_1)
FNDA:0,(anonymous_2)
FNDA:0,(anonymous_3)
FNDA:0,(anonymous_4)
FNDA:0,(anonymous_5)
FNDA:0,(anonymous_6)
DA:1,0
DA:11,0
DA:12,0
DA:13,0
DA:15,0
DA:16,0
DA:17,0
DA:18,0
DA:19,0
DA:20,0
DA:21,0
DA:22,0
DA:26,0
DA:27,0
DA:28,0
DA:29,0
DA:30,0
DA:31,0
DA:32,0
DA:38,0
DA:39,0
DA:40,0
DA:42,0
DA:44,0
DA:45,0
DA:46,0
DA:47,0
DA:48,0
DA:50,0
DA:51,0
DA:54,0
DA:55,0
DA:56,0
DA:60,0
DA:62,0
DA:64,0
DA:67,0
DA:76,0
DA:77,0
DA:79,0
DA:82,0
DA:84,0
DA:85,0
DA:101,0
DA:102,0
DA:118,0
DA:159,0
DA:239,0
DA:240,0
DA:242,0
DA:243,0
DA:244,0
DA:264,0
LF:53
LH:0
BRDA:50,0,0,0
BRDA:64,1,0,0
BRDA:64,1,1,0
BRDA:67,2,0,0
BRDA:67,2,1,0
BRDA:67,2,2,0
BRDA:67,2,3,0
BRDA:67,2,4,0
BRDA:67,2,5,0
BRDA:67,2,6,0
BRDA:67,2,7,0
BRDA:82,3,0,0
BRDA:82,3,1,0
BRDA:82,3,2,0
BRDA:82,3,3,0
BRDA:124,4,0,0
BRDA:124,4,1,0
BRDA:139,5,0,0
BRDA:139,5,1,0
BRDA:161,6,0,0
BRDA:161,6,1,0
BRDA:176,7,0,0
BRDA:176,7,1,0
BRDA:179,8,0,0
BRDA:179,8,1,0
BRDA:179,8,2,0
BRDA:188,9,0,0
BRDA:188,9,1,0
BRDA:198,10,0,0
BRDA:198,10,1,0
BRDA:204,11,0,0
BRDA:204,11,1,0
BRDA:208,12,0,0
BRDA:208,12,1,0
BRDA:223,13,0,0
BRDA:223,13,1,0
BRDA:223,13,2,0
BRDA:223,13,3,0
BRDA:233,14,0,0
BRDA:233,14,1,0
BRDA:233,14,2,0
BRDA:233,14,3,0
BRDA:243,15,0,0
BRDA:285,16,0,0
BRDA:285,16,1,0
BRF:45
BRH:0
end_of_record
TN:
SF:src/components/_forms/ClaimForm.tsx
FN:20,(anonymous_0)
FN:32,(anonymous_1)
FN:39,(anonymous_2)
FN:50,(anonymous_3)
FNF:4
FNH:0
FNDA:0,(anonymous_0)
FNDA:0,(anonymous_1)
FNDA:0,(anonymous_2)
FNDA:0,(anonymous_3)
DA:1,0
DA:2,0
DA:10,0
DA:11,0
DA:12,0
DA:13,0
DA:14,0
DA:20,0
DA:27,0
DA:28,0
DA:29,0
DA:30,0
DA:31,0
DA:32,0
DA:34,0
DA:39,0
DA:51,0
LF:17
LH:0
BRDA:30,0,0,0
BRDA:30,0,1,0
BRDA:51,1,0,0
BRDA:51,1,1,0
BRF:4
BRH:0
end_of_record
TN:
SF:src/components/_forms/MigrationForm.tsx
FN:41,(anonymous_9)
FN:100,(anonymous_10)
FN:107,(anonymous_11)
FN:117,(anonymous_12)
FN:292,(anonymous_13)
FN:314,(anonymous_14)
FN:316,(anonymous_15)
FNF:7
FNH:0
FNDA:0,(anonymous_9)
FNDA:0,(anonymous_10)
FNDA:0,(anonymous_11)
FNDA:0,(anonymous_12)
FNDA:0,(anonymous_13)
FNDA:0,(anonymous_14)
FNDA:0,(anonymous_15)
DA:1,0
DA:2,0
DA:16,0
DA:17,0
DA:18,0
DA:19,0
DA:20,0
DA:21,0
DA:22,0
DA:23,0
DA:24,0
DA:25,0
DA:26,0
DA:27,0
DA:28,0
DA:29,0
DA:30,0
DA:41,0
DA:48,0
DA:50,0
DA:52,0
DA:53,0
DA:54,0
DA:55,0
DA:57,0
DA:58,0
DA:60,0
DA:62,0
DA:67,0
DA:72,0
DA:83,0
DA:92,0
DA:93,0
DA:95,0
DA:97,0
DA:98,0
DA:100,0
DA:101,0
DA:104,0
DA:107,0
DA:108,0
DA:109,0
DA:116,0
DA:117,0
DA:118,0
DA:119,0
DA:121,0
DA:122,0
DA:124,0
DA:125,0
DA:131,0
DA:134,0
DA:135,0
DA:140,0
DA:145,0
DA:150,0
DA:151,0
DA:152,0
DA:162,0
DA:163,0
DA:170,0
DA:175,0
DA:183,0
DA:194,0
DA:195,0
DA:202,0
DA:206,0
DA:207,0
DA:213,0
DA:214,0
DA:216,0
DA:225,0
DA:226,0
DA:228,0
DA:240,0
DA:241,0
DA:243,0
DA:247,0
DA:293,0
DA:295,0
DA:297,0
DA:302,0
DA:308,0
DA:315,0
DA:317,0
LF:85
LH:0
BRDA:57,0,0,0
BRDA:57,0,1,0
BRDA:72,1,0,0
BRDA:72,1,1,0
BRDA:72,1,2,0
BRDA:83,2,0,0
BRDA:83,2,1,0
BRDA:97,3,0,0
BRDA:97,3,1,0
BRDA:108,4,0,0
BRDA:118,5,0,0
BRDA:121,6,0,0
BRDA:121,7,0,0
BRDA:121,7,1,0
BRDA:121,7,2,0
BRDA:124,8,0,0
BRDA:151,9,0,0
BRDA:162,10,0,0
BRDA:194,11,0,0
BRDA:206,12,0,0
BRDA:206,12,1,0
BRDA:232,13,0,0
BRDA:232,13,1,0
BRDA:240,14,0,0
BRDA:297,15,0,0
BRDA:298,16,0,0
BRDA:298,16,1,0
BRDA:315,17,0,0
BRDA:315,17,1,0
BRDA:317,18,0,0
BRDA:317,18,1,0
BRDA:330,19,0,0
BRDA:330,19,1,0
BRDA:336,20,0,0
BRDA:336,20,1,0
BRDA:336,20,2,0
BRF:36
BRH:0
end_of_record
TN:
SF:src/components/_forms/SnapshotForm.tsx
FN:20,(anonymous_9)
FN:35,(anonymous_10)
FN:36,(anonymous_11)
FN:81,(anonymous_12)
FNF:4
FNH:0
FNDA:0,(anonymous_9)
FNDA:0,(anonymous_10)
FNDA:0,(anonymous_11)
FNDA:0,(anonymous_12)
DA:1,0
DA:2,0
DA:3,0
DA:4,0
DA:5,0
DA:6,0
DA:7,0
DA:8,0
DA:9,0
DA:20,0
DA:23,0
DA:24,0
DA:25,0
DA:26,0
DA:27,0
DA:28,0
DA:30,0
DA:31,0
DA:35,0
DA:36,0
DA:37,0
DA:39,0
DA:40,0
DA:49,0
DA:51,0
DA:52,0
DA:53,0
DA:54,0
DA:59,0
DA:63,0
DA:81,0
DA:82,0
DA:83,0
DA:94,0
DA:96,0
DA:97,0
DA:106,0
DA:108,0
DA:109,0
DA:123,0
DA:124,0
DA:133,0
DA:139,0
DA:151,0
DA:152,0
DA:153,0
DA:158,0
DA:159,0
DA:160,0
DA:170,0
DA:171,0
DA:186,0
DA:219,0
LF:53
LH:0
BRDA:27,0,0,0
BRDA:27,0,1,0
BRDA:37,1,0,0
BRDA:37,2,0,0
BRDA:37,2,1,0
BRDA:51,3,0,0
BRDA:51,3,1,0
BRDA:53,4,0,0
BRDA:55,5,0,0
BRDA:55,5,1,0
BRDA:82,6,0,0
BRDA:82,7,0,0
BRDA:82,7,1,0
BRDA:108,8,0,0
BRDA:108,8,1,0
BRDA:123,9,0,0
BRDA:125,10,0,0
BRDA:125,10,1,0
BRDA:151,11,0,0
BRDA:190,12,0,0
BRDA:190,12,1,0
BRDA:196,13,0,0
BRDA:196,13,1,0
BRDA:205,14,0,0
BRDA:205,14,1,0
BRDA:205,14,2,0
BRF:26
BRH:0
end_of_record
TN:
SF:src/components/_forms/UnbondForm.tsx
FN:20,(anonymous_0)
FN:33,(anonymous_1)
FN:40,(anonymous_2)
FN:51,(anonymous_3)
FNF:4
FNH:0
FNDA:0,(anonymous_0)
FNDA:0,(anonymous_1)
FNDA:0,(anonymous_2)
FNDA:0,(anonymous_3)
DA:1,0
DA:2,0
DA:10,0
DA:11,0
DA:12,0
DA:13,0
DA:14,0
DA:20,0
DA:27,0
DA:28,0
DA:29,0
DA:31,0
DA:32,0
DA:33,0
DA:35,0
DA:40,0
DA:52,0
LF:17
LH:0
BRDA:31,0,0,0
BRDA:31,0,1,0
BRDA:52,1,0,0
BRDA:52,1,1,0
BRF:4
BRH:0
end_of_record
TN:
SF:src/components/_forms/UnstakeForm.tsx
FN:36,(anonymous_0)
FN:64,(anonymous_1)
FN:76,(anonymous_2)
FN:87,(anonymous_3)
FN:118,onSuccess
FN:123,onError
FN:159,(anonymous_6)
FNF:7
FNH:0
FNDA:0,(anonymous_0)
FNDA:0,(anonymous_1)
FNDA:0,(anonymous_2)
FNDA:0,(anonymous_3)
FNDA:0,onSuccess
FNDA:0,onError
FNDA:0,(anonymous_6)
DA:1,0
DA:2,0
DA:11,0
DA:12,0
DA:13,0
DA:14,0
DA:15,0
DA:16,0
DA:17,0
DA:18,0
DA:19,0
DA:20,0
DA:21,0
DA:22,0
DA:23,0
DA:24,0
DA:25,0
DA:26,0
DA:27,0
DA:36,0
DA:43,0
DA:45,0
DA:46,0
DA:48,0
DA:49,0
DA:51,0
DA:53,0
DA:54,0
DA:55,0
DA:57,0
DA:59,0
DA:61,0
DA:62,0
DA:64,0
DA:65,0
DA:68,0
DA:76,0
DA:77,0
DA:78,0
DA:85,0
DA:87,0
DA:88,0
DA:89,0
DA:91,0
DA:93,0
DA:94,0
DA:101,0
DA:104,0
DA:111,0
DA:113,0
DA:119,0
DA:120,0
DA:124,0
DA:131,0
DA:138,0
DA:140,0
DA:143,0
DA:160,0
LF:58
LH:0
BRDA:61,0,0,0
BRDA:61,0,1,0
BRDA:77,1,0,0
BRDA:88,2,0,0
BRDA:91,3,0,0
BRDA:93,4,0,0
BRDA:160,5,0,0
BRDA:160,5,1,0
BRF:8
BRH:0
end_of_record
TN:
SF:src/components/_forms/WithdrawForm.tsx
FN:58,(anonymous_9)
FN:72,(anonymous_10)
FN:74,(anonymous_11)
FN:102,(anonymous_12)
FN:109,(anonymous_13)
FN:119,(anonymous_14)
FN:165,(anonymous_15)
FN:170,(anonymous_16)
FN:354,(anonymous_17)
FN:376,(anonymous_18)
FN:378,(anonymous_19)
FN:475,(anonymous_20)
FNF:12
FNH:0
FNDA:0,(anonymous_9)
FNDA:0,(anonymous_10)
FNDA:0,(anonymous_11)
FNDA:0,(anonymous_12)
FNDA:0,(anonymous_13)
FNDA:0,(anonymous_14)
FNDA:0,(anonymous_15)
FNDA:0,(anonymous_16)
FNDA:0,(anonymous_17)
FNDA:0,(anonymous_18)
FNDA:0,(anonymous_19)
FNDA:0,(anonymous_20)
DA:1,0
DA:2,0
DA:22,0
DA:23,0
DA:24,0
DA:25,0
DA:26,0
DA:27,0
DA:28,0
DA:29,0
DA:30,0
DA:31,0
DA:32,0
DA:33,0
DA:34,0
DA:35,0
DA:36,0
DA:37,0
DA:38,0
DA:39,0
DA:40,0
DA:41,0
DA:42,0
DA:43,0
DA:58,0
DA:65,0
DA:67,0
DA:69,0
DA:70,0
DA:72,0
DA:73,0
DA:74,0
DA:75,0
DA:76,0
DA:79,0
DA:80,0
DA:82,0
DA:87,0
DA:90,0
DA:92,0
DA:93,0
DA:95,0
DA:97,0
DA:99,0
DA:100,0
DA:102,0
DA:103,0
DA:106,0
DA:109,0
DA:110,0
DA:111,0
DA:118,0
DA:119,0
DA:120,0
DA:121,0
DA:123,0
DA:125,0
DA:126,0
DA:134,0
DA:137,0
DA:142,0
DA:147,0
DA:148,0
DA:157,0
DA:165,0
DA:166,0
DA:167,0
DA:170,0
DA:171,0
DA:178,0
DA:185,0
DA:188,0
DA:194,0
DA:200,0
DA:203,0
DA:216,0
DA:218,0
DA:221,0
DA:228,0
DA:232,0
DA:236,0
DA:242,0
DA:247,0
DA:257,0
DA:264,0
DA:265,0
DA:270,0
DA:355,0
DA:357,0
DA:359,0
DA:364,0
DA:370,0
DA:377,0
DA:379,0
DA:475,0
DA:482,0
LF:96
LH:0
BRDA:79,0,0,0
BRDA:79,0,1,0
BRDA:99,1,0,0
BRDA:99,1,1,0
BRDA:110,2,0,0
BRDA:120,3,0,0
BRDA:123,4,0,0
BRDA:125,5,0,0
BRDA:216,6,0,0
BRDA:216,6,1,0
BRDA:247,7,0,0
BRDA:247,7,1,0
BRDA:359,8,0,0
BRDA:360,9,0,0
BRDA:360,9,1,0
BRDA:377,10,0,0
BRDA:377,10,1,0
BRDA:379,11,0,0
BRDA:379,11,1,0
BRDA:392,12,0,0
BRDA:392,12,1,0
BRDA:398,13,0,0
BRDA:398,13,1,0
BRDA:398,13,2,0
[...]
DA:2304,0
DA:2305,0
DA:2310,0
DA:2313,0
DA:2315,0
DA:2316,0
DA:2318,0
DA:2322,0
DA:2323,0
DA:2324,0
DA:2325,0
DA:2326,0
DA:2327,0
DA:2329,0
DA:2330,0
DA:2332,0
DA:2333,0
DA:2336,0
DA:2340,0
DA:2344,0
DA:2345,0
DA:2346,0
DA:2352,0
DA:2353,0
DA:2354,0
DA:2359,0
DA:2362,0
DA:2364,0
DA:2365,0
DA:2367,0
DA:2368,0
DA:2370,0
DA:2374,0
DA:2375,0
DA:2376,0
DA:2377,0
DA:2378,0
DA:2379,0
DA:2381,0
DA:2382,0
DA:2384,0
DA:2385,0
DA:2387,0
DA:2388,0
DA:2391,0
DA:2395,0
DA:2402,0
DA:2403,0
DA:2404,0
DA:2405,0
DA:2411,0
DA:2412,0
DA:2413,0
DA:2414,0
DA:2419,0
DA:2422,0
DA:2424,0
DA:2425,0
DA:2427,0
DA:2431,0
DA:2432,0
DA:2433,0
DA:2434,0
DA:2435,0
DA:2436,0
DA:2438,0
DA:2439,0
DA:2441,0
DA:2442,0
DA:2445,0
DA:2449,0
DA:2453,0
DA:2454,0
DA:2455,0
DA:2461,0
DA:2462,0
DA:2463,0
DA:2468,0
DA:2471,0
DA:2473,0
DA:2474,0
DA:2476,0
DA:2477,0
DA:2479,0
DA:2483,0
DA:2484,0
DA:2485,0
DA:2486,0
DA:2487,0
DA:2488,0
DA:2490,0
DA:2491,0
DA:2493,0
DA:2494,0
DA:2496,0
DA:2497,0
DA:2500,0
DA:2504,0
DA:2511,0
DA:2512,0
DA:2513,0
DA:2514,0
DA:2520,0
DA:2521,0
DA:2522,0
DA:2523,0
DA:2528,0
DA:2531,0
DA:2533,0
DA:2537,0
DA:2538,0
DA:2539,0
DA:2540,0
DA:2541,0
DA:2542,0
DA:2544,0
DA:2545,0
DA:2548,0
DA:2552,0
DA:2556,0
DA:2557,0
DA:2561,0
DA:2562,0
DA:2567,0
DA:2570,0
DA:2572,0
DA:2573,0
DA:2575,0
DA:2579,0
DA:2580,0
DA:2581,0
DA:2582,0
DA:2583,0
DA:2584,0
DA:2586,0
DA:2587,0
DA:2589,0
DA:2590,0
DA:2593,0
DA:2597,0
DA:2599,0
DA:2605,0
DA:2606,0
DA:2607,0
DA:2609,0
DA:2611,0
DA:2615,0
DA:2616,0
DA:2617,0
DA:2622,0
DA:2625,0
DA:2627,0
DA:2628,0
DA:2630,0
DA:2634,0
DA:2635,0
DA:2636,0
DA:2637,0
DA:2638,0
DA:2639,0
DA:2641,0
DA:2642,0
DA:2644,0
DA:2645,0
DA:2648,0
DA:2652,0
DA:2656,0
DA:2657,0
DA:2658,0
DA:2664,0
DA:2665,0
DA:2666,0
DA:2671,0
DA:2674,0
DA:2676,0
DA:2677,0
DA:2679,0
DA:2683,0
DA:2684,0
DA:2685,0
DA:2686,0
DA:2687,0
DA:2688,0
DA:2690,0
DA:2691,0
DA:2693,0
DA:2694,0
DA:2697,0
DA:2701,0
DA:2703,0
DA:2709,0
DA:2710,0
DA:2711,0
DA:2713,0
DA:2715,0
DA:2721,0
DA:2722,0
DA:2723,0
DA:2728,0
DA:2731,0
DA:2733,0
DA:2734,0
DA:2736,0
DA:2737,0
DA:2739,0
DA:2743,0
DA:2744,0
DA:2745,0
DA:2746,0
DA:2747,0
DA:2748,0
DA:2750,0
DA:2751,0
DA:2753,0
DA:2754,0
DA:2756,0
DA:2757,0
DA:2760,0
DA:2764,0
DA:2771,0
DA:2772,0
DA:2773,0
DA:2775,0
DA:2781,0
DA:2782,0
DA:2783,0
DA:2786,0
DA:2791,0
DA:2794,0
DA:2796,0
DA:2797,0
DA:2799,0
DA:2800,0
DA:2802,0
DA:2806,0
DA:2807,0
DA:2808,0
DA:2809,0
DA:2810,0
DA:2811,0
DA:2813,0
DA:2814,0
DA:2816,0
DA:2817,0
DA:2819,0
DA:2820,0
DA:2823,0
DA:2827,0
DA:2829,0
DA:2836,0
DA:2837,0
DA:2838,0
DA:2840,0
DA:2842,0
DA:2844,0
DA:2850,0
DA:2851,0
DA:2852,0
DA:2855,0
DA:2860,0
DA:2863,0
DA:2865,0
DA:2869,0
DA:2870,0
DA:2871,0
DA:2872,0
DA:2873,0
DA:2874,0
DA:2876,0
DA:2877,0
DA:2880,0
DA:2884,0
DA:2888,0
DA:2889,0
DA:2895,0
DA:2896,0
DA:2901,0
DA:2904,0
DA:2906,0
DA:2907,0
DA:2909,0
DA:2913,0
DA:2914,0
DA:2915,0
DA:2916,0
DA:2917,0
DA:2918,0
DA:2920,0
DA:2921,0
DA:2923,0
DA:2924,0
DA:2927,0
DA:2931,0
DA:2939,0
DA:2940,0
DA:2944,0
DA:2950,0
DA:2951,0
DA:2955,0
DA:3059,0
DA:3062,0
DA:3063,0
DA:3064,0
DA:3065,0
DA:3066,0
DA:3067,0
DA:3068,0
DA:3069,0
DA:3070,0
DA:3071,0
DA:3072,0
DA:3073,0
DA:3074,0
DA:3075,0
DA:3076,0
DA:3077,0
DA:3078,0
DA:3079,0
DA:3080,0
DA:3081,0
DA:3082,0
DA:3083,0
DA:3084,0
DA:3085,0
DA:3086,0
DA:3087,0
DA:3088,0
DA:3091,0
DA:3092,0
DA:3093,0
DA:3097,0
DA:3098,0
DA:3099,0
DA:3103,0
DA:3104,0
DA:3105,0
DA:3109,0
DA:3110,0
DA:3111,0
DA:3115,0
DA:3116,0
DA:3117,0
DA:3121,0
DA:3122,0
DA:3123,0
DA:3127,0
DA:3128,0
DA:3129,0
DA:3133,0
DA:3134,0
DA:3135,0
DA:3139,0
DA:3140,0
DA:3141,0
DA:3145,0
DA:3146,0
DA:3147,0
DA:3153,0
DA:3154,0
DA:3155,0
DA:3159,0
DA:3160,0
DA:3161,0
DA:3165,0
DA:3166,0
DA:3167,0
DA:3171,0
DA:3172,0
DA:3173,0
DA:3177,0
DA:3178,0
DA:3179,0
DA:3183,0
DA:3184,0
DA:3185,0
DA:3189,0
DA:3190,0
DA:3191,0
DA:3195,0
DA:3196,0
DA:3197,0
DA:3201,0
DA:3202,0
DA:3203,0
DA:3207,0
DA:3208,0
DA:3209,0
DA:3213,0
DA:3214,0
DA:3215,0
DA:3219,0
DA:3220,0
DA:3221,0
DA:3227,0
DA:3228,0
DA:3229,0
DA:3233,0
DA:3234,0
DA:3235,0
DA:3239,0
DA:3240,0
DA:3241,0
DA:3245,0
DA:3246,0
DA:3247,0
DA:3258,0
DA:3259,0
DA:3260,0
DA:3262,0
DA:3263,0
DA:3265,0
DA:3266,0
DA:3268,0
DA:3269,0
DA:3271,0
DA:3275,0
DA:3276,0
DA:3278,0
DA:3279,0
DA:3280,0
DA:3281,0
DA:3283,0
DA:3288,0
DA:3289,0
DA:3291,0
DA:3292,0
DA:3293,0
DA:3295,0
DA:3311,0
DA:3312,0
DA:3314,0
DA:3317,0
DA:3318,0
DA:3319,0
DA:3323,0
LF:1425
LH:0
BRDA:258,0,0,0
BRDA:263,1,0,0
BRDA:263,1,1,0
BRDA:264,2,0,0
BRDA:264,2,1,0
BRDA:268,3,0,0
BRDA:297,4,0,0
BRDA:298,5,0,0
BRDA:305,6,0,0
BRDA:305,6,1,0
BRDA:306,7,0,0
BRDA:306,7,1,0
BRDA:310,8,0,0
BRDA:310,8,1,0
BRDA:323,9,0,0
BRDA:323,9,1,0
BRDA:328,10,0,0
BRDA:328,10,1,0
BRDA:328,11,0,0
BRDA:328,11,1,0
BRDA:334,12,0,0
BRDA:334,12,1,0
BRDA:334,13,0,0
BRDA:334,13,1,0
BRDA:346,14,0,0
BRDA:347,15,0,0
BRDA:354,16,0,0
BRDA:354,16,1,0
BRDA:355,17,0,0
BRDA:355,17,1,0
BRDA:359,18,0,0
BRDA:359,18,1,0
BRDA:372,19,0,0
BRDA:372,19,1,0
BRDA:377,20,0,0
BRDA:377,20,1,0
BRDA:383,21,0,0
BRDA:383,21,1,0
BRDA:393,22,0,0
BRDA:398,23,0,0
BRDA:398,23,1,0
BRDA:399,24,0,0
BRDA:399,24,1,0
BRDA:403,25,0,0
BRDA:432,26,0,0
BRDA:433,27,0,0
BRDA:440,28,0,0
BRDA:440,28,1,0
BRDA:441,29,0,0
BRDA:441,29,1,0
BRDA:445,30,0,0
BRDA:445,30,1,0
BRDA:458,31,0,0
BRDA:458,31,1,0
BRDA:463,32,0,0
BRDA:463,32,1,0
BRDA:464,33,0,0
BRDA:464,33,1,0
BRDA:470,34,0,0
BRDA:470,34,1,0
BRDA:470,35,0,0
BRDA:470,35,1,0
BRDA:482,36,0,0
BRDA:483,37,0,0
BRDA:486,38,0,0
BRDA:493,39,0,0
BRDA:493,39,1,0
BRDA:494,40,0,0
BRDA:494,40,1,0
BRDA:498,41,0,0
BRDA:498,41,1,0
BRDA:498,41,2,0
BRDA:515,42,0,0
BRDA:515,42,1,0
BRDA:516,43,0,0
BRDA:516,43,1,0
BRDA:522,44,0,0
BRDA:522,44,1,0
BRDA:523,45,0,0
BRDA:523,45,1,0
BRDA:529,46,0,0
BRDA:529,46,1,0
BRDA:530,47,0,0
BRDA:530,47,1,0
BRDA:540,48,0,0
BRDA:541,49,0,0
BRDA:548,50,0,0
BRDA:548,50,1,0
BRDA:549,51,0,0
BRDA:549,51,1,0
BRDA:553,52,0,0
BRDA:553,52,1,0
BRDA:566,53,0,0
BRDA:566,53,1,0
BRDA:571,54,0,0
BRDA:571,54,1,0
BRDA:571,55,0,0
BRDA:571,55,1,0
BRDA:577,56,0,0
BRDA:577,56,1,0
BRDA:577,57,0,0
BRDA:577,57,1,0
BRDA:589,58,0,0
BRDA:590,59,0,0
BRDA:593,60,0,0
BRDA:600,61,0,0
BRDA:600,61,1,0
BRDA:601,62,0,0
BRDA:601,62,1,0
BRDA:605,63,0,0
BRDA:605,63,1,0
BRDA:605,63,2,0
BRDA:622,64,0,0
BRDA:622,64,1,0
BRDA:623,65,0,0
BRDA:623,65,1,0
BRDA:629,66,0,0
BRDA:629,66,1,0
BRDA:631,67,0,0
BRDA:631,67,1,0
BRDA:633,68,0,0
BRDA:633,68,1,0
BRDA:639,69,0,0
BRDA:639,69,1,0
BRDA:640,70,0,0
BRDA:640,70,1,0
BRDA:650,71,0,0
BRDA:651,72,0,0
BRDA:658,73,0,0
BRDA:658,73,1,0
BRDA:659,74,0,0
BRDA:659,74,1,0
BRDA:663,75,0,0
BRDA:663,75,1,0
BRDA:676,76,0,0
BRDA:676,76,1,0
BRDA:681,77,0,0
BRDA:681,77,1,0
BRDA:682,78,0,0
BRDA:682,78,1,0
BRDA:688,79,0,0
BRDA:688,79,1,0
BRDA:688,80,0,0
BRDA:688,80,1,0
BRDA:700,81,0,0
BRDA:701,82,0,0
BRDA:708,83,0,0
BRDA:708,83,1,0
BRDA:709,84,0,0
BRDA:709,84,1,0
BRDA:713,85,0,0
BRDA:713,85,1,0
BRDA:726,86,0,0
BRDA:726,86,1,0
BRDA:731,87,0,0
BRDA:731,87,1,0
BRDA:739,88,0,0
BRDA:739,88,1,0
BRDA:749,89,0,0
BRDA:757,90,0,0
BRDA:757,90,1,0
BRDA:758,91,0,0
BRDA:758,91,1,0
BRDA:762,92,0,0
BRDA:762,92,1,0
BRDA:776,93,0,0
BRDA:776,93,1,0
BRDA:784,94,0,0
BRDA:784,94,1,0
BRDA:785,95,0,0
BRDA:785,95,1,0
BRDA:796,96,0,0
BRDA:796,96,1,0
BRDA:806,97,0,0
BRDA:807,98,0,0
BRDA:814,99,0,0
BRDA:814,99,1,0
BRDA:815,100,0,0
BRDA:815,100,1,0
BRDA:819,101,0,0
BRDA:819,101,1,0
BRDA:832,102,0,0
BRDA:832,102,1,0
BRDA:837,103,0,0
BRDA:837,103,1,0
BRDA:838,104,0,0
BRDA:838,104,1,0
BRDA:844,105,0,0
BRDA:844,105,1,0
BRDA:844,106,0,0
BRDA:844,106,1,0
BRDA:856,107,0,0
BRDA:860,108,0,0
BRDA:867,109,0,0
BRDA:867,109,1,0
BRDA:868,110,0,0
BRDA:868,110,1,0
BRDA:872,111,0,0
BRDA:872,111,1,0
BRDA:872,111,2,0
BRDA:889,112,0,0
BRDA:889,112,1,0
BRDA:890,113,0,0
BRDA:890,113,1,0
BRDA:896,114,0,0
BRDA:896,114,1,0
BRDA:897,115,0,0
BRDA:897,115,1,0
BRDA:901,116,0,0
BRDA:901,116,1,0
BRDA:902,117,0,0
BRDA:902,117,1,0
BRDA:908,118,0,0
BRDA:908,118,1,0
BRDA:909,119,0,0
BRDA:909,119,1,0
BRDA:909,120,0,0
BRDA:909,120,1,0
BRDA:921,121,0,0
BRDA:922,122,0,0
BRDA:929,123,0,0
BRDA:929,123,1,0
BRDA:930,124,0,0
BRDA:930,124,1,0
BRDA:934,125,0,0
BRDA:934,125,1,0
BRDA:947,126,0,0
BRDA:947,126,1,0
BRDA:952,127,0,0
BRDA:952,127,1,0
BRDA:953,128,0,0
BRDA:953,128,1,0
BRDA:959,129,0,0
BRDA:959,129,1,0
BRDA:959,130,0,0
BRDA:959,130,1,0
BRDA:971,131,0,0
BRDA:975,132,0,0
BRDA:982,133,0,0
BRDA:982,133,1,0
BRDA:983,134,0,0
BRDA:983,134,1,0
BRDA:987,135,0,0
BRDA:987,135,1,0
BRDA:987,135,2,0
BRDA:1004,136,0,0
BRDA:1004,136,1,0
BRDA:1005,137,0,0
BRDA:1005,137,1,0
BRDA:1011,138,0,0
BRDA:1011,138,1,0
BRDA:1012,139,0,0
BRDA:1012,139,1,0
BRDA:1016,140,0,0
BRDA:1016,140,1,0
BRDA:1017,141,0,0
BRDA:1017,141,1,0
BRDA:1023,142,0,0
BRDA:1023,142,1,0
BRDA:1024,143,0,0
BRDA:1024,143,1,0
BRDA:1024,144,0,0
BRDA:1024,144,1,0
BRDA:1036,145,0,0
BRDA:1037,146,0,0
BRDA:1044,147,0,0
BRDA:1044,147,1,0
BRDA:1045,148,0,0
BRDA:1045,148,1,0
BRDA:1049,149,0,0
BRDA:1049,149,1,0
BRDA:1062,150,0,0
BRDA:1062,150,1,0
BRDA:1067,151,0,0
BRDA:1067,151,1,0
BRDA:1068,152,0,0
BRDA:1068,152,1,0
BRDA:1074,153,0,0
BRDA:1074,153,1,0
BRDA:1074,154,0,0
BRDA:1074,154,1,0
BRDA:1086,155,0,0
BRDA:1090,156,0,0
BRDA:1097,157,0,0
BRDA:1097,157,1,0
BRDA:1098,158,0,0
BRDA:1098,158,1,0
BRDA:1102,159,0,0
BRDA:1102,159,1,0
BRDA:1102,159,2,0
BRDA:1119,160,0,0
BRDA:1119,160,1,0
BRDA:1120,161,0,0
BRDA:1120,161,1,0
BRDA:1126,162,0,0
BRDA:1126,162,1,0
BRDA:1127,163,0,0
BRDA:1127,163,1,0
BRDA:1131,164,0,0
BRDA:1131,164,1,0
BRDA:1132,165,0,0
BRDA:1132,165,1,0
BRDA:1138,166,0,0
BRDA:1138,166,1,0
BRDA:1139,167,0,0
BRDA:1139,167,1,0
BRDA:1139,168,0,0
BRDA:1139,168,1,0
BRDA:1151,169,0,0
BRDA:1152,170,0,0
BRDA:1159,171,0,0
BRDA:1159,171,1,0
BRDA:1160,172,0,0
BRDA:1160,172,1,0
BRDA:1164,173,0,0
BRDA:1164,173,1,0
BRDA:1177,174,0,0
BRDA:1177,174,1,0
BRDA:1182,175,0,0
BRDA:1182,175,1,0
BRDA:1188,176,0,0
BRDA:1188,176,1,0
BRDA:1198,177,0,0
BRDA:1206,178,0,0
BRDA:1206,178,1,0
BRDA:1207,179,0,0
BRDA:1207,179,1,0
BRDA:1211,180,0,0
BRDA:1211,180,1,0
BRDA:1225,181,0,0
BRDA:1225,181,1,0
BRDA:1231,182,0,0
BRDA:1231,182,1,0
BRDA:1232,183,0,0
BRDA:1232,183,1,0
BRDA:1241,184,0,0
BRDA:1241,184,1,0
BRDA:1251,185,0,0
BRDA:1252,186,0,0
BRDA:1259,187,0,0
BRDA:1259,187,1,0
BRDA:1260,188,0,0
BRDA:1260,188,1,0
BRDA:1264,189,0,0
BRDA:1264,189,1,0
BRDA:1277,190,0,0
BRDA:1277,190,1,0
BRDA:1282,191,0,0
BRDA:1282,191,1,0
BRDA:1288,192,0,0
BRDA:1288,192,1,0
BRDA:1298,193,0,0
BRDA:1306,194,0,0
BRDA:1306,194,1,0
BRDA:1307,195,0,0
BRDA:1307,195,1,0
BRDA:1311,196,0,0
BRDA:1311,196,1,0
BRDA:1324,197,0,0
BRDA:1324,197,1,0
BRDA:1329,198,0,0
BRDA:1329,198,1,0
BRDA:1330,199,0,0
BRDA:1330,199,1,0
BRDA:1339,200,0,0
BRDA:1339,200,1,0
BRDA:1349,201,0,0
BRDA:1350,202,0,0
BRDA:1357,203,0,0
BRDA:1357,203,1,0
BRDA:1358,204,0,0
BRDA:1358,204,1,0
BRDA:1362,205,0,0
BRDA:1362,205,1,0
BRDA:1375,206,0,0
BRDA:1375,206,1,0
BRDA:1380,207,0,0
BRDA:1380,207,1,0
BRDA:1388,208,0,0
BRDA:1388,208,1,0
BRDA:1398,209,0,0
BRDA:1406,210,0,0
BRDA:1406,210,1,0
BRDA:1407,211,0,0
BRDA:1407,211,1,0
BRDA:1411,212,0,0
BRDA:1411,212,1,0
BRDA:1424,213,0,0
BRDA:1424,213,1,0
BRDA:1429,214,0,0
BRDA:1429,214,1,0
BRDA:1430,215,0,0
BRDA:1430,215,1,0
BRDA:1441,216,0,0
BRDA:1441,216,1,0
BRDA:1451,217,0,0
BRDA:1456,218,0,0
BRDA:1456,218,1,0
BRDA:1457,219,0,0
BRDA:1457,219,1,0
BRDA:1461,220,0,0
BRDA:1490,221,0,0
BRDA:1498,222,0,0
BRDA:1498,222,1,0
BRDA:1499,223,0,0
BRDA:1499,223,1,0
BRDA:1503,224,0,0
BRDA:1503,224,1,0
BRDA:1516,225,0,0
BRDA:1516,225,1,0
BRDA:1521,226,0,0
BRDA:1521,226,1,0
BRDA:1522,227,0,0
BRDA:1522,227,1,0
BRDA:1531,228,0,0
BRDA:1531,228,1,0
BRDA:1541,229,0,0
BRDA:1542,230,0,0
BRDA:1545,231,0,0
BRDA:1552,232,0,0
BRDA:1552,232,1,0
BRDA:1553,233,0,0
BRDA:1553,233,1,0
BRDA:1557,234,0,0
BRDA:1557,234,1,0
BRDA:1557,234,2,0
BRDA:1574,235,0,0
BRDA:1574,235,1,0
BRDA:1575,236,0,0
BRDA:1575,236,1,0
BRDA:1581,237,0,0
BRDA:1581,237,1,0
BRDA:1583,238,0,0
BRDA:1583,238,1,0
BRDA:1585,239,0,0
BRDA:1585,239,1,0
BRDA:1593,240,0,0
BRDA:1593,240,1,0
BRDA:1594,241,0,0
BRDA:1594,241,1,0
BRDA:1604,242,0,0
BRDA:1612,243,0,0
BRDA:1612,243,1,0
BRDA:1613,244,0,0
BRDA:1613,244,1,0
BRDA:1617,245,0,0
BRDA:1617,245,1,0
BRDA:1631,246,0,0
BRDA:1631,246,1,0
BRDA:1639,247,0,0
BRDA:1639,247,1,0
BRDA:1640,248,0,0
BRDA:1640,248,1,0
BRDA:1651,249,0,0
BRDA:1651,249,1,0
BRDA:1661,250,0,0
BRDA:1662,251,0,0
BRDA:1665,252,0,0
BRDA:1672,253,0,0
BRDA:1672,253,1,0
BRDA:1673,254,0,0
BRDA:1673,254,1,0
BRDA:1677,255,0,0
BRDA:1677,255,1,0
BRDA:1677,255,2,0
BRDA:1694,256,0,0
BRDA:1694,256,1,0
BRDA:1695,257,0,0
BRDA:1695,257,1,0
BRDA:1701,258,0,0
BRDA:1701,258,1,0
BRDA:1702,259,0,0
BRDA:1702,259,1,0
BRDA:1708,260,0,0
BRDA:1708,260,1,0
BRDA:1709,261,0,0
BRDA:1709,261,1,0
BRDA:1719,262,0,0
BRDA:1727,263,0,0
BRDA:1727,263,1,0
BRDA:1728,264,0,0
BRDA:1728,264,1,0
BRDA:1732,265,0,0
BRDA:1732,265,1,0
BRDA:1746,266,0,0
BRDA:1746,266,1,0
BRDA:1754,267,0,0
BRDA:1754,267,1,0
BRDA:1755,268,0,0
BRDA:1755,268,1,0
BRDA:1764,269,0,0
BRDA:1764,269,1,0
BRDA:1774,270,0,0
BRDA:1775,271,0,0
BRDA:1782,272,0,0
BRDA:1782,272,1,0
BRDA:1783,273,0,0
BRDA:1783,273,1,0
BRDA:1787,274,0,0
BRDA:1787,274,1,0
BRDA:1800,275,0,0
BRDA:1800,275,1,0
BRDA:1805,276,0,0
BRDA:1805,276,1,0
BRDA:1813,277,0,0
BRDA:1813,277,1,0
BRDA:1823,278,0,0
BRDA:1824,279,0,0
BRDA:1831,280,0,0
BRDA:1831,280,1,0
BRDA:1832,281,0,0
BRDA:1832,281,1,0
BRDA:1836,282,0,0
BRDA:1836,282,1,0
BRDA:1849,283,0,0
BRDA:1849,283,1,0
BRDA:1854,284,0,0
BRDA:1854,284,1,0
BRDA:1862,285,0,0
BRDA:1862,285,1,0
BRDA:1872,286,0,0
BRDA:1873,287,0,0
BRDA:1880,288,0,0
BRDA:1880,288,1,0
BRDA:1881,289,0,0
BRDA:1881,289,1,0
BRDA:1885,290,0,0
BRDA:1885,290,1,0
BRDA:1898,291,0,0
BRDA:1898,291,1,0
BRDA:1903,292,0,0
BRDA:1903,292,1,0
BRDA:1909,293,0,0
BRDA:1909,293,1,0
BRDA:1919,294,0,0
BRDA:1920,295,0,0
BRDA:1923,296,0,0
BRDA:1930,297,0,0
BRDA:1930,297,1,0
BRDA:1931,298,0,0
BRDA:1931,298,1,0
BRDA:1935,299,0,0
BRDA:1935,299,1,0
BRDA:1935,299,2,0
BRDA:1952,300,0,0
BRDA:1952,300,1,0
BRDA:1953,301,0,0
BRDA:1953,301,1,0
BRDA:1959,302,0,0
BRDA:1959,302,1,0
BRDA:1960,303,0,0
BRDA:1960,303,1,0
BRDA:1966,304,0,0
BRDA:1966,304,1,0
BRDA:1967,305,0,0
BRDA:1967,305,1,0
BRDA:1977,306,0,0
BRDA:1978,307,0,0
BRDA:1985,308,0,0
BRDA:1985,308,1,0
BRDA:1986,309,0,0
BRDA:1986,309,1,0
BRDA:1990,310,0,0
BRDA:1990,310,1,0
BRDA:2003,311,0,0
BRDA:2003,311,1,0
BRDA:2008,312,0,0
BRDA:2008,312,1,0
BRDA:2014,313,0,0
BRDA:2014,313,1,0
BRDA:2024,314,0,0
BRDA:2025,315,0,0
BRDA:2028,316,0,0
BRDA:2031,317,0,0
BRDA:2034,318,0,0
BRDA:2041,319,0,0
BRDA:2041,319,1,0
BRDA:2042,320,0,0
BRDA:2042,320,1,0
BRDA:2046,321,0,0
BRDA:2046,321,1,0
BRDA:2046,321,2,0
BRDA:2046,321,3,0
BRDA:2046,321,4,0
BRDA:2069,322,0,0
BRDA:2069,322,1,0
BRDA:2070,323,0,0
BRDA:2070,323,1,0
BRDA:2071,324,0,0
BRDA:2071,324,1,0
BRDA:2072,325,0,0
BRDA:2072,325,1,0
BRDA:2078,326,0,0
BRDA:2078,326,1,0
BRDA:2079,327,0,0
BRDA:2079,327,1,0
BRDA:2080,328,0,0
BRDA:2080,328,1,0
BRDA:2081,329,0,0
BRDA:2081,329,1,0
BRDA:2087,330,0,0
BRDA:2087,330,1,0
BRDA:2088,331,0,0
BRDA:2088,331,1,0
BRDA:2089,332,0,0
BRDA:2089,332,1,0
BRDA:2090,333,0,0
BRDA:2090,333,1,0
BRDA:2100,334,0,0
BRDA:2101,335,0,0
BRDA:2108,336,0,0
BRDA:2108,336,1,0
BRDA:2109,337,0,0
BRDA:2109,337,1,0
BRDA:2113,338,0,0
BRDA:2113,338,1,0
BRDA:2126,339,0,0
BRDA:2126,339,1,0
BRDA:2131,340,0,0
BRDA:2131,340,1,0
BRDA:2137,341,0,0
BRDA:2137,341,1,0
BRDA:2147,342,0,0
BRDA:2148,343,0,0
BRDA:2151,344,0,0
BRDA:2158,345,0,0
BRDA:2158,345,1,0
BRDA:2159,346,0,0
BRDA:2159,346,1,0
BRDA:2163,347,0,0
BRDA:2163,347,1,0
BRDA:2163,347,2,0
BRDA:2180,348,0,0
BRDA:2180,348,1,0
BRDA:2181,349,0,0
BRDA:2181,349,1,0
BRDA:2187,350,0,0
BRDA:2187,350,1,0
BRDA:2188,351,0,0
BRDA:2188,351,1,0
BRDA:2194,352,0,0
BRDA:2194,352,1,0
BRDA:2195,353,0,0
BRDA:2195,353,1,0
BRDA:2205,354,0,0
BRDA:2206,355,0,0
BRDA:2213,356,0,0
BRDA:2213,356,1,0
BRDA:2214,357,0,0
BRDA:2214,357,1,0
BRDA:2218,358,0,0
BRDA:2218,358,1,0
BRDA:2231,359,0,0
BRDA:2231,359,1,0
BRDA:2236,360,0,0
BRDA:2236,360,1,0
BRDA:2244,361,0,0
BRDA:2244,361,1,0
BRDA:2254,362,0,0
BRDA:2255,363,0,0
BRDA:2258,364,0,0
BRDA:2265,365,0,0
BRDA:2265,365,1,0
BRDA:2266,366,0,0
BRDA:2266,366,1,0
BRDA:2270,367,0,0
BRDA:2270,367,1,0
BRDA:2270,367,2,0
BRDA:2287,368,0,0
BRDA:2287,368,1,0
BRDA:2288,369,0,0
BRDA:2288,369,1,0
BRDA:2294,370,0,0
BRDA:2294,370,1,0
BRDA:2295,371,0,0
BRDA:2295,371,1,0
BRDA:2303,372,0,0
BRDA:2303,372,1,0
BRDA:2304,373,0,0
BRDA:2304,373,1,0
BRDA:2314,374,0,0
BRDA:2315,375,0,0
BRDA:2322,376,0,0
BRDA:2322,376,1,0
BRDA:2323,377,0,0
BRDA:2323,377,1,0
BRDA:2327,378,0,0
BRDA:2327,378,1,0
BRDA:2340,379,0,0
BRDA:2340,379,1,0
BRDA:2345,380,0,0
BRDA:2345,380,1,0
BRDA:2353,381,0,0
BRDA:2353,381,1,0
BRDA:2363,382,0,0
BRDA:2364,383,0,0
BRDA:2367,384,0,0
BRDA:2374,385,0,0
BRDA:2374,385,1,0
BRDA:2375,386,0,0
BRDA:2375,386,1,0
BRDA:2379,387,0,0
BRDA:2379,387,1,0
BRDA:2379,387,2,0
BRDA:2396,388,0,0
BRDA:2396,388,1,0
BRDA:2397,389,0,0
BRDA:2397,389,1,0
BRDA:2403,390,0,0
BRDA:2403,390,1,0
BRDA:2404,391,0,0
BRDA:2404,391,1,0
BRDA:2412,392,0,0
BRDA:2412,392,1,0
BRDA:2413,393,0,0
BRDA:2413,393,1,0
BRDA:2423,394,0,0
BRDA:2424,395,0,0
BRDA:2431,396,0,0
BRDA:2431,396,1,0
BRDA:2432,397,0,0
BRDA:2432,397,1,0
BRDA:2436,398,0,0
BRDA:2436,398,1,0
BRDA:2449,399,0,0
BRDA:2449,399,1,0
BRDA:2454,400,0,0
BRDA:2454,400,1,0
BRDA:2462,401,0,0
BRDA:2462,401,1,0
BRDA:2472,402,0,0
BRDA:2473,403,0,0
BRDA:2476,404,0,0
BRDA:2483,405,0,0
BRDA:2483,405,1,0
BRDA:2484,406,0,0
BRDA:2484,406,1,0
BRDA:2488,407,0,0
BRDA:2488,407,1,0
BRDA:2488,407,2,0
BRDA:2505,408,0,0
BRDA:2505,408,1,0
BRDA:2506,409,0,0
BRDA:2506,409,1,0
BRDA:2512,410,0,0
BRDA:2512,410,1,0
BRDA:2513,411,0,0
BRDA:2513,411,1,0
BRDA:2521,412,0,0
BRDA:2521,412,1,0
BRDA:2522,413,0,0
BRDA:2522,413,1,0
BRDA:2532,414,0,0
BRDA:2537,415,0,0
BRDA:2537,415,1,0
BRDA:2538,416,0,0
BRDA:2538,416,1,0
BRDA:2542,417,0,0
BRDA:2571,418,0,0
BRDA:2579,419,0,0
BRDA:2579,419,1,0
BRDA:2580,420,0,0
BRDA:2580,420,1,0
BRDA:2584,421,0,0
BRDA:2584,421,1,0
BRDA:2598,422,0,0
BRDA:2598,422,1,0
BRDA:2606,423,0,0
BRDA:2606,423,1,0
BRDA:2607,424,0,0
BRDA:2607,424,1,0
BRDA:2616,425,0,0
BRDA:2616,425,1,0
BRDA:2626,426,0,0
BRDA:2627,427,0,0
BRDA:2634,428,0,0
BRDA:2634,428,1,0
BRDA:2635,429,0,0
BRDA:2635,429,1,0
BRDA:2639,430,0,0
BRDA:2639,430,1,0
BRDA:2652,431,0,0
BRDA:2652,431,1,0
BRDA:2657,432,0,0
BRDA:2657,432,1,0
BRDA:2665,433,0,0
BRDA:2665,433,1,0
BRDA:2675,434,0,0
BRDA:2683,435,0,0
BRDA:2683,435,1,0
BRDA:2684,436,0,0
BRDA:2684,436,1,0
BRDA:2688,437,0,0
BRDA:2688,437,1,0
BRDA:2702,438,0,0
BRDA:2702,438,1,0
BRDA:2710,439,0,0
BRDA:2710,439,1,0
BRDA:2711,440,0,0
BRDA:2711,440,1,0
BRDA:2722,441,0,0
BRDA:2722,441,1,0
BRDA:2732,442,0,0
BRDA:2733,443,0,0
BRDA:2736,444,0,0
BRDA:2743,445,0,0
BRDA:2743,445,1,0
BRDA:2744,446,0,0
BRDA:2744,446,1,0
BRDA:2748,447,0,0
BRDA:2748,447,1,0
BRDA:2748,447,2,0
BRDA:2765,448,0,0
BRDA:2765,448,1,0
BRDA:2766,449,0,0
BRDA:2766,449,1,0
BRDA:2772,450,0,0
BRDA:2772,450,1,0
BRDA:2773,451,0,0
BRDA:2773,451,1,0
BRDA:2774,452,0,0
BRDA:2774,452,1,0
BRDA:2782,453,0,0
BRDA:2782,453,1,0
BRDA:2783,454,0,0
BRDA:2783,454,1,0
BRDA:2783,455,0,0
BRDA:2783,455,1,0
BRDA:2795,456,0,0
BRDA:2799,457,0,0
BRDA:2806,458,0,0
BRDA:2806,458,1,0
BRDA:2807,459,0,0
BRDA:2807,459,1,0
BRDA:2811,460,0,0
BRDA:2811,460,1,0
BRDA:2811,460,2,0
BRDA:2828,461,0,0
BRDA:2828,461,1,0
BRDA:2831,462,0,0
BRDA:2831,462,1,0
BRDA:2837,463,0,0
BRDA:2837,463,1,0
BRDA:2838,464,0,0
BRDA:2838,464,1,0
BRDA:2842,465,0,0
BRDA:2842,465,1,0
BRDA:2843,466,0,0
BRDA:2843,466,1,0
BRDA:2851,467,0,0
BRDA:2851,467,1,0
BRDA:2852,468,0,0
BRDA:2852,468,1,0
BRDA:2852,469,0,0
BRDA:2852,469,1,0
BRDA:2864,470,0,0
BRDA:2869,471,0,0
BRDA:2869,471,1,0
BRDA:2870,472,0,0
BRDA:2870,472,1,0
BRDA:2874,473,0,0
BRDA:2905,474,0,0
BRDA:2906,475,0,0
BRDA:2913,476,0,0
BRDA:2913,476,1,0
BRDA:2914,477,0,0
BRDA:2914,477,1,0
BRDA:2918,478,0,0
BRDA:2918,478,1,0
BRDA:2932,479,0,0
BRDA:2932,479,1,0
BRDA:2940,480,0,0
BRDA:2940,480,1,0
BRDA:2941,481,0,0
BRDA:2941,481,1,0
BRDA:2952,482,0,0
BRDA:2952,482,1,0
BRDA:2952,483,0,0
BRDA:2952,483,1,0
BRDA:3259,484,0,0
BRDA:3262,485,0,0
BRDA:3265,486,0,0
BRDA:3268,487,0,0
BRDA:3275,488,0,0
BRDA:3275,488,1,0
BRDA:3288,489,0,0
BRDA:3288,489,1,0
BRDA:3311,490,0,0
BRDA:3317,491,0,0
BRDA:3323,492,0,0
BRDA:3323,492,1,0
BRF:891
BRH:0
end_of_record
